#
# A fatal error has been detected by the Java Runtime Environment:
#
#  EXCEPTION_ACCESS_VIOLATION (0xc0000005) at pc=0x000000005c09fa93, pid=11340, tid=13204
#
# JRE version: Java(TM) SE Runtime Environment (14.0.2+12) (build 14.0.2+12-46)
# Java VM: Java HotSpot(TM) 64-Bit Server VM (14.0.2+12-46, mixed mode, sharing, tiered, compressed oops, g1 gc, windows-amd64)
# Problematic frame:
# C  [nvoglv64.dll+0xe0fa93]
#
# No core dump will be written. Minidumps are not enabled by default on client versions of Windows
#
# If you would like to submit a bug report, please visit:
#   https://bugreport.java.com/bugreport/crash.jsp
# The crash happened outside the Java Virtual Machine in native code.
# See problematic frame for where to report the bug.
#

---------------  S U M M A R Y ------------

Command Line: -Didea.launcher.port=64947 -Didea.launcher.bin.path=C:\Program Files\JetBrains\IntelliJ IDEA Community Edition 2018.1.6\bin -Dfile.encoding=UTF-8 com.intellij.rt.execution.application.AppMainV2 org.artifex.VkMain

Host: Intel(R) Core(TM) i7-9750H CPU @ 2.60GHz, 12 cores, 31G,  Windows 10 , 64 bit Build 18362 (10.0.18362.1500)
Time: Mon Jun  7 14:11:06 2021 Central Daylight Time elapsed time: 1 seconds (0d 0h 0m 1s)

---------------  T H R E A D  ---------------

Current thread (0x0000021c205cc800):  JavaThread "main" [_thread_in_native, id=13204, stack(0x0000006b95a00000,0x0000006b95b00000)]

Stack: [0x0000006b95a00000,0x0000006b95b00000],  sp=0x0000006b95afe660,  free space=1017k
Native frames: (J=compiled Java code, j=interpreted, Vv=VM code, C=native code)
C  [nvoglv64.dll+0xe0fa93]

Java frames: (J=compiled Java code, j=interpreted, Vv=VM code)
j  org.lwjgl.system.JNI.callPPPV(JIJIJJ)V+0
j  org.lwjgl.vulkan.VK10.nvkUpdateDescriptorSets(Lorg/lwjgl/vulkan/VkDevice;IJIJ)V+21
j  org.lwjgl.vulkan.VK10.vkUpdateDescriptorSets(Lorg/lwjgl/vulkan/VkDevice;Lorg/lwjgl/vulkan/VkWriteDescriptorSet$Buffer;Lorg/lwjgl/vulkan/VkCopyDescriptorSet$Buffer;)V+17
j  org.artifex.vulkan.compute.DescriptorCopyWrite.updateDescriptorSets()V+18
j  org.artifex.Program.<init>(Lorg/artifex/Window;)V+320
j  org.artifex.VkMain.<init>()V+14
j  org.artifex.VkMain.main([Ljava/lang/String;)V+4
v  ~StubRoutines::call_stub
j  jdk.internal.reflect.NativeMethodAccessorImpl.invoke0(Ljava/lang/reflect/Method;Ljava/lang/Object;[Ljava/lang/Object;)Ljava/lang/Object;+0 java.base@14.0.2
j  jdk.internal.reflect.NativeMethodAccessorImpl.invoke(Ljava/lang/Object;[Ljava/lang/Object;)Ljava/lang/Object;+100 java.base@14.0.2
j  jdk.internal.reflect.DelegatingMethodAccessorImpl.invoke(Ljava/lang/Object;[Ljava/lang/Object;)Ljava/lang/Object;+6 java.base@14.0.2
j  java.lang.reflect.Method.invoke(Ljava/lang/Object;[Ljava/lang/Object;)Ljava/lang/Object;+59 java.base@14.0.2
j  com.intellij.rt.execution.application.AppMainV2.main([Ljava/lang/String;)V+184
v  ~StubRoutines::call_stub

siginfo: EXCEPTION_ACCESS_VIOLATION (0xc0000005), writing address 0x0000000000000000


Register to memory mapping:

RIP=0x000000005c09fa93 nvoglv64.dll
RAX=0x0 is NULL
RBX=0x0000000000000001 is an unknown value
RCX=0x0 is NULL
RDX=0x0000021c4ea56890 points into unknown readable memory: e8 74 11 5d 00 00 00 00
RSP=0x0000006b95afe660 is pointing into the stack for thread: 0x0000021c205cc800
RBP=0x00000000ffffffff is an unknown value
RSI=0x0000000000000004 is an unknown value
RDI=0x0000000000000002 is an unknown value
R8 =0x0000000000000c00 is an unknown value
R9 =0x00000000058f7400 is an unknown value
R10=0x0 is NULL
R11=0x0000000000000001 is an unknown value
R12=0x0 is NULL
R13=0x0 is NULL
R14=0x0000021c58e22bb0 points into unknown readable memory: a0 63 9a 4f 1c 02 00 00
R15=0x0 is NULL


Registers:
RAX=0x0000000000000000, RBX=0x0000000000000001, RCX=0x0000000000000000, RDX=0x0000021c4ea56890
RSP=0x0000006b95afe660, RBP=0x00000000ffffffff, RSI=0x0000000000000004, RDI=0x0000000000000002
R8 =0x0000000000000c00, R9 =0x00000000058f7400, R10=0x0000000000000000, R11=0x0000000000000001
R12=0x0000000000000000, R13=0x0000000000000000, R14=0x0000021c58e22bb0, R15=0x0000000000000000
RIP=0x000000005c09fa93, EFLAGS=0x0000000000010202

Top of Stack: (sp=0x0000006b95afe660)
0x0000006b95afe660:   0000021c4e314960 0000000000000000
0x0000006b95afe670:   0000021c28d7a1b3 0000000000000df0
0x0000006b95afe680:   0000021c205cc800 0000006b95afe838
0x0000006b95afe690:   0000006b00000000 0000021c4ea56890
0x0000006b95afe6a0:   0000021c205cc800 0000006b95afe838
0x0000006b95afe6b0:   0000021c4e314960 0000000000000000
0x0000006b95afe6c0:   0000021c28d7a1b3 0000000000000df0
0x0000006b95afe6d0:   0000006b95afe7d0 000000005c0cbf82
0x0000006b95afe6e0:   0000021c00000002 0000021c58e19420
0x0000006b95afe6f0:   0000000000000000 0000021c205cc800
0x0000006b95afe700:   0000021c4e314960 0000021c28d7f417
0x0000006b95afe710:   0000021c4e314960 0000021c205cc800
0x0000006b95afe720:   0000021c205cc800 00007ffeb8096c29
0x0000006b95afe730:   0000021c50227d00 0000006b00000000
0x0000006b95afe740:   0000021c50227d00 000000005c09db80
0x0000006b95afe750:   0000021c28d7a1b3 0000021c28d7f112 

Instructions: (pc=0x000000005c09fa93)
0x000000005c09f993:   8b 80 80 00 00 00 bd 00 01 00 00 4c 8b 82 a0 00
0x000000005c09f9a3:   00 00 49 6b c9 38 8b 4c 01 20 0f b7 82 b0 00 00
0x000000005c09f9b3:   00 41 03 ca 48 03 c1 45 33 d2 49 8d 1c c0 0f b7
0x000000005c09f9c3:   82 b2 00 00 00 48 8d 0c 41 49 8d 3c 88 4b 8d 04
0x000000005c09f9d3:   52 49 8b 0c c6 45 8b 44 c6 08 41 8b c0 48 03 41
0x000000005c09f9e3:   68 4a 89 04 d3 8b 41 70 b9 00 00 01 00 41 2b c0
0x000000005c09f9f3:   05 ff 00 00 00 25 00 ff ff ff 3b c1 0f 42 c8 85
0x000000005c09fa03:   c9 0f 44 cd 42 89 0c 97 41 ff c2 45 3b d3 72 bd
0x000000005c09fa13:   8b 6c 24 30 e9 9d 02 00 00 49 8b 80 80 00 00 00
0x000000005c09fa23:   bd ff ff ff ff 49 6b c9 38 33 db 8b 4c 01 20 42
0x000000005c09fa33:   8d 34 91 8d 7e 02 0f 1f 80 00 00 00 00 48 8d 0c
0x000000005c09fa43:   5b 4d 8b 04 ce 4d 8b 54 ce 08 4d 8b 48 68 4d 03
0x000000005c09fa53:   ca 49 83 7c ce 10 ff 75 13 49 8b 40 70 44 8b c5
0x000000005c09fa63:   49 2b c2 48 3b c5 44 0f 42 c0 eb 05 45 8b 44 ce
0x000000005c09fa73:   10 48 8b 82 a0 00 00 00 48 8d 0c b5 00 00 00 00
0x000000005c09fa83:   83 c6 04 ff c3 44 89 0c 01 48 8b 82 b8 00 00 00
0x000000005c09fa93:   44 89 0c 01 8d 4f ff 48 8b 82 a0 00 00 00 49 c1
0x000000005c09faa3:   e9 20 44 89 0c 88 48 8b 82 b8 00 00 00 44 89 0c
0x000000005c09fab3:   88 48 8d 0c bd 00 00 00 00 48 8b 82 a0 00 00 00
0x000000005c09fac3:   83 c7 04 44 89 04 01 48 8b 82 b8 00 00 00 44 89
0x000000005c09fad3:   04 01 41 3b db 0f 82 62 ff ff ff 8b 6c 24 30 e9
0x000000005c09fae3:   d2 01 00 00 49 8b 80 80 00 00 00 4c 8b 82 a0 00
0x000000005c09faf3:   00 00 49 6b c9 38 8b 4c 01 20 0f b7 82 b0 00 00
0x000000005c09fb03:   00 41 03 ca 48 03 c1 45 33 d2 49 8d 3c c0 0f b7
0x000000005c09fb13:   82 b2 00 00 00 ba ff ff ff ff 48 8d 0c 41 49 8d
0x000000005c09fb23:   1c 88 66 66 66 0f 1f 84 00 00 00 00 00 4b 8d 04
0x000000005c09fb33:   52 49 8b 0c c6 4d 8d 0c c6 48 8b 41 68 49 03 41
0x000000005c09fb43:   08 4a 89 04 d7 49 83 79 10 ff 75 12 48 8b 49 70
0x000000005c09fb53:   8b c2 49 2b 49 08 48 3b ca 0f 42 c1 eb 04 41 8b
0x000000005c09fb63:   41 10 42 89 04 93 41 ff c2 45 3b d3 72 bf 48 8b
0x000000005c09fb73:   54 24 38 e9 3e 01 00 00 49 8b 80 80 00 00 00 49
0x000000005c09fb83:   6b c9 38 8b 4c 01 20 44 03 d1 45 33 c9 4b 8b 04 


Stack slot to memory mapping:
stack at sp + 0 slots: {method} {0x0000021c4e314968} 'callPPPV' '(JIJIJJ)V' in 'org/lwjgl/system/JNI'
stack at sp + 1 slots: 0x0 is NULL
stack at sp + 2 slots: 0x0000021c28d7a1b3 is at code_begin+2355 in an Interpreter codelet
invoke return entry points  [0x0000021c28d79880, 0x0000021c28d7a2a0]  2592 bytes
stack at sp + 3 slots: 0x0000000000000df0 is an unknown value
stack at sp + 4 slots: 0x0000021c205cc800 is a thread
stack at sp + 5 slots: 0x0000006b95afe838 is pointing into the stack for thread: 0x0000021c205cc800
stack at sp + 6 slots: 0x0000006b00000000 is an unknown value
stack at sp + 7 slots: 0x0000021c4ea56890 points into unknown readable memory: e8 74 11 5d 00 00 00 00


---------------  P R O C E S S  ---------------

Threads class SMR info:
_java_thread_list=0x0000021c4ef4e660, length=12, elements={
0x0000021c205cc800, 0x0000021c4e788800, 0x0000021c4e78b800, 0x0000021c4e7a3800,
0x0000021c4e7a6000, 0x0000021c4e7a8000, 0x0000021c4e7a9000, 0x0000021c4e7aa800,
0x0000021c4e7ab800, 0x0000021c4e8ee000, 0x0000021c4e8fb000, 0x0000021c4e9c7800
}

Java Threads: ( => current thread )
=>0x0000021c205cc800 JavaThread "main" [_thread_in_native, id=13204, stack(0x0000006b95a00000,0x0000006b95b00000)]
  0x0000021c4e788800 JavaThread "Reference Handler" daemon [_thread_blocked, id=10460, stack(0x0000006b96100000,0x0000006b96200000)]
  0x0000021c4e78b800 JavaThread "Finalizer" daemon [_thread_blocked, id=14416, stack(0x0000006b96200000,0x0000006b96300000)]
  0x0000021c4e7a3800 JavaThread "Signal Dispatcher" daemon [_thread_blocked, id=18660, stack(0x0000006b96300000,0x0000006b96400000)]
  0x0000021c4e7a6000 JavaThread "Attach Listener" daemon [_thread_blocked, id=14980, stack(0x0000006b96400000,0x0000006b96500000)]
  0x0000021c4e7a8000 JavaThread "Service Thread" daemon [_thread_blocked, id=11524, stack(0x0000006b96500000,0x0000006b96600000)]
  0x0000021c4e7a9000 JavaThread "C2 CompilerThread0" daemon [_thread_blocked, id=14100, stack(0x0000006b96600000,0x0000006b96700000)]
  0x0000021c4e7aa800 JavaThread "C1 CompilerThread0" daemon [_thread_blocked, id=5424, stack(0x0000006b96700000,0x0000006b96800000)]
  0x0000021c4e7ab800 JavaThread "Sweeper thread" daemon [_thread_blocked, id=18188, stack(0x0000006b96800000,0x0000006b96900000)]
  0x0000021c4e8ee000 JavaThread "Notification Thread" daemon [_thread_blocked, id=7904, stack(0x0000006b96900000,0x0000006b96a00000)]
  0x0000021c4e8fb000 JavaThread "Common-Cleaner" daemon [_thread_blocked, id=17936, stack(0x0000006b96b00000,0x0000006b96c00000)]
  0x0000021c4e9c7800 JavaThread "Monitor Ctrl-Break" daemon [_thread_in_native, id=19264, stack(0x0000006b96c00000,0x0000006b96d00000)]

Other Threads:
  0x0000021c4e784800 VMThread "VM Thread" [stack: 0x0000006b96000000,0x0000006b96100000] [id=288]
  0x0000021c4e8f0000 WatcherThread [stack: 0x0000006b96a00000,0x0000006b96b00000] [id=10060]
  0x0000021c20652800 GCTaskThread "GC Thread#0" [stack: 0x0000006b95b00000,0x0000006b95c00000] [id=14516]
  0x0000021c20674000 ConcurrentGCThread "G1 Main Marker" [stack: 0x0000006b95c00000,0x0000006b95d00000] [id=2216]
  0x0000021c20677000 ConcurrentGCThread "G1 Conc#0" [stack: 0x0000006b95d00000,0x0000006b95e00000] [id=16504]
  0x0000021c4dcde000 ConcurrentGCThread "G1 Refine#0" [stack: 0x0000006b95e00000,0x0000006b95f00000] [id=10868]
  0x0000021c4dcdf000 ConcurrentGCThread "G1 Young RemSet Sampling" [stack: 0x0000006b95f00000,0x0000006b96000000] [id=2728]

Threads with active compile tasks:

VM state:not at safepoint (normal execution)

VM Mutex/Monitor currently owned by a thread: None

Heap address: 0x0000000603c00000, size: 8132 MB, Compressed Oops mode: Zero based, Oop shift amount: 3
Narrow klass base: 0x0000000800000000, Narrow klass shift: 3
Compressed class space size: 1073741824 Address: 0x0000000800b30000

Heap:
 garbage-first heap   total 522240K, used 14336K [0x0000000603c00000, 0x0000000800000000)
  region size 2048K, 8 young (16384K), 0 survivors (0K)
 Metaspace       used 6078K, capacity 7723K, committed 7936K, reserved 1056768K
  class space    used 557K, capacity 709K, committed 768K, reserved 1048576K
Heap Regions: E=young(eden), S=young(survivor), O=old, HS=humongous(starts), HC=humongous(continues), CS=collection set, F=free, OA=open archive, CA=closed archive, TAMS=top-at-mark-start (previous, next)
|   0|0x0000000603c00000, 0x0000000603c00000, 0x0000000603e00000|  0%| F|  |TAMS 0x0000000603c00000, 0x0000000603c00000| Untracked 
|   1|0x0000000603e00000, 0x0000000603e00000, 0x0000000604000000|  0%| F|  |TAMS 0x0000000603e00000, 0x0000000603e00000| Untracked 
|   2|0x0000000604000000, 0x0000000604000000, 0x0000000604200000|  0%| F|  |TAMS 0x0000000604000000, 0x0000000604000000| Untracked 
|   3|0x0000000604200000, 0x0000000604200000, 0x0000000604400000|  0%| F|  |TAMS 0x0000000604200000, 0x0000000604200000| Untracked 
|   4|0x0000000604400000, 0x0000000604400000, 0x0000000604600000|  0%| F|  |TAMS 0x0000000604400000, 0x0000000604400000| Untracked 
|   5|0x0000000604600000, 0x0000000604600000, 0x0000000604800000|  0%| F|  |TAMS 0x0000000604600000, 0x0000000604600000| Untracked 
|   6|0x0000000604800000, 0x0000000604800000, 0x0000000604a00000|  0%| F|  |TAMS 0x0000000604800000, 0x0000000604800000| Untracked 
|   7|0x0000000604a00000, 0x0000000604a00000, 0x0000000604c00000|  0%| F|  |TAMS 0x0000000604a00000, 0x0000000604a00000| Untracked 
|   8|0x0000000604c00000, 0x0000000604c00000, 0x0000000604e00000|  0%| F|  |TAMS 0x0000000604c00000, 0x0000000604c00000| Untracked 
|   9|0x0000000604e00000, 0x0000000604e00000, 0x0000000605000000|  0%| F|  |TAMS 0x0000000604e00000, 0x0000000604e00000| Untracked 
|  10|0x0000000605000000, 0x0000000605000000, 0x0000000605200000|  0%| F|  |TAMS 0x0000000605000000, 0x0000000605000000| Untracked 
|  11|0x0000000605200000, 0x0000000605200000, 0x0000000605400000|  0%| F|  |TAMS 0x0000000605200000, 0x0000000605200000| Untracked 
|  12|0x0000000605400000, 0x0000000605400000, 0x0000000605600000|  0%| F|  |TAMS 0x0000000605400000, 0x0000000605400000| Untracked 
|  13|0x0000000605600000, 0x0000000605600000, 0x0000000605800000|  0%| F|  |TAMS 0x0000000605600000, 0x0000000605600000| Untracked 
|  14|0x0000000605800000, 0x0000000605800000, 0x0000000605a00000|  0%| F|  |TAMS 0x0000000605800000, 0x0000000605800000| Untracked 
|  15|0x0000000605a00000, 0x0000000605a00000, 0x0000000605c00000|  0%| F|  |TAMS 0x0000000605a00000, 0x0000000605a00000| Untracked 
|  16|0x0000000605c00000, 0x0000000605c00000, 0x0000000605e00000|  0%| F|  |TAMS 0x0000000605c00000, 0x0000000605c00000| Untracked 
|  17|0x0000000605e00000, 0x0000000605e00000, 0x0000000606000000|  0%| F|  |TAMS 0x0000000605e00000, 0x0000000605e00000| Untracked 
|  18|0x0000000606000000, 0x0000000606000000, 0x0000000606200000|  0%| F|  |TAMS 0x0000000606000000, 0x0000000606000000| Untracked 
|  19|0x0000000606200000, 0x0000000606200000, 0x0000000606400000|  0%| F|  |TAMS 0x0000000606200000, 0x0000000606200000| Untracked 
|  20|0x0000000606400000, 0x0000000606400000, 0x0000000606600000|  0%| F|  |TAMS 0x0000000606400000, 0x0000000606400000| Untracked 
|  21|0x0000000606600000, 0x0000000606600000, 0x0000000606800000|  0%| F|  |TAMS 0x0000000606600000, 0x0000000606600000| Untracked 
|  22|0x0000000606800000, 0x0000000606800000, 0x0000000606a00000|  0%| F|  |TAMS 0x0000000606800000, 0x0000000606800000| Untracked 
|  23|0x0000000606a00000, 0x0000000606a00000, 0x0000000606c00000|  0%| F|  |TAMS 0x0000000606a00000, 0x0000000606a00000| Untracked 
|  24|0x0000000606c00000, 0x0000000606c00000, 0x0000000606e00000|  0%| F|  |TAMS 0x0000000606c00000, 0x0000000606c00000| Untracked 
|  25|0x0000000606e00000, 0x0000000606e00000, 0x0000000607000000|  0%| F|  |TAMS 0x0000000606e00000, 0x0000000606e00000| Untracked 
|  26|0x0000000607000000, 0x0000000607000000, 0x0000000607200000|  0%| F|  |TAMS 0x0000000607000000, 0x0000000607000000| Untracked 
|  27|0x0000000607200000, 0x0000000607200000, 0x0000000607400000|  0%| F|  |TAMS 0x0000000607200000, 0x0000000607200000| Untracked 
|  28|0x0000000607400000, 0x0000000607400000, 0x0000000607600000|  0%| F|  |TAMS 0x0000000607400000, 0x0000000607400000| Untracked 
|  29|0x0000000607600000, 0x0000000607600000, 0x0000000607800000|  0%| F|  |TAMS 0x0000000607600000, 0x0000000607600000| Untracked 
|  30|0x0000000607800000, 0x0000000607800000, 0x0000000607a00000|  0%| F|  |TAMS 0x0000000607800000, 0x0000000607800000| Untracked 
|  31|0x0000000607a00000, 0x0000000607a00000, 0x0000000607c00000|  0%| F|  |TAMS 0x0000000607a00000, 0x0000000607a00000| Untracked 
|  32|0x0000000607c00000, 0x0000000607c00000, 0x0000000607e00000|  0%| F|  |TAMS 0x0000000607c00000, 0x0000000607c00000| Untracked 
|  33|0x0000000607e00000, 0x0000000607e00000, 0x0000000608000000|  0%| F|  |TAMS 0x0000000607e00000, 0x0000000607e00000| Untracked 
|  34|0x0000000608000000, 0x0000000608000000, 0x0000000608200000|  0%| F|  |TAMS 0x0000000608000000, 0x0000000608000000| Untracked 
|  35|0x0000000608200000, 0x0000000608200000, 0x0000000608400000|  0%| F|  |TAMS 0x0000000608200000, 0x0000000608200000| Untracked 
|  36|0x0000000608400000, 0x0000000608400000, 0x0000000608600000|  0%| F|  |TAMS 0x0000000608400000, 0x0000000608400000| Untracked 
|  37|0x0000000608600000, 0x0000000608600000, 0x0000000608800000|  0%| F|  |TAMS 0x0000000608600000, 0x0000000608600000| Untracked 
|  38|0x0000000608800000, 0x0000000608800000, 0x0000000608a00000|  0%| F|  |TAMS 0x0000000608800000, 0x0000000608800000| Untracked 
|  39|0x0000000608a00000, 0x0000000608a00000, 0x0000000608c00000|  0%| F|  |TAMS 0x0000000608a00000, 0x0000000608a00000| Untracked 
|  40|0x0000000608c00000, 0x0000000608c00000, 0x0000000608e00000|  0%| F|  |TAMS 0x0000000608c00000, 0x0000000608c00000| Untracked 
|  41|0x0000000608e00000, 0x0000000608e00000, 0x0000000609000000|  0%| F|  |TAMS 0x0000000608e00000, 0x0000000608e00000| Untracked 
|  42|0x0000000609000000, 0x0000000609000000, 0x0000000609200000|  0%| F|  |TAMS 0x0000000609000000, 0x0000000609000000| Untracked 
|  43|0x0000000609200000, 0x0000000609200000, 0x0000000609400000|  0%| F|  |TAMS 0x0000000609200000, 0x0000000609200000| Untracked 
|  44|0x0000000609400000, 0x0000000609400000, 0x0000000609600000|  0%| F|  |TAMS 0x0000000609400000, 0x0000000609400000| Untracked 
|  45|0x0000000609600000, 0x0000000609600000, 0x0000000609800000|  0%| F|  |TAMS 0x0000000609600000, 0x0000000609600000| Untracked 
|  46|0x0000000609800000, 0x0000000609800000, 0x0000000609a00000|  0%| F|  |TAMS 0x0000000609800000, 0x0000000609800000| Untracked 
|  47|0x0000000609a00000, 0x0000000609a00000, 0x0000000609c00000|  0%| F|  |TAMS 0x0000000609a00000, 0x0000000609a00000| Untracked 
|  48|0x0000000609c00000, 0x0000000609c00000, 0x0000000609e00000|  0%| F|  |TAMS 0x0000000609c00000, 0x0000000609c00000| Untracked 
|  49|0x0000000609e00000, 0x0000000609e00000, 0x000000060a000000|  0%| F|  |TAMS 0x0000000609e00000, 0x0000000609e00000| Untracked 
|  50|0x000000060a000000, 0x000000060a000000, 0x000000060a200000|  0%| F|  |TAMS 0x000000060a000000, 0x000000060a000000| Untracked 
|  51|0x000000060a200000, 0x000000060a200000, 0x000000060a400000|  0%| F|  |TAMS 0x000000060a200000, 0x000000060a200000| Untracked 
|  52|0x000000060a400000, 0x000000060a400000, 0x000000060a600000|  0%| F|  |TAMS 0x000000060a400000, 0x000000060a400000| Untracked 
|  53|0x000000060a600000, 0x000000060a600000, 0x000000060a800000|  0%| F|  |TAMS 0x000000060a600000, 0x000000060a600000| Untracked 
|  54|0x000000060a800000, 0x000000060a800000, 0x000000060aa00000|  0%| F|  |TAMS 0x000000060a800000, 0x000000060a800000| Untracked 
|  55|0x000000060aa00000, 0x000000060aa00000, 0x000000060ac00000|  0%| F|  |TAMS 0x000000060aa00000, 0x000000060aa00000| Untracked 
|  56|0x000000060ac00000, 0x000000060ac00000, 0x000000060ae00000|  0%| F|  |TAMS 0x000000060ac00000, 0x000000060ac00000| Untracked 
|  57|0x000000060ae00000, 0x000000060ae00000, 0x000000060b000000|  0%| F|  |TAMS 0x000000060ae00000, 0x000000060ae00000| Untracked 
|  58|0x000000060b000000, 0x000000060b000000, 0x000000060b200000|  0%| F|  |TAMS 0x000000060b000000, 0x000000060b000000| Untracked 
|  59|0x000000060b200000, 0x000000060b200000, 0x000000060b400000|  0%| F|  |TAMS 0x000000060b200000, 0x000000060b200000| Untracked 
|  60|0x000000060b400000, 0x000000060b400000, 0x000000060b600000|  0%| F|  |TAMS 0x000000060b400000, 0x000000060b400000| Untracked 
|  61|0x000000060b600000, 0x000000060b600000, 0x000000060b800000|  0%| F|  |TAMS 0x000000060b600000, 0x000000060b600000| Untracked 
|  62|0x000000060b800000, 0x000000060b800000, 0x000000060ba00000|  0%| F|  |TAMS 0x000000060b800000, 0x000000060b800000| Untracked 
|  63|0x000000060ba00000, 0x000000060ba00000, 0x000000060bc00000|  0%| F|  |TAMS 0x000000060ba00000, 0x000000060ba00000| Untracked 
|  64|0x000000060bc00000, 0x000000060bc00000, 0x000000060be00000|  0%| F|  |TAMS 0x000000060bc00000, 0x000000060bc00000| Untracked 
|  65|0x000000060be00000, 0x000000060be00000, 0x000000060c000000|  0%| F|  |TAMS 0x000000060be00000, 0x000000060be00000| Untracked 
|  66|0x000000060c000000, 0x000000060c000000, 0x000000060c200000|  0%| F|  |TAMS 0x000000060c000000, 0x000000060c000000| Untracked 
|  67|0x000000060c200000, 0x000000060c200000, 0x000000060c400000|  0%| F|  |TAMS 0x000000060c200000, 0x000000060c200000| Untracked 
|  68|0x000000060c400000, 0x000000060c400000, 0x000000060c600000|  0%| F|  |TAMS 0x000000060c400000, 0x000000060c400000| Untracked 
|  69|0x000000060c600000, 0x000000060c600000, 0x000000060c800000|  0%| F|  |TAMS 0x000000060c600000, 0x000000060c600000| Untracked 
|  70|0x000000060c800000, 0x000000060c800000, 0x000000060ca00000|  0%| F|  |TAMS 0x000000060c800000, 0x000000060c800000| Untracked 
|  71|0x000000060ca00000, 0x000000060ca00000, 0x000000060cc00000|  0%| F|  |TAMS 0x000000060ca00000, 0x000000060ca00000| Untracked 
|  72|0x000000060cc00000, 0x000000060cc00000, 0x000000060ce00000|  0%| F|  |TAMS 0x000000060cc00000, 0x000000060cc00000| Untracked 
|  73|0x000000060ce00000, 0x000000060ce00000, 0x000000060d000000|  0%| F|  |TAMS 0x000000060ce00000, 0x000000060ce00000| Untracked 
|  74|0x000000060d000000, 0x000000060d000000, 0x000000060d200000|  0%| F|  |TAMS 0x000000060d000000, 0x000000060d000000| Untracked 
|  75|0x000000060d200000, 0x000000060d200000, 0x000000060d400000|  0%| F|  |TAMS 0x000000060d200000, 0x000000060d200000| Untracked 
|  76|0x000000060d400000, 0x000000060d400000, 0x000000060d600000|  0%| F|  |TAMS 0x000000060d400000, 0x000000060d400000| Untracked 
|  77|0x000000060d600000, 0x000000060d600000, 0x000000060d800000|  0%| F|  |TAMS 0x000000060d600000, 0x000000060d600000| Untracked 
|  78|0x000000060d800000, 0x000000060d800000, 0x000000060da00000|  0%| F|  |TAMS 0x000000060d800000, 0x000000060d800000| Untracked 
|  79|0x000000060da00000, 0x000000060da00000, 0x000000060dc00000|  0%| F|  |TAMS 0x000000060da00000, 0x000000060da00000| Untracked 
|  80|0x000000060dc00000, 0x000000060dc00000, 0x000000060de00000|  0%| F|  |TAMS 0x000000060dc00000, 0x000000060dc00000| Untracked 
|  81|0x000000060de00000, 0x000000060de00000, 0x000000060e000000|  0%| F|  |TAMS 0x000000060de00000, 0x000000060de00000| Untracked 
|  82|0x000000060e000000, 0x000000060e000000, 0x000000060e200000|  0%| F|  |TAMS 0x000000060e000000, 0x000000060e000000| Untracked 
|  83|0x000000060e200000, 0x000000060e200000, 0x000000060e400000|  0%| F|  |TAMS 0x000000060e200000, 0x000000060e200000| Untracked 
|  84|0x000000060e400000, 0x000000060e400000, 0x000000060e600000|  0%| F|  |TAMS 0x000000060e400000, 0x000000060e400000| Untracked 
|  85|0x000000060e600000, 0x000000060e600000, 0x000000060e800000|  0%| F|  |TAMS 0x000000060e600000, 0x000000060e600000| Untracked 
|  86|0x000000060e800000, 0x000000060e800000, 0x000000060ea00000|  0%| F|  |TAMS 0x000000060e800000, 0x000000060e800000| Untracked 
|  87|0x000000060ea00000, 0x000000060ea00000, 0x000000060ec00000|  0%| F|  |TAMS 0x000000060ea00000, 0x000000060ea00000| Untracked 
|  88|0x000000060ec00000, 0x000000060ec00000, 0x000000060ee00000|  0%| F|  |TAMS 0x000000060ec00000, 0x000000060ec00000| Untracked 
|  89|0x000000060ee00000, 0x000000060ee00000, 0x000000060f000000|  0%| F|  |TAMS 0x000000060ee00000, 0x000000060ee00000| Untracked 
|  90|0x000000060f000000, 0x000000060f000000, 0x000000060f200000|  0%| F|  |TAMS 0x000000060f000000, 0x000000060f000000| Untracked 
|  91|0x000000060f200000, 0x000000060f200000, 0x000000060f400000|  0%| F|  |TAMS 0x000000060f200000, 0x000000060f200000| Untracked 
|  92|0x000000060f400000, 0x000000060f400000, 0x000000060f600000|  0%| F|  |TAMS 0x000000060f400000, 0x000000060f400000| Untracked 
|  93|0x000000060f600000, 0x000000060f600000, 0x000000060f800000|  0%| F|  |TAMS 0x000000060f600000, 0x000000060f600000| Untracked 
|  94|0x000000060f800000, 0x000000060f800000, 0x000000060fa00000|  0%| F|  |TAMS 0x000000060f800000, 0x000000060f800000| Untracked 
|  95|0x000000060fa00000, 0x000000060fa00000, 0x000000060fc00000|  0%| F|  |TAMS 0x000000060fa00000, 0x000000060fa00000| Untracked 
|  96|0x000000060fc00000, 0x000000060fc00000, 0x000000060fe00000|  0%| F|  |TAMS 0x000000060fc00000, 0x000000060fc00000| Untracked 
|  97|0x000000060fe00000, 0x000000060fe00000, 0x0000000610000000|  0%| F|  |TAMS 0x000000060fe00000, 0x000000060fe00000| Untracked 
|  98|0x0000000610000000, 0x0000000610000000, 0x0000000610200000|  0%| F|  |TAMS 0x0000000610000000, 0x0000000610000000| Untracked 
|  99|0x0000000610200000, 0x0000000610200000, 0x0000000610400000|  0%| F|  |TAMS 0x0000000610200000, 0x0000000610200000| Untracked 
| 100|0x0000000610400000, 0x0000000610400000, 0x0000000610600000|  0%| F|  |TAMS 0x0000000610400000, 0x0000000610400000| Untracked 
| 101|0x0000000610600000, 0x0000000610600000, 0x0000000610800000|  0%| F|  |TAMS 0x0000000610600000, 0x0000000610600000| Untracked 
| 102|0x0000000610800000, 0x0000000610800000, 0x0000000610a00000|  0%| F|  |TAMS 0x0000000610800000, 0x0000000610800000| Untracked 
| 103|0x0000000610a00000, 0x0000000610a00000, 0x0000000610c00000|  0%| F|  |TAMS 0x0000000610a00000, 0x0000000610a00000| Untracked 
| 104|0x0000000610c00000, 0x0000000610c00000, 0x0000000610e00000|  0%| F|  |TAMS 0x0000000610c00000, 0x0000000610c00000| Untracked 
| 105|0x0000000610e00000, 0x0000000610e00000, 0x0000000611000000|  0%| F|  |TAMS 0x0000000610e00000, 0x0000000610e00000| Untracked 
| 106|0x0000000611000000, 0x0000000611000000, 0x0000000611200000|  0%| F|  |TAMS 0x0000000611000000, 0x0000000611000000| Untracked 
| 107|0x0000000611200000, 0x0000000611200000, 0x0000000611400000|  0%| F|  |TAMS 0x0000000611200000, 0x0000000611200000| Untracked 
| 108|0x0000000611400000, 0x0000000611400000, 0x0000000611600000|  0%| F|  |TAMS 0x0000000611400000, 0x0000000611400000| Untracked 
| 109|0x0000000611600000, 0x0000000611600000, 0x0000000611800000|  0%| F|  |TAMS 0x0000000611600000, 0x0000000611600000| Untracked 
| 110|0x0000000611800000, 0x0000000611800000, 0x0000000611a00000|  0%| F|  |TAMS 0x0000000611800000, 0x0000000611800000| Untracked 
| 111|0x0000000611a00000, 0x0000000611a00000, 0x0000000611c00000|  0%| F|  |TAMS 0x0000000611a00000, 0x0000000611a00000| Untracked 
| 112|0x0000000611c00000, 0x0000000611c00000, 0x0000000611e00000|  0%| F|  |TAMS 0x0000000611c00000, 0x0000000611c00000| Untracked 
| 113|0x0000000611e00000, 0x0000000611e00000, 0x0000000612000000|  0%| F|  |TAMS 0x0000000611e00000, 0x0000000611e00000| Untracked 
| 114|0x0000000612000000, 0x0000000612000000, 0x0000000612200000|  0%| F|  |TAMS 0x0000000612000000, 0x0000000612000000| Untracked 
| 115|0x0000000612200000, 0x0000000612200000, 0x0000000612400000|  0%| F|  |TAMS 0x0000000612200000, 0x0000000612200000| Untracked 
| 116|0x0000000612400000, 0x0000000612400000, 0x0000000612600000|  0%| F|  |TAMS 0x0000000612400000, 0x0000000612400000| Untracked 
| 117|0x0000000612600000, 0x0000000612600000, 0x0000000612800000|  0%| F|  |TAMS 0x0000000612600000, 0x0000000612600000| Untracked 
| 118|0x0000000612800000, 0x0000000612800000, 0x0000000612a00000|  0%| F|  |TAMS 0x0000000612800000, 0x0000000612800000| Untracked 
| 119|0x0000000612a00000, 0x0000000612a00000, 0x0000000612c00000|  0%| F|  |TAMS 0x0000000612a00000, 0x0000000612a00000| Untracked 
| 120|0x0000000612c00000, 0x0000000612c00000, 0x0000000612e00000|  0%| F|  |TAMS 0x0000000612c00000, 0x0000000612c00000| Untracked 
| 121|0x0000000612e00000, 0x0000000612e00000, 0x0000000613000000|  0%| F|  |TAMS 0x0000000612e00000, 0x0000000612e00000| Untracked 
| 122|0x0000000613000000, 0x0000000613000000, 0x0000000613200000|  0%| F|  |TAMS 0x0000000613000000, 0x0000000613000000| Untracked 
| 123|0x0000000613200000, 0x0000000613200000, 0x0000000613400000|  0%| F|  |TAMS 0x0000000613200000, 0x0000000613200000| Untracked 
| 124|0x0000000613400000, 0x0000000613400000, 0x0000000613600000|  0%| F|  |TAMS 0x0000000613400000, 0x0000000613400000| Untracked 
| 125|0x0000000613600000, 0x0000000613600000, 0x0000000613800000|  0%| F|  |TAMS 0x0000000613600000, 0x0000000613600000| Untracked 
| 126|0x0000000613800000, 0x0000000613800000, 0x0000000613a00000|  0%| F|  |TAMS 0x0000000613800000, 0x0000000613800000| Untracked 
| 127|0x0000000613a00000, 0x0000000613a00000, 0x0000000613c00000|  0%| F|  |TAMS 0x0000000613a00000, 0x0000000613a00000| Untracked 
| 128|0x0000000613c00000, 0x0000000613c00000, 0x0000000613e00000|  0%| F|  |TAMS 0x0000000613c00000, 0x0000000613c00000| Untracked 
| 129|0x0000000613e00000, 0x0000000613e00000, 0x0000000614000000|  0%| F|  |TAMS 0x0000000613e00000, 0x0000000613e00000| Untracked 
| 130|0x0000000614000000, 0x0000000614000000, 0x0000000614200000|  0%| F|  |TAMS 0x0000000614000000, 0x0000000614000000| Untracked 
| 131|0x0000000614200000, 0x0000000614200000, 0x0000000614400000|  0%| F|  |TAMS 0x0000000614200000, 0x0000000614200000| Untracked 
| 132|0x0000000614400000, 0x0000000614400000, 0x0000000614600000|  0%| F|  |TAMS 0x0000000614400000, 0x0000000614400000| Untracked 
| 133|0x0000000614600000, 0x0000000614600000, 0x0000000614800000|  0%| F|  |TAMS 0x0000000614600000, 0x0000000614600000| Untracked 
| 134|0x0000000614800000, 0x0000000614800000, 0x0000000614a00000|  0%| F|  |TAMS 0x0000000614800000, 0x0000000614800000| Untracked 
| 135|0x0000000614a00000, 0x0000000614a00000, 0x0000000614c00000|  0%| F|  |TAMS 0x0000000614a00000, 0x0000000614a00000| Untracked 
| 136|0x0000000614c00000, 0x0000000614c00000, 0x0000000614e00000|  0%| F|  |TAMS 0x0000000614c00000, 0x0000000614c00000| Untracked 
| 137|0x0000000614e00000, 0x0000000614e00000, 0x0000000615000000|  0%| F|  |TAMS 0x0000000614e00000, 0x0000000614e00000| Untracked 
| 138|0x0000000615000000, 0x0000000615000000, 0x0000000615200000|  0%| F|  |TAMS 0x0000000615000000, 0x0000000615000000| Untracked 
| 139|0x0000000615200000, 0x0000000615200000, 0x0000000615400000|  0%| F|  |TAMS 0x0000000615200000, 0x0000000615200000| Untracked 
| 140|0x0000000615400000, 0x0000000615400000, 0x0000000615600000|  0%| F|  |TAMS 0x0000000615400000, 0x0000000615400000| Untracked 
| 141|0x0000000615600000, 0x0000000615600000, 0x0000000615800000|  0%| F|  |TAMS 0x0000000615600000, 0x0000000615600000| Untracked 
| 142|0x0000000615800000, 0x0000000615800000, 0x0000000615a00000|  0%| F|  |TAMS 0x0000000615800000, 0x0000000615800000| Untracked 
| 143|0x0000000615a00000, 0x0000000615a00000, 0x0000000615c00000|  0%| F|  |TAMS 0x0000000615a00000, 0x0000000615a00000| Untracked 
| 144|0x0000000615c00000, 0x0000000615c00000, 0x0000000615e00000|  0%| F|  |TAMS 0x0000000615c00000, 0x0000000615c00000| Untracked 
| 145|0x0000000615e00000, 0x0000000615e00000, 0x0000000616000000|  0%| F|  |TAMS 0x0000000615e00000, 0x0000000615e00000| Untracked 
| 146|0x0000000616000000, 0x0000000616000000, 0x0000000616200000|  0%| F|  |TAMS 0x0000000616000000, 0x0000000616000000| Untracked 
| 147|0x0000000616200000, 0x0000000616200000, 0x0000000616400000|  0%| F|  |TAMS 0x0000000616200000, 0x0000000616200000| Untracked 
| 148|0x0000000616400000, 0x0000000616400000, 0x0000000616600000|  0%| F|  |TAMS 0x0000000616400000, 0x0000000616400000| Untracked 
| 149|0x0000000616600000, 0x0000000616600000, 0x0000000616800000|  0%| F|  |TAMS 0x0000000616600000, 0x0000000616600000| Untracked 
| 150|0x0000000616800000, 0x0000000616800000, 0x0000000616a00000|  0%| F|  |TAMS 0x0000000616800000, 0x0000000616800000| Untracked 
| 151|0x0000000616a00000, 0x0000000616a00000, 0x0000000616c00000|  0%| F|  |TAMS 0x0000000616a00000, 0x0000000616a00000| Untracked 
| 152|0x0000000616c00000, 0x0000000616c00000, 0x0000000616e00000|  0%| F|  |TAMS 0x0000000616c00000, 0x0000000616c00000| Untracked 
| 153|0x0000000616e00000, 0x0000000616e00000, 0x0000000617000000|  0%| F|  |TAMS 0x0000000616e00000, 0x0000000616e00000| Untracked 
| 154|0x0000000617000000, 0x0000000617000000, 0x0000000617200000|  0%| F|  |TAMS 0x0000000617000000, 0x0000000617000000| Untracked 
| 155|0x0000000617200000, 0x0000000617200000, 0x0000000617400000|  0%| F|  |TAMS 0x0000000617200000, 0x0000000617200000| Untracked 
| 156|0x0000000617400000, 0x0000000617400000, 0x0000000617600000|  0%| F|  |TAMS 0x0000000617400000, 0x0000000617400000| Untracked 
| 157|0x0000000617600000, 0x0000000617600000, 0x0000000617800000|  0%| F|  |TAMS 0x0000000617600000, 0x0000000617600000| Untracked 
| 158|0x0000000617800000, 0x0000000617800000, 0x0000000617a00000|  0%| F|  |TAMS 0x0000000617800000, 0x0000000617800000| Untracked 
| 159|0x0000000617a00000, 0x0000000617a00000, 0x0000000617c00000|  0%| F|  |TAMS 0x0000000617a00000, 0x0000000617a00000| Untracked 
| 160|0x0000000617c00000, 0x0000000617c00000, 0x0000000617e00000|  0%| F|  |TAMS 0x0000000617c00000, 0x0000000617c00000| Untracked 
| 161|0x0000000617e00000, 0x0000000617e00000, 0x0000000618000000|  0%| F|  |TAMS 0x0000000617e00000, 0x0000000617e00000| Untracked 
| 162|0x0000000618000000, 0x0000000618000000, 0x0000000618200000|  0%| F|  |TAMS 0x0000000618000000, 0x0000000618000000| Untracked 
| 163|0x0000000618200000, 0x0000000618200000, 0x0000000618400000|  0%| F|  |TAMS 0x0000000618200000, 0x0000000618200000| Untracked 
| 164|0x0000000618400000, 0x0000000618400000, 0x0000000618600000|  0%| F|  |TAMS 0x0000000618400000, 0x0000000618400000| Untracked 
| 165|0x0000000618600000, 0x0000000618600000, 0x0000000618800000|  0%| F|  |TAMS 0x0000000618600000, 0x0000000618600000| Untracked 
| 166|0x0000000618800000, 0x0000000618800000, 0x0000000618a00000|  0%| F|  |TAMS 0x0000000618800000, 0x0000000618800000| Untracked 
| 167|0x0000000618a00000, 0x0000000618a00000, 0x0000000618c00000|  0%| F|  |TAMS 0x0000000618a00000, 0x0000000618a00000| Untracked 
| 168|0x0000000618c00000, 0x0000000618c00000, 0x0000000618e00000|  0%| F|  |TAMS 0x0000000618c00000, 0x0000000618c00000| Untracked 
| 169|0x0000000618e00000, 0x0000000618e00000, 0x0000000619000000|  0%| F|  |TAMS 0x0000000618e00000, 0x0000000618e00000| Untracked 
| 170|0x0000000619000000, 0x0000000619000000, 0x0000000619200000|  0%| F|  |TAMS 0x0000000619000000, 0x0000000619000000| Untracked 
| 171|0x0000000619200000, 0x0000000619200000, 0x0000000619400000|  0%| F|  |TAMS 0x0000000619200000, 0x0000000619200000| Untracked 
| 172|0x0000000619400000, 0x0000000619400000, 0x0000000619600000|  0%| F|  |TAMS 0x0000000619400000, 0x0000000619400000| Untracked 
| 173|0x0000000619600000, 0x0000000619600000, 0x0000000619800000|  0%| F|  |TAMS 0x0000000619600000, 0x0000000619600000| Untracked 
| 174|0x0000000619800000, 0x0000000619800000, 0x0000000619a00000|  0%| F|  |TAMS 0x0000000619800000, 0x0000000619800000| Untracked 
| 175|0x0000000619a00000, 0x0000000619a00000, 0x0000000619c00000|  0%| F|  |TAMS 0x0000000619a00000, 0x0000000619a00000| Untracked 
| 176|0x0000000619c00000, 0x0000000619c00000, 0x0000000619e00000|  0%| F|  |TAMS 0x0000000619c00000, 0x0000000619c00000| Untracked 
| 177|0x0000000619e00000, 0x0000000619e00000, 0x000000061a000000|  0%| F|  |TAMS 0x0000000619e00000, 0x0000000619e00000| Untracked 
| 178|0x000000061a000000, 0x000000061a000000, 0x000000061a200000|  0%| F|  |TAMS 0x000000061a000000, 0x000000061a000000| Untracked 
| 179|0x000000061a200000, 0x000000061a200000, 0x000000061a400000|  0%| F|  |TAMS 0x000000061a200000, 0x000000061a200000| Untracked 
| 180|0x000000061a400000, 0x000000061a400000, 0x000000061a600000|  0%| F|  |TAMS 0x000000061a400000, 0x000000061a400000| Untracked 
| 181|0x000000061a600000, 0x000000061a600000, 0x000000061a800000|  0%| F|  |TAMS 0x000000061a600000, 0x000000061a600000| Untracked 
| 182|0x000000061a800000, 0x000000061a800000, 0x000000061aa00000|  0%| F|  |TAMS 0x000000061a800000, 0x000000061a800000| Untracked 
| 183|0x000000061aa00000, 0x000000061aa00000, 0x000000061ac00000|  0%| F|  |TAMS 0x000000061aa00000, 0x000000061aa00000| Untracked 
| 184|0x000000061ac00000, 0x000000061ac00000, 0x000000061ae00000|  0%| F|  |TAMS 0x000000061ac00000, 0x000000061ac00000| Untracked 
| 185|0x000000061ae00000, 0x000000061ae00000, 0x000000061b000000|  0%| F|  |TAMS 0x000000061ae00000, 0x000000061ae00000| Untracked 
| 186|0x000000061b000000, 0x000000061b000000, 0x000000061b200000|  0%| F|  |TAMS 0x000000061b000000, 0x000000061b000000| Untracked 
| 187|0x000000061b200000, 0x000000061b200000, 0x000000061b400000|  0%| F|  |TAMS 0x000000061b200000, 0x000000061b200000| Untracked 
| 188|0x000000061b400000, 0x000000061b400000, 0x000000061b600000|  0%| F|  |TAMS 0x000000061b400000, 0x000000061b400000| Untracked 
| 189|0x000000061b600000, 0x000000061b600000, 0x000000061b800000|  0%| F|  |TAMS 0x000000061b600000, 0x000000061b600000| Untracked 
| 190|0x000000061b800000, 0x000000061b800000, 0x000000061ba00000|  0%| F|  |TAMS 0x000000061b800000, 0x000000061b800000| Untracked 
| 191|0x000000061ba00000, 0x000000061ba00000, 0x000000061bc00000|  0%| F|  |TAMS 0x000000061ba00000, 0x000000061ba00000| Untracked 
| 192|0x000000061bc00000, 0x000000061bc00000, 0x000000061be00000|  0%| F|  |TAMS 0x000000061bc00000, 0x000000061bc00000| Untracked 
| 193|0x000000061be00000, 0x000000061be00000, 0x000000061c000000|  0%| F|  |TAMS 0x000000061be00000, 0x000000061be00000| Untracked 
| 194|0x000000061c000000, 0x000000061c000000, 0x000000061c200000|  0%| F|  |TAMS 0x000000061c000000, 0x000000061c000000| Untracked 
| 195|0x000000061c200000, 0x000000061c200000, 0x000000061c400000|  0%| F|  |TAMS 0x000000061c200000, 0x000000061c200000| Untracked 
| 196|0x000000061c400000, 0x000000061c400000, 0x000000061c600000|  0%| F|  |TAMS 0x000000061c400000, 0x000000061c400000| Untracked 
| 197|0x000000061c600000, 0x000000061c600000, 0x000000061c800000|  0%| F|  |TAMS 0x000000061c600000, 0x000000061c600000| Untracked 
| 198|0x000000061c800000, 0x000000061c800000, 0x000000061ca00000|  0%| F|  |TAMS 0x000000061c800000, 0x000000061c800000| Untracked 
| 199|0x000000061ca00000, 0x000000061ca00000, 0x000000061cc00000|  0%| F|  |TAMS 0x000000061ca00000, 0x000000061ca00000| Untracked 
| 200|0x000000061cc00000, 0x000000061cc00000, 0x000000061ce00000|  0%| F|  |TAMS 0x000000061cc00000, 0x000000061cc00000| Untracked 
| 201|0x000000061ce00000, 0x000000061ce00000, 0x000000061d000000|  0%| F|  |TAMS 0x000000061ce00000, 0x000000061ce00000| Untracked 
| 202|0x000000061d000000, 0x000000061d000000, 0x000000061d200000|  0%| F|  |TAMS 0x000000061d000000, 0x000000061d000000| Untracked 
| 203|0x000000061d200000, 0x000000061d200000, 0x000000061d400000|  0%| F|  |TAMS 0x000000061d200000, 0x000000061d200000| Untracked 
| 204|0x000000061d400000, 0x000000061d400000, 0x000000061d600000|  0%| F|  |TAMS 0x000000061d400000, 0x000000061d400000| Untracked 
| 205|0x000000061d600000, 0x000000061d600000, 0x000000061d800000|  0%| F|  |TAMS 0x000000061d600000, 0x000000061d600000| Untracked 
| 206|0x000000061d800000, 0x000000061d800000, 0x000000061da00000|  0%| F|  |TAMS 0x000000061d800000, 0x000000061d800000| Untracked 
| 207|0x000000061da00000, 0x000000061da00000, 0x000000061dc00000|  0%| F|  |TAMS 0x000000061da00000, 0x000000061da00000| Untracked 
| 208|0x000000061dc00000, 0x000000061dc00000, 0x000000061de00000|  0%| F|  |TAMS 0x000000061dc00000, 0x000000061dc00000| Untracked 
| 209|0x000000061de00000, 0x000000061de00000, 0x000000061e000000|  0%| F|  |TAMS 0x000000061de00000, 0x000000061de00000| Untracked 
| 210|0x000000061e000000, 0x000000061e000000, 0x000000061e200000|  0%| F|  |TAMS 0x000000061e000000, 0x000000061e000000| Untracked 
| 211|0x000000061e200000, 0x000000061e200000, 0x000000061e400000|  0%| F|  |TAMS 0x000000061e200000, 0x000000061e200000| Untracked 
| 212|0x000000061e400000, 0x000000061e400000, 0x000000061e600000|  0%| F|  |TAMS 0x000000061e400000, 0x000000061e400000| Untracked 
| 213|0x000000061e600000, 0x000000061e600000, 0x000000061e800000|  0%| F|  |TAMS 0x000000061e600000, 0x000000061e600000| Untracked 
| 214|0x000000061e800000, 0x000000061e800000, 0x000000061ea00000|  0%| F|  |TAMS 0x000000061e800000, 0x000000061e800000| Untracked 
| 215|0x000000061ea00000, 0x000000061ea00000, 0x000000061ec00000|  0%| F|  |TAMS 0x000000061ea00000, 0x000000061ea00000| Untracked 
| 216|0x000000061ec00000, 0x000000061ec00000, 0x000000061ee00000|  0%| F|  |TAMS 0x000000061ec00000, 0x000000061ec00000| Untracked 
| 217|0x000000061ee00000, 0x000000061ee00000, 0x000000061f000000|  0%| F|  |TAMS 0x000000061ee00000, 0x000000061ee00000| Untracked 
| 218|0x000000061f000000, 0x000000061f000000, 0x000000061f200000|  0%| F|  |TAMS 0x000000061f000000, 0x000000061f000000| Untracked 
| 219|0x000000061f200000, 0x000000061f200000, 0x000000061f400000|  0%| F|  |TAMS 0x000000061f200000, 0x000000061f200000| Untracked 
| 220|0x000000061f400000, 0x000000061f400000, 0x000000061f600000|  0%| F|  |TAMS 0x000000061f400000, 0x000000061f400000| Untracked 
| 221|0x000000061f600000, 0x000000061f600000, 0x000000061f800000|  0%| F|  |TAMS 0x000000061f600000, 0x000000061f600000| Untracked 
| 222|0x000000061f800000, 0x000000061f800000, 0x000000061fa00000|  0%| F|  |TAMS 0x000000061f800000, 0x000000061f800000| Untracked 
| 223|0x000000061fa00000, 0x000000061fa00000, 0x000000061fc00000|  0%| F|  |TAMS 0x000000061fa00000, 0x000000061fa00000| Untracked 
| 224|0x000000061fc00000, 0x000000061fc00000, 0x000000061fe00000|  0%| F|  |TAMS 0x000000061fc00000, 0x000000061fc00000| Untracked 
| 225|0x000000061fe00000, 0x000000061fe00000, 0x0000000620000000|  0%| F|  |TAMS 0x000000061fe00000, 0x000000061fe00000| Untracked 
| 226|0x0000000620000000, 0x0000000620000000, 0x0000000620200000|  0%| F|  |TAMS 0x0000000620000000, 0x0000000620000000| Untracked 
| 227|0x0000000620200000, 0x0000000620200000, 0x0000000620400000|  0%| F|  |TAMS 0x0000000620200000, 0x0000000620200000| Untracked 
| 228|0x0000000620400000, 0x0000000620400000, 0x0000000620600000|  0%| F|  |TAMS 0x0000000620400000, 0x0000000620400000| Untracked 
| 229|0x0000000620600000, 0x0000000620600000, 0x0000000620800000|  0%| F|  |TAMS 0x0000000620600000, 0x0000000620600000| Untracked 
| 230|0x0000000620800000, 0x0000000620800000, 0x0000000620a00000|  0%| F|  |TAMS 0x0000000620800000, 0x0000000620800000| Untracked 
| 231|0x0000000620a00000, 0x0000000620a00000, 0x0000000620c00000|  0%| F|  |TAMS 0x0000000620a00000, 0x0000000620a00000| Untracked 
| 232|0x0000000620c00000, 0x0000000620c00000, 0x0000000620e00000|  0%| F|  |TAMS 0x0000000620c00000, 0x0000000620c00000| Untracked 
| 233|0x0000000620e00000, 0x0000000620e00000, 0x0000000621000000|  0%| F|  |TAMS 0x0000000620e00000, 0x0000000620e00000| Untracked 
| 234|0x0000000621000000, 0x0000000621000000, 0x0000000621200000|  0%| F|  |TAMS 0x0000000621000000, 0x0000000621000000| Untracked 
| 235|0x0000000621200000, 0x0000000621200000, 0x0000000621400000|  0%| F|  |TAMS 0x0000000621200000, 0x0000000621200000| Untracked 
| 236|0x0000000621400000, 0x0000000621400000, 0x0000000621600000|  0%| F|  |TAMS 0x0000000621400000, 0x0000000621400000| Untracked 
| 237|0x0000000621600000, 0x0000000621600000, 0x0000000621800000|  0%| F|  |TAMS 0x0000000621600000, 0x0000000621600000| Untracked 
| 238|0x0000000621800000, 0x0000000621800000, 0x0000000621a00000|  0%| F|  |TAMS 0x0000000621800000, 0x0000000621800000| Untracked 
| 239|0x0000000621a00000, 0x0000000621a00000, 0x0000000621c00000|  0%| F|  |TAMS 0x0000000621a00000, 0x0000000621a00000| Untracked 
| 240|0x0000000621c00000, 0x0000000621c00000, 0x0000000621e00000|  0%| F|  |TAMS 0x0000000621c00000, 0x0000000621c00000| Untracked 
| 241|0x0000000621e00000, 0x0000000621e00000, 0x0000000622000000|  0%| F|  |TAMS 0x0000000621e00000, 0x0000000621e00000| Untracked 
| 242|0x0000000622000000, 0x0000000622000000, 0x0000000622200000|  0%| F|  |TAMS 0x0000000622000000, 0x0000000622000000| Untracked 
| 243|0x0000000622200000, 0x0000000622200000, 0x0000000622400000|  0%| F|  |TAMS 0x0000000622200000, 0x0000000622200000| Untracked 
| 244|0x0000000622400000, 0x0000000622400000, 0x0000000622600000|  0%| F|  |TAMS 0x0000000622400000, 0x0000000622400000| Untracked 
| 245|0x0000000622600000, 0x0000000622600000, 0x0000000622800000|  0%| F|  |TAMS 0x0000000622600000, 0x0000000622600000| Untracked 
| 246|0x0000000622800000, 0x0000000622800000, 0x0000000622a00000|  0%| F|  |TAMS 0x0000000622800000, 0x0000000622800000| Untracked 
| 247|0x0000000622a00000, 0x0000000622bed8e8, 0x0000000622c00000| 96%| E|  |TAMS 0x0000000622a00000, 0x0000000622a00000| Complete 
| 248|0x0000000622c00000, 0x0000000622e00000, 0x0000000622e00000|100%| E|CS|TAMS 0x0000000622c00000, 0x0000000622c00000| Complete 
| 249|0x0000000622e00000, 0x0000000623000000, 0x0000000623000000|100%| E|CS|TAMS 0x0000000622e00000, 0x0000000622e00000| Complete 
| 250|0x0000000623000000, 0x0000000623200000, 0x0000000623200000|100%| E|CS|TAMS 0x0000000623000000, 0x0000000623000000| Complete 
| 251|0x0000000623200000, 0x0000000623400000, 0x0000000623400000|100%| E|CS|TAMS 0x0000000623200000, 0x0000000623200000| Complete 
| 252|0x0000000623400000, 0x0000000623600000, 0x0000000623600000|100%| E|CS|TAMS 0x0000000623400000, 0x0000000623400000| Complete 
| 253|0x0000000623600000, 0x0000000623800000, 0x0000000623800000|100%| E|CS|TAMS 0x0000000623600000, 0x0000000623600000| Complete 
| 254|0x0000000623800000, 0x0000000623a00000, 0x0000000623a00000|100%| E|CS|TAMS 0x0000000623800000, 0x0000000623800000| Complete 

Card table byte_map: [0x0000021c392b0000,0x0000021c3a2a0000] _byte_map_base: 0x0000021c36292000

Marking Bits (Prev, Next): (CMBitMap*) 0x0000021c206536c8, (CMBitMap*) 0x0000021c20653708
 Prev Bits: [0x0000021c3b290000, 0x0000021c431a0000)
 Next Bits: [0x0000021c431a0000, 0x0000021c4b0b0000)

Polling page: 0x0000021c1e2c0000

Metaspace:

Usage:
  Non-class:      6.85 MB capacity,     5.39 MB ( 79%) used,     1.45 MB ( 21%) free+waste,    12.19 KB ( <1%) overhead. 
      Class:    709.00 KB capacity,   557.92 KB ( 79%) used,   144.58 KB ( 20%) free+waste,     6.50 KB ( <1%) overhead. 
       Both:      7.54 MB capacity,     5.94 MB ( 79%) used,     1.59 MB ( 21%) free+waste,    18.69 KB ( <1%) overhead. 

Virtual space:
  Non-class space:        8.00 MB reserved,       7.00 MB ( 88%) committed 
      Class space:        1.00 GB reserved,     768.00 KB ( <1%) committed 
             Both:        1.01 GB reserved,       7.75 MB ( <1%) committed 

Chunk freelists:
   Non-Class:  26.00 KB
       Class:  0 bytes
        Both:  26.00 KB

MaxMetaspaceSize: 17179869184.00 GB
CompressedClassSpaceSize: 1.00 GB

CodeHeap 'non-profiled nmethods': size=120000Kb used=286Kb max_used=286Kb free=119713Kb
 bounds [0x0000021c30840000, 0x0000021c30ab0000, 0x0000021c37d70000]
CodeHeap 'profiled nmethods': size=120000Kb used=1578Kb max_used=1578Kb free=118421Kb
 bounds [0x0000021c29310000, 0x0000021c29580000, 0x0000021c30840000]
CodeHeap 'non-nmethods': size=5760Kb used=1578Kb max_used=1588Kb free=4181Kb
 bounds [0x0000021c28d70000, 0x0000021c28fe0000, 0x0000021c29310000]
 total_blobs=1864 nmethods=906 adapters=871
 compilation: enabled
              stopped_count=0, restarted_count=0
 full_count=0

Compilation events (20 events):
Event: 1.611 Thread 0x0000021c4e7aa800  897       3       java.lang.AbstractStringBuilder::checkRange (63 bytes)
Event: 1.611 Thread 0x0000021c4e7aa800 nmethod 897 0x0000021c29495710 code [0x0000021c294959c0, 0x0000021c29496578]
Event: 1.613 Thread 0x0000021c4e7aa800  898       3       java.nio.Buffer::remaining (10 bytes)
Event: 1.613 Thread 0x0000021c4e7aa800 nmethod 898 0x0000021c29496a10 code [0x0000021c29496ba0, 0x0000021c29496cb8]
Event: 1.613 Thread 0x0000021c4e7aa800  899       3       org.lwjgl.system.MemoryStack::nmalloc (61 bytes)
Event: 1.613 Thread 0x0000021c4e7aa800 nmethod 899 0x0000021c29496d90 code [0x0000021c29496f40, 0x0000021c29497228]
Event: 1.613 Thread 0x0000021c4e7aa800  900       3       org.lwjgl.system.MemoryUtil::memAddress0 (11 bytes)
Event: 1.613 Thread 0x0000021c4e7aa800 nmethod 900 0x0000021c29497390 code [0x0000021c29497520, 0x0000021c294976f8]
Event: 1.684 Thread 0x0000021c4e7aa800  901       3       java.util.ArrayDeque::pollFirst (36 bytes)
Event: 1.685 Thread 0x0000021c4e7aa800 nmethod 901 0x0000021c29497790 code [0x0000021c29497960, 0x0000021c29497db8]
Event: 1.686 Thread 0x0000021c4e7aa800  902   !   3       java.util.zip.ZipFile$ZipFileInputStream::read (135 bytes)
Event: 1.686 Thread 0x0000021c4e7aa800 nmethod 902 0x0000021c29497f90 code [0x0000021c294981a0, 0x0000021c29498918]
Event: 1.686 Thread 0x0000021c4e7aa800  903       3       java.util.zip.ZipFile::ensureOpenOrZipException (19 bytes)
Event: 1.686 Thread 0x0000021c4e7aa800 nmethod 903 0x0000021c29498c90 code [0x0000021c29498e40, 0x0000021c29499028]
Event: 1.686 Thread 0x0000021c4e7aa800  904       3       java.util.zip.ZipFile$ZipFileInputStream::initDataOffset (117 bytes)
Event: 1.687 Thread 0x0000021c4e7aa800 nmethod 904 0x0000021c29499110 code [0x0000021c29499340, 0x0000021c29499b08]
Event: 1.688 Thread 0x0000021c4e7aa800  905   !   3       java.nio.DirectFloatBufferU::put (36 bytes)
Event: 1.688 Thread 0x0000021c4e7aa800 nmethod 905 0x0000021c29499e10 code [0x0000021c29499fe0, 0x0000021c2949a3e8]
Event: 1.688 Thread 0x0000021c4e7aa800  906       3       java.nio.DirectFloatBufferU::ix (10 bytes)
Event: 1.688 Thread 0x0000021c4e7aa800 nmethod 906 0x0000021c2949a690 code [0x0000021c2949a820, 0x0000021c2949a958]

GC Heap History (0 events):
No events

Deoptimization events (6 events):
Event: 0.267 Thread 0x0000021c205cc800 DEOPT PACKING pc=0x0000021c293461f4 sp=0x0000006b95afabf0
Event: 0.267 Thread 0x0000021c205cc800 DEOPT UNPACKING pc=0x0000021c28db964e sp=0x0000006b95afa060 mode 0
Event: 0.301 Thread 0x0000021c205cc800 DEOPT PACKING pc=0x0000021c2936d6b2 sp=0x0000006b95afc0a0
Event: 0.301 Thread 0x0000021c205cc800 DEOPT UNPACKING pc=0x0000021c28db964e sp=0x0000006b95afb508 mode 0
Event: 0.303 Thread 0x0000021c205cc800 DEOPT PACKING pc=0x0000021c29333ad0 sp=0x0000006b95af81c0
Event: 0.303 Thread 0x0000021c205cc800 DEOPT UNPACKING pc=0x0000021c28db964e sp=0x0000006b95af7648 mode 0

Classes unloaded (0 events):
No events

Classes redefined (0 events):
No events

Internal exceptions (20 events):
Event: 0.340 Thread 0x0000021c205cc800 Exception <a 'java/lang/ClassNotFoundException'{0x000000062327a660}: org/apache/log4j/PatternLayoutBeanInfo> (0x000000062327a660) 
thrown [./open/src/hotspot/share/classfile/systemDictionary.cpp, line 226]
Event: 0.341 Thread 0x0000021c205cc800 Exception <a 'java/lang/ClassNotFoundException'{0x00000006232893e0}: org/apache/log4j/LayoutBeanInfo> (0x00000006232893e0) 
thrown [./open/src/hotspot/share/classfile/systemDictionary.cpp, line 226]
Event: 0.341 Thread 0x0000021c205cc800 Exception <a 'java/lang/ClassNotFoundException'{0x000000062328a0e0}: java/lang/ObjectBeanInfo> (0x000000062328a0e0) 
thrown [./open/src/hotspot/share/classfile/systemDictionary.cpp, line 226]
Event: 0.342 Thread 0x0000021c205cc800 Exception <a 'java/lang/ClassNotFoundException'{0x000000062328d898}: java/lang/ObjectCustomizer> (0x000000062328d898) 
thrown [./open/src/hotspot/share/classfile/systemDictionary.cpp, line 226]
Event: 0.346 Thread 0x0000021c205cc800 Exception <a 'java/lang/IncompatibleClassChangeError'{0x0000000623295ca0}: Found class java.lang.Object, but interface was expected> (0x0000000623295ca0) 
thrown [./open/src/hotspot/share/interpreter/linkResolver.cpp, line 832]
Event: 0.353 Thread 0x0000021c205cc800 Exception <a 'java/lang/ClassNotFoundException'{0x00000006232c0480}: org/apache/log4j/LayoutCustomizer> (0x00000006232c0480) 
thrown [./open/src/hotspot/share/classfile/systemDictionary.cpp, line 226]
Event: 0.354 Thread 0x0000021c205cc800 Exception <a 'java/lang/ClassNotFoundException'{0x00000006232e0518}: org/apache/log4j/PatternLayoutCustomizer> (0x00000006232e0518) 
thrown [./open/src/hotspot/share/classfile/systemDictionary.cpp, line 226]
Event: 0.383 Thread 0x0000021c205cc800 Exception <a 'java/lang/ClassNotFoundException'{0x00000006233eff90}: org/apache/log4j/FileAppenderBeanInfo> (0x00000006233eff90) 
thrown [./open/src/hotspot/share/classfile/systemDictionary.cpp, line 226]
Event: 0.383 Thread 0x0000021c205cc800 Exception <a 'java/lang/ClassNotFoundException'{0x00000006233feee0}: org/apache/log4j/WriterAppenderBeanInfo> (0x00000006233feee0) 
thrown [./open/src/hotspot/share/classfile/systemDictionary.cpp, line 226]
Event: 0.383 Thread 0x0000021c205cc800 Exception <a 'java/lang/ClassNotFoundException'{0x000000062300e608}: org/apache/log4j/AppenderSkeletonBeanInfo> (0x000000062300e608) 
thrown [./open/src/hotspot/share/classfile/systemDictionary.cpp, line 226]
Event: 0.384 Thread 0x0000021c205cc800 Exception <a 'java/lang/ClassNotFoundException'{0x000000062301d9f0}: org/apache/log4j/AppenderSkeletonCustomizer> (0x000000062301d9f0) 
thrown [./open/src/hotspot/share/classfile/systemDictionary.cpp, line 226]
Event: 0.385 Thread 0x0000021c205cc800 Exception <a 'java/lang/ClassNotFoundException'{0x000000062303db80}: org/apache/log4j/WriterAppenderCustomizer> (0x000000062303db80) 
thrown [./open/src/hotspot/share/classfile/systemDictionary.cpp, line 226]
Event: 0.386 Thread 0x0000021c205cc800 Exception <a 'java/lang/ClassNotFoundException'{0x0000000623056290}: org/apache/log4j/FileAppenderCustomizer> (0x0000000623056290) 
thrown [./open/src/hotspot/share/classfile/systemDictionary.cpp, line 226]
Event: 0.418 Thread 0x0000021c205cc800 Exception <a 'java/lang/NoSuchMethodError'{0x0000000622e04c90}: 'java.lang.Object java.lang.invoke.DirectMethodHandle$Holder.invokeStaticInit(java.lang.Object, int, int, int, int)'> (0x0000000622e04c90) 
thrown [./open/src/hotspot/share/interpreter/linkResolver.cpp, line 766]
Event: 0.474 Thread 0x0000021c205cc800 Exception <a 'java/lang/NoSuchMethodError'{0x0000000622e2fbd8}: 'java.lang.Object java.lang.invoke.DirectMethodHandle$Holder.invokeStaticInit(java.lang.Object, java.lang.Object, int, int, int, int)'> (0x0000000622e2fbd8) 
thrown [./open/src/hotspot/share/interpreter/linkResolver.cpp, line 766]
Event: 0.479 Thread 0x0000021c205cc800 Exception <a 'sun/nio/fs/WindowsException'{0x0000000622e4a7d0}> (0x0000000622e4a7d0) 
thrown [./open/src/hotspot/share/prims/jni.cpp, line 599]
Event: 0.479 Thread 0x0000021c205cc800 Exception <a 'sun/nio/fs/WindowsException'{0x0000000622e4aad0}> (0x0000000622e4aad0) 
thrown [./open/src/hotspot/share/prims/jni.cpp, line 599]
Event: 1.426 Thread 0x0000021c205cc800 Exception <a 'java/lang/NoSuchMethodError'{0x0000000622c49a50}: 'void java.lang.invoke.DirectMethodHandle$Holder.invokeStatic(java.lang.Object, java.lang.Object, java.lang.Object, java.lang.Object)'> (0x0000000622c49a50) 
thrown [./open/src/hotspot/share/interpreter/linkResolver.cpp, line 766]
Event: 1.565 Thread 0x0000021c205cc800 Exception <a 'java/lang/NoSuchMethodError'{0x0000000622c9d7b0}: 'java.lang.Object java.lang.invoke.DirectMethodHandle$Holder.invokeStatic(java.lang.Object, long, long)'> (0x0000000622c9d7b0) 
thrown [./open/src/hotspot/share/interpreter/linkResolver.cpp, line 766]
Event: 1.604 Thread 0x0000021c205cc800 Exception <a 'java/lang/NoSuchMethodError'{0x0000000622acda80}: 'java.lang.Object java.lang.invoke.Invokers$Holder.linkToTargetMethod(java.lang.Object, java.lang.Object, java.lang.Object, java.lang.Object, java.lang.Object, java.lang.Object)'> (0x0000000622acda80) 
thrown [./open/src/hotspot/share/interpreter/linkResolver.cpp, line 766]

Events (20 events):
Event: 0.476 loading class sun/security/provider/SHA2$SHA256 done
Event: 0.492 loading class java/util/Vector$Itr
Event: 0.492 loading class java/util/Vector$Itr done
Event: 0.671 Thread 0x0000021c4ebbf000 Thread exited: 0x0000021c4ebbf000
Event: 1.428 loading class java/util/NoSuchElementException
Event: 1.428 loading class java/util/NoSuchElementException done
Event: 1.431 Loaded shared library C:\Users\aarevalo\AppData\Local\Temp\lwjglaarevalo\3.2.3-build-13\lwjgl.dll
Event: 1.433 Loaded shared library C:\Users\aarevalo\AppData\Local\Temp\lwjglaarevalo\3.2.3-build-13\lwjgl.dll
Event: 1.586 loading class java/lang/invoke/BoundMethodHandle$Species_LLL
Event: 1.586 loading class java/lang/invoke/BoundMethodHandle$Species_LLL done
Event: 1.587 loading class java/lang/invoke/BoundMethodHandle$Species_LLLL
Event: 1.587 loading class java/lang/invoke/BoundMethodHandle$Species_LLLL done
Event: 1.587 loading class java/lang/invoke/BoundMethodHandle$Species_LLLLL
Event: 1.587 loading class java/lang/invoke/BoundMethodHandle$Species_LLLLL done
Event: 1.588 loading class java/lang/invoke/BoundMethodHandle$Species_LJ
Event: 1.589 loading class java/lang/invoke/BoundMethodHandle$Species_LJ done
Event: 1.589 loading class java/lang/invoke/BoundMethodHandle$Species_LLLLLL
Event: 1.589 loading class java/lang/invoke/BoundMethodHandle$Species_LLLLLL done
Event: 1.608 loading class sun/nio/fs/WindowsUriSupport
Event: 1.608 loading class sun/nio/fs/WindowsUriSupport done


Dynamic libraries:
0x00007ff753d80000 - 0x00007ff753d8f000 	C:\Program Files\Java\jdk-14.0.2\bin\java.exe
0x00007ffed3ca0000 - 0x00007ffed3e90000 	C:\WINDOWS\SYSTEM32\ntdll.dll
0x00007ffed2cd0000 - 0x00007ffed2d82000 	C:\WINDOWS\System32\KERNEL32.DLL
0x00007ffed1200000 - 0x00007ffed14a5000 	C:\WINDOWS\System32\KERNELBASE.dll
0x00007ffed1c30000 - 0x00007ffed1d2a000 	C:\WINDOWS\System32\ucrtbase.dll
0x00007ffec2510000 - 0x00007ffec2528000 	C:\Program Files\Java\jdk-14.0.2\bin\jli.dll
0x00007ffec24f0000 - 0x00007ffec2505000 	C:\Program Files\Java\jdk-14.0.2\bin\VCRUNTIME140.dll
0x00007ffed1d50000 - 0x00007ffed1df3000 	C:\WINDOWS\System32\ADVAPI32.dll
0x00007ffed3530000 - 0x00007ffed35ce000 	C:\WINDOWS\System32\msvcrt.dll
0x00007ffed3ac0000 - 0x00007ffed3b57000 	C:\WINDOWS\System32\sechost.dll
0x00007ffed26d0000 - 0x00007ffed27ef000 	C:\WINDOWS\System32\RPCRT4.dll
0x00007ffed1e20000 - 0x00007ffed1fb4000 	C:\WINDOWS\System32\USER32.dll
0x00007ffed0c10000 - 0x00007ffed0c31000 	C:\WINDOWS\System32\win32u.dll
0x00007ffeb89f0000 - 0x00007ffeb8c74000 	C:\WINDOWS\WinSxS\amd64_microsoft.windows.common-controls_6595b64144ccf1df_6.0.18362.1556_none_9e7e372fe45e41d5\COMCTL32.dll
0x00007ffed3c30000 - 0x00007ffed3c56000 	C:\WINDOWS\System32\GDI32.dll
0x00007ffed0e30000 - 0x00007ffed0fc8000 	C:\WINDOWS\System32\gdi32full.dll
0x00007ffed3780000 - 0x00007ffed3ab6000 	C:\WINDOWS\System32\combase.dll
0x00007ffed0fd0000 - 0x00007ffed106e000 	C:\WINDOWS\System32\msvcp_win.dll
0x00007ffed10c0000 - 0x00007ffed1141000 	C:\WINDOWS\System32\bcryptPrimitives.dll
0x00007ffec6110000 - 0x00007ffec611a000 	C:\WINDOWS\SYSTEM32\VERSION.dll
0x00007ffed24e0000 - 0x00007ffed250e000 	C:\WINDOWS\System32\IMM32.DLL
0x00007ffec2450000 - 0x00007ffec24eb000 	C:\Program Files\Java\jdk-14.0.2\bin\msvcp140.dll
0x00007ffeb7d60000 - 0x00007ffeb887e000 	C:\Program Files\Java\jdk-14.0.2\bin\server\jvm.dll
0x00007ffed1e00000 - 0x00007ffed1e08000 	C:\WINDOWS\System32\PSAPI.DLL
0x00007ffeb59a0000 - 0x00007ffeb59a9000 	C:\WINDOWS\SYSTEM32\WSOCK32.dll
0x00007ffed2c60000 - 0x00007ffed2ccf000 	C:\WINDOWS\System32\WS2_32.dll
0x00007ffeceb80000 - 0x00007ffeceba4000 	C:\WINDOWS\SYSTEM32\WINMM.dll
0x00007ffeceb50000 - 0x00007ffeceb7d000 	C:\WINDOWS\SYSTEM32\winmmbase.dll
0x00007ffed1070000 - 0x00007ffed10ba000 	C:\WINDOWS\System32\cfgmgr32.dll
0x00007ffed0b80000 - 0x00007ffed0b91000 	C:\WINDOWS\System32\kernel.appcore.dll
0x00007ffeca700000 - 0x00007ffeca70a000 	C:\Program Files\Java\jdk-14.0.2\bin\jimage.dll
0x00007ffebf760000 - 0x00007ffebf954000 	C:\WINDOWS\SYSTEM32\DBGHELP.DLL
0x00007ffeb33f0000 - 0x00007ffeb341a000 	C:\WINDOWS\SYSTEM32\dbgcore.DLL
0x00007ffec2400000 - 0x00007ffec2425000 	C:\Program Files\Java\jdk-14.0.2\bin\java.dll
0x00007ffebf700000 - 0x00007ffebf716000 	C:\Program Files\Java\jdk-14.0.2\bin\zip.dll
0x00007ffed2e40000 - 0x00007ffed3527000 	C:\WINDOWS\System32\SHELL32.dll
0x00007ffed25a0000 - 0x00007ffed2648000 	C:\WINDOWS\System32\shcore.dll
0x00007ffed14b0000 - 0x00007ffed1c2b000 	C:\WINDOWS\System32\windows.storage.dll
0x00007ffed0ba0000 - 0x00007ffed0bbe000 	C:\WINDOWS\System32\profapi.dll
0x00007ffed0bc0000 - 0x00007ffed0c0a000 	C:\WINDOWS\System32\powrprof.dll
0x00007ffed0b50000 - 0x00007ffed0b60000 	C:\WINDOWS\System32\UMPDC.dll
0x00007ffed3bd0000 - 0x00007ffed3c22000 	C:\WINDOWS\System32\shlwapi.dll
0x00007ffed1d30000 - 0x00007ffed1d47000 	C:\WINDOWS\System32\cryptsp.dll
0x00007ffebf6e0000 - 0x00007ffebf6f9000 	C:\Program Files\Java\jdk-14.0.2\bin\net.dll
0x00007ffec5960000 - 0x00007ffec5a5a000 	C:\WINDOWS\SYSTEM32\WINHTTP.dll
0x00007ffed0390000 - 0x00007ffed03f7000 	C:\WINDOWS\system32\mswsock.dll
0x00007ffebf6c0000 - 0x00007ffebf6d2000 	C:\Program Files\Java\jdk-14.0.2\bin\nio.dll
0x00007ffec23f0000 - 0x00007ffec2400000 	C:\Program Files\Java\jdk-14.0.2\bin\verify.dll
0x00007ffebf6a0000 - 0x00007ffebf6ba000 	C:\Program Files\JetBrains\IntelliJ IDEA Community Edition 2018.1.6\bin\breakgen64.dll
0x00007ffeb96d0000 - 0x00007ffeb9734000 	C:\Users\aarevalo\AppData\Local\Temp\lwjglaarevalo\3.2.3-build-13\lwjgl.dll
0x00007ffeb9660000 - 0x00007ffeb96c2000 	C:\Users\aarevalo\AppData\Local\Temp\lwjglaarevalo\3.2.3-build-13\glfw.dll
0x00007ffecff10000 - 0x00007ffecff43000 	C:\WINDOWS\system32\rsaenh.dll
0x00007ffed0c40000 - 0x00007ffed0c66000 	C:\WINDOWS\System32\bcrypt.dll
0x00007ffed0a40000 - 0x00007ffed0a65000 	C:\WINDOWS\SYSTEM32\USERENV.dll
0x00007ffed0560000 - 0x00007ffed056c000 	C:\WINDOWS\SYSTEM32\CRYPTBASE.dll
0x00007ffed00a0000 - 0x00007ffed00da000 	C:\WINDOWS\SYSTEM32\IPHLPAPI.DLL
0x00007ffed1e10000 - 0x00007ffed1e18000 	C:\WINDOWS\System32\NSI.dll
0x00007ffecba90000 - 0x00007ffecbaa6000 	C:\WINDOWS\SYSTEM32\dhcpcsvc6.DLL
0x00007ffecb8b0000 - 0x00007ffecb8cc000 	C:\WINDOWS\SYSTEM32\dhcpcsvc.DLL
0x00007ffed00e0000 - 0x00007ffed01ab000 	C:\WINDOWS\SYSTEM32\DNSAPI.dll
0x00007ffeb90e0000 - 0x00007ffeb91d8000 	C:\WINDOWS\SYSTEM32\vulkan-1.dll
0x00007ffe9dc60000 - 0x00007ffe9ecaf000 	C:\WINDOWS\System32\DriverStore\FileRepository\iigd_dch.inf_amd64_bd47ae63e67b288d\igvk64.dll
0x00007ffecf850000 - 0x00007ffecf93b000 	C:\WINDOWS\system32\dxgi.dll
0x00007ffecf830000 - 0x00007ffecf850000 	C:\WINDOWS\SYSTEM32\dxcore.dll
0x00007ffea1810000 - 0x00007ffea1966000 	C:\WINDOWS\SYSTEM32\OpenGL32.dll
0x00007ffea17e0000 - 0x00007ffea180c000 	C:\WINDOWS\SYSTEM32\GLU32.dll
0x00007ffe9cc50000 - 0x00007ffe9dc5f000 	C:\WINDOWS\System32\DriverStore\FileRepository\iigd_dch.inf_amd64_bd47ae63e67b288d\ig9icd64.dll
0x00007ffecf1e0000 - 0x00007ffecf20d000 	C:\WINDOWS\SYSTEM32\dwmapi.dll
0x00007ffebdd70000 - 0x00007ffebde8d000 	C:\WINDOWS\System32\DriverStore\FileRepository\iigd_dch.inf_amd64_bd47ae63e67b288d\igdgmm64.dll
0x000000005b290000 - 0x000000005d94f000 	C:\WINDOWS\System32\DriverStore\FileRepository\nvdm.inf_amd64_0c63b088ad41d465\nvoglv64.dll
0x00007ffed27f0000 - 0x00007ffed2c60000 	C:\WINDOWS\System32\SETUPAPI.dll
0x00007ffed2380000 - 0x00007ffed24d7000 	C:\WINDOWS\System32\ole32.dll
0x00007ffecdc50000 - 0x00007ffecdc63000 	C:\WINDOWS\SYSTEM32\WTSAPI32.dll
0x00007ffed0940000 - 0x00007ffed096a000 	C:\WINDOWS\SYSTEM32\DEVOBJ.dll
0x00007ffed0dd0000 - 0x00007ffed0e2c000 	C:\WINDOWS\System32\WINTRUST.dll
0x00007ffed0b60000 - 0x00007ffed0b72000 	C:\WINDOWS\System32\MSASN1.dll
0x00007ffed0c70000 - 0x00007ffed0dc1000 	C:\WINDOWS\System32\CRYPT32.dll
0x00007ffecfb30000 - 0x00007ffecfb61000 	C:\WINDOWS\SYSTEM32\ntmarta.dll
0x00007ffebba30000 - 0x00007ffebdd1d000 	C:\WINDOWS\System32\DriverStore\FileRepository\iigd_dch.inf_amd64_bd47ae63e67b288d\igc64.dll
0x00007ffeced20000 - 0x00007ffecedb9000 	C:\WINDOWS\system32\uxtheme.dll
0x00007ffed2650000 - 0x00007ffed266d000 	C:\WINDOWS\System32\imagehlp.dll
0x00007ffecf740000 - 0x00007ffecf762000 	C:\WINDOWS\SYSTEM32\gpapi.dll
0x00007ffec0ad0000 - 0x00007ffec0aff000 	C:\WINDOWS\SYSTEM32\cryptnet.dll
0x00007ffeb95d0000 - 0x00007ffeb9655000 	C:\WINDOWS\System32\DriverStore\FileRepository\nvdm.inf_amd64_0c63b088ad41d465\nvcbl64.dll
0x00007ffeb6ab0000 - 0x00007ffeb6bd3000 	C:\WINDOWS\SYSTEM32\nvfatbinaryLoader.dll
0x00007ffec0be0000 - 0x00007ffec10e3000 	C:\WINDOWS\system32\nvapi64.dll
0x00007ffe89230000 - 0x00007ffe8a630000 	C:\WINDOWS\System32\DriverStore\FileRepository\nvdm.inf_amd64_0c63b088ad41d465\nvrtum64.dll
0x00007ffeb66a0000 - 0x00007ffeb6aa3000 	D:\repos\leviathan\vkjava3\target\classes\shaderc.dll

dbghelp: loaded successfully - version: 4.0.5 - missing functions: none
symbol engine: initialized successfully - sym options: 0x614 - pdb path: .;C:\Program Files\Java\jdk-14.0.2\bin;C:\WINDOWS\SYSTEM32;C:\WINDOWS\WinSxS\amd64_microsoft.windows.common-controls_6595b64144ccf1df_6.0.18362.1556_none_9e7e372fe45e41d5;C:\Program Files\Java\jdk-14.0.2\bin\server;C:\Program Files\JetBrains\IntelliJ IDEA Community Edition 2018.1.6\bin;C:\Users\aarevalo\AppData\Local\Temp\lwjglaarevalo\3.2.3-build-13;C:\WINDOWS\System32\DriverStore\FileRepository\iigd_dch.inf_amd64_bd47ae63e67b288d;C:\WINDOWS\System32\DriverStore\FileRepository\nvdm.inf_amd64_0c63b088ad41d465;D:\repos\leviathan\vkjava3\target\classes

VM Arguments:
jvm_args: -Didea.launcher.port=64947 -Didea.launcher.bin.path=C:\Program Files\JetBrains\IntelliJ IDEA Community Edition 2018.1.6\bin -Dfile.encoding=UTF-8 
java_command: com.intellij.rt.execution.application.AppMainV2 org.artifex.VkMain
java_class_path (initial): D:\repos\leviathan\vkjava3\target\classes;C:\Users\aarevalo\.m2\repository\org\lwjgl\lwjgl\3.2.3\lwjgl-3.2.3.jar;C:\Users\aarevalo\.m2\repository\org\lwjgl\lwjgl-vulkan\3.2.3\lwjgl-vulkan-3.2.3.jar;C:\Users\aarevalo\.m2\repository\org\lwjgl\lwjgl-vma\3.2.3\lwjgl-vma-3.2.3.jar;C:\Users\aarevalo\.m2\repository\org\lwjgl\lwjgl-glfw\3.2.3\lwjgl-glfw-3.2.3.jar;C:\Users\aarevalo\.m2\repository\org\joml\joml\1.10.1\joml-1.10.1.jar;C:\Users\aarevalo\.m2\repository\org\jetbrains\annotations\16.0.1\annotations-16.0.1.jar;C:\Users\aarevalo\.m2\repository\org\lwjgl\lwjgl-shaderc\3.2.3\lwjgl-shaderc-3.2.3.jar;C:\Users\aarevalo\.m2\repository\log4j\log4j\1.2.17\log4j-1.2.17.jar;C:\Users\aarevalo\.m2\repository\org\lwjgl\lwjgl\3.2.3\lwjgl-3.2.3-natives-windows.jar;C:\Users\aarevalo\.m2\repository\org\lwjgl\lwjgl-glfw\3.2.3\lwjgl-glfw-3.2.3-natives-windows.jar;C:\Users\aarevalo\.m2\repository\org\lwjgl\lwjgl-opengl\3.2.3\lwjgl-opengl-3.2.3-natives-windows.jar;C:\Program Files\JetBrains\IntelliJ IDEA Community Edition 2018.1.6\lib\idea_rt.jar
Launcher Type: SUN_STANDARD

[Global flags]
     intx CICompilerCount                          = 4                                         {product} {ergonomic}
     uint ConcGCThreads                            = 3                                         {product} {ergonomic}
     uint G1ConcRefinementThreads                  = 10                                        {product} {ergonomic}
   size_t G1HeapRegionSize                         = 2097152                                   {product} {ergonomic}
    uintx GCDrainStackTargetSize                   = 64                                        {product} {ergonomic}
   size_t InitialHeapSize                          = 534773760                                 {product} {ergonomic}
   size_t MarkStackSize                            = 4194304                                   {product} {ergonomic}
   size_t MaxHeapSize                              = 8527020032                                {product} {ergonomic}
   size_t MaxNewSize                               = 5114953728                                {product} {ergonomic}
   size_t MinHeapDeltaBytes                        = 2097152                                   {product} {ergonomic}
   size_t MinHeapSize                              = 8388608                                   {product} {ergonomic}
    uintx NonNMethodCodeHeapSize                   = 5839372                                {pd product} {ergonomic}
    uintx NonProfiledCodeHeapSize                  = 122909434                              {pd product} {ergonomic}
    uintx ProfiledCodeHeapSize                     = 122909434                              {pd product} {ergonomic}
    uintx ReservedCodeCacheSize                    = 251658240                              {pd product} {ergonomic}
     bool SegmentedCodeCache                       = true                                      {product} {ergonomic}
   size_t SoftMaxHeapSize                          = 8527020032                             {manageable} {ergonomic}
     bool UseCompressedClassPointers               = true                                 {lp64_product} {ergonomic}
     bool UseCompressedOops                        = true                                 {lp64_product} {ergonomic}
     bool UseG1GC                                  = true                                      {product} {ergonomic}
     bool UseLargePagesIndividualAllocation        = false                                  {pd product} {ergonomic}

Logging:
Log output configuration:
 #0: stdout all=warning uptime,level,tags
 #1: stderr all=off uptime,level,tags

Environment Variables:
JAVA_HOME=C:\Program Files\Java\jdk-14.0.2
PATH=C:\Program Files\Common Files\Oracle\Java\javapath;C:\Program Files (x86)\Common Files\Oracle\Java\javapath;C:\Windows\system32;C:\Windows;C:\Windows\System32\Wbem;C:\Windows\System32\WindowsPowerShell\v1.0\;C:\Windows\System32\OpenSSH\;C:\Program Files (x86)\NVIDIA Corporation\PhysX\Common;C:\WINDOWS\system32;C:\WINDOWS;C:\WINDOWS\System32\Wbem;C:\WINDOWS\System32\WindowsPowerShell\v1.0\;C:\WINDOWS\System32\OpenSSH\;C:\Program Files\Git\cmd;C:\Program Files\TortoiseGit\bin;C:\Users\aarevalo\AppData\Local\Microsoft\WindowsApps;C:\Program Files\mingw-w64\x86_64-7.2.0-posix-seh-rt_v5-rev1\mingw64\bin;C:\apache-maven-3.3.9\bin;C:\Program Files\Java\jdk-14.0.2\bin;C:\php;
USERNAME=aarevalo
OS=Windows_NT
PROCESSOR_IDENTIFIER=Intel64 Family 6 Model 158 Stepping 10, GenuineIntel



---------------  S Y S T E M  ---------------

OS: Windows 10 , 64 bit Build 18362 (10.0.18362.1500)
OS uptime: 0 days 1:16 hours

CPU:total 12 (initial active 12) (6 cores per cpu, 2 threads per core) family 6 model 158 stepping 10, cmov, cx8, fxsr, mmx, sse, sse2, sse3, ssse3, sse4.1, sse4.2, popcnt, avx, avx2, aes, clmul, erms, 3dnowpref, lzcnt, ht, tsc, tscinvbit, bmi1, bmi2, adx, fma

Memory: 4k page, system-wide physical 32525M (24720M free)
TotalPageFile size 37389M (AvailPageFile size 26286M)
current process WorkingSet (physical memory assigned to process): 134M, peak: 142M
current process commit charge ("private bytes"): 712M, peak: 721M

vm_info: Java HotSpot(TM) 64-Bit Server VM (14.0.2+12-46) for windows-amd64 JRE (14.0.2+12-46), built on Jul  9 2020 00:35:52 by "mach5one" with MS VC++ 15.9 (VS2017)

END.
