#
# A fatal error has been detected by the Java Runtime Environment:
#
#  EXCEPTION_ACCESS_VIOLATION (0xc0000005) at pc=0x00000000631bfa4d, pid=6236, tid=12496
#
# JRE version: Java(TM) SE Runtime Environment (14.0.2+12) (build 14.0.2+12-46)
# Java VM: Java HotSpot(TM) 64-Bit Server VM (14.0.2+12-46, mixed mode, sharing, tiered, compressed oops, g1 gc, windows-amd64)
# Problematic frame:
# C  [nvoglv64.dll+0xe0fa4d]
#
# No core dump will be written. Minidumps are not enabled by default on client versions of Windows
#
# If you would like to submit a bug report, please visit:
#   https://bugreport.java.com/bugreport/crash.jsp
# The crash happened outside the Java Virtual Machine in native code.
# See problematic frame for where to report the bug.
#

---------------  S U M M A R Y ------------

Command Line: -javaagent:C:\Program Files\JetBrains\IntelliJ IDEA Community Edition 2019.3\lib\idea_rt.jar=51884:C:\Program Files\JetBrains\IntelliJ IDEA Community Edition 2019.3\bin -Dfile.encoding=UTF-8 org.artifex.Main

Host: Intel(R) Core(TM) i7-9750H CPU @ 2.60GHz, 12 cores, 31G,  Windows 10 , 64 bit Build 18362 (10.0.18362.1500)
Time: Tue Jun 15 15:24:54 2021 Central Daylight Time elapsed time: 1 seconds (0d 0h 0m 1s)

---------------  T H R E A D  ---------------

Current thread (0x000001c63151d800):  JavaThread "main" [_thread_in_native, id=12496, stack(0x000000c607c00000,0x000000c607d00000)]

Stack: [0x000000c607c00000,0x000000c607d00000],  sp=0x000000c607cfef10,  free space=1019k
Native frames: (J=compiled Java code, j=interpreted, Vv=VM code, C=native code)
C  [nvoglv64.dll+0xe0fa4d]

Java frames: (J=compiled Java code, j=interpreted, Vv=VM code)
j  org.lwjgl.system.JNI.callPPPV(JIJIJJ)V+0
j  org.lwjgl.vulkan.VK10.nvkUpdateDescriptorSets(Lorg/lwjgl/vulkan/VkDevice;IJIJ)V+21
j  org.lwjgl.vulkan.VK10.vkUpdateDescriptorSets(Lorg/lwjgl/vulkan/VkDevice;Lorg/lwjgl/vulkan/VkWriteDescriptorSet$Buffer;Lorg/lwjgl/vulkan/VkCopyDescriptorSet$Buffer;)V+17
j  org.artifex.vulkan.descriptors.DescriptorCopyWrite.updateDescriptorSets(Lorg/artifex/vulkan/Device;)V+12
j  org.artifex.vulkan.compute.ComputeProgram.run()V+55
j  org.artifex.Main.<init>()V+268
j  org.artifex.Main.main([Ljava/lang/String;)V+24
v  ~StubRoutines::call_stub

siginfo: EXCEPTION_ACCESS_VIOLATION (0xc0000005), reading address 0x0000000000000068


Register to memory mapping:

RIP=0x00000000631bfa4d nvoglv64.dll
RAX=0x000001c660c1d670 points into unknown readable memory: 07 00 00 00 01 00 00 00
RBX=0x0 is NULL
RCX=0x0 is NULL
RDX=0x000001c66a400660 points into unknown readable memory: e8 74 23 64 00 00 00 00
RSP=0x000000c607cfef10 is pointing into the stack for thread: 0x000001c63151d800
RBP=0x00000000ffffffff is an unknown value
RSI=0x0 is NULL
RDI=0x0000000000000002 is an unknown value
R8 =0x0 is NULL
R9 =0x0 is NULL
R10=0x000001c66a5b4010 points into unknown readable memory: f0 74 23 64 00 00 00 00
R11=0x0000000000000001 is an unknown value
R12=0x0 is NULL
R13=0x0 is NULL
R14=0x000001c66006b090 points into unknown readable memory: 00 00 00 00 00 00 00 00
R15=0x0 is NULL


Registers:
RAX=0x000001c660c1d670, RBX=0x0000000000000000, RCX=0x0000000000000000, RDX=0x000001c66a400660
RSP=0x000000c607cfef10, RBP=0x00000000ffffffff, RSI=0x0000000000000000, RDI=0x0000000000000002
R8 =0x0000000000000000, R9 =0x0000000000000000, R10=0x000001c66a5b4010, R11=0x0000000000000001
R12=0x0000000000000000, R13=0x0000000000000000, R14=0x000001c66006b090, R15=0x0000000000000000
RIP=0x00000000631bfa4d, EFLAGS=0x0000000000010246

Top of Stack: (sp=0x000000c607cfef10)
0x000000c607cfef10:   00000000000000b6 000001c63151d800
0x000000c607cfef20:   000000c607cff250 000001c639cdd732
0x000000c607cfef30:   000001c639cc8a90 000001c600000000
0x000000c607cfef40:   000000c600000000 000001c66a400660
0x000000c607cfef50:   000001c63151d800 000000c607cff0e0
0x000000c607cfef60:   000001c65f305ea0 0000000000000000
0x000000c607cfef70:   000001c639cc9bc0 0000000000000a88
0x000000c607cfef80:   000000c607cff078 00000000631ebf82
0x000000c607cfef90:   000001c600000002 000001c66a480250
0x000000c607cfefa0:   0000000000000000 000001c65f1ff698
0x000000c607cfefb0:   000001c65f305ea0 000001c639ccf417
0x000000c607cfefc0:   000000c607cff020 000001c639cc9f00
0x000000c607cfefd0:   0000000000000040 000000c607cfefd8
0x000000c607cfefe0:   0000000000000000 000000c600000000
0x000000c607cfeff0:   0000000000000000 00000000631bdb80
0x000000c607cff000:   0000000622b29078 000001c65f41fd60 

Instructions: (pc=0x00000000631bfa4d)
0x00000000631bf94d:   89 14 01 48 8b 82 b8 00 00 00 44 89 14 01 48 8d
0x00000000631bf95d:   0c b5 00 00 00 00 48 8b 82 a0 00 00 00 8d 76 02
0x00000000631bf96d:   49 c1 ea 20 44 89 14 01 48 8b 82 b8 00 00 00 44
0x00000000631bf97d:   89 14 01 41 3b db 0f 82 67 ff ff ff 8b 6c 24 30
0x00000000631bf98d:   e9 27 03 00 00 49 8b 80 80 00 00 00 bd 00 01 00
0x00000000631bf99d:   00 4c 8b 82 a0 00 00 00 49 6b c9 38 8b 4c 01 20
0x00000000631bf9ad:   0f b7 82 b0 00 00 00 41 03 ca 48 03 c1 45 33 d2
0x00000000631bf9bd:   49 8d 1c c0 0f b7 82 b2 00 00 00 48 8d 0c 41 49
0x00000000631bf9cd:   8d 3c 88 4b 8d 04 52 49 8b 0c c6 45 8b 44 c6 08
0x00000000631bf9dd:   41 8b c0 48 03 41 68 4a 89 04 d3 8b 41 70 b9 00
0x00000000631bf9ed:   00 01 00 41 2b c0 05 ff 00 00 00 25 00 ff ff ff
0x00000000631bf9fd:   3b c1 0f 42 c8 85 c9 0f 44 cd 42 89 0c 97 41 ff
0x00000000631bfa0d:   c2 45 3b d3 72 bd 8b 6c 24 30 e9 9d 02 00 00 49
0x00000000631bfa1d:   8b 80 80 00 00 00 bd ff ff ff ff 49 6b c9 38 33
0x00000000631bfa2d:   db 8b 4c 01 20 42 8d 34 91 8d 7e 02 0f 1f 80 00
0x00000000631bfa3d:   00 00 00 48 8d 0c 5b 4d 8b 04 ce 4d 8b 54 ce 08
0x00000000631bfa4d:   4d 8b 48 68 4d 03 ca 49 83 7c ce 10 ff 75 13 49
0x00000000631bfa5d:   8b 40 70 44 8b c5 49 2b c2 48 3b c5 44 0f 42 c0
0x00000000631bfa6d:   eb 05 45 8b 44 ce 10 48 8b 82 a0 00 00 00 48 8d
0x00000000631bfa7d:   0c b5 00 00 00 00 83 c6 04 ff c3 44 89 0c 01 48
0x00000000631bfa8d:   8b 82 b8 00 00 00 44 89 0c 01 8d 4f ff 48 8b 82
0x00000000631bfa9d:   a0 00 00 00 49 c1 e9 20 44 89 0c 88 48 8b 82 b8
0x00000000631bfaad:   00 00 00 44 89 0c 88 48 8d 0c bd 00 00 00 00 48
0x00000000631bfabd:   8b 82 a0 00 00 00 83 c7 04 44 89 04 01 48 8b 82
0x00000000631bfacd:   b8 00 00 00 44 89 04 01 41 3b db 0f 82 62 ff ff
0x00000000631bfadd:   ff 8b 6c 24 30 e9 d2 01 00 00 49 8b 80 80 00 00
0x00000000631bfaed:   00 4c 8b 82 a0 00 00 00 49 6b c9 38 8b 4c 01 20
0x00000000631bfafd:   0f b7 82 b0 00 00 00 41 03 ca 48 03 c1 45 33 d2
0x00000000631bfb0d:   49 8d 3c c0 0f b7 82 b2 00 00 00 ba ff ff ff ff
0x00000000631bfb1d:   48 8d 0c 41 49 8d 1c 88 66 66 66 0f 1f 84 00 00
0x00000000631bfb2d:   00 00 00 4b 8d 04 52 49 8b 0c c6 4d 8d 0c c6 48
0x00000000631bfb3d:   8b 41 68 49 03 41 08 4a 89 04 d7 49 83 79 10 ff 


Stack slot to memory mapping:
stack at sp + 0 slots: 0x00000000000000b6 is an unknown value
stack at sp + 1 slots: 0x000001c63151d800 is a thread
stack at sp + 2 slots: 0x000000c607cff250 is pointing into the stack for thread: 0x000001c63151d800
stack at sp + 3 slots: 0x000001c639cdd732 is at code_begin+114 in an Interpreter codelet
invokevirtual  182 invokevirtual  [0x000001c639cdd6c0, 0x000001c639cddc00]  1344 bytes
stack at sp + 4 slots: 0x000001c639cc8a90 is at code_begin+-112 in 
[CodeBlob (0x000001c639cc8a90)]
Framesize: 0
BufferBlob (0x000001c639cc8a90) used for Interpreter
stack at sp + 5 slots: 0x000001c600000000 is an unknown value
stack at sp + 6 slots: 0x000000c600000000 is an unknown value
stack at sp + 7 slots: 0x000001c66a400660 points into unknown readable memory: e8 74 23 64 00 00 00 00


---------------  P R O C E S S  ---------------

Threads class SMR info:
_java_thread_list=0x000001c65fad5d00, length=12, elements={
0x000001c63151d800, 0x000001c65f6da800, 0x000001c65f6de000, 0x000001c65f6f1800,
0x000001c65f6f4800, 0x000001c65f6f6800, 0x000001c65f6f7800, 0x000001c65f6fe000,
0x000001c65f713000, 0x000001c65f820000, 0x000001c65f900000, 0x000001c65f901000
}

Java Threads: ( => current thread )
=>0x000001c63151d800 JavaThread "main" [_thread_in_native, id=12496, stack(0x000000c607c00000,0x000000c607d00000)]
  0x000001c65f6da800 JavaThread "Reference Handler" daemon [_thread_blocked, id=4788, stack(0x000000c608300000,0x000000c608400000)]
  0x000001c65f6de000 JavaThread "Finalizer" daemon [_thread_blocked, id=17704, stack(0x000000c608400000,0x000000c608500000)]
  0x000001c65f6f1800 JavaThread "Signal Dispatcher" daemon [_thread_blocked, id=10972, stack(0x000000c608500000,0x000000c608600000)]
  0x000001c65f6f4800 JavaThread "Attach Listener" daemon [_thread_blocked, id=2184, stack(0x000000c608600000,0x000000c608700000)]
  0x000001c65f6f6800 JavaThread "Service Thread" daemon [_thread_blocked, id=13196, stack(0x000000c608700000,0x000000c608800000)]
  0x000001c65f6f7800 JavaThread "C2 CompilerThread0" daemon [_thread_blocked, id=5140, stack(0x000000c608800000,0x000000c608900000)]
  0x000001c65f6fe000 JavaThread "C1 CompilerThread0" daemon [_thread_blocked, id=14896, stack(0x000000c608900000,0x000000c608a00000)]
  0x000001c65f713000 JavaThread "Sweeper thread" daemon [_thread_blocked, id=9340, stack(0x000000c608a00000,0x000000c608b00000)]
  0x000001c65f820000 JavaThread "Common-Cleaner" daemon [_thread_blocked, id=14904, stack(0x000000c608b00000,0x000000c608c00000)]
  0x000001c65f900000 JavaThread "Monitor Ctrl-Break" daemon [_thread_in_native, id=1572, stack(0x000000c608d00000,0x000000c608e00000)]
  0x000001c65f901000 JavaThread "Notification Thread" daemon [_thread_blocked, id=5288, stack(0x000000c608e00000,0x000000c608f00000)]

Other Threads:
  0x000001c65f6d5000 VMThread "VM Thread" [stack: 0x000000c608200000,0x000000c608300000] [id=18288]
  0x000001c65fadf000 WatcherThread [stack: 0x000000c608f00000,0x000000c609000000] [id=18148]
  0x000001c6315a4800 GCTaskThread "GC Thread#0" [stack: 0x000000c607d00000,0x000000c607e00000] [id=1900]
  0x000001c6315c6000 ConcurrentGCThread "G1 Main Marker" [stack: 0x000000c607e00000,0x000000c607f00000] [id=12772]
  0x000001c6315c7800 ConcurrentGCThread "G1 Conc#0" [stack: 0x000000c607f00000,0x000000c608000000] [id=7616]
  0x000001c65ec30800 ConcurrentGCThread "G1 Refine#0" [stack: 0x000000c608000000,0x000000c608100000] [id=16072]
  0x000001c65ec31800 ConcurrentGCThread "G1 Young RemSet Sampling" [stack: 0x000000c608100000,0x000000c608200000] [id=18116]

Threads with active compile tasks:

VM state:not at safepoint (normal execution)

VM Mutex/Monitor currently owned by a thread: None

Heap address: 0x0000000603c00000, size: 8132 MB, Compressed Oops mode: Zero based, Oop shift amount: 3
Narrow klass base: 0x0000000800000000, Narrow klass shift: 3
Compressed class space size: 1073741824 Address: 0x0000000800b30000

Heap:
 garbage-first heap   total 522240K, used 14336K [0x0000000603c00000, 0x0000000800000000)
  region size 2048K, 9 young (18432K), 0 survivors (0K)
 Metaspace       used 6409K, capacity 7776K, committed 7936K, reserved 1056768K
  class space    used 593K, capacity 728K, committed 768K, reserved 1048576K
Heap Regions: E=young(eden), S=young(survivor), O=old, HS=humongous(starts), HC=humongous(continues), CS=collection set, F=free, OA=open archive, CA=closed archive, TAMS=top-at-mark-start (previous, next)
|   0|0x0000000603c00000, 0x0000000603c00000, 0x0000000603e00000|  0%| F|  |TAMS 0x0000000603c00000, 0x0000000603c00000| Untracked 
|   1|0x0000000603e00000, 0x0000000603e00000, 0x0000000604000000|  0%| F|  |TAMS 0x0000000603e00000, 0x0000000603e00000| Untracked 
|   2|0x0000000604000000, 0x0000000604000000, 0x0000000604200000|  0%| F|  |TAMS 0x0000000604000000, 0x0000000604000000| Untracked 
|   3|0x0000000604200000, 0x0000000604200000, 0x0000000604400000|  0%| F|  |TAMS 0x0000000604200000, 0x0000000604200000| Untracked 
|   4|0x0000000604400000, 0x0000000604400000, 0x0000000604600000|  0%| F|  |TAMS 0x0000000604400000, 0x0000000604400000| Untracked 
|   5|0x0000000604600000, 0x0000000604600000, 0x0000000604800000|  0%| F|  |TAMS 0x0000000604600000, 0x0000000604600000| Untracked 
|   6|0x0000000604800000, 0x0000000604800000, 0x0000000604a00000|  0%| F|  |TAMS 0x0000000604800000, 0x0000000604800000| Untracked 
|   7|0x0000000604a00000, 0x0000000604a00000, 0x0000000604c00000|  0%| F|  |TAMS 0x0000000604a00000, 0x0000000604a00000| Untracked 
|   8|0x0000000604c00000, 0x0000000604c00000, 0x0000000604e00000|  0%| F|  |TAMS 0x0000000604c00000, 0x0000000604c00000| Untracked 
|   9|0x0000000604e00000, 0x0000000604e00000, 0x0000000605000000|  0%| F|  |TAMS 0x0000000604e00000, 0x0000000604e00000| Untracked 
|  10|0x0000000605000000, 0x0000000605000000, 0x0000000605200000|  0%| F|  |TAMS 0x0000000605000000, 0x0000000605000000| Untracked 
|  11|0x0000000605200000, 0x0000000605200000, 0x0000000605400000|  0%| F|  |TAMS 0x0000000605200000, 0x0000000605200000| Untracked 
|  12|0x0000000605400000, 0x0000000605400000, 0x0000000605600000|  0%| F|  |TAMS 0x0000000605400000, 0x0000000605400000| Untracked 
|  13|0x0000000605600000, 0x0000000605600000, 0x0000000605800000|  0%| F|  |TAMS 0x0000000605600000, 0x0000000605600000| Untracked 
|  14|0x0000000605800000, 0x0000000605800000, 0x0000000605a00000|  0%| F|  |TAMS 0x0000000605800000, 0x0000000605800000| Untracked 
|  15|0x0000000605a00000, 0x0000000605a00000, 0x0000000605c00000|  0%| F|  |TAMS 0x0000000605a00000, 0x0000000605a00000| Untracked 
|  16|0x0000000605c00000, 0x0000000605c00000, 0x0000000605e00000|  0%| F|  |TAMS 0x0000000605c00000, 0x0000000605c00000| Untracked 
|  17|0x0000000605e00000, 0x0000000605e00000, 0x0000000606000000|  0%| F|  |TAMS 0x0000000605e00000, 0x0000000605e00000| Untracked 
|  18|0x0000000606000000, 0x0000000606000000, 0x0000000606200000|  0%| F|  |TAMS 0x0000000606000000, 0x0000000606000000| Untracked 
|  19|0x0000000606200000, 0x0000000606200000, 0x0000000606400000|  0%| F|  |TAMS 0x0000000606200000, 0x0000000606200000| Untracked 
|  20|0x0000000606400000, 0x0000000606400000, 0x0000000606600000|  0%| F|  |TAMS 0x0000000606400000, 0x0000000606400000| Untracked 
|  21|0x0000000606600000, 0x0000000606600000, 0x0000000606800000|  0%| F|  |TAMS 0x0000000606600000, 0x0000000606600000| Untracked 
|  22|0x0000000606800000, 0x0000000606800000, 0x0000000606a00000|  0%| F|  |TAMS 0x0000000606800000, 0x0000000606800000| Untracked 
|  23|0x0000000606a00000, 0x0000000606a00000, 0x0000000606c00000|  0%| F|  |TAMS 0x0000000606a00000, 0x0000000606a00000| Untracked 
|  24|0x0000000606c00000, 0x0000000606c00000, 0x0000000606e00000|  0%| F|  |TAMS 0x0000000606c00000, 0x0000000606c00000| Untracked 
|  25|0x0000000606e00000, 0x0000000606e00000, 0x0000000607000000|  0%| F|  |TAMS 0x0000000606e00000, 0x0000000606e00000| Untracked 
|  26|0x0000000607000000, 0x0000000607000000, 0x0000000607200000|  0%| F|  |TAMS 0x0000000607000000, 0x0000000607000000| Untracked 
|  27|0x0000000607200000, 0x0000000607200000, 0x0000000607400000|  0%| F|  |TAMS 0x0000000607200000, 0x0000000607200000| Untracked 
|  28|0x0000000607400000, 0x0000000607400000, 0x0000000607600000|  0%| F|  |TAMS 0x0000000607400000, 0x0000000607400000| Untracked 
|  29|0x0000000607600000, 0x0000000607600000, 0x0000000607800000|  0%| F|  |TAMS 0x0000000607600000, 0x0000000607600000| Untracked 
|  30|0x0000000607800000, 0x0000000607800000, 0x0000000607a00000|  0%| F|  |TAMS 0x0000000607800000, 0x0000000607800000| Untracked 
|  31|0x0000000607a00000, 0x0000000607a00000, 0x0000000607c00000|  0%| F|  |TAMS 0x0000000607a00000, 0x0000000607a00000| Untracked 
|  32|0x0000000607c00000, 0x0000000607c00000, 0x0000000607e00000|  0%| F|  |TAMS 0x0000000607c00000, 0x0000000607c00000| Untracked 
|  33|0x0000000607e00000, 0x0000000607e00000, 0x0000000608000000|  0%| F|  |TAMS 0x0000000607e00000, 0x0000000607e00000| Untracked 
|  34|0x0000000608000000, 0x0000000608000000, 0x0000000608200000|  0%| F|  |TAMS 0x0000000608000000, 0x0000000608000000| Untracked 
|  35|0x0000000608200000, 0x0000000608200000, 0x0000000608400000|  0%| F|  |TAMS 0x0000000608200000, 0x0000000608200000| Untracked 
|  36|0x0000000608400000, 0x0000000608400000, 0x0000000608600000|  0%| F|  |TAMS 0x0000000608400000, 0x0000000608400000| Untracked 
|  37|0x0000000608600000, 0x0000000608600000, 0x0000000608800000|  0%| F|  |TAMS 0x0000000608600000, 0x0000000608600000| Untracked 
|  38|0x0000000608800000, 0x0000000608800000, 0x0000000608a00000|  0%| F|  |TAMS 0x0000000608800000, 0x0000000608800000| Untracked 
|  39|0x0000000608a00000, 0x0000000608a00000, 0x0000000608c00000|  0%| F|  |TAMS 0x0000000608a00000, 0x0000000608a00000| Untracked 
|  40|0x0000000608c00000, 0x0000000608c00000, 0x0000000608e00000|  0%| F|  |TAMS 0x0000000608c00000, 0x0000000608c00000| Untracked 
|  41|0x0000000608e00000, 0x0000000608e00000, 0x0000000609000000|  0%| F|  |TAMS 0x0000000608e00000, 0x0000000608e00000| Untracked 
|  42|0x0000000609000000, 0x0000000609000000, 0x0000000609200000|  0%| F|  |TAMS 0x0000000609000000, 0x0000000609000000| Untracked 
|  43|0x0000000609200000, 0x0000000609200000, 0x0000000609400000|  0%| F|  |TAMS 0x0000000609200000, 0x0000000609200000| Untracked 
|  44|0x0000000609400000, 0x0000000609400000, 0x0000000609600000|  0%| F|  |TAMS 0x0000000609400000, 0x0000000609400000| Untracked 
|  45|0x0000000609600000, 0x0000000609600000, 0x0000000609800000|  0%| F|  |TAMS 0x0000000609600000, 0x0000000609600000| Untracked 
|  46|0x0000000609800000, 0x0000000609800000, 0x0000000609a00000|  0%| F|  |TAMS 0x0000000609800000, 0x0000000609800000| Untracked 
|  47|0x0000000609a00000, 0x0000000609a00000, 0x0000000609c00000|  0%| F|  |TAMS 0x0000000609a00000, 0x0000000609a00000| Untracked 
|  48|0x0000000609c00000, 0x0000000609c00000, 0x0000000609e00000|  0%| F|  |TAMS 0x0000000609c00000, 0x0000000609c00000| Untracked 
|  49|0x0000000609e00000, 0x0000000609e00000, 0x000000060a000000|  0%| F|  |TAMS 0x0000000609e00000, 0x0000000609e00000| Untracked 
|  50|0x000000060a000000, 0x000000060a000000, 0x000000060a200000|  0%| F|  |TAMS 0x000000060a000000, 0x000000060a000000| Untracked 
|  51|0x000000060a200000, 0x000000060a200000, 0x000000060a400000|  0%| F|  |TAMS 0x000000060a200000, 0x000000060a200000| Untracked 
|  52|0x000000060a400000, 0x000000060a400000, 0x000000060a600000|  0%| F|  |TAMS 0x000000060a400000, 0x000000060a400000| Untracked 
|  53|0x000000060a600000, 0x000000060a600000, 0x000000060a800000|  0%| F|  |TAMS 0x000000060a600000, 0x000000060a600000| Untracked 
|  54|0x000000060a800000, 0x000000060a800000, 0x000000060aa00000|  0%| F|  |TAMS 0x000000060a800000, 0x000000060a800000| Untracked 
|  55|0x000000060aa00000, 0x000000060aa00000, 0x000000060ac00000|  0%| F|  |TAMS 0x000000060aa00000, 0x000000060aa00000| Untracked 
|  56|0x000000060ac00000, 0x000000060ac00000, 0x000000060ae00000|  0%| F|  |TAMS 0x000000060ac00000, 0x000000060ac00000| Untracked 
|  57|0x000000060ae00000, 0x000000060ae00000, 0x000000060b000000|  0%| F|  |TAMS 0x000000060ae00000, 0x000000060ae00000| Untracked 
|  58|0x000000060b000000, 0x000000060b000000, 0x000000060b200000|  0%| F|  |TAMS 0x000000060b000000, 0x000000060b000000| Untracked 
|  59|0x000000060b200000, 0x000000060b200000, 0x000000060b400000|  0%| F|  |TAMS 0x000000060b200000, 0x000000060b200000| Untracked 
|  60|0x000000060b400000, 0x000000060b400000, 0x000000060b600000|  0%| F|  |TAMS 0x000000060b400000, 0x000000060b400000| Untracked 
|  61|0x000000060b600000, 0x000000060b600000, 0x000000060b800000|  0%| F|  |TAMS 0x000000060b600000, 0x000000060b600000| Untracked 
|  62|0x000000060b800000, 0x000000060b800000, 0x000000060ba00000|  0%| F|  |TAMS 0x000000060b800000, 0x000000060b800000| Untracked 
|  63|0x000000060ba00000, 0x000000060ba00000, 0x000000060bc00000|  0%| F|  |TAMS 0x000000060ba00000, 0x000000060ba00000| Untracked 
|  64|0x000000060bc00000, 0x000000060bc00000, 0x000000060be00000|  0%| F|  |TAMS 0x000000060bc00000, 0x000000060bc00000| Untracked 
|  65|0x000000060be00000, 0x000000060be00000, 0x000000060c000000|  0%| F|  |TAMS 0x000000060be00000, 0x000000060be00000| Untracked 
|  66|0x000000060c000000, 0x000000060c000000, 0x000000060c200000|  0%| F|  |TAMS 0x000000060c000000, 0x000000060c000000| Untracked 
|  67|0x000000060c200000, 0x000000060c200000, 0x000000060c400000|  0%| F|  |TAMS 0x000000060c200000, 0x000000060c200000| Untracked 
|  68|0x000000060c400000, 0x000000060c400000, 0x000000060c600000|  0%| F|  |TAMS 0x000000060c400000, 0x000000060c400000| Untracked 
|  69|0x000000060c600000, 0x000000060c600000, 0x000000060c800000|  0%| F|  |TAMS 0x000000060c600000, 0x000000060c600000| Untracked 
|  70|0x000000060c800000, 0x000000060c800000, 0x000000060ca00000|  0%| F|  |TAMS 0x000000060c800000, 0x000000060c800000| Untracked 
|  71|0x000000060ca00000, 0x000000060ca00000, 0x000000060cc00000|  0%| F|  |TAMS 0x000000060ca00000, 0x000000060ca00000| Untracked 
|  72|0x000000060cc00000, 0x000000060cc00000, 0x000000060ce00000|  0%| F|  |TAMS 0x000000060cc00000, 0x000000060cc00000| Untracked 
|  73|0x000000060ce00000, 0x000000060ce00000, 0x000000060d000000|  0%| F|  |TAMS 0x000000060ce00000, 0x000000060ce00000| Untracked 
|  74|0x000000060d000000, 0x000000060d000000, 0x000000060d200000|  0%| F|  |TAMS 0x000000060d000000, 0x000000060d000000| Untracked 
|  75|0x000000060d200000, 0x000000060d200000, 0x000000060d400000|  0%| F|  |TAMS 0x000000060d200000, 0x000000060d200000| Untracked 
|  76|0x000000060d400000, 0x000000060d400000, 0x000000060d600000|  0%| F|  |TAMS 0x000000060d400000, 0x000000060d400000| Untracked 
|  77|0x000000060d600000, 0x000000060d600000, 0x000000060d800000|  0%| F|  |TAMS 0x000000060d600000, 0x000000060d600000| Untracked 
|  78|0x000000060d800000, 0x000000060d800000, 0x000000060da00000|  0%| F|  |TAMS 0x000000060d800000, 0x000000060d800000| Untracked 
|  79|0x000000060da00000, 0x000000060da00000, 0x000000060dc00000|  0%| F|  |TAMS 0x000000060da00000, 0x000000060da00000| Untracked 
|  80|0x000000060dc00000, 0x000000060dc00000, 0x000000060de00000|  0%| F|  |TAMS 0x000000060dc00000, 0x000000060dc00000| Untracked 
|  81|0x000000060de00000, 0x000000060de00000, 0x000000060e000000|  0%| F|  |TAMS 0x000000060de00000, 0x000000060de00000| Untracked 
|  82|0x000000060e000000, 0x000000060e000000, 0x000000060e200000|  0%| F|  |TAMS 0x000000060e000000, 0x000000060e000000| Untracked 
|  83|0x000000060e200000, 0x000000060e200000, 0x000000060e400000|  0%| F|  |TAMS 0x000000060e200000, 0x000000060e200000| Untracked 
|  84|0x000000060e400000, 0x000000060e400000, 0x000000060e600000|  0%| F|  |TAMS 0x000000060e400000, 0x000000060e400000| Untracked 
|  85|0x000000060e600000, 0x000000060e600000, 0x000000060e800000|  0%| F|  |TAMS 0x000000060e600000, 0x000000060e600000| Untracked 
|  86|0x000000060e800000, 0x000000060e800000, 0x000000060ea00000|  0%| F|  |TAMS 0x000000060e800000, 0x000000060e800000| Untracked 
|  87|0x000000060ea00000, 0x000000060ea00000, 0x000000060ec00000|  0%| F|  |TAMS 0x000000060ea00000, 0x000000060ea00000| Untracked 
|  88|0x000000060ec00000, 0x000000060ec00000, 0x000000060ee00000|  0%| F|  |TAMS 0x000000060ec00000, 0x000000060ec00000| Untracked 
|  89|0x000000060ee00000, 0x000000060ee00000, 0x000000060f000000|  0%| F|  |TAMS 0x000000060ee00000, 0x000000060ee00000| Untracked 
|  90|0x000000060f000000, 0x000000060f000000, 0x000000060f200000|  0%| F|  |TAMS 0x000000060f000000, 0x000000060f000000| Untracked 
|  91|0x000000060f200000, 0x000000060f200000, 0x000000060f400000|  0%| F|  |TAMS 0x000000060f200000, 0x000000060f200000| Untracked 
|  92|0x000000060f400000, 0x000000060f400000, 0x000000060f600000|  0%| F|  |TAMS 0x000000060f400000, 0x000000060f400000| Untracked 
|  93|0x000000060f600000, 0x000000060f600000, 0x000000060f800000|  0%| F|  |TAMS 0x000000060f600000, 0x000000060f600000| Untracked 
|  94|0x000000060f800000, 0x000000060f800000, 0x000000060fa00000|  0%| F|  |TAMS 0x000000060f800000, 0x000000060f800000| Untracked 
|  95|0x000000060fa00000, 0x000000060fa00000, 0x000000060fc00000|  0%| F|  |TAMS 0x000000060fa00000, 0x000000060fa00000| Untracked 
|  96|0x000000060fc00000, 0x000000060fc00000, 0x000000060fe00000|  0%| F|  |TAMS 0x000000060fc00000, 0x000000060fc00000| Untracked 
|  97|0x000000060fe00000, 0x000000060fe00000, 0x0000000610000000|  0%| F|  |TAMS 0x000000060fe00000, 0x000000060fe00000| Untracked 
|  98|0x0000000610000000, 0x0000000610000000, 0x0000000610200000|  0%| F|  |TAMS 0x0000000610000000, 0x0000000610000000| Untracked 
|  99|0x0000000610200000, 0x0000000610200000, 0x0000000610400000|  0%| F|  |TAMS 0x0000000610200000, 0x0000000610200000| Untracked 
| 100|0x0000000610400000, 0x0000000610400000, 0x0000000610600000|  0%| F|  |TAMS 0x0000000610400000, 0x0000000610400000| Untracked 
| 101|0x0000000610600000, 0x0000000610600000, 0x0000000610800000|  0%| F|  |TAMS 0x0000000610600000, 0x0000000610600000| Untracked 
| 102|0x0000000610800000, 0x0000000610800000, 0x0000000610a00000|  0%| F|  |TAMS 0x0000000610800000, 0x0000000610800000| Untracked 
| 103|0x0000000610a00000, 0x0000000610a00000, 0x0000000610c00000|  0%| F|  |TAMS 0x0000000610a00000, 0x0000000610a00000| Untracked 
| 104|0x0000000610c00000, 0x0000000610c00000, 0x0000000610e00000|  0%| F|  |TAMS 0x0000000610c00000, 0x0000000610c00000| Untracked 
| 105|0x0000000610e00000, 0x0000000610e00000, 0x0000000611000000|  0%| F|  |TAMS 0x0000000610e00000, 0x0000000610e00000| Untracked 
| 106|0x0000000611000000, 0x0000000611000000, 0x0000000611200000|  0%| F|  |TAMS 0x0000000611000000, 0x0000000611000000| Untracked 
| 107|0x0000000611200000, 0x0000000611200000, 0x0000000611400000|  0%| F|  |TAMS 0x0000000611200000, 0x0000000611200000| Untracked 
| 108|0x0000000611400000, 0x0000000611400000, 0x0000000611600000|  0%| F|  |TAMS 0x0000000611400000, 0x0000000611400000| Untracked 
| 109|0x0000000611600000, 0x0000000611600000, 0x0000000611800000|  0%| F|  |TAMS 0x0000000611600000, 0x0000000611600000| Untracked 
| 110|0x0000000611800000, 0x0000000611800000, 0x0000000611a00000|  0%| F|  |TAMS 0x0000000611800000, 0x0000000611800000| Untracked 
| 111|0x0000000611a00000, 0x0000000611a00000, 0x0000000611c00000|  0%| F|  |TAMS 0x0000000611a00000, 0x0000000611a00000| Untracked 
| 112|0x0000000611c00000, 0x0000000611c00000, 0x0000000611e00000|  0%| F|  |TAMS 0x0000000611c00000, 0x0000000611c00000| Untracked 
| 113|0x0000000611e00000, 0x0000000611e00000, 0x0000000612000000|  0%| F|  |TAMS 0x0000000611e00000, 0x0000000611e00000| Untracked 
| 114|0x0000000612000000, 0x0000000612000000, 0x0000000612200000|  0%| F|  |TAMS 0x0000000612000000, 0x0000000612000000| Untracked 
| 115|0x0000000612200000, 0x0000000612200000, 0x0000000612400000|  0%| F|  |TAMS 0x0000000612200000, 0x0000000612200000| Untracked 
| 116|0x0000000612400000, 0x0000000612400000, 0x0000000612600000|  0%| F|  |TAMS 0x0000000612400000, 0x0000000612400000| Untracked 
| 117|0x0000000612600000, 0x0000000612600000, 0x0000000612800000|  0%| F|  |TAMS 0x0000000612600000, 0x0000000612600000| Untracked 
| 118|0x0000000612800000, 0x0000000612800000, 0x0000000612a00000|  0%| F|  |TAMS 0x0000000612800000, 0x0000000612800000| Untracked 
| 119|0x0000000612a00000, 0x0000000612a00000, 0x0000000612c00000|  0%| F|  |TAMS 0x0000000612a00000, 0x0000000612a00000| Untracked 
| 120|0x0000000612c00000, 0x0000000612c00000, 0x0000000612e00000|  0%| F|  |TAMS 0x0000000612c00000, 0x0000000612c00000| Untracked 
| 121|0x0000000612e00000, 0x0000000612e00000, 0x0000000613000000|  0%| F|  |TAMS 0x0000000612e00000, 0x0000000612e00000| Untracked 
| 122|0x0000000613000000, 0x0000000613000000, 0x0000000613200000|  0%| F|  |TAMS 0x0000000613000000, 0x0000000613000000| Untracked 
| 123|0x0000000613200000, 0x0000000613200000, 0x0000000613400000|  0%| F|  |TAMS 0x0000000613200000, 0x0000000613200000| Untracked 
| 124|0x0000000613400000, 0x0000000613400000, 0x0000000613600000|  0%| F|  |TAMS 0x0000000613400000, 0x0000000613400000| Untracked 
| 125|0x0000000613600000, 0x0000000613600000, 0x0000000613800000|  0%| F|  |TAMS 0x0000000613600000, 0x0000000613600000| Untracked 
| 126|0x0000000613800000, 0x0000000613800000, 0x0000000613a00000|  0%| F|  |TAMS 0x0000000613800000, 0x0000000613800000| Untracked 
| 127|0x0000000613a00000, 0x0000000613a00000, 0x0000000613c00000|  0%| F|  |TAMS 0x0000000613a00000, 0x0000000613a00000| Untracked 
| 128|0x0000000613c00000, 0x0000000613c00000, 0x0000000613e00000|  0%| F|  |TAMS 0x0000000613c00000, 0x0000000613c00000| Untracked 
| 129|0x0000000613e00000, 0x0000000613e00000, 0x0000000614000000|  0%| F|  |TAMS 0x0000000613e00000, 0x0000000613e00000| Untracked 
| 130|0x0000000614000000, 0x0000000614000000, 0x0000000614200000|  0%| F|  |TAMS 0x0000000614000000, 0x0000000614000000| Untracked 
| 131|0x0000000614200000, 0x0000000614200000, 0x0000000614400000|  0%| F|  |TAMS 0x0000000614200000, 0x0000000614200000| Untracked 
| 132|0x0000000614400000, 0x0000000614400000, 0x0000000614600000|  0%| F|  |TAMS 0x0000000614400000, 0x0000000614400000| Untracked 
| 133|0x0000000614600000, 0x0000000614600000, 0x0000000614800000|  0%| F|  |TAMS 0x0000000614600000, 0x0000000614600000| Untracked 
| 134|0x0000000614800000, 0x0000000614800000, 0x0000000614a00000|  0%| F|  |TAMS 0x0000000614800000, 0x0000000614800000| Untracked 
| 135|0x0000000614a00000, 0x0000000614a00000, 0x0000000614c00000|  0%| F|  |TAMS 0x0000000614a00000, 0x0000000614a00000| Untracked 
| 136|0x0000000614c00000, 0x0000000614c00000, 0x0000000614e00000|  0%| F|  |TAMS 0x0000000614c00000, 0x0000000614c00000| Untracked 
| 137|0x0000000614e00000, 0x0000000614e00000, 0x0000000615000000|  0%| F|  |TAMS 0x0000000614e00000, 0x0000000614e00000| Untracked 
| 138|0x0000000615000000, 0x0000000615000000, 0x0000000615200000|  0%| F|  |TAMS 0x0000000615000000, 0x0000000615000000| Untracked 
| 139|0x0000000615200000, 0x0000000615200000, 0x0000000615400000|  0%| F|  |TAMS 0x0000000615200000, 0x0000000615200000| Untracked 
| 140|0x0000000615400000, 0x0000000615400000, 0x0000000615600000|  0%| F|  |TAMS 0x0000000615400000, 0x0000000615400000| Untracked 
| 141|0x0000000615600000, 0x0000000615600000, 0x0000000615800000|  0%| F|  |TAMS 0x0000000615600000, 0x0000000615600000| Untracked 
| 142|0x0000000615800000, 0x0000000615800000, 0x0000000615a00000|  0%| F|  |TAMS 0x0000000615800000, 0x0000000615800000| Untracked 
| 143|0x0000000615a00000, 0x0000000615a00000, 0x0000000615c00000|  0%| F|  |TAMS 0x0000000615a00000, 0x0000000615a00000| Untracked 
| 144|0x0000000615c00000, 0x0000000615c00000, 0x0000000615e00000|  0%| F|  |TAMS 0x0000000615c00000, 0x0000000615c00000| Untracked 
| 145|0x0000000615e00000, 0x0000000615e00000, 0x0000000616000000|  0%| F|  |TAMS 0x0000000615e00000, 0x0000000615e00000| Untracked 
| 146|0x0000000616000000, 0x0000000616000000, 0x0000000616200000|  0%| F|  |TAMS 0x0000000616000000, 0x0000000616000000| Untracked 
| 147|0x0000000616200000, 0x0000000616200000, 0x0000000616400000|  0%| F|  |TAMS 0x0000000616200000, 0x0000000616200000| Untracked 
| 148|0x0000000616400000, 0x0000000616400000, 0x0000000616600000|  0%| F|  |TAMS 0x0000000616400000, 0x0000000616400000| Untracked 
| 149|0x0000000616600000, 0x0000000616600000, 0x0000000616800000|  0%| F|  |TAMS 0x0000000616600000, 0x0000000616600000| Untracked 
| 150|0x0000000616800000, 0x0000000616800000, 0x0000000616a00000|  0%| F|  |TAMS 0x0000000616800000, 0x0000000616800000| Untracked 
| 151|0x0000000616a00000, 0x0000000616a00000, 0x0000000616c00000|  0%| F|  |TAMS 0x0000000616a00000, 0x0000000616a00000| Untracked 
| 152|0x0000000616c00000, 0x0000000616c00000, 0x0000000616e00000|  0%| F|  |TAMS 0x0000000616c00000, 0x0000000616c00000| Untracked 
| 153|0x0000000616e00000, 0x0000000616e00000, 0x0000000617000000|  0%| F|  |TAMS 0x0000000616e00000, 0x0000000616e00000| Untracked 
| 154|0x0000000617000000, 0x0000000617000000, 0x0000000617200000|  0%| F|  |TAMS 0x0000000617000000, 0x0000000617000000| Untracked 
| 155|0x0000000617200000, 0x0000000617200000, 0x0000000617400000|  0%| F|  |TAMS 0x0000000617200000, 0x0000000617200000| Untracked 
| 156|0x0000000617400000, 0x0000000617400000, 0x0000000617600000|  0%| F|  |TAMS 0x0000000617400000, 0x0000000617400000| Untracked 
| 157|0x0000000617600000, 0x0000000617600000, 0x0000000617800000|  0%| F|  |TAMS 0x0000000617600000, 0x0000000617600000| Untracked 
| 158|0x0000000617800000, 0x0000000617800000, 0x0000000617a00000|  0%| F|  |TAMS 0x0000000617800000, 0x0000000617800000| Untracked 
| 159|0x0000000617a00000, 0x0000000617a00000, 0x0000000617c00000|  0%| F|  |TAMS 0x0000000617a00000, 0x0000000617a00000| Untracked 
| 160|0x0000000617c00000, 0x0000000617c00000, 0x0000000617e00000|  0%| F|  |TAMS 0x0000000617c00000, 0x0000000617c00000| Untracked 
| 161|0x0000000617e00000, 0x0000000617e00000, 0x0000000618000000|  0%| F|  |TAMS 0x0000000617e00000, 0x0000000617e00000| Untracked 
| 162|0x0000000618000000, 0x0000000618000000, 0x0000000618200000|  0%| F|  |TAMS 0x0000000618000000, 0x0000000618000000| Untracked 
| 163|0x0000000618200000, 0x0000000618200000, 0x0000000618400000|  0%| F|  |TAMS 0x0000000618200000, 0x0000000618200000| Untracked 
| 164|0x0000000618400000, 0x0000000618400000, 0x0000000618600000|  0%| F|  |TAMS 0x0000000618400000, 0x0000000618400000| Untracked 
| 165|0x0000000618600000, 0x0000000618600000, 0x0000000618800000|  0%| F|  |TAMS 0x0000000618600000, 0x0000000618600000| Untracked 
| 166|0x0000000618800000, 0x0000000618800000, 0x0000000618a00000|  0%| F|  |TAMS 0x0000000618800000, 0x0000000618800000| Untracked 
| 167|0x0000000618a00000, 0x0000000618a00000, 0x0000000618c00000|  0%| F|  |TAMS 0x0000000618a00000, 0x0000000618a00000| Untracked 
| 168|0x0000000618c00000, 0x0000000618c00000, 0x0000000618e00000|  0%| F|  |TAMS 0x0000000618c00000, 0x0000000618c00000| Untracked 
| 169|0x0000000618e00000, 0x0000000618e00000, 0x0000000619000000|  0%| F|  |TAMS 0x0000000618e00000, 0x0000000618e00000| Untracked 
| 170|0x0000000619000000, 0x0000000619000000, 0x0000000619200000|  0%| F|  |TAMS 0x0000000619000000, 0x0000000619000000| Untracked 
| 171|0x0000000619200000, 0x0000000619200000, 0x0000000619400000|  0%| F|  |TAMS 0x0000000619200000, 0x0000000619200000| Untracked 
| 172|0x0000000619400000, 0x0000000619400000, 0x0000000619600000|  0%| F|  |TAMS 0x0000000619400000, 0x0000000619400000| Untracked 
| 173|0x0000000619600000, 0x0000000619600000, 0x0000000619800000|  0%| F|  |TAMS 0x0000000619600000, 0x0000000619600000| Untracked 
| 174|0x0000000619800000, 0x0000000619800000, 0x0000000619a00000|  0%| F|  |TAMS 0x0000000619800000, 0x0000000619800000| Untracked 
| 175|0x0000000619a00000, 0x0000000619a00000, 0x0000000619c00000|  0%| F|  |TAMS 0x0000000619a00000, 0x0000000619a00000| Untracked 
| 176|0x0000000619c00000, 0x0000000619c00000, 0x0000000619e00000|  0%| F|  |TAMS 0x0000000619c00000, 0x0000000619c00000| Untracked 
| 177|0x0000000619e00000, 0x0000000619e00000, 0x000000061a000000|  0%| F|  |TAMS 0x0000000619e00000, 0x0000000619e00000| Untracked 
| 178|0x000000061a000000, 0x000000061a000000, 0x000000061a200000|  0%| F|  |TAMS 0x000000061a000000, 0x000000061a000000| Untracked 
| 179|0x000000061a200000, 0x000000061a200000, 0x000000061a400000|  0%| F|  |TAMS 0x000000061a200000, 0x000000061a200000| Untracked 
| 180|0x000000061a400000, 0x000000061a400000, 0x000000061a600000|  0%| F|  |TAMS 0x000000061a400000, 0x000000061a400000| Untracked 
| 181|0x000000061a600000, 0x000000061a600000, 0x000000061a800000|  0%| F|  |TAMS 0x000000061a600000, 0x000000061a600000| Untracked 
| 182|0x000000061a800000, 0x000000061a800000, 0x000000061aa00000|  0%| F|  |TAMS 0x000000061a800000, 0x000000061a800000| Untracked 
| 183|0x000000061aa00000, 0x000000061aa00000, 0x000000061ac00000|  0%| F|  |TAMS 0x000000061aa00000, 0x000000061aa00000| Untracked 
| 184|0x000000061ac00000, 0x000000061ac00000, 0x000000061ae00000|  0%| F|  |TAMS 0x000000061ac00000, 0x000000061ac00000| Untracked 
| 185|0x000000061ae00000, 0x000000061ae00000, 0x000000061b000000|  0%| F|  |TAMS 0x000000061ae00000, 0x000000061ae00000| Untracked 
| 186|0x000000061b000000, 0x000000061b000000, 0x000000061b200000|  0%| F|  |TAMS 0x000000061b000000, 0x000000061b000000| Untracked 
| 187|0x000000061b200000, 0x000000061b200000, 0x000000061b400000|  0%| F|  |TAMS 0x000000061b200000, 0x000000061b200000| Untracked 
| 188|0x000000061b400000, 0x000000061b400000, 0x000000061b600000|  0%| F|  |TAMS 0x000000061b400000, 0x000000061b400000| Untracked 
| 189|0x000000061b600000, 0x000000061b600000, 0x000000061b800000|  0%| F|  |TAMS 0x000000061b600000, 0x000000061b600000| Untracked 
| 190|0x000000061b800000, 0x000000061b800000, 0x000000061ba00000|  0%| F|  |TAMS 0x000000061b800000, 0x000000061b800000| Untracked 
| 191|0x000000061ba00000, 0x000000061ba00000, 0x000000061bc00000|  0%| F|  |TAMS 0x000000061ba00000, 0x000000061ba00000| Untracked 
| 192|0x000000061bc00000, 0x000000061bc00000, 0x000000061be00000|  0%| F|  |TAMS 0x000000061bc00000, 0x000000061bc00000| Untracked 
| 193|0x000000061be00000, 0x000000061be00000, 0x000000061c000000|  0%| F|  |TAMS 0x000000061be00000, 0x000000061be00000| Untracked 
| 194|0x000000061c000000, 0x000000061c000000, 0x000000061c200000|  0%| F|  |TAMS 0x000000061c000000, 0x000000061c000000| Untracked 
| 195|0x000000061c200000, 0x000000061c200000, 0x000000061c400000|  0%| F|  |TAMS 0x000000061c200000, 0x000000061c200000| Untracked 
| 196|0x000000061c400000, 0x000000061c400000, 0x000000061c600000|  0%| F|  |TAMS 0x000000061c400000, 0x000000061c400000| Untracked 
| 197|0x000000061c600000, 0x000000061c600000, 0x000000061c800000|  0%| F|  |TAMS 0x000000061c600000, 0x000000061c600000| Untracked 
| 198|0x000000061c800000, 0x000000061c800000, 0x000000061ca00000|  0%| F|  |TAMS 0x000000061c800000, 0x000000061c800000| Untracked 
| 199|0x000000061ca00000, 0x000000061ca00000, 0x000000061cc00000|  0%| F|  |TAMS 0x000000061ca00000, 0x000000061ca00000| Untracked 
| 200|0x000000061cc00000, 0x000000061cc00000, 0x000000061ce00000|  0%| F|  |TAMS 0x000000061cc00000, 0x000000061cc00000| Untracked 
| 201|0x000000061ce00000, 0x000000061ce00000, 0x000000061d000000|  0%| F|  |TAMS 0x000000061ce00000, 0x000000061ce00000| Untracked 
| 202|0x000000061d000000, 0x000000061d000000, 0x000000061d200000|  0%| F|  |TAMS 0x000000061d000000, 0x000000061d000000| Untracked 
| 203|0x000000061d200000, 0x000000061d200000, 0x000000061d400000|  0%| F|  |TAMS 0x000000061d200000, 0x000000061d200000| Untracked 
| 204|0x000000061d400000, 0x000000061d400000, 0x000000061d600000|  0%| F|  |TAMS 0x000000061d400000, 0x000000061d400000| Untracked 
| 205|0x000000061d600000, 0x000000061d600000, 0x000000061d800000|  0%| F|  |TAMS 0x000000061d600000, 0x000000061d600000| Untracked 
| 206|0x000000061d800000, 0x000000061d800000, 0x000000061da00000|  0%| F|  |TAMS 0x000000061d800000, 0x000000061d800000| Untracked 
| 207|0x000000061da00000, 0x000000061da00000, 0x000000061dc00000|  0%| F|  |TAMS 0x000000061da00000, 0x000000061da00000| Untracked 
| 208|0x000000061dc00000, 0x000000061dc00000, 0x000000061de00000|  0%| F|  |TAMS 0x000000061dc00000, 0x000000061dc00000| Untracked 
| 209|0x000000061de00000, 0x000000061de00000, 0x000000061e000000|  0%| F|  |TAMS 0x000000061de00000, 0x000000061de00000| Untracked 
| 210|0x000000061e000000, 0x000000061e000000, 0x000000061e200000|  0%| F|  |TAMS 0x000000061e000000, 0x000000061e000000| Untracked 
| 211|0x000000061e200000, 0x000000061e200000, 0x000000061e400000|  0%| F|  |TAMS 0x000000061e200000, 0x000000061e200000| Untracked 
| 212|0x000000061e400000, 0x000000061e400000, 0x000000061e600000|  0%| F|  |TAMS 0x000000061e400000, 0x000000061e400000| Untracked 
| 213|0x000000061e600000, 0x000000061e600000, 0x000000061e800000|  0%| F|  |TAMS 0x000000061e600000, 0x000000061e600000| Untracked 
| 214|0x000000061e800000, 0x000000061e800000, 0x000000061ea00000|  0%| F|  |TAMS 0x000000061e800000, 0x000000061e800000| Untracked 
| 215|0x000000061ea00000, 0x000000061ea00000, 0x000000061ec00000|  0%| F|  |TAMS 0x000000061ea00000, 0x000000061ea00000| Untracked 
| 216|0x000000061ec00000, 0x000000061ec00000, 0x000000061ee00000|  0%| F|  |TAMS 0x000000061ec00000, 0x000000061ec00000| Untracked 
| 217|0x000000061ee00000, 0x000000061ee00000, 0x000000061f000000|  0%| F|  |TAMS 0x000000061ee00000, 0x000000061ee00000| Untracked 
| 218|0x000000061f000000, 0x000000061f000000, 0x000000061f200000|  0%| F|  |TAMS 0x000000061f000000, 0x000000061f000000| Untracked 
| 219|0x000000061f200000, 0x000000061f200000, 0x000000061f400000|  0%| F|  |TAMS 0x000000061f200000, 0x000000061f200000| Untracked 
| 220|0x000000061f400000, 0x000000061f400000, 0x000000061f600000|  0%| F|  |TAMS 0x000000061f400000, 0x000000061f400000| Untracked 
| 221|0x000000061f600000, 0x000000061f600000, 0x000000061f800000|  0%| F|  |TAMS 0x000000061f600000, 0x000000061f600000| Untracked 
| 222|0x000000061f800000, 0x000000061f800000, 0x000000061fa00000|  0%| F|  |TAMS 0x000000061f800000, 0x000000061f800000| Untracked 
| 223|0x000000061fa00000, 0x000000061fa00000, 0x000000061fc00000|  0%| F|  |TAMS 0x000000061fa00000, 0x000000061fa00000| Untracked 
| 224|0x000000061fc00000, 0x000000061fc00000, 0x000000061fe00000|  0%| F|  |TAMS 0x000000061fc00000, 0x000000061fc00000| Untracked 
| 225|0x000000061fe00000, 0x000000061fe00000, 0x0000000620000000|  0%| F|  |TAMS 0x000000061fe00000, 0x000000061fe00000| Untracked 
| 226|0x0000000620000000, 0x0000000620000000, 0x0000000620200000|  0%| F|  |TAMS 0x0000000620000000, 0x0000000620000000| Untracked 
| 227|0x0000000620200000, 0x0000000620200000, 0x0000000620400000|  0%| F|  |TAMS 0x0000000620200000, 0x0000000620200000| Untracked 
| 228|0x0000000620400000, 0x0000000620400000, 0x0000000620600000|  0%| F|  |TAMS 0x0000000620400000, 0x0000000620400000| Untracked 
| 229|0x0000000620600000, 0x0000000620600000, 0x0000000620800000|  0%| F|  |TAMS 0x0000000620600000, 0x0000000620600000| Untracked 
| 230|0x0000000620800000, 0x0000000620800000, 0x0000000620a00000|  0%| F|  |TAMS 0x0000000620800000, 0x0000000620800000| Untracked 
| 231|0x0000000620a00000, 0x0000000620a00000, 0x0000000620c00000|  0%| F|  |TAMS 0x0000000620a00000, 0x0000000620a00000| Untracked 
| 232|0x0000000620c00000, 0x0000000620c00000, 0x0000000620e00000|  0%| F|  |TAMS 0x0000000620c00000, 0x0000000620c00000| Untracked 
| 233|0x0000000620e00000, 0x0000000620e00000, 0x0000000621000000|  0%| F|  |TAMS 0x0000000620e00000, 0x0000000620e00000| Untracked 
| 234|0x0000000621000000, 0x0000000621000000, 0x0000000621200000|  0%| F|  |TAMS 0x0000000621000000, 0x0000000621000000| Untracked 
| 235|0x0000000621200000, 0x0000000621200000, 0x0000000621400000|  0%| F|  |TAMS 0x0000000621200000, 0x0000000621200000| Untracked 
| 236|0x0000000621400000, 0x0000000621400000, 0x0000000621600000|  0%| F|  |TAMS 0x0000000621400000, 0x0000000621400000| Untracked 
| 237|0x0000000621600000, 0x0000000621600000, 0x0000000621800000|  0%| F|  |TAMS 0x0000000621600000, 0x0000000621600000| Untracked 
| 238|0x0000000621800000, 0x0000000621800000, 0x0000000621a00000|  0%| F|  |TAMS 0x0000000621800000, 0x0000000621800000| Untracked 
| 239|0x0000000621a00000, 0x0000000621a00000, 0x0000000621c00000|  0%| F|  |TAMS 0x0000000621a00000, 0x0000000621a00000| Untracked 
| 240|0x0000000621c00000, 0x0000000621c00000, 0x0000000621e00000|  0%| F|  |TAMS 0x0000000621c00000, 0x0000000621c00000| Untracked 
| 241|0x0000000621e00000, 0x0000000621e00000, 0x0000000622000000|  0%| F|  |TAMS 0x0000000621e00000, 0x0000000621e00000| Untracked 
| 242|0x0000000622000000, 0x0000000622000000, 0x0000000622200000|  0%| F|  |TAMS 0x0000000622000000, 0x0000000622000000| Untracked 
| 243|0x0000000622200000, 0x0000000622200000, 0x0000000622400000|  0%| F|  |TAMS 0x0000000622200000, 0x0000000622200000| Untracked 
| 244|0x0000000622400000, 0x0000000622400000, 0x0000000622600000|  0%| F|  |TAMS 0x0000000622400000, 0x0000000622400000| Untracked 
| 245|0x0000000622600000, 0x0000000622600000, 0x0000000622800000|  0%| F|  |TAMS 0x0000000622600000, 0x0000000622600000| Untracked 
| 246|0x0000000622800000, 0x00000006228f6448, 0x0000000622a00000| 48%| E|  |TAMS 0x0000000622800000, 0x0000000622800000| Complete 
| 247|0x0000000622a00000, 0x0000000622c00000, 0x0000000622c00000|100%| E|CS|TAMS 0x0000000622a00000, 0x0000000622a00000| Complete 
| 248|0x0000000622c00000, 0x0000000622e00000, 0x0000000622e00000|100%| E|CS|TAMS 0x0000000622c00000, 0x0000000622c00000| Complete 
| 249|0x0000000622e00000, 0x0000000623000000, 0x0000000623000000|100%| E|CS|TAMS 0x0000000622e00000, 0x0000000622e00000| Complete 
| 250|0x0000000623000000, 0x0000000623200000, 0x0000000623200000|100%| E|CS|TAMS 0x0000000623000000, 0x0000000623000000| Complete 
| 251|0x0000000623200000, 0x0000000623400000, 0x0000000623400000|100%| E|CS|TAMS 0x0000000623200000, 0x0000000623200000| Complete 
| 252|0x0000000623400000, 0x0000000623600000, 0x0000000623600000|100%| E|CS|TAMS 0x0000000623400000, 0x0000000623400000| Complete 
| 253|0x0000000623600000, 0x0000000623800000, 0x0000000623800000|100%| E|CS|TAMS 0x0000000623600000, 0x0000000623600000| Complete 
| 254|0x0000000623800000, 0x0000000623a00000, 0x0000000623a00000|100%| E|  |TAMS 0x0000000623800000, 0x0000000623800000| Complete 

Card table byte_map: [0x000001c64a200000,0x000001c64b1f0000] _byte_map_base: 0x000001c6471e2000

Marking Bits (Prev, Next): (CMBitMap*) 0x000001c6315a5518, (CMBitMap*) 0x000001c6315a5558
 Prev Bits: [0x000001c64c1e0000, 0x000001c6540f0000)
 Next Bits: [0x000001c6540f0000, 0x000001c65c000000)

Polling page: 0x000001c630cf0000

Metaspace:

Usage:
  Non-class:      6.88 MB capacity,     5.68 MB ( 83%) used,     1.19 MB ( 17%) free+waste,    14.13 KB ( <1%) overhead. 
      Class:    728.00 KB capacity,   593.23 KB ( 81%) used,   127.09 KB ( 17%) free+waste,     7.69 KB (  1%) overhead. 
       Both:      7.59 MB capacity,     6.26 MB ( 82%) used,     1.31 MB ( 17%) free+waste,    21.81 KB ( <1%) overhead. 

Virtual space:
  Non-class space:        8.00 MB reserved,       7.00 MB ( 88%) committed 
      Class space:        1.00 GB reserved,     768.00 KB ( <1%) committed 
             Both:        1.01 GB reserved,       7.75 MB ( <1%) committed 

Chunk freelists:
   Non-Class:  56.00 KB
       Class:  0 bytes
        Both:  56.00 KB

MaxMetaspaceSize: 17179869184.00 GB
CompressedClassSpaceSize: 1.00 GB

CodeHeap 'non-profiled nmethods': size=120000Kb used=341Kb max_used=341Kb free=119659Kb
 bounds [0x000001c641790000, 0x000001c641a00000, 0x000001c648cc0000]
CodeHeap 'profiled nmethods': size=120000Kb used=1760Kb max_used=1760Kb free=118239Kb
 bounds [0x000001c63a260000, 0x000001c63a4d0000, 0x000001c641790000]
CodeHeap 'non-nmethods': size=5760Kb used=1582Kb max_used=1596Kb free=4177Kb
 bounds [0x000001c639cc0000, 0x000001c639f30000, 0x000001c63a260000]
 total_blobs=1944 nmethods=987 adapters=870
 compilation: enabled
              stopped_count=0, restarted_count=0
 full_count=0

Compilation events (20 events):
Event: 1.364 Thread 0x000001c65f6fe000  978       3       jdk.internal.loader.URLClassPath::getResource (74 bytes)
Event: 1.364 Thread 0x000001c65f6fe000 nmethod 978 0x000001c63a414d90 code [0x000001c63a414f60, 0x000001c63a4152b8]
Event: 1.364 Thread 0x000001c65f6fe000  979   !   3       java.util.zip.ZipFile$ZipFileInputStream::read (135 bytes)
Event: 1.365 Thread 0x000001c65f6fe000 nmethod 979 0x000001c63a415410 code [0x000001c63a415620, 0x000001c63a415d98]
Event: 1.365 Thread 0x000001c65f6fe000  980       3       java.util.zip.ZipFile::ensureOpenOrZipException (19 bytes)
Event: 1.365 Thread 0x000001c65f6fe000 nmethod 980 0x000001c63a416110 code [0x000001c63a4162c0, 0x000001c63a4164a8]
Event: 1.365 Thread 0x000001c65f6fe000  982       3       java.nio.DirectIntBufferU::ix (10 bytes)
Event: 1.365 Thread 0x000001c65f6fe000 nmethod 982 0x000001c63a416590 code [0x000001c63a416720, 0x000001c63a416858]
Event: 1.365 Thread 0x000001c65f6fe000  984       3       jdk.internal.misc.Unsafe::putInt (8 bytes)
Event: 1.365 Thread 0x000001c65f6fe000 nmethod 984 0x000001c63a416910 code [0x000001c63a416aa0, 0x000001c63a416bd8]
Event: 1.365 Thread 0x000001c65f6fe000  983   !   3       java.nio.DirectIntBufferU::put (36 bytes)
Event: 1.365 Thread 0x000001c65f6f7800  985       4       java.nio.DirectIntBufferU::ix (10 bytes)
Event: 1.365 Thread 0x000001c65f6fe000 nmethod 983 0x000001c63a416c90 code [0x000001c63a416e60, 0x000001c63a417268]
Event: 1.365 Thread 0x000001c65f6fe000  981       3       java.util.zip.ZipFile$ZipFileInputStream::initDataOffset (117 bytes)
Event: 1.365 Thread 0x000001c65f6f7800 nmethod 985 0x000001c6417e4990 code [0x000001c6417e4b00, 0x000001c6417e4b78]
Event: 1.365 Thread 0x000001c65f6f7800  986       4       jdk.internal.misc.Unsafe::putInt (8 bytes)
Event: 1.365 Thread 0x000001c65f6f7800 nmethod 986 0x000001c6417e4c90 code [0x000001c6417e4e00, 0x000001c6417e4e78]
Event: 1.365 Thread 0x000001c65f6f7800  987   !   4       java.nio.DirectIntBufferU::put (36 bytes)
Event: 1.366 Thread 0x000001c65f6fe000 nmethod 981 0x000001c63a417490 code [0x000001c63a4176c0, 0x000001c63a417e88]
Event: 1.366 Thread 0x000001c65f6f7800 nmethod 987 0x000001c6417e4f90 code [0x000001c6417e5140, 0x000001c6417e5298]

GC Heap History (0 events):
No events

Deoptimization events (20 events):
Event: 0.106 Thread 0x000001c63151d800 DEOPT PACKING pc=0x000001c64179d884 sp=0x000000c607cfdee0
Event: 0.106 Thread 0x000001c63151d800 DEOPT UNPACKING pc=0x000001c639d0912f sp=0x000000c607cfde60 mode 2
Event: 0.119 Thread 0x000001c63151d800 Uncommon trap: trap_request=0xffffff45 fr.pc=0x000001c64179cbd0 relative=0x0000000000000090
Event: 0.119 Thread 0x000001c63151d800 Uncommon trap: reason=unstable_if action=reinterpret pc=0x000001c64179cbd0 method=java.lang.String.charAt(I)C @ 4 c2
Event: 0.119 Thread 0x000001c63151d800 DEOPT PACKING pc=0x000001c64179cbd0 sp=0x000000c607cfee10
Event: 0.119 Thread 0x000001c63151d800 DEOPT UNPACKING pc=0x000001c639d0912f sp=0x000000c607cfedb0 mode 2
Event: 0.234 Thread 0x000001c63151d800 DEOPT PACKING pc=0x000001c63a2a6974 sp=0x000000c607cf8d70
Event: 0.234 Thread 0x000001c63151d800 DEOPT UNPACKING pc=0x000001c639d0964e sp=0x000000c607cf81c8 mode 0
Event: 0.242 Thread 0x000001c63151d800 DEOPT PACKING pc=0x000001c63a2b31b2 sp=0x000000c607cf8cd0
Event: 0.242 Thread 0x000001c63151d800 DEOPT UNPACKING pc=0x000001c639d0964e sp=0x000000c607cf8138 mode 0
Event: 0.278 Thread 0x000001c63151d800 Uncommon trap: trap_request=0xffffff45 fr.pc=0x000001c6417a1a78 relative=0x0000000000000998
Event: 0.278 Thread 0x000001c63151d800 Uncommon trap: reason=unstable_if action=reinterpret pc=0x000001c6417a1a78 method=java.util.HashMap.putVal(ILjava/lang/Object;Ljava/lang/Object;ZZ)Ljava/lang/Object; @ 181 c2
Event: 0.278 Thread 0x000001c63151d800 DEOPT PACKING pc=0x000001c6417a1a78 sp=0x000000c607cfcf40
Event: 0.278 Thread 0x000001c63151d800 DEOPT UNPACKING pc=0x000001c639d0912f sp=0x000000c607cfcee0 mode 2
Event: 0.357 Thread 0x000001c63151d800 Uncommon trap: trap_request=0xffffffde fr.pc=0x000001c6417b930c relative=0x000000000000040c
Event: 0.357 Thread 0x000001c63151d800 Uncommon trap: reason=class_check action=maybe_recompile pc=0x000001c6417b930c method=java.util.HashMap.getNode(ILjava/lang/Object;)Ljava/util/HashMap$Node; @ 126 c2
Event: 0.357 Thread 0x000001c63151d800 DEOPT PACKING pc=0x000001c6417b930c sp=0x000000c607cfc290
Event: 0.357 Thread 0x000001c63151d800 DEOPT UNPACKING pc=0x000001c639d0912f sp=0x000000c607cfc208 mode 2
Event: 0.363 Thread 0x000001c63151d800 DEOPT PACKING pc=0x000001c63a2a7edf sp=0x000000c607cfcaa0
Event: 0.363 Thread 0x000001c63151d800 DEOPT UNPACKING pc=0x000001c639d0964e sp=0x000000c607cfbef0 mode 0

Classes unloaded (0 events):
No events

Classes redefined (0 events):
No events

Internal exceptions (20 events):
Event: 0.299 Thread 0x000001c63151d800 Exception <a 'java/lang/ClassNotFoundException'{0x00000006233c0668}: org/apache/log4j/AppenderSkeletonBeanInfo> (0x00000006233c0668) 
thrown [./open/src/hotspot/share/classfile/systemDictionary.cpp, line 226]
Event: 0.299 Thread 0x000001c63151d800 Exception <a 'java/lang/ClassNotFoundException'{0x00000006233cf5e0}: org/apache/log4j/AppenderSkeletonCustomizer> (0x00000006233cf5e0) 
thrown [./open/src/hotspot/share/classfile/systemDictionary.cpp, line 226]
Event: 0.300 Thread 0x000001c63151d800 Exception <a 'java/lang/ClassNotFoundException'{0x00000006233ef0d0}: org/apache/log4j/WriterAppenderCustomizer> (0x00000006233ef0d0) 
thrown [./open/src/hotspot/share/classfile/systemDictionary.cpp, line 226]
Event: 0.301 Thread 0x000001c63151d800 Exception <a 'java/lang/ClassNotFoundException'{0x0000000623008030}: org/apache/log4j/FileAppenderCustomizer> (0x0000000623008030) 
thrown [./open/src/hotspot/share/classfile/systemDictionary.cpp, line 226]
Event: 0.317 Thread 0x000001c63151d800 Exception <a 'java/lang/NoSuchMethodError'{0x00000006230d4ea0}: 'void java.lang.invoke.DelegatingMethodHandle$Holder.delegate(java.lang.Object, java.lang.Object, int, java.lang.Object)'> (0x00000006230d4ea0) 
thrown [./open/src/hotspot/share/interpreter/linkResolver.cpp, line 766]
Event: 0.318 Thread 0x000001c63151d800 Exception <a 'java/lang/NoSuchMethodError'{0x00000006230db970}: 'java.lang.Object java.lang.invoke.DirectMethodHandle$Holder.invokeStaticInit(java.lang.Object, java.lang.Object, java.lang.Object)'> (0x00000006230db970) 
thrown [./open/src/hotspot/share/interpreter/linkResolver.cpp, line 766]
Event: 0.340 Thread 0x000001c63151d800 Exception <a 'sun/nio/fs/WindowsException'{0x0000000623144968}> (0x0000000623144968) 
thrown [./open/src/hotspot/share/prims/jni.cpp, line 599]
Event: 0.340 Thread 0x000001c63151d800 Exception <a 'sun/nio/fs/WindowsException'{0x0000000623144ee8}> (0x0000000623144ee8) 
thrown [./open/src/hotspot/share/prims/jni.cpp, line 599]
Event: 0.360 Thread 0x000001c63151d800 Exception <a 'sun/nio/fs/WindowsException'{0x0000000622e3a928}> (0x0000000622e3a928) 
thrown [./open/src/hotspot/share/prims/jni.cpp, line 599]
Event: 0.360 Thread 0x000001c63151d800 Exception <a 'sun/nio/fs/WindowsException'{0x0000000622e3acb8}> (0x0000000622e3acb8) 
thrown [./open/src/hotspot/share/prims/jni.cpp, line 599]
Event: 0.369 Thread 0x000001c63151d800 Exception <a 'sun/nio/fs/WindowsException'{0x0000000622e87bc8}> (0x0000000622e87bc8) 
thrown [./open/src/hotspot/share/prims/jni.cpp, line 599]
Event: 0.369 Thread 0x000001c63151d800 Exception <a 'sun/nio/fs/WindowsException'{0x0000000622e87ec8}> (0x0000000622e87ec8) 
thrown [./open/src/hotspot/share/prims/jni.cpp, line 599]
Event: 1.047 Thread 0x000001c63151d800 Exception <a 'java/lang/NoSuchMethodError'{0x0000000622cc2118}: 'void java.lang.invoke.DirectMethodHandle$Holder.invokeSpecial(java.lang.Object, java.lang.Object, java.lang.Object, java.lang.Object)'> (0x0000000622cc2118) 
thrown [./open/src/hotspot/share/interpreter/linkResolver.cpp, line 766]
Event: 1.051 Thread 0x000001c63151d800 Exception <a 'java/lang/NoSuchMethodError'{0x0000000622ce71d0}: 'void java.lang.invoke.DirectMethodHandle$Holder.invokeStatic(java.lang.Object, java.lang.Object, java.lang.Object, java.lang.Object)'> (0x0000000622ce71d0) 
thrown [./open/src/hotspot/share/interpreter/linkResolver.cpp, line 766]
Event: 1.058 Thread 0x000001c63151d800 Exception <a 'java/lang/NoSuchMethodError'{0x0000000622d37ef8}: 'java.lang.Object java.lang.invoke.DirectMethodHandle$Holder.invokeStaticInit(java.lang.Object, int, int, int, int)'> (0x0000000622d37ef8) 
thrown [./open/src/hotspot/share/interpreter/linkResolver.cpp, line 766]
Event: 1.098 Thread 0x000001c63151d800 Exception <a 'java/lang/NoSuchMethodError'{0x0000000622d769a8}: 'java.lang.Object java.lang.invoke.DirectMethodHandle$Holder.invokeStaticInit(java.lang.Object, java.lang.Object, int, int, int, int)'> (0x0000000622d769a8) 
thrown [./open/src/hotspot/share/interpreter/linkResolver.cpp, line 766]
Event: 1.259 Thread 0x000001c63151d800 Exception <a 'java/lang/NoSuchMethodError'{0x0000000622db6180}: 'java.lang.Object java.lang.invoke.DirectMethodHandle$Holder.invokeStatic(java.lang.Object, long, long)'> (0x0000000622db6180) 
thrown [./open/src/hotspot/share/interpreter/linkResolver.cpp, line 766]
Event: 1.277 Thread 0x000001c63151d800 Exception <a 'java/lang/NoSuchMethodError'{0x0000000622b29c38}: 'void java.lang.invoke.DirectMethodHandle$Holder.invokeStaticInit(java.lang.Object, java.lang.Object)'> (0x0000000622b29c38) 
thrown [./open/src/hotspot/share/interpreter/linkResolver.cpp, line 766]
Event: 1.291 Thread 0x000001c63151d800 Exception <a 'java/lang/NoSuchMethodError'{0x0000000622bd18a0}: 'void java.lang.invoke.DirectMethodHandle$Holder.invokeSpecial(java.lang.Object, java.lang.Object, java.lang.Object, java.lang.Object, java.lang.Object, java.lang.Object)'> (0x0000000622bd18a0) 
thrown [./open/src/hotspot/share/interpreter/linkResolver.cpp, line 766]
Event: 1.296 Thread 0x000001c63151d800 Exception <a 'java/lang/NoSuchMethodError'{0x0000000622815870}: 'void java.lang.invoke.DirectMethodHandle$Holder.invokeVirtual(java.lang.Object, java.lang.Object)'> (0x0000000622815870) 
thrown [./open/src/hotspot/share/interpreter/linkResolver.cpp, line 766]

Events (20 events):
Event: 1.099 loading class sun/security/provider/AbstractDrbg$NonceProvider
Event: 1.099 loading class sun/security/provider/AbstractDrbg$NonceProvider done
Event: 1.099 loading class sun/security/provider/SHA2$SHA256
Event: 1.100 loading class sun/security/provider/SHA2
Event: 1.100 loading class sun/security/provider/SHA2 done
Event: 1.100 loading class sun/security/provider/SHA2$SHA256 done
Event: 1.282 loading class java/lang/invoke/BoundMethodHandle$Species_LLL
Event: 1.282 loading class java/lang/invoke/BoundMethodHandle$Species_LLL done
Event: 1.283 Executing VM operation: HandshakeOneThread
Event: 1.283 Executing VM operation: HandshakeOneThread done
Event: 1.284 loading class java/lang/invoke/BoundMethodHandle$Species_LLLL
Event: 1.284 loading class java/lang/invoke/BoundMethodHandle$Species_LLLL done
Event: 1.285 loading class java/lang/invoke/BoundMethodHandle$Species_LLLLL
Event: 1.285 loading class java/lang/invoke/BoundMethodHandle$Species_LLLLL done
Event: 1.285 loading class java/lang/invoke/BoundMethodHandle$Species_LJ
Event: 1.285 loading class java/lang/invoke/BoundMethodHandle$Species_LJ done
Event: 1.286 loading class java/lang/invoke/BoundMethodHandle$Species_LLLLLL
Event: 1.286 loading class java/lang/invoke/BoundMethodHandle$Species_LLLLLL done
Event: 1.297 loading class sun/nio/fs/WindowsUriSupport
Event: 1.297 loading class sun/nio/fs/WindowsUriSupport done


Dynamic libraries:
0x00007ff777740000 - 0x00007ff77774f000 	C:\Program Files\Java\jdk-14.0.2\bin\java.exe
0x00007fffe8560000 - 0x00007fffe8750000 	C:\WINDOWS\SYSTEM32\ntdll.dll
0x00007fffe8260000 - 0x00007fffe8312000 	C:\WINDOWS\System32\KERNEL32.DLL
0x00007fffe57a0000 - 0x00007fffe5a45000 	C:\WINDOWS\System32\KERNELBASE.dll
0x00007fffe5af0000 - 0x00007fffe5bea000 	C:\WINDOWS\System32\ucrtbase.dll
0x00007fffcd7d0000 - 0x00007fffcd7e8000 	C:\Program Files\Java\jdk-14.0.2\bin\jli.dll
0x00007fffcd7b0000 - 0x00007fffcd7c5000 	C:\Program Files\Java\jdk-14.0.2\bin\VCRUNTIME140.dll
0x00007fffe81a0000 - 0x00007fffe8243000 	C:\WINDOWS\System32\ADVAPI32.dll
0x00007fffe6610000 - 0x00007fffe66ae000 	C:\WINDOWS\System32\msvcrt.dll
0x00007fffe77e0000 - 0x00007fffe7877000 	C:\WINDOWS\System32\sechost.dll
0x00007fffe8380000 - 0x00007fffe849f000 	C:\WINDOWS\System32\RPCRT4.dll
0x00007fffe7b20000 - 0x00007fffe7cb4000 	C:\WINDOWS\System32\USER32.dll
0x00007fffe54d0000 - 0x00007fffe54f1000 	C:\WINDOWS\System32\win32u.dll
0x00007fffc6480000 - 0x00007fffc6704000 	C:\WINDOWS\WinSxS\amd64_microsoft.windows.common-controls_6595b64144ccf1df_6.0.18362.1556_none_9e7e372fe45e41d5\COMCTL32.dll
0x00007fffe7e20000 - 0x00007fffe7e46000 	C:\WINDOWS\System32\GDI32.dll
0x00007fffe7e60000 - 0x00007fffe8196000 	C:\WINDOWS\System32\combase.dll
0x00007fffe5560000 - 0x00007fffe56f8000 	C:\WINDOWS\System32\gdi32full.dll
0x00007fffe5700000 - 0x00007fffe579e000 	C:\WINDOWS\System32\msvcp_win.dll
0x00007fffe5bf0000 - 0x00007fffe5c71000 	C:\WINDOWS\System32\bcryptPrimitives.dll
0x00007fffda290000 - 0x00007fffda29a000 	C:\WINDOWS\SYSTEM32\VERSION.dll
0x00007fffe7880000 - 0x00007fffe78ae000 	C:\WINDOWS\System32\IMM32.DLL
0x00007fffa4fa0000 - 0x00007fffa503b000 	C:\Program Files\Java\jdk-14.0.2\bin\msvcp140.dll
0x00007fff8f4b0000 - 0x00007fff8ffce000 	C:\Program Files\Java\jdk-14.0.2\bin\server\jvm.dll
0x00007fffe8250000 - 0x00007fffe8258000 	C:\WINDOWS\System32\PSAPI.DLL
0x00007fffc9da0000 - 0x00007fffc9da9000 	C:\WINDOWS\SYSTEM32\WSOCK32.dll
0x00007fffe6f00000 - 0x00007fffe6f6f000 	C:\WINDOWS\System32\WS2_32.dll
0x00007fffe3440000 - 0x00007fffe3464000 	C:\WINDOWS\SYSTEM32\WINMM.dll
0x00007fffe3410000 - 0x00007fffe343d000 	C:\WINDOWS\SYSTEM32\winmmbase.dll
0x00007fffe5a80000 - 0x00007fffe5aca000 	C:\WINDOWS\System32\cfgmgr32.dll
0x00007fffe5420000 - 0x00007fffe5431000 	C:\WINDOWS\System32\kernel.appcore.dll
0x00007fffd0a10000 - 0x00007fffd0a1a000 	C:\Program Files\Java\jdk-14.0.2\bin\jimage.dll
0x00007fffd4050000 - 0x00007fffd4244000 	C:\WINDOWS\SYSTEM32\DBGHELP.DLL
0x00007fffc7930000 - 0x00007fffc795a000 	C:\WINDOWS\SYSTEM32\dbgcore.DLL
0x00007fffe4830000 - 0x00007fffe483e000 	C:\Program Files\Java\jdk-14.0.2\bin\instrument.dll
0x00007fffcd6d0000 - 0x00007fffcd6f5000 	C:\Program Files\Java\jdk-14.0.2\bin\java.dll
0x00007fffcd6b0000 - 0x00007fffcd6c6000 	C:\Program Files\Java\jdk-14.0.2\bin\zip.dll
0x00007fffe6f90000 - 0x00007fffe7677000 	C:\WINDOWS\System32\SHELL32.dll
0x00007fffe7680000 - 0x00007fffe7728000 	C:\WINDOWS\System32\shcore.dll
0x00007fffe5d30000 - 0x00007fffe64ab000 	C:\WINDOWS\System32\windows.storage.dll
0x00007fffe54b0000 - 0x00007fffe54ce000 	C:\WINDOWS\System32\profapi.dll
0x00007fffe5440000 - 0x00007fffe548a000 	C:\WINDOWS\System32\powrprof.dll
0x00007fffe5410000 - 0x00007fffe5420000 	C:\WINDOWS\System32\UMPDC.dll
0x00007fffe6c20000 - 0x00007fffe6c72000 	C:\WINDOWS\System32\shlwapi.dll
0x00007fffe5ad0000 - 0x00007fffe5ae7000 	C:\WINDOWS\System32\cryptsp.dll
0x00007fffcce70000 - 0x00007fffcce89000 	C:\Program Files\Java\jdk-14.0.2\bin\net.dll
0x00007fffdb6a0000 - 0x00007fffdb79a000 	C:\WINDOWS\SYSTEM32\WINHTTP.dll
0x00007fffe4c50000 - 0x00007fffe4cb7000 	C:\WINDOWS\system32\mswsock.dll
0x00007fffc03c0000 - 0x00007fffc03d2000 	C:\Program Files\Java\jdk-14.0.2\bin\nio.dll
0x00007fffd09b0000 - 0x00007fffd09c0000 	C:\Program Files\Java\jdk-14.0.2\bin\verify.dll
0x00007fffe01e0000 - 0x00007fffe01fa000 	C:\Program Files\JetBrains\IntelliJ IDEA Community Edition 2019.3\bin\breakgen64.dll
0x00007fffd0a40000 - 0x00007fffd0aa4000 	C:\Users\aarevalo\AppData\Local\Temp\lwjglaarevalo\3.2.3-build-13\lwjgl.dll
0x00007fffb2cb0000 - 0x00007fffb2d12000 	C:\Users\aarevalo\AppData\Local\Temp\lwjglaarevalo\3.2.3-build-13\glfw.dll
0x00007fffb2bb0000 - 0x00007fffb2ca8000 	C:\WINDOWS\SYSTEM32\vulkan-1.dll
0x00007fff8e460000 - 0x00007fff8f4af000 	C:\WINDOWS\System32\DriverStore\FileRepository\iigd_dch.inf_amd64_bd47ae63e67b288d\igvk64.dll
0x00007fffe4110000 - 0x00007fffe41fb000 	C:\WINDOWS\system32\dxgi.dll
0x00007fffe4080000 - 0x00007fffe40a0000 	C:\WINDOWS\SYSTEM32\dxcore.dll
0x00007fffbb560000 - 0x00007fffbb6b6000 	C:\WINDOWS\SYSTEM32\OpenGL32.dll
0x00007fffc79a0000 - 0x00007fffc79cc000 	C:\WINDOWS\SYSTEM32\GLU32.dll
0x00007fff8d450000 - 0x00007fff8e45f000 	C:\WINDOWS\System32\DriverStore\FileRepository\iigd_dch.inf_amd64_bd47ae63e67b288d\ig9icd64.dll
0x00007fffe3aa0000 - 0x00007fffe3acd000 	C:\WINDOWS\SYSTEM32\dwmapi.dll
0x00007fffcccc0000 - 0x00007fffccddd000 	C:\WINDOWS\System32\DriverStore\FileRepository\iigd_dch.inf_amd64_bd47ae63e67b288d\igdgmm64.dll
0x00000000623b0000 - 0x0000000064a6f000 	C:\WINDOWS\System32\DriverStore\FileRepository\nvdm.inf_amd64_0c63b088ad41d465\nvoglv64.dll
0x00007fffe66c0000 - 0x00007fffe6b30000 	C:\WINDOWS\System32\SETUPAPI.dll
0x00007fffe5a50000 - 0x00007fffe5a76000 	C:\WINDOWS\System32\bcrypt.dll
0x00007fffe7cc0000 - 0x00007fffe7e17000 	C:\WINDOWS\System32\ole32.dll
0x00007fffe2970000 - 0x00007fffe2983000 	C:\WINDOWS\SYSTEM32\WTSAPI32.dll
0x00007fffe5200000 - 0x00007fffe522a000 	C:\WINDOWS\SYSTEM32\DEVOBJ.dll
0x00007fffe5500000 - 0x00007fffe555c000 	C:\WINDOWS\System32\WINTRUST.dll
0x00007fffe5490000 - 0x00007fffe54a2000 	C:\WINDOWS\System32\MSASN1.dll
0x00007fffe64b0000 - 0x00007fffe6601000 	C:\WINDOWS\System32\CRYPT32.dll
0x00007fffe43f0000 - 0x00007fffe4421000 	C:\WINDOWS\SYSTEM32\ntmarta.dll
0x00007fffca9d0000 - 0x00007fffcccbd000 	C:\WINDOWS\System32\DriverStore\FileRepository\iigd_dch.inf_amd64_bd47ae63e67b288d\igc64.dll
0x00007fffe35e0000 - 0x00007fffe3679000 	C:\WINDOWS\system32\uxtheme.dll
0x00007fffe6f70000 - 0x00007fffe6f8d000 	C:\WINDOWS\System32\imagehlp.dll
0x00007fffe47d0000 - 0x00007fffe4803000 	C:\WINDOWS\system32\rsaenh.dll
0x00007fffe4e20000 - 0x00007fffe4e2c000 	C:\WINDOWS\SYSTEM32\CRYPTBASE.dll
0x00007fffe3fd0000 - 0x00007fffe3ff2000 	C:\WINDOWS\SYSTEM32\gpapi.dll
0x00007fffd6620000 - 0x00007fffd664f000 	C:\WINDOWS\SYSTEM32\cryptnet.dll
0x00007fffb2b20000 - 0x00007fffb2ba5000 	C:\WINDOWS\System32\DriverStore\FileRepository\nvdm.inf_amd64_0c63b088ad41d465\nvcbl64.dll
0x00007fff9d4e0000 - 0x00007fff9d603000 	C:\WINDOWS\SYSTEM32\nvfatbinaryLoader.dll
0x00007fffd5a90000 - 0x00007fffd5f93000 	C:\WINDOWS\system32\nvapi64.dll
0x00007fff8bc00000 - 0x00007fff8d000000 	C:\WINDOWS\System32\DriverStore\FileRepository\nvdm.inf_amd64_0c63b088ad41d465\nvrtum64.dll
0x00007fffe5300000 - 0x00007fffe5325000 	C:\WINDOWS\SYSTEM32\USERENV.dll
0x00007fffe4960000 - 0x00007fffe499a000 	C:\WINDOWS\SYSTEM32\IPHLPAPI.DLL
0x00007fffe66b0000 - 0x00007fffe66b8000 	C:\WINDOWS\System32\NSI.dll
0x00007fffe0730000 - 0x00007fffe0746000 	C:\WINDOWS\SYSTEM32\dhcpcsvc6.DLL
0x00007fffe0530000 - 0x00007fffe054c000 	C:\WINDOWS\SYSTEM32\dhcpcsvc.DLL
0x00007fffe49a0000 - 0x00007fffe4a6b000 	C:\WINDOWS\SYSTEM32\DNSAPI.dll
0x00007fff9ca40000 - 0x00007fff9ce43000 	D:\repos\leviathan\vkjava3\VkThreading\target\classes\shaderc.dll

dbghelp: loaded successfully - version: 4.0.5 - missing functions: none
symbol engine: initialized successfully - sym options: 0x614 - pdb path: .;C:\Program Files\Java\jdk-14.0.2\bin;C:\WINDOWS\SYSTEM32;C:\WINDOWS\WinSxS\amd64_microsoft.windows.common-controls_6595b64144ccf1df_6.0.18362.1556_none_9e7e372fe45e41d5;C:\Program Files\Java\jdk-14.0.2\bin\server;C:\Program Files\JetBrains\IntelliJ IDEA Community Edition 2019.3\bin;C:\Users\aarevalo\AppData\Local\Temp\lwjglaarevalo\3.2.3-build-13;C:\WINDOWS\System32\DriverStore\FileRepository\iigd_dch.inf_amd64_bd47ae63e67b288d;C:\WINDOWS\System32\DriverStore\FileRepository\nvdm.inf_amd64_0c63b088ad41d465;D:\repos\leviathan\vkjava3\VkThreading\target\classes

VM Arguments:
jvm_args: -javaagent:C:\Program Files\JetBrains\IntelliJ IDEA Community Edition 2019.3\lib\idea_rt.jar=51884:C:\Program Files\JetBrains\IntelliJ IDEA Community Edition 2019.3\bin -Dfile.encoding=UTF-8 
java_command: org.artifex.Main
java_class_path (initial): D:\repos\leviathan\vkjava3\VkThreading\target\classes;C:\Users\aarevalo\.m2\repository\org\lwjgl\lwjgl\3.2.3\lwjgl-3.2.3.jar;C:\Users\aarevalo\.m2\repository\org\lwjgl\lwjgl-vulkan\3.2.3\lwjgl-vulkan-3.2.3.jar;C:\Users\aarevalo\.m2\repository\org\lwjgl\lwjgl-vma\3.2.3\lwjgl-vma-3.2.3.jar;C:\Users\aarevalo\.m2\repository\org\lwjgl\lwjgl-glfw\3.2.3\lwjgl-glfw-3.2.3.jar;C:\Users\aarevalo\.m2\repository\org\joml\joml\1.10.1\joml-1.10.1.jar;C:\Users\aarevalo\.m2\repository\org\jetbrains\annotations\16.0.1\annotations-16.0.1.jar;C:\Users\aarevalo\.m2\repository\org\lwjgl\lwjgl-shaderc\3.2.3\lwjgl-shaderc-3.2.3.jar;C:\Users\aarevalo\.m2\repository\log4j\log4j\1.2.17\log4j-1.2.17.jar;C:\Users\aarevalo\.m2\repository\org\lwjgl\lwjgl\3.2.3\lwjgl-3.2.3-natives-windows.jar;C:\Users\aarevalo\.m2\repository\org\lwjgl\lwjgl-glfw\3.2.3\lwjgl-glfw-3.2.3-natives-windows.jar;C:\Users\aarevalo\.m2\repository\org\lwjgl\lwjgl-opengl\3.2.3\lwjgl-opengl-3.2.3-natives-windows.jar
Launcher Type: SUN_STANDARD

[Global flags]
     intx CICompilerCount                          = 4                                         {product} {ergonomic}
     uint ConcGCThreads                            = 3                                         {product} {ergonomic}
     uint G1ConcRefinementThreads                  = 10                                        {product} {ergonomic}
   size_t G1HeapRegionSize                         = 2097152                                   {product} {ergonomic}
    uintx GCDrainStackTargetSize                   = 64                                        {product} {ergonomic}
   size_t InitialHeapSize                          = 534773760                                 {product} {ergonomic}
   size_t MarkStackSize                            = 4194304                                   {product} {ergonomic}
   size_t MaxHeapSize                              = 8527020032                                {product} {ergonomic}
   size_t MaxNewSize                               = 5114953728                                {product} {ergonomic}
   size_t MinHeapDeltaBytes                        = 2097152                                   {product} {ergonomic}
   size_t MinHeapSize                              = 8388608                                   {product} {ergonomic}
    uintx NonNMethodCodeHeapSize                   = 5839372                                {pd product} {ergonomic}
    uintx NonProfiledCodeHeapSize                  = 122909434                              {pd product} {ergonomic}
    uintx ProfiledCodeHeapSize                     = 122909434                              {pd product} {ergonomic}
    uintx ReservedCodeCacheSize                    = 251658240                              {pd product} {ergonomic}
     bool SegmentedCodeCache                       = true                                      {product} {ergonomic}
   size_t SoftMaxHeapSize                          = 8527020032                             {manageable} {ergonomic}
     bool UseCompressedClassPointers               = true                                 {lp64_product} {ergonomic}
     bool UseCompressedOops                        = true                                 {lp64_product} {ergonomic}
     bool UseG1GC                                  = true                                      {product} {ergonomic}
     bool UseLargePagesIndividualAllocation        = false                                  {pd product} {ergonomic}

Logging:
Log output configuration:
 #0: stdout all=warning uptime,level,tags
 #1: stderr all=off uptime,level,tags

Environment Variables:
JAVA_HOME=C:\Program Files\Java\jdk-14.0.2
PATH=C:\Program Files\Common Files\Oracle\Java\javapath;C:\Program Files (x86)\Common Files\Oracle\Java\javapath;C:\Windows\system32;C:\Windows;C:\Windows\System32\Wbem;C:\Windows\System32\WindowsPowerShell\v1.0\;C:\Windows\System32\OpenSSH\;C:\Program Files (x86)\NVIDIA Corporation\PhysX\Common;C:\WINDOWS\system32;C:\WINDOWS;C:\WINDOWS\System32\Wbem;C:\WINDOWS\System32\WindowsPowerShell\v1.0\;C:\WINDOWS\System32\OpenSSH\;C:\Program Files\TortoiseGit\bin;C:\Program Files\Git\cmd;C:\Users\aarevalo\AppData\Local\Microsoft\WindowsApps;C:\Program Files\mingw-w64\x86_64-7.2.0-posix-seh-rt_v5-rev1\mingw64\bin;C:\apache-maven-3.3.9\bin;C:\Program Files\Java\jdk-14.0.2\bin;C:\php;
USERNAME=aarevalo
OS=Windows_NT
PROCESSOR_IDENTIFIER=Intel64 Family 6 Model 158 Stepping 10, GenuineIntel



---------------  S Y S T E M  ---------------

OS: Windows 10 , 64 bit Build 18362 (10.0.18362.1500)
OS uptime: 0 days 6:09 hours

CPU:total 12 (initial active 12) (6 cores per cpu, 2 threads per core) family 6 model 158 stepping 10, cmov, cx8, fxsr, mmx, sse, sse2, sse3, ssse3, sse4.1, sse4.2, popcnt, avx, avx2, aes, clmul, erms, 3dnowpref, lzcnt, ht, tsc, tscinvbit, bmi1, bmi2, adx, fma

Memory: 4k page, system-wide physical 32525M (23584M free)
TotalPageFile size 37389M (AvailPageFile size 25125M)
current process WorkingSet (physical memory assigned to process): 149M, peak: 157M
current process commit charge ("private bytes"): 731M, peak: 740M

vm_info: Java HotSpot(TM) 64-Bit Server VM (14.0.2+12-46) for windows-amd64 JRE (14.0.2+12-46), built on Jul  9 2020 00:35:52 by "mach5one" with MS VC++ 15.9 (VS2017)

END.
