#
# A fatal error has been detected by the Java Runtime Environment:
#
#  EXCEPTION_ACCESS_VIOLATION (0xc0000005) at pc=0x00007ffc0ca3fbbe, pid=18884, tid=14472
#
# JRE version: OpenJDK Runtime Environment (14.0+36) (build 14+36-1461)
# Java VM: OpenJDK 64-Bit Server VM (14+36-1461, mixed mode, sharing, tiered, compressed oops, g1 gc, windows-amd64)
# Problematic frame:
# C  [nvoglv64.dll+0x109fbbe]
#
# No core dump will be written. Minidumps are not enabled by default on client versions of Windows
#
# If you would like to submit a bug report, please visit:
#   https://bugreport.java.com/bugreport/crash.jsp
# The crash happened outside the Java Virtual Machine in native code.
# See problematic frame for where to report the bug.
#

---------------  S U M M A R Y ------------

Command Line: -javaagent:C:\Program Files\JetBrains\IntelliJ IDEA Community Edition 2019.3.3\lib\idea_rt.jar=50000:C:\Program Files\JetBrains\IntelliJ IDEA Community Edition 2019.3.3\bin -Dfile.encoding=UTF-8 org.artifex.VkMain

Host: Intel(R) Core(TM) i5-8400 CPU @ 2.80GHz, 6 cores, 15G,  Windows 10 , 64 bit Build 19041 (10.0.19041.928)
Time: Fri Jun  4 07:52:55 2021 Central Daylight Time elapsed time: 0 seconds (0d 0h 0m 0s)

---------------  T H R E A D  ---------------

Current thread (0x000001ec87eed800):  JavaThread "main" [_thread_in_native, id=14472, stack(0x0000003b8af00000,0x0000003b8b000000)]

Stack: [0x0000003b8af00000,0x0000003b8b000000],  sp=0x0000003b8affec20,  free space=1019k
Native frames: (J=compiled Java code, j=interpreted, Vv=VM code, C=native code)
C  [nvoglv64.dll+0x109fbbe]

Java frames: (J=compiled Java code, j=interpreted, Vv=VM code)
j  org.lwjgl.system.JNI.callPPPV(JIJIJJ)V+0
j  org.lwjgl.vulkan.VK10.nvkUpdateDescriptorSets(Lorg/lwjgl/vulkan/VkDevice;IJIJ)V+21
j  org.lwjgl.vulkan.VK10.vkUpdateDescriptorSets(Lorg/lwjgl/vulkan/VkDevice;Lorg/lwjgl/vulkan/VkWriteDescriptorSet$Buffer;Lorg/lwjgl/vulkan/VkCopyDescriptorSet$Buffer;)V+17
j  org.artifex.vulkan.DescriptorSet.<init>(Lorg/artifex/vulkan/Device;)V+314
j  org.artifex.Program.<init>(Lorg/artifex/Window;)V+104
j  org.artifex.VkMain.<init>()V+14
j  org.artifex.VkMain.main([Ljava/lang/String;)V+4
v  ~StubRoutines::call_stub

siginfo: EXCEPTION_ACCESS_VIOLATION (0xc0000005), reading address 0x00000000000000c0


Register to memory mapping:

RIP=0x00007ffc0ca3fbbe nvoglv64.dll
RAX=0x0 is NULL
RBX=0x000001ecb36461b0 points into unknown readable memory: 50 7a 9d 0d fc 7f 00 00
RCX=0x00007ffc0ca3fbbe nvoglv64.dll
RDX=0x0 is NULL
RSP=0x0000003b8affec20 is pointing into the stack for thread: 0x000001ec87eed800
RBP=0x0000000000000001 is an unknown value
RSI=0x0000000000000007 is an unknown value
RDI=0x00007ffc0b9a0000 nvoglv64.dll
R8 =0x0 is NULL
R9 =0x0 is NULL
R10=0x0 is NULL
R11=0x0 is NULL
R12=0x000001ecb36d32f0 points into unknown readable memory: 68 03 6d b3 ec 01 00 00
R13=0x0 is NULL
R14=0x0 is NULL
R15=0x0 is NULL


Registers:
RAX=0x0000000000000000, RBX=0x000001ecb36461b0, RCX=0x00007ffc0ca3fbbe, RDX=0x0000000000000000
RSP=0x0000003b8affec20, RBP=0x0000000000000001, RSI=0x0000000000000007, RDI=0x00007ffc0b9a0000
R8 =0x0000000000000000, R9 =0x0000000000000000, R10=0x0000000000000000, R11=0x0000000000000000
R12=0x000001ecb36d32f0, R13=0x0000000000000000, R14=0x0000000000000000, R15=0x0000000000000000
RIP=0x00007ffc0ca3fbbe, EFLAGS=0x0000000000010206

Top of Stack: (sp=0x0000003b8affec20)
0x0000003b8affec20:   000001ecb36a35f8 000001ecac5eae30
0x0000003b8affec30:   000001ecb36a35f8 00007ffc60b0fde6
0x0000003b8affec40:   0000000000000001 0000000000000000
0x0000003b8affec50:   0000000000000000 0000000000000000
0x0000003b8affec60:   00007ffc022de4e0 0000000000000000
0x0000003b8affec70:   000001ecb30bbab0 000001ecb36a35f8
0x0000003b8affec80:   000001ecac5eae80 0000000000000000
0x0000003b8affec90:   0000000000000000 00007ffc0ca405e2
0x0000003b8affeca0:   0000000000000001 000001ecb36a35f8
0x0000003b8affecb0:   0000000000000000 0000000000000140
0x0000003b8affecc0:   0000000000000001 00007ffc022b9be9
0x0000003b8affecd0:   0000000000000000 000001ecb36a35f8
0x0000003b8affece0:   000001ecac5eae40 0000000000000001
0x0000003b8affecf0:   0000000000000000 000001ecae1c2778
0x0000003b8affed00:   000001ecb36a35f8 000001ecae08fa60
0x0000003b8affed10:   fffffffff8f47838 fffffffffffffffe 

Instructions: (pc=0x00007ffc0ca3fbbe)
0x00007ffc0ca3fabe:   0f b7 83 f0 00 00 00 41 03 ce 48 03 c1 45 33 f6
0x00007ffc0ca3face:   48 8d 3c c2 0f b7 83 f2 00 00 00 48 8d 0c 41 48
0x00007ffc0ca3fade:   8d 34 8a 41 8b d6 0f 1f 40 00 0f 1f 84 00 00 00
0x00007ffc0ca3faee:   00 00 48 63 c2 44 8b ca 48 8d 0c 40 49 8b 04 cc
0x00007ffc0ca3fafe:   4e 8d 04 cf 48 85 c0 0f 84 83 00 00 00 41 8b 5c
0x00007ffc0ca3fb0e:   cc 08 4c 8d 58 b8 4d 85 db 74 75 8b c3 49 03 83
0x00007ffc0ca3fb1e:   a8 00 00 00 49 89 00 4d 8b 44 cc 10 49 83 f8 ff
0x00007ffc0ca3fb2e:   74 36 49 8b 85 a0 00 00 00 48 8b 88 b0 00 00 00
0x00007ffc0ca3fb3e:   48 8b 81 60 0b 00 00 f7 80 e8 07 00 00 00 ae fe
0x00007ffc0ca3fb4e:   03 74 15 f7 80 a8 10 00 00 00 00 00 08 75 09 41
0x00007ffc0ca3fb5e:   8d 4a ff 41 03 c8 eb 0e 41 8b 8b b8 00 00 00 2b
0x00007ffc0ca3fb6e:   cb ff c9 41 03 ca 41 8b c2 f7 d8 23 c8 b8 00 00
0x00007ffc0ca3fb7e:   01 00 3b c8 0f 42 c1 85 c0 75 22 41 8b c2 eb 1d
0x00007ffc0ca3fb8e:   49 8b 85 a0 00 00 00 48 8b 88 d0 00 00 00 48 8b
0x00007ffc0ca3fb9e:   81 f8 2d 02 00 49 89 00 b8 00 01 00 00 ff c2 42
0x00007ffc0ca3fbae:   89 04 8e 3b d5 0f 82 37 ff ff ff e9 b6 fb ff ff
0x00007ffc0ca3fbbe:   49 8b 85 c0 00 00 00 48 6b ca 38 8b 4c 01 20 42
0x00007ffc0ca3fbce:   8d 3c b1 45 33 f6 45 8b d6 44 8d 5f 02 0f 1f 44
0x00007ffc0ca3fbde:   00 00 49 63 c2 48 8d 0c 40 49 8b 04 cc 4d 8d 04
0x00007ffc0ca3fbee:   cc 48 85 c0 74 3c 48 8d 48 b8 48 85 c9 74 33 49
0x00007ffc0ca3fbfe:   8b 50 08 4c 8b 89 a8 00 00 00 4d 8b 40 10 4c 03
0x00007ffc0ca3fc0e:   ca 49 83 f8 ff 75 21 48 8b 81 b8 00 00 00 b9 ff
0x00007ffc0ca3fc1e:   ff ff ff 48 2b c2 44 8b c1 48 3b c1 44 0f 42 c0
0x00007ffc0ca3fc2e:   eb 06 45 8b c6 4d 8b ce 8b 83 f4 00 00 00 41 8d
0x00007ffc0ca3fc3e:   53 ff 41 ff c2 48 8d 0c 47 48 8b 83 e0 00 00 00
0x00007ffc0ca3fc4e:   44 89 0c 88 48 8b 83 f8 00 00 00 44 89 0c b8 83
0x00007ffc0ca3fc5e:   c7 04 8b 83 f4 00 00 00 49 c1 e9 20 48 8d 0c 42
0x00007ffc0ca3fc6e:   48 8b 83 e0 00 00 00 44 89 0c 88 48 8b 83 f8 00
0x00007ffc0ca3fc7e:   00 00 44 89 0c 90 8b 83 f4 00 00 00 49 8d 0c 43
0x00007ffc0ca3fc8e:   48 8b 83 e0 00 00 00 44 89 04 88 48 8b 83 f8 00
0x00007ffc0ca3fc9e:   00 00 46 89 04 98 41 83 c3 04 44 3b d5 0f 82 2f
0x00007ffc0ca3fcae:   ff ff ff e9 be fa ff ff 49 8b 85 c0 00 00 00 48 


Stack slot to memory mapping:
stack at sp + 0 slots: 0x000001ecb36a35f8 points into unknown readable memory: 23 00 00 00 00 00 00 00
stack at sp + 1 slots: 0x000001ecac5eae30 points into unknown readable memory: 23 00 00 00 00 00 00 00
stack at sp + 2 slots: 0x000001ecb36a35f8 points into unknown readable memory: 23 00 00 00 00 00 00 00
stack at sp + 3 slots: 0x00007ffc60b0fde6 ucrtbase.dll
stack at sp + 4 slots: 0x0000000000000001 is an unknown value
stack at sp + 5 slots: 0x0 is NULL
stack at sp + 6 slots: 0x0 is NULL
stack at sp + 7 slots: 0x0 is NULL


---------------  P R O C E S S  ---------------

Threads class SMR info:
_java_thread_list=0x000001ecac432910, length=12, elements={
0x000001ec87eed800, 0x000001ecac137000, 0x000001ecac139800, 0x000001ecac14d000,
0x000001ecac150000, 0x000001ecac151800, 0x000001ecac152800, 0x000001ecac172000,
0x000001ecac17d000, 0x000001ecac131000, 0x000001ecac435800, 0x000001ecac436800
}

Java Threads: ( => current thread )
=>0x000001ec87eed800 JavaThread "main" [_thread_in_native, id=14472, stack(0x0000003b8af00000,0x0000003b8b000000)]
  0x000001ecac137000 JavaThread "Reference Handler" daemon [_thread_blocked, id=11512, stack(0x0000003b8b600000,0x0000003b8b700000)]
  0x000001ecac139800 JavaThread "Finalizer" daemon [_thread_blocked, id=16852, stack(0x0000003b8b700000,0x0000003b8b800000)]
  0x000001ecac14d000 JavaThread "Signal Dispatcher" daemon [_thread_blocked, id=11120, stack(0x0000003b8b800000,0x0000003b8b900000)]
  0x000001ecac150000 JavaThread "Attach Listener" daemon [_thread_blocked, id=7208, stack(0x0000003b8b900000,0x0000003b8ba00000)]
  0x000001ecac151800 JavaThread "Service Thread" daemon [_thread_blocked, id=9296, stack(0x0000003b8ba00000,0x0000003b8bb00000)]
  0x000001ecac152800 JavaThread "C2 CompilerThread0" daemon [_thread_blocked, id=12388, stack(0x0000003b8bb00000,0x0000003b8bc00000)]
  0x000001ecac172000 JavaThread "C1 CompilerThread0" daemon [_thread_blocked, id=14316, stack(0x0000003b8bc00000,0x0000003b8bd00000)]
  0x000001ecac17d000 JavaThread "Sweeper thread" daemon [_thread_blocked, id=2348, stack(0x0000003b8bd00000,0x0000003b8be00000)]
  0x000001ecac131000 JavaThread "Common-Cleaner" daemon [_thread_blocked, id=15576, stack(0x0000003b8be00000,0x0000003b8bf00000)]
  0x000001ecac435800 JavaThread "Monitor Ctrl-Break" daemon [_thread_in_native, id=15488, stack(0x0000003b8bf00000,0x0000003b8c000000)]
  0x000001ecac436800 JavaThread "Notification Thread" daemon [_thread_blocked, id=5912, stack(0x0000003b8c000000,0x0000003b8c100000)]

Other Threads:
  0x000001ecac133000 VMThread "VM Thread" [stack: 0x0000003b8b500000,0x0000003b8b600000] [id=14064]
  0x000001ecac438800 WatcherThread [stack: 0x0000003b8c100000,0x0000003b8c200000] [id=9316]
  0x000001ec87f56000 GCTaskThread "GC Thread#0" [stack: 0x0000003b8b000000,0x0000003b8b100000] [id=7056]
  0x000001ec87f78000 ConcurrentGCThread "G1 Main Marker" [stack: 0x0000003b8b100000,0x0000003b8b200000] [id=6612]
  0x000001ec87f79000 ConcurrentGCThread "G1 Conc#0" [stack: 0x0000003b8b200000,0x0000003b8b300000] [id=10500]
  0x000001ecab7a1000 ConcurrentGCThread "G1 Refine#0" [stack: 0x0000003b8b300000,0x0000003b8b400000] [id=17916]
  0x000001ecab7a2800 ConcurrentGCThread "G1 Young RemSet Sampling" [stack: 0x0000003b8b400000,0x0000003b8b500000] [id=6096]

Threads with active compile tasks:

VM state:not at safepoint (normal execution)

VM Mutex/Monitor currently owned by a thread: None

Heap address: 0x0000000700c00000, size: 4084 MB, Compressed Oops mode: Zero based, Oop shift amount: 3
Narrow klass base: 0x0000000800000000, Narrow klass shift: 3
Compressed class space size: 1073741824 Address: 0x0000000800b30000

Heap:
 garbage-first heap   total 262144K, used 17408K [0x0000000700c00000, 0x0000000800000000)
  region size 1024K, 19 young (19456K), 0 survivors (0K)
 Metaspace       used 6238K, capacity 7713K, committed 7936K, reserved 1056768K
  class space    used 560K, capacity 704K, committed 768K, reserved 1048576K
Heap Regions: E=young(eden), S=young(survivor), O=old, HS=humongous(starts), HC=humongous(continues), CS=collection set, F=free, OA=open archive, CA=closed archive, TAMS=top-at-mark-start (previous, next)
|   0|0x0000000700c00000, 0x0000000700c00000, 0x0000000700d00000|  0%| F|  |TAMS 0x0000000700c00000, 0x0000000700c00000| Untracked 
|   1|0x0000000700d00000, 0x0000000700d00000, 0x0000000700e00000|  0%| F|  |TAMS 0x0000000700d00000, 0x0000000700d00000| Untracked 
|   2|0x0000000700e00000, 0x0000000700e00000, 0x0000000700f00000|  0%| F|  |TAMS 0x0000000700e00000, 0x0000000700e00000| Untracked 
|   3|0x0000000700f00000, 0x0000000700f00000, 0x0000000701000000|  0%| F|  |TAMS 0x0000000700f00000, 0x0000000700f00000| Untracked 
|   4|0x0000000701000000, 0x0000000701000000, 0x0000000701100000|  0%| F|  |TAMS 0x0000000701000000, 0x0000000701000000| Untracked 
|   5|0x0000000701100000, 0x0000000701100000, 0x0000000701200000|  0%| F|  |TAMS 0x0000000701100000, 0x0000000701100000| Untracked 
|   6|0x0000000701200000, 0x0000000701200000, 0x0000000701300000|  0%| F|  |TAMS 0x0000000701200000, 0x0000000701200000| Untracked 
|   7|0x0000000701300000, 0x0000000701300000, 0x0000000701400000|  0%| F|  |TAMS 0x0000000701300000, 0x0000000701300000| Untracked 
|   8|0x0000000701400000, 0x0000000701400000, 0x0000000701500000|  0%| F|  |TAMS 0x0000000701400000, 0x0000000701400000| Untracked 
|   9|0x0000000701500000, 0x0000000701500000, 0x0000000701600000|  0%| F|  |TAMS 0x0000000701500000, 0x0000000701500000| Untracked 
|  10|0x0000000701600000, 0x0000000701600000, 0x0000000701700000|  0%| F|  |TAMS 0x0000000701600000, 0x0000000701600000| Untracked 
|  11|0x0000000701700000, 0x0000000701700000, 0x0000000701800000|  0%| F|  |TAMS 0x0000000701700000, 0x0000000701700000| Untracked 
|  12|0x0000000701800000, 0x0000000701800000, 0x0000000701900000|  0%| F|  |TAMS 0x0000000701800000, 0x0000000701800000| Untracked 
|  13|0x0000000701900000, 0x0000000701900000, 0x0000000701a00000|  0%| F|  |TAMS 0x0000000701900000, 0x0000000701900000| Untracked 
|  14|0x0000000701a00000, 0x0000000701a00000, 0x0000000701b00000|  0%| F|  |TAMS 0x0000000701a00000, 0x0000000701a00000| Untracked 
|  15|0x0000000701b00000, 0x0000000701b00000, 0x0000000701c00000|  0%| F|  |TAMS 0x0000000701b00000, 0x0000000701b00000| Untracked 
|  16|0x0000000701c00000, 0x0000000701c00000, 0x0000000701d00000|  0%| F|  |TAMS 0x0000000701c00000, 0x0000000701c00000| Untracked 
|  17|0x0000000701d00000, 0x0000000701d00000, 0x0000000701e00000|  0%| F|  |TAMS 0x0000000701d00000, 0x0000000701d00000| Untracked 
|  18|0x0000000701e00000, 0x0000000701e00000, 0x0000000701f00000|  0%| F|  |TAMS 0x0000000701e00000, 0x0000000701e00000| Untracked 
|  19|0x0000000701f00000, 0x0000000701f00000, 0x0000000702000000|  0%| F|  |TAMS 0x0000000701f00000, 0x0000000701f00000| Untracked 
|  20|0x0000000702000000, 0x0000000702000000, 0x0000000702100000|  0%| F|  |TAMS 0x0000000702000000, 0x0000000702000000| Untracked 
|  21|0x0000000702100000, 0x0000000702100000, 0x0000000702200000|  0%| F|  |TAMS 0x0000000702100000, 0x0000000702100000| Untracked 
|  22|0x0000000702200000, 0x0000000702200000, 0x0000000702300000|  0%| F|  |TAMS 0x0000000702200000, 0x0000000702200000| Untracked 
|  23|0x0000000702300000, 0x0000000702300000, 0x0000000702400000|  0%| F|  |TAMS 0x0000000702300000, 0x0000000702300000| Untracked 
|  24|0x0000000702400000, 0x0000000702400000, 0x0000000702500000|  0%| F|  |TAMS 0x0000000702400000, 0x0000000702400000| Untracked 
|  25|0x0000000702500000, 0x0000000702500000, 0x0000000702600000|  0%| F|  |TAMS 0x0000000702500000, 0x0000000702500000| Untracked 
|  26|0x0000000702600000, 0x0000000702600000, 0x0000000702700000|  0%| F|  |TAMS 0x0000000702600000, 0x0000000702600000| Untracked 
|  27|0x0000000702700000, 0x0000000702700000, 0x0000000702800000|  0%| F|  |TAMS 0x0000000702700000, 0x0000000702700000| Untracked 
|  28|0x0000000702800000, 0x0000000702800000, 0x0000000702900000|  0%| F|  |TAMS 0x0000000702800000, 0x0000000702800000| Untracked 
|  29|0x0000000702900000, 0x0000000702900000, 0x0000000702a00000|  0%| F|  |TAMS 0x0000000702900000, 0x0000000702900000| Untracked 
|  30|0x0000000702a00000, 0x0000000702a00000, 0x0000000702b00000|  0%| F|  |TAMS 0x0000000702a00000, 0x0000000702a00000| Untracked 
|  31|0x0000000702b00000, 0x0000000702b00000, 0x0000000702c00000|  0%| F|  |TAMS 0x0000000702b00000, 0x0000000702b00000| Untracked 
|  32|0x0000000702c00000, 0x0000000702c00000, 0x0000000702d00000|  0%| F|  |TAMS 0x0000000702c00000, 0x0000000702c00000| Untracked 
|  33|0x0000000702d00000, 0x0000000702d00000, 0x0000000702e00000|  0%| F|  |TAMS 0x0000000702d00000, 0x0000000702d00000| Untracked 
|  34|0x0000000702e00000, 0x0000000702e00000, 0x0000000702f00000|  0%| F|  |TAMS 0x0000000702e00000, 0x0000000702e00000| Untracked 
|  35|0x0000000702f00000, 0x0000000702f00000, 0x0000000703000000|  0%| F|  |TAMS 0x0000000702f00000, 0x0000000702f00000| Untracked 
|  36|0x0000000703000000, 0x0000000703000000, 0x0000000703100000|  0%| F|  |TAMS 0x0000000703000000, 0x0000000703000000| Untracked 
|  37|0x0000000703100000, 0x0000000703100000, 0x0000000703200000|  0%| F|  |TAMS 0x0000000703100000, 0x0000000703100000| Untracked 
|  38|0x0000000703200000, 0x0000000703200000, 0x0000000703300000|  0%| F|  |TAMS 0x0000000703200000, 0x0000000703200000| Untracked 
|  39|0x0000000703300000, 0x0000000703300000, 0x0000000703400000|  0%| F|  |TAMS 0x0000000703300000, 0x0000000703300000| Untracked 
|  40|0x0000000703400000, 0x0000000703400000, 0x0000000703500000|  0%| F|  |TAMS 0x0000000703400000, 0x0000000703400000| Untracked 
|  41|0x0000000703500000, 0x0000000703500000, 0x0000000703600000|  0%| F|  |TAMS 0x0000000703500000, 0x0000000703500000| Untracked 
|  42|0x0000000703600000, 0x0000000703600000, 0x0000000703700000|  0%| F|  |TAMS 0x0000000703600000, 0x0000000703600000| Untracked 
|  43|0x0000000703700000, 0x0000000703700000, 0x0000000703800000|  0%| F|  |TAMS 0x0000000703700000, 0x0000000703700000| Untracked 
|  44|0x0000000703800000, 0x0000000703800000, 0x0000000703900000|  0%| F|  |TAMS 0x0000000703800000, 0x0000000703800000| Untracked 
|  45|0x0000000703900000, 0x0000000703900000, 0x0000000703a00000|  0%| F|  |TAMS 0x0000000703900000, 0x0000000703900000| Untracked 
|  46|0x0000000703a00000, 0x0000000703a00000, 0x0000000703b00000|  0%| F|  |TAMS 0x0000000703a00000, 0x0000000703a00000| Untracked 
|  47|0x0000000703b00000, 0x0000000703b00000, 0x0000000703c00000|  0%| F|  |TAMS 0x0000000703b00000, 0x0000000703b00000| Untracked 
|  48|0x0000000703c00000, 0x0000000703c00000, 0x0000000703d00000|  0%| F|  |TAMS 0x0000000703c00000, 0x0000000703c00000| Untracked 
|  49|0x0000000703d00000, 0x0000000703d00000, 0x0000000703e00000|  0%| F|  |TAMS 0x0000000703d00000, 0x0000000703d00000| Untracked 
|  50|0x0000000703e00000, 0x0000000703e00000, 0x0000000703f00000|  0%| F|  |TAMS 0x0000000703e00000, 0x0000000703e00000| Untracked 
|  51|0x0000000703f00000, 0x0000000703f00000, 0x0000000704000000|  0%| F|  |TAMS 0x0000000703f00000, 0x0000000703f00000| Untracked 
|  52|0x0000000704000000, 0x0000000704000000, 0x0000000704100000|  0%| F|  |TAMS 0x0000000704000000, 0x0000000704000000| Untracked 
|  53|0x0000000704100000, 0x0000000704100000, 0x0000000704200000|  0%| F|  |TAMS 0x0000000704100000, 0x0000000704100000| Untracked 
|  54|0x0000000704200000, 0x0000000704200000, 0x0000000704300000|  0%| F|  |TAMS 0x0000000704200000, 0x0000000704200000| Untracked 
|  55|0x0000000704300000, 0x0000000704300000, 0x0000000704400000|  0%| F|  |TAMS 0x0000000704300000, 0x0000000704300000| Untracked 
|  56|0x0000000704400000, 0x0000000704400000, 0x0000000704500000|  0%| F|  |TAMS 0x0000000704400000, 0x0000000704400000| Untracked 
|  57|0x0000000704500000, 0x0000000704500000, 0x0000000704600000|  0%| F|  |TAMS 0x0000000704500000, 0x0000000704500000| Untracked 
|  58|0x0000000704600000, 0x0000000704600000, 0x0000000704700000|  0%| F|  |TAMS 0x0000000704600000, 0x0000000704600000| Untracked 
|  59|0x0000000704700000, 0x0000000704700000, 0x0000000704800000|  0%| F|  |TAMS 0x0000000704700000, 0x0000000704700000| Untracked 
|  60|0x0000000704800000, 0x0000000704800000, 0x0000000704900000|  0%| F|  |TAMS 0x0000000704800000, 0x0000000704800000| Untracked 
|  61|0x0000000704900000, 0x0000000704900000, 0x0000000704a00000|  0%| F|  |TAMS 0x0000000704900000, 0x0000000704900000| Untracked 
|  62|0x0000000704a00000, 0x0000000704a00000, 0x0000000704b00000|  0%| F|  |TAMS 0x0000000704a00000, 0x0000000704a00000| Untracked 
|  63|0x0000000704b00000, 0x0000000704b00000, 0x0000000704c00000|  0%| F|  |TAMS 0x0000000704b00000, 0x0000000704b00000| Untracked 
|  64|0x0000000704c00000, 0x0000000704c00000, 0x0000000704d00000|  0%| F|  |TAMS 0x0000000704c00000, 0x0000000704c00000| Untracked 
|  65|0x0000000704d00000, 0x0000000704d00000, 0x0000000704e00000|  0%| F|  |TAMS 0x0000000704d00000, 0x0000000704d00000| Untracked 
|  66|0x0000000704e00000, 0x0000000704e00000, 0x0000000704f00000|  0%| F|  |TAMS 0x0000000704e00000, 0x0000000704e00000| Untracked 
|  67|0x0000000704f00000, 0x0000000704f00000, 0x0000000705000000|  0%| F|  |TAMS 0x0000000704f00000, 0x0000000704f00000| Untracked 
|  68|0x0000000705000000, 0x0000000705000000, 0x0000000705100000|  0%| F|  |TAMS 0x0000000705000000, 0x0000000705000000| Untracked 
|  69|0x0000000705100000, 0x0000000705100000, 0x0000000705200000|  0%| F|  |TAMS 0x0000000705100000, 0x0000000705100000| Untracked 
|  70|0x0000000705200000, 0x0000000705200000, 0x0000000705300000|  0%| F|  |TAMS 0x0000000705200000, 0x0000000705200000| Untracked 
|  71|0x0000000705300000, 0x0000000705300000, 0x0000000705400000|  0%| F|  |TAMS 0x0000000705300000, 0x0000000705300000| Untracked 
|  72|0x0000000705400000, 0x0000000705400000, 0x0000000705500000|  0%| F|  |TAMS 0x0000000705400000, 0x0000000705400000| Untracked 
|  73|0x0000000705500000, 0x0000000705500000, 0x0000000705600000|  0%| F|  |TAMS 0x0000000705500000, 0x0000000705500000| Untracked 
|  74|0x0000000705600000, 0x0000000705600000, 0x0000000705700000|  0%| F|  |TAMS 0x0000000705600000, 0x0000000705600000| Untracked 
|  75|0x0000000705700000, 0x0000000705700000, 0x0000000705800000|  0%| F|  |TAMS 0x0000000705700000, 0x0000000705700000| Untracked 
|  76|0x0000000705800000, 0x0000000705800000, 0x0000000705900000|  0%| F|  |TAMS 0x0000000705800000, 0x0000000705800000| Untracked 
|  77|0x0000000705900000, 0x0000000705900000, 0x0000000705a00000|  0%| F|  |TAMS 0x0000000705900000, 0x0000000705900000| Untracked 
|  78|0x0000000705a00000, 0x0000000705a00000, 0x0000000705b00000|  0%| F|  |TAMS 0x0000000705a00000, 0x0000000705a00000| Untracked 
|  79|0x0000000705b00000, 0x0000000705b00000, 0x0000000705c00000|  0%| F|  |TAMS 0x0000000705b00000, 0x0000000705b00000| Untracked 
|  80|0x0000000705c00000, 0x0000000705c00000, 0x0000000705d00000|  0%| F|  |TAMS 0x0000000705c00000, 0x0000000705c00000| Untracked 
|  81|0x0000000705d00000, 0x0000000705d00000, 0x0000000705e00000|  0%| F|  |TAMS 0x0000000705d00000, 0x0000000705d00000| Untracked 
|  82|0x0000000705e00000, 0x0000000705e00000, 0x0000000705f00000|  0%| F|  |TAMS 0x0000000705e00000, 0x0000000705e00000| Untracked 
|  83|0x0000000705f00000, 0x0000000705f00000, 0x0000000706000000|  0%| F|  |TAMS 0x0000000705f00000, 0x0000000705f00000| Untracked 
|  84|0x0000000706000000, 0x0000000706000000, 0x0000000706100000|  0%| F|  |TAMS 0x0000000706000000, 0x0000000706000000| Untracked 
|  85|0x0000000706100000, 0x0000000706100000, 0x0000000706200000|  0%| F|  |TAMS 0x0000000706100000, 0x0000000706100000| Untracked 
|  86|0x0000000706200000, 0x0000000706200000, 0x0000000706300000|  0%| F|  |TAMS 0x0000000706200000, 0x0000000706200000| Untracked 
|  87|0x0000000706300000, 0x0000000706300000, 0x0000000706400000|  0%| F|  |TAMS 0x0000000706300000, 0x0000000706300000| Untracked 
|  88|0x0000000706400000, 0x0000000706400000, 0x0000000706500000|  0%| F|  |TAMS 0x0000000706400000, 0x0000000706400000| Untracked 
|  89|0x0000000706500000, 0x0000000706500000, 0x0000000706600000|  0%| F|  |TAMS 0x0000000706500000, 0x0000000706500000| Untracked 
|  90|0x0000000706600000, 0x0000000706600000, 0x0000000706700000|  0%| F|  |TAMS 0x0000000706600000, 0x0000000706600000| Untracked 
|  91|0x0000000706700000, 0x0000000706700000, 0x0000000706800000|  0%| F|  |TAMS 0x0000000706700000, 0x0000000706700000| Untracked 
|  92|0x0000000706800000, 0x0000000706800000, 0x0000000706900000|  0%| F|  |TAMS 0x0000000706800000, 0x0000000706800000| Untracked 
|  93|0x0000000706900000, 0x0000000706900000, 0x0000000706a00000|  0%| F|  |TAMS 0x0000000706900000, 0x0000000706900000| Untracked 
|  94|0x0000000706a00000, 0x0000000706a00000, 0x0000000706b00000|  0%| F|  |TAMS 0x0000000706a00000, 0x0000000706a00000| Untracked 
|  95|0x0000000706b00000, 0x0000000706b00000, 0x0000000706c00000|  0%| F|  |TAMS 0x0000000706b00000, 0x0000000706b00000| Untracked 
|  96|0x0000000706c00000, 0x0000000706c00000, 0x0000000706d00000|  0%| F|  |TAMS 0x0000000706c00000, 0x0000000706c00000| Untracked 
|  97|0x0000000706d00000, 0x0000000706d00000, 0x0000000706e00000|  0%| F|  |TAMS 0x0000000706d00000, 0x0000000706d00000| Untracked 
|  98|0x0000000706e00000, 0x0000000706e00000, 0x0000000706f00000|  0%| F|  |TAMS 0x0000000706e00000, 0x0000000706e00000| Untracked 
|  99|0x0000000706f00000, 0x0000000706f00000, 0x0000000707000000|  0%| F|  |TAMS 0x0000000706f00000, 0x0000000706f00000| Untracked 
| 100|0x0000000707000000, 0x0000000707000000, 0x0000000707100000|  0%| F|  |TAMS 0x0000000707000000, 0x0000000707000000| Untracked 
| 101|0x0000000707100000, 0x0000000707100000, 0x0000000707200000|  0%| F|  |TAMS 0x0000000707100000, 0x0000000707100000| Untracked 
| 102|0x0000000707200000, 0x0000000707200000, 0x0000000707300000|  0%| F|  |TAMS 0x0000000707200000, 0x0000000707200000| Untracked 
| 103|0x0000000707300000, 0x0000000707300000, 0x0000000707400000|  0%| F|  |TAMS 0x0000000707300000, 0x0000000707300000| Untracked 
| 104|0x0000000707400000, 0x0000000707400000, 0x0000000707500000|  0%| F|  |TAMS 0x0000000707400000, 0x0000000707400000| Untracked 
| 105|0x0000000707500000, 0x0000000707500000, 0x0000000707600000|  0%| F|  |TAMS 0x0000000707500000, 0x0000000707500000| Untracked 
| 106|0x0000000707600000, 0x0000000707600000, 0x0000000707700000|  0%| F|  |TAMS 0x0000000707600000, 0x0000000707600000| Untracked 
| 107|0x0000000707700000, 0x0000000707700000, 0x0000000707800000|  0%| F|  |TAMS 0x0000000707700000, 0x0000000707700000| Untracked 
| 108|0x0000000707800000, 0x0000000707800000, 0x0000000707900000|  0%| F|  |TAMS 0x0000000707800000, 0x0000000707800000| Untracked 
| 109|0x0000000707900000, 0x0000000707900000, 0x0000000707a00000|  0%| F|  |TAMS 0x0000000707900000, 0x0000000707900000| Untracked 
| 110|0x0000000707a00000, 0x0000000707a00000, 0x0000000707b00000|  0%| F|  |TAMS 0x0000000707a00000, 0x0000000707a00000| Untracked 
| 111|0x0000000707b00000, 0x0000000707b00000, 0x0000000707c00000|  0%| F|  |TAMS 0x0000000707b00000, 0x0000000707b00000| Untracked 
| 112|0x0000000707c00000, 0x0000000707c00000, 0x0000000707d00000|  0%| F|  |TAMS 0x0000000707c00000, 0x0000000707c00000| Untracked 
| 113|0x0000000707d00000, 0x0000000707d00000, 0x0000000707e00000|  0%| F|  |TAMS 0x0000000707d00000, 0x0000000707d00000| Untracked 
| 114|0x0000000707e00000, 0x0000000707e00000, 0x0000000707f00000|  0%| F|  |TAMS 0x0000000707e00000, 0x0000000707e00000| Untracked 
| 115|0x0000000707f00000, 0x0000000707f00000, 0x0000000708000000|  0%| F|  |TAMS 0x0000000707f00000, 0x0000000707f00000| Untracked 
| 116|0x0000000708000000, 0x0000000708000000, 0x0000000708100000|  0%| F|  |TAMS 0x0000000708000000, 0x0000000708000000| Untracked 
| 117|0x0000000708100000, 0x0000000708100000, 0x0000000708200000|  0%| F|  |TAMS 0x0000000708100000, 0x0000000708100000| Untracked 
| 118|0x0000000708200000, 0x0000000708200000, 0x0000000708300000|  0%| F|  |TAMS 0x0000000708200000, 0x0000000708200000| Untracked 
| 119|0x0000000708300000, 0x0000000708300000, 0x0000000708400000|  0%| F|  |TAMS 0x0000000708300000, 0x0000000708300000| Untracked 
| 120|0x0000000708400000, 0x0000000708400000, 0x0000000708500000|  0%| F|  |TAMS 0x0000000708400000, 0x0000000708400000| Untracked 
| 121|0x0000000708500000, 0x0000000708500000, 0x0000000708600000|  0%| F|  |TAMS 0x0000000708500000, 0x0000000708500000| Untracked 
| 122|0x0000000708600000, 0x0000000708600000, 0x0000000708700000|  0%| F|  |TAMS 0x0000000708600000, 0x0000000708600000| Untracked 
| 123|0x0000000708700000, 0x0000000708700000, 0x0000000708800000|  0%| F|  |TAMS 0x0000000708700000, 0x0000000708700000| Untracked 
| 124|0x0000000708800000, 0x0000000708800000, 0x0000000708900000|  0%| F|  |TAMS 0x0000000708800000, 0x0000000708800000| Untracked 
| 125|0x0000000708900000, 0x0000000708900000, 0x0000000708a00000|  0%| F|  |TAMS 0x0000000708900000, 0x0000000708900000| Untracked 
| 126|0x0000000708a00000, 0x0000000708a00000, 0x0000000708b00000|  0%| F|  |TAMS 0x0000000708a00000, 0x0000000708a00000| Untracked 
| 127|0x0000000708b00000, 0x0000000708b00000, 0x0000000708c00000|  0%| F|  |TAMS 0x0000000708b00000, 0x0000000708b00000| Untracked 
| 128|0x0000000708c00000, 0x0000000708c00000, 0x0000000708d00000|  0%| F|  |TAMS 0x0000000708c00000, 0x0000000708c00000| Untracked 
| 129|0x0000000708d00000, 0x0000000708d00000, 0x0000000708e00000|  0%| F|  |TAMS 0x0000000708d00000, 0x0000000708d00000| Untracked 
| 130|0x0000000708e00000, 0x0000000708e00000, 0x0000000708f00000|  0%| F|  |TAMS 0x0000000708e00000, 0x0000000708e00000| Untracked 
| 131|0x0000000708f00000, 0x0000000708f00000, 0x0000000709000000|  0%| F|  |TAMS 0x0000000708f00000, 0x0000000708f00000| Untracked 
| 132|0x0000000709000000, 0x0000000709000000, 0x0000000709100000|  0%| F|  |TAMS 0x0000000709000000, 0x0000000709000000| Untracked 
| 133|0x0000000709100000, 0x0000000709100000, 0x0000000709200000|  0%| F|  |TAMS 0x0000000709100000, 0x0000000709100000| Untracked 
| 134|0x0000000709200000, 0x0000000709200000, 0x0000000709300000|  0%| F|  |TAMS 0x0000000709200000, 0x0000000709200000| Untracked 
| 135|0x0000000709300000, 0x0000000709300000, 0x0000000709400000|  0%| F|  |TAMS 0x0000000709300000, 0x0000000709300000| Untracked 
| 136|0x0000000709400000, 0x0000000709400000, 0x0000000709500000|  0%| F|  |TAMS 0x0000000709400000, 0x0000000709400000| Untracked 
| 137|0x0000000709500000, 0x0000000709500000, 0x0000000709600000|  0%| F|  |TAMS 0x0000000709500000, 0x0000000709500000| Untracked 
| 138|0x0000000709600000, 0x0000000709600000, 0x0000000709700000|  0%| F|  |TAMS 0x0000000709600000, 0x0000000709600000| Untracked 
| 139|0x0000000709700000, 0x0000000709700000, 0x0000000709800000|  0%| F|  |TAMS 0x0000000709700000, 0x0000000709700000| Untracked 
| 140|0x0000000709800000, 0x0000000709800000, 0x0000000709900000|  0%| F|  |TAMS 0x0000000709800000, 0x0000000709800000| Untracked 
| 141|0x0000000709900000, 0x0000000709900000, 0x0000000709a00000|  0%| F|  |TAMS 0x0000000709900000, 0x0000000709900000| Untracked 
| 142|0x0000000709a00000, 0x0000000709a00000, 0x0000000709b00000|  0%| F|  |TAMS 0x0000000709a00000, 0x0000000709a00000| Untracked 
| 143|0x0000000709b00000, 0x0000000709b00000, 0x0000000709c00000|  0%| F|  |TAMS 0x0000000709b00000, 0x0000000709b00000| Untracked 
| 144|0x0000000709c00000, 0x0000000709c00000, 0x0000000709d00000|  0%| F|  |TAMS 0x0000000709c00000, 0x0000000709c00000| Untracked 
| 145|0x0000000709d00000, 0x0000000709d00000, 0x0000000709e00000|  0%| F|  |TAMS 0x0000000709d00000, 0x0000000709d00000| Untracked 
| 146|0x0000000709e00000, 0x0000000709e00000, 0x0000000709f00000|  0%| F|  |TAMS 0x0000000709e00000, 0x0000000709e00000| Untracked 
| 147|0x0000000709f00000, 0x0000000709f00000, 0x000000070a000000|  0%| F|  |TAMS 0x0000000709f00000, 0x0000000709f00000| Untracked 
| 148|0x000000070a000000, 0x000000070a000000, 0x000000070a100000|  0%| F|  |TAMS 0x000000070a000000, 0x000000070a000000| Untracked 
| 149|0x000000070a100000, 0x000000070a100000, 0x000000070a200000|  0%| F|  |TAMS 0x000000070a100000, 0x000000070a100000| Untracked 
| 150|0x000000070a200000, 0x000000070a200000, 0x000000070a300000|  0%| F|  |TAMS 0x000000070a200000, 0x000000070a200000| Untracked 
| 151|0x000000070a300000, 0x000000070a300000, 0x000000070a400000|  0%| F|  |TAMS 0x000000070a300000, 0x000000070a300000| Untracked 
| 152|0x000000070a400000, 0x000000070a400000, 0x000000070a500000|  0%| F|  |TAMS 0x000000070a400000, 0x000000070a400000| Untracked 
| 153|0x000000070a500000, 0x000000070a500000, 0x000000070a600000|  0%| F|  |TAMS 0x000000070a500000, 0x000000070a500000| Untracked 
| 154|0x000000070a600000, 0x000000070a600000, 0x000000070a700000|  0%| F|  |TAMS 0x000000070a600000, 0x000000070a600000| Untracked 
| 155|0x000000070a700000, 0x000000070a700000, 0x000000070a800000|  0%| F|  |TAMS 0x000000070a700000, 0x000000070a700000| Untracked 
| 156|0x000000070a800000, 0x000000070a800000, 0x000000070a900000|  0%| F|  |TAMS 0x000000070a800000, 0x000000070a800000| Untracked 
| 157|0x000000070a900000, 0x000000070a900000, 0x000000070aa00000|  0%| F|  |TAMS 0x000000070a900000, 0x000000070a900000| Untracked 
| 158|0x000000070aa00000, 0x000000070aa00000, 0x000000070ab00000|  0%| F|  |TAMS 0x000000070aa00000, 0x000000070aa00000| Untracked 
| 159|0x000000070ab00000, 0x000000070ab00000, 0x000000070ac00000|  0%| F|  |TAMS 0x000000070ab00000, 0x000000070ab00000| Untracked 
| 160|0x000000070ac00000, 0x000000070ac00000, 0x000000070ad00000|  0%| F|  |TAMS 0x000000070ac00000, 0x000000070ac00000| Untracked 
| 161|0x000000070ad00000, 0x000000070ad00000, 0x000000070ae00000|  0%| F|  |TAMS 0x000000070ad00000, 0x000000070ad00000| Untracked 
| 162|0x000000070ae00000, 0x000000070ae00000, 0x000000070af00000|  0%| F|  |TAMS 0x000000070ae00000, 0x000000070ae00000| Untracked 
| 163|0x000000070af00000, 0x000000070af00000, 0x000000070b000000|  0%| F|  |TAMS 0x000000070af00000, 0x000000070af00000| Untracked 
| 164|0x000000070b000000, 0x000000070b000000, 0x000000070b100000|  0%| F|  |TAMS 0x000000070b000000, 0x000000070b000000| Untracked 
| 165|0x000000070b100000, 0x000000070b100000, 0x000000070b200000|  0%| F|  |TAMS 0x000000070b100000, 0x000000070b100000| Untracked 
| 166|0x000000070b200000, 0x000000070b200000, 0x000000070b300000|  0%| F|  |TAMS 0x000000070b200000, 0x000000070b200000| Untracked 
| 167|0x000000070b300000, 0x000000070b300000, 0x000000070b400000|  0%| F|  |TAMS 0x000000070b300000, 0x000000070b300000| Untracked 
| 168|0x000000070b400000, 0x000000070b400000, 0x000000070b500000|  0%| F|  |TAMS 0x000000070b400000, 0x000000070b400000| Untracked 
| 169|0x000000070b500000, 0x000000070b500000, 0x000000070b600000|  0%| F|  |TAMS 0x000000070b500000, 0x000000070b500000| Untracked 
| 170|0x000000070b600000, 0x000000070b600000, 0x000000070b700000|  0%| F|  |TAMS 0x000000070b600000, 0x000000070b600000| Untracked 
| 171|0x000000070b700000, 0x000000070b700000, 0x000000070b800000|  0%| F|  |TAMS 0x000000070b700000, 0x000000070b700000| Untracked 
| 172|0x000000070b800000, 0x000000070b800000, 0x000000070b900000|  0%| F|  |TAMS 0x000000070b800000, 0x000000070b800000| Untracked 
| 173|0x000000070b900000, 0x000000070b900000, 0x000000070ba00000|  0%| F|  |TAMS 0x000000070b900000, 0x000000070b900000| Untracked 
| 174|0x000000070ba00000, 0x000000070ba00000, 0x000000070bb00000|  0%| F|  |TAMS 0x000000070ba00000, 0x000000070ba00000| Untracked 
| 175|0x000000070bb00000, 0x000000070bb00000, 0x000000070bc00000|  0%| F|  |TAMS 0x000000070bb00000, 0x000000070bb00000| Untracked 
| 176|0x000000070bc00000, 0x000000070bc00000, 0x000000070bd00000|  0%| F|  |TAMS 0x000000070bc00000, 0x000000070bc00000| Untracked 
| 177|0x000000070bd00000, 0x000000070bd00000, 0x000000070be00000|  0%| F|  |TAMS 0x000000070bd00000, 0x000000070bd00000| Untracked 
| 178|0x000000070be00000, 0x000000070be00000, 0x000000070bf00000|  0%| F|  |TAMS 0x000000070be00000, 0x000000070be00000| Untracked 
| 179|0x000000070bf00000, 0x000000070bf00000, 0x000000070c000000|  0%| F|  |TAMS 0x000000070bf00000, 0x000000070bf00000| Untracked 
| 180|0x000000070c000000, 0x000000070c000000, 0x000000070c100000|  0%| F|  |TAMS 0x000000070c000000, 0x000000070c000000| Untracked 
| 181|0x000000070c100000, 0x000000070c100000, 0x000000070c200000|  0%| F|  |TAMS 0x000000070c100000, 0x000000070c100000| Untracked 
| 182|0x000000070c200000, 0x000000070c200000, 0x000000070c300000|  0%| F|  |TAMS 0x000000070c200000, 0x000000070c200000| Untracked 
| 183|0x000000070c300000, 0x000000070c300000, 0x000000070c400000|  0%| F|  |TAMS 0x000000070c300000, 0x000000070c300000| Untracked 
| 184|0x000000070c400000, 0x000000070c400000, 0x000000070c500000|  0%| F|  |TAMS 0x000000070c400000, 0x000000070c400000| Untracked 
| 185|0x000000070c500000, 0x000000070c500000, 0x000000070c600000|  0%| F|  |TAMS 0x000000070c500000, 0x000000070c500000| Untracked 
| 186|0x000000070c600000, 0x000000070c600000, 0x000000070c700000|  0%| F|  |TAMS 0x000000070c600000, 0x000000070c600000| Untracked 
| 187|0x000000070c700000, 0x000000070c700000, 0x000000070c800000|  0%| F|  |TAMS 0x000000070c700000, 0x000000070c700000| Untracked 
| 188|0x000000070c800000, 0x000000070c800000, 0x000000070c900000|  0%| F|  |TAMS 0x000000070c800000, 0x000000070c800000| Untracked 
| 189|0x000000070c900000, 0x000000070c900000, 0x000000070ca00000|  0%| F|  |TAMS 0x000000070c900000, 0x000000070c900000| Untracked 
| 190|0x000000070ca00000, 0x000000070ca00000, 0x000000070cb00000|  0%| F|  |TAMS 0x000000070ca00000, 0x000000070ca00000| Untracked 
| 191|0x000000070cb00000, 0x000000070cb00000, 0x000000070cc00000|  0%| F|  |TAMS 0x000000070cb00000, 0x000000070cb00000| Untracked 
| 192|0x000000070cc00000, 0x000000070cc00000, 0x000000070cd00000|  0%| F|  |TAMS 0x000000070cc00000, 0x000000070cc00000| Untracked 
| 193|0x000000070cd00000, 0x000000070cd00000, 0x000000070ce00000|  0%| F|  |TAMS 0x000000070cd00000, 0x000000070cd00000| Untracked 
| 194|0x000000070ce00000, 0x000000070ce00000, 0x000000070cf00000|  0%| F|  |TAMS 0x000000070ce00000, 0x000000070ce00000| Untracked 
| 195|0x000000070cf00000, 0x000000070cf00000, 0x000000070d000000|  0%| F|  |TAMS 0x000000070cf00000, 0x000000070cf00000| Untracked 
| 196|0x000000070d000000, 0x000000070d000000, 0x000000070d100000|  0%| F|  |TAMS 0x000000070d000000, 0x000000070d000000| Untracked 
| 197|0x000000070d100000, 0x000000070d100000, 0x000000070d200000|  0%| F|  |TAMS 0x000000070d100000, 0x000000070d100000| Untracked 
| 198|0x000000070d200000, 0x000000070d200000, 0x000000070d300000|  0%| F|  |TAMS 0x000000070d200000, 0x000000070d200000| Untracked 
| 199|0x000000070d300000, 0x000000070d300000, 0x000000070d400000|  0%| F|  |TAMS 0x000000070d300000, 0x000000070d300000| Untracked 
| 200|0x000000070d400000, 0x000000070d400000, 0x000000070d500000|  0%| F|  |TAMS 0x000000070d400000, 0x000000070d400000| Untracked 
| 201|0x000000070d500000, 0x000000070d500000, 0x000000070d600000|  0%| F|  |TAMS 0x000000070d500000, 0x000000070d500000| Untracked 
| 202|0x000000070d600000, 0x000000070d600000, 0x000000070d700000|  0%| F|  |TAMS 0x000000070d600000, 0x000000070d600000| Untracked 
| 203|0x000000070d700000, 0x000000070d700000, 0x000000070d800000|  0%| F|  |TAMS 0x000000070d700000, 0x000000070d700000| Untracked 
| 204|0x000000070d800000, 0x000000070d800000, 0x000000070d900000|  0%| F|  |TAMS 0x000000070d800000, 0x000000070d800000| Untracked 
| 205|0x000000070d900000, 0x000000070d900000, 0x000000070da00000|  0%| F|  |TAMS 0x000000070d900000, 0x000000070d900000| Untracked 
| 206|0x000000070da00000, 0x000000070da00000, 0x000000070db00000|  0%| F|  |TAMS 0x000000070da00000, 0x000000070da00000| Untracked 
| 207|0x000000070db00000, 0x000000070db00000, 0x000000070dc00000|  0%| F|  |TAMS 0x000000070db00000, 0x000000070db00000| Untracked 
| 208|0x000000070dc00000, 0x000000070dc00000, 0x000000070dd00000|  0%| F|  |TAMS 0x000000070dc00000, 0x000000070dc00000| Untracked 
| 209|0x000000070dd00000, 0x000000070dd00000, 0x000000070de00000|  0%| F|  |TAMS 0x000000070dd00000, 0x000000070dd00000| Untracked 
| 210|0x000000070de00000, 0x000000070de00000, 0x000000070df00000|  0%| F|  |TAMS 0x000000070de00000, 0x000000070de00000| Untracked 
| 211|0x000000070df00000, 0x000000070df00000, 0x000000070e000000|  0%| F|  |TAMS 0x000000070df00000, 0x000000070df00000| Untracked 
| 212|0x000000070e000000, 0x000000070e000000, 0x000000070e100000|  0%| F|  |TAMS 0x000000070e000000, 0x000000070e000000| Untracked 
| 213|0x000000070e100000, 0x000000070e100000, 0x000000070e200000|  0%| F|  |TAMS 0x000000070e100000, 0x000000070e100000| Untracked 
| 214|0x000000070e200000, 0x000000070e200000, 0x000000070e300000|  0%| F|  |TAMS 0x000000070e200000, 0x000000070e200000| Untracked 
| 215|0x000000070e300000, 0x000000070e300000, 0x000000070e400000|  0%| F|  |TAMS 0x000000070e300000, 0x000000070e300000| Untracked 
| 216|0x000000070e400000, 0x000000070e400000, 0x000000070e500000|  0%| F|  |TAMS 0x000000070e400000, 0x000000070e400000| Untracked 
| 217|0x000000070e500000, 0x000000070e500000, 0x000000070e600000|  0%| F|  |TAMS 0x000000070e500000, 0x000000070e500000| Untracked 
| 218|0x000000070e600000, 0x000000070e600000, 0x000000070e700000|  0%| F|  |TAMS 0x000000070e600000, 0x000000070e600000| Untracked 
| 219|0x000000070e700000, 0x000000070e700000, 0x000000070e800000|  0%| F|  |TAMS 0x000000070e700000, 0x000000070e700000| Untracked 
| 220|0x000000070e800000, 0x000000070e800000, 0x000000070e900000|  0%| F|  |TAMS 0x000000070e800000, 0x000000070e800000| Untracked 
| 221|0x000000070e900000, 0x000000070e900000, 0x000000070ea00000|  0%| F|  |TAMS 0x000000070e900000, 0x000000070e900000| Untracked 
| 222|0x000000070ea00000, 0x000000070ea00000, 0x000000070eb00000|  0%| F|  |TAMS 0x000000070ea00000, 0x000000070ea00000| Untracked 
| 223|0x000000070eb00000, 0x000000070eb00000, 0x000000070ec00000|  0%| F|  |TAMS 0x000000070eb00000, 0x000000070eb00000| Untracked 
| 224|0x000000070ec00000, 0x000000070ec00000, 0x000000070ed00000|  0%| F|  |TAMS 0x000000070ec00000, 0x000000070ec00000| Untracked 
| 225|0x000000070ed00000, 0x000000070ed00000, 0x000000070ee00000|  0%| F|  |TAMS 0x000000070ed00000, 0x000000070ed00000| Untracked 
| 226|0x000000070ee00000, 0x000000070ee00000, 0x000000070ef00000|  0%| F|  |TAMS 0x000000070ee00000, 0x000000070ee00000| Untracked 
| 227|0x000000070ef00000, 0x000000070ef00000, 0x000000070f000000|  0%| F|  |TAMS 0x000000070ef00000, 0x000000070ef00000| Untracked 
| 228|0x000000070f000000, 0x000000070f000000, 0x000000070f100000|  0%| F|  |TAMS 0x000000070f000000, 0x000000070f000000| Untracked 
| 229|0x000000070f100000, 0x000000070f100000, 0x000000070f200000|  0%| F|  |TAMS 0x000000070f100000, 0x000000070f100000| Untracked 
| 230|0x000000070f200000, 0x000000070f200000, 0x000000070f300000|  0%| F|  |TAMS 0x000000070f200000, 0x000000070f200000| Untracked 
| 231|0x000000070f300000, 0x000000070f300000, 0x000000070f400000|  0%| F|  |TAMS 0x000000070f300000, 0x000000070f300000| Untracked 
| 232|0x000000070f400000, 0x000000070f400000, 0x000000070f500000|  0%| F|  |TAMS 0x000000070f400000, 0x000000070f400000| Untracked 
| 233|0x000000070f500000, 0x000000070f500000, 0x000000070f600000|  0%| F|  |TAMS 0x000000070f500000, 0x000000070f500000| Untracked 
| 234|0x000000070f600000, 0x000000070f600000, 0x000000070f700000|  0%| F|  |TAMS 0x000000070f600000, 0x000000070f600000| Untracked 
| 235|0x000000070f700000, 0x000000070f700000, 0x000000070f800000|  0%| F|  |TAMS 0x000000070f700000, 0x000000070f700000| Untracked 
| 236|0x000000070f800000, 0x000000070f800000, 0x000000070f900000|  0%| F|  |TAMS 0x000000070f800000, 0x000000070f800000| Untracked 
| 237|0x000000070f900000, 0x000000070f9d8ff0, 0x000000070fa00000| 84%| E|  |TAMS 0x000000070f900000, 0x000000070f900000| Complete 
| 238|0x000000070fa00000, 0x000000070fb00000, 0x000000070fb00000|100%| E|CS|TAMS 0x000000070fa00000, 0x000000070fa00000| Complete 
| 239|0x000000070fb00000, 0x000000070fc00000, 0x000000070fc00000|100%| E|CS|TAMS 0x000000070fb00000, 0x000000070fb00000| Complete 
| 240|0x000000070fc00000, 0x000000070fd00000, 0x000000070fd00000|100%| E|CS|TAMS 0x000000070fc00000, 0x000000070fc00000| Complete 
| 241|0x000000070fd00000, 0x000000070fe00000, 0x000000070fe00000|100%| E|CS|TAMS 0x000000070fd00000, 0x000000070fd00000| Complete 
| 242|0x000000070fe00000, 0x000000070ff00000, 0x000000070ff00000|100%| E|CS|TAMS 0x000000070fe00000, 0x000000070fe00000| Complete 
| 243|0x000000070ff00000, 0x0000000710000000, 0x0000000710000000|100%| E|CS|TAMS 0x000000070ff00000, 0x000000070ff00000| Complete 
| 244|0x0000000710000000, 0x0000000710100000, 0x0000000710100000|100%| E|CS|TAMS 0x0000000710000000, 0x0000000710000000| Complete 
| 245|0x0000000710100000, 0x0000000710200000, 0x0000000710200000|100%| E|CS|TAMS 0x0000000710100000, 0x0000000710100000| Complete 
| 246|0x0000000710200000, 0x0000000710300000, 0x0000000710300000|100%| E|  |TAMS 0x0000000710200000, 0x0000000710200000| Complete 
| 247|0x0000000710300000, 0x0000000710400000, 0x0000000710400000|100%| E|CS|TAMS 0x0000000710300000, 0x0000000710300000| Complete 
| 248|0x0000000710400000, 0x0000000710500000, 0x0000000710500000|100%| E|CS|TAMS 0x0000000710400000, 0x0000000710400000| Complete 
| 249|0x0000000710500000, 0x0000000710600000, 0x0000000710600000|100%| E|CS|TAMS 0x0000000710500000, 0x0000000710500000| Complete 
| 250|0x0000000710600000, 0x0000000710700000, 0x0000000710700000|100%| E|CS|TAMS 0x0000000710600000, 0x0000000710600000| Complete 
| 251|0x0000000710700000, 0x0000000710800000, 0x0000000710800000|100%| E|CS|TAMS 0x0000000710700000, 0x0000000710700000| Complete 
| 252|0x0000000710800000, 0x0000000710900000, 0x0000000710900000|100%| E|CS|TAMS 0x0000000710800000, 0x0000000710800000| Complete 
| 253|0x0000000710900000, 0x0000000710a00000, 0x0000000710a00000|100%| E|CS|TAMS 0x0000000710900000, 0x0000000710900000| Complete 
| 254|0x0000000710a00000, 0x0000000710b00000, 0x0000000710b00000|100%| E|CS|TAMS 0x0000000710a00000, 0x0000000710a00000| Complete 
| 255|0x0000000710b00000, 0x0000000710c00000, 0x0000000710c00000|100%| E|CS|TAMS 0x0000000710b00000, 0x0000000710b00000| Complete 

Card table byte_map: [0x000001ec9ffa0000,0x000001eca07a0000] _byte_map_base: 0x000001ec9c79a000

Marking Bits (Prev, Next): (CMBitMap*) 0x000001ec87f56818, (CMBitMap*) 0x000001ec87f56858
 Prev Bits: [0x000001eca0fa0000, 0x000001eca4f70000)
 Next Bits: [0x000001eca4f70000, 0x000001eca8f40000)

Polling page: 0x000001ec85ec0000

Metaspace:

Usage:
  Non-class:      6.85 MB capacity,     5.60 MB ( 82%) used,     1.24 MB ( 18%) free+waste,    12.13 KB ( <1%) overhead. 
      Class:    706.00 KB capacity,   567.27 KB ( 80%) used,   132.41 KB ( 19%) free+waste,     6.31 KB ( <1%) overhead. 
       Both:      7.54 MB capacity,     6.15 MB ( 82%) used,     1.37 MB ( 18%) free+waste,    18.44 KB ( <1%) overhead. 

Virtual space:
  Non-class space:        8.00 MB reserved,       7.00 MB ( 88%) committed 
      Class space:        1.00 GB reserved,     768.00 KB ( <1%) committed 
             Both:        1.01 GB reserved,       7.75 MB ( <1%) committed 

Chunk freelists:
   Non-Class:  25.00 KB
       Class:  0 bytes
        Both:  25.00 KB

MaxMetaspaceSize: 17179869184.00 GB
CompressedClassSpaceSize: 1.00 GB

CodeHeap 'non-profiled nmethods': size=120000Kb used=340Kb max_used=340Kb free=119659Kb
 bounds [0x000001ec98160000, 0x000001ec983d0000, 0x000001ec9f690000]
CodeHeap 'profiled nmethods': size=120000Kb used=1911Kb max_used=1911Kb free=118088Kb
 bounds [0x000001ec90c30000, 0x000001ec90ea0000, 0x000001ec98160000]
CodeHeap 'non-nmethods': size=5760Kb used=1576Kb max_used=1589Kb free=4183Kb
 bounds [0x000001ec90690000, 0x000001ec90900000, 0x000001ec90c30000]
 total_blobs=2469 nmethods=1032 adapters=870
 compilation: enabled
              stopped_count=0, restarted_count=0
 full_count=0

Compilation events (20 events):
Event: 0.880 Thread 0x000001ecac172000 1020       3       org.lwjgl.system.Struct$Layout::offsetof (10 bytes)
Event: 0.880 Thread 0x000001ecac172000 nmethod 1020 0x000001ec90e08390 code [0x000001ec90e08520, 0x000001ec90e08678]
Event: 0.881 Thread 0x000001ecac172000 1021       3       java.util.ArrayDeque::poll (5 bytes)
Event: 0.881 Thread 0x000001ecac172000 nmethod 1021 0x000001ec90e08790 code [0x000001ec90e08940, 0x000001ec90e08aa8]
Event: 0.881 Thread 0x000001ecac172000 1022   !   3       java.util.zip.ZipFile$ZipFileInputStream::read (135 bytes)
Event: 0.881 Thread 0x000001ecac172000 nmethod 1022 0x000001ec90e08b90 code [0x000001ec90e08da0, 0x000001ec90e09518]
Event: 0.881 Thread 0x000001ecac172000 1023       3       java.util.zip.ZipFile::ensureOpenOrZipException (19 bytes)
Event: 0.882 Thread 0x000001ecac172000 nmethod 1023 0x000001ec90e09890 code [0x000001ec90e09a40, 0x000001ec90e09c28]
Event: 0.882 Thread 0x000001ecac172000 1024       3       java.util.zip.ZipFile$ZipFileInputStream::initDataOffset (117 bytes)
Event: 0.882 Thread 0x000001ecac172000 nmethod 1024 0x000001ec90e09d10 code [0x000001ec90e09f40, 0x000001ec90e0a708]
Event: 0.882 Thread 0x000001ecac172000 1025       3       org.lwjgl.system.Struct::__member (7 bytes)
Event: 0.882 Thread 0x000001ecac172000 nmethod 1025 0x000001ec90e0aa10 code [0x000001ec90e0abc0, 0x000001ec90e0ae38]
Event: 0.882 Thread 0x000001ecac172000 1026       3       org.lwjgl.system.Struct::__member (11 bytes)
Event: 0.882 Thread 0x000001ecac172000 nmethod 1026 0x000001ec90e0af90 code [0x000001ec90e0b140, 0x000001ec90e0b358]
Event: 0.882 Thread 0x000001ecac172000 1027       3       org.lwjgl.system.Struct::__member (6 bytes)
Event: 0.882 Thread 0x000001ecac172000 nmethod 1027 0x000001ec90e0b490 code [0x000001ec90e0b640, 0x000001ec90e0b918]
Event: 0.891 Thread 0x000001ecac172000 1028       3       java.util.zip.ZipFile$ZipFileInflaterInputStream::fill (80 bytes)
Event: 0.892 Thread 0x000001ecac172000 nmethod 1028 0x000001ec90e0ba90 code [0x000001ec90e0bc60, 0x000001ec90e0c008]
Event: 0.892 Thread 0x000001ecac172000 1029   !   3       java.util.zip.Inflater::setInput (69 bytes)
Event: 0.892 Thread 0x000001ecac172000 nmethod 1029 0x000001ec90e0c190 code [0x000001ec90e0c360, 0x000001ec90e0c828]

GC Heap History (0 events):
No events

Deoptimization events (20 events):
Event: 0.226 Thread 0x000001ec87eed800 DEOPT PACKING pc=0x000001ec9816d788 sp=0x0000003b8affce80
Event: 0.226 Thread 0x000001ec87eed800 DEOPT UNPACKING pc=0x000001ec906d912f sp=0x0000003b8affce20 mode 2
Event: 0.549 Thread 0x000001ec87eed800 DEOPT PACKING pc=0x000001ec90d96c9f sp=0x0000003b8affd360
Event: 0.549 Thread 0x000001ec87eed800 DEOPT UNPACKING pc=0x000001ec906d964e sp=0x0000003b8affc8f0 mode 0
Event: 0.550 Thread 0x000001ec87eed800 DEOPT PACKING pc=0x000001ec90d96c9f sp=0x0000003b8affd360
Event: 0.550 Thread 0x000001ec87eed800 DEOPT UNPACKING pc=0x000001ec906d964e sp=0x0000003b8affc8f0 mode 0
Event: 0.550 Thread 0x000001ec87eed800 DEOPT PACKING pc=0x000001ec90d96c9f sp=0x0000003b8affd360
Event: 0.550 Thread 0x000001ec87eed800 DEOPT UNPACKING pc=0x000001ec906d964e sp=0x0000003b8affc8f0 mode 0
Event: 0.551 Thread 0x000001ec87eed800 DEOPT PACKING pc=0x000001ec90d96c9f sp=0x0000003b8affd380
Event: 0.551 Thread 0x000001ec87eed800 DEOPT UNPACKING pc=0x000001ec906d964e sp=0x0000003b8affc8f8 mode 0
Event: 0.551 Thread 0x000001ec87eed800 DEOPT PACKING pc=0x000001ec90d96c9f sp=0x0000003b8affd380
Event: 0.551 Thread 0x000001ec87eed800 DEOPT UNPACKING pc=0x000001ec906d964e sp=0x0000003b8affc8f8 mode 0
Event: 0.552 Thread 0x000001ec87eed800 DEOPT PACKING pc=0x000001ec90d96c9f sp=0x0000003b8affd380
Event: 0.552 Thread 0x000001ec87eed800 DEOPT UNPACKING pc=0x000001ec906d964e sp=0x0000003b8affc8f8 mode 0
Event: 0.552 Thread 0x000001ec87eed800 DEOPT PACKING pc=0x000001ec90d96c9f sp=0x0000003b8affd380
Event: 0.552 Thread 0x000001ec87eed800 DEOPT UNPACKING pc=0x000001ec906d964e sp=0x0000003b8affc8f8 mode 0
Event: 0.557 Thread 0x000001ec87eed800 Uncommon trap: trap_request=0xffffff5c fr.pc=0x000001ec981a8c08 relative=0x0000000000000068
Event: 0.557 Thread 0x000001ec87eed800 Uncommon trap: reason=speculate_null_check action=make_not_entrant pc=0x000001ec981a8c08 method=sun.misc.Unsafe.putLong(Ljava/lang/Object;JJ)V @ 7 c2
Event: 0.557 Thread 0x000001ec87eed800 DEOPT PACKING pc=0x000001ec981a8c08 sp=0x0000003b8affee10
Event: 0.557 Thread 0x000001ec87eed800 DEOPT UNPACKING pc=0x000001ec906d912f sp=0x0000003b8affed88 mode 2

Classes unloaded (0 events):
No events

Classes redefined (0 events):
No events

Internal exceptions (20 events):
Event: 0.173 Thread 0x000001ec87eed800 Exception <a 'sun/nio/fs/WindowsException'{0x00000007107928a8}> (0x00000007107928a8) 
thrown [t:/workspace/open/src/hotspot/share/prims/jni.cpp, line 599]
Event: 0.209 Thread 0x000001ec87eed800 Exception <a 'java/lang/ClassNotFoundException'{0x000000071057c700}: org/apache/log4j/PatternLayoutBeanInfo> (0x000000071057c700) 
thrown [t:/workspace/open/src/hotspot/share/classfile/systemDictionary.cpp, line 226]
Event: 0.209 Thread 0x000001ec87eed800 Exception <a 'java/lang/ClassNotFoundException'{0x000000071058a5e0}: org/apache/log4j/LayoutBeanInfo> (0x000000071058a5e0) 
thrown [t:/workspace/open/src/hotspot/share/classfile/systemDictionary.cpp, line 226]
Event: 0.209 Thread 0x000001ec87eed800 Exception <a 'java/lang/ClassNotFoundException'{0x000000071058b038}: java/lang/ObjectBeanInfo> (0x000000071058b038) 
thrown [t:/workspace/open/src/hotspot/share/classfile/systemDictionary.cpp, line 226]
Event: 0.210 Thread 0x000001ec87eed800 Exception <a 'java/lang/ClassNotFoundException'{0x000000071058e2a0}: java/lang/ObjectCustomizer> (0x000000071058e2a0) 
thrown [t:/workspace/open/src/hotspot/share/classfile/systemDictionary.cpp, line 226]
Event: 0.214 Thread 0x000001ec87eed800 Exception <a 'java/lang/IncompatibleClassChangeError'{0x0000000710595f60}: Found class java.lang.Object, but interface was expected> (0x0000000710595f60) 
thrown [t:/workspace/open/src/hotspot/share/interpreter/linkResolver.cpp, line 832]
Event: 0.224 Thread 0x000001ec87eed800 Exception <a 'java/lang/ClassNotFoundException'{0x00000007105e38a8}: org/apache/log4j/LayoutCustomizer> (0x00000007105e38a8) 
thrown [t:/workspace/open/src/hotspot/share/classfile/systemDictionary.cpp, line 226]
Event: 0.226 Thread 0x000001ec87eed800 Exception <a 'java/lang/ClassNotFoundException'{0x0000000710403ea0}: org/apache/log4j/PatternLayoutCustomizer> (0x0000000710403ea0) 
thrown [t:/workspace/open/src/hotspot/share/classfile/systemDictionary.cpp, line 226]
Event: 0.248 Thread 0x000001ec87eed800 Exception <a 'java/lang/ClassNotFoundException'{0x0000000710313880}: org/apache/log4j/FileAppenderBeanInfo> (0x0000000710313880) 
thrown [t:/workspace/open/src/hotspot/share/classfile/systemDictionary.cpp, line 226]
Event: 0.248 Thread 0x000001ec87eed800 Exception <a 'java/lang/ClassNotFoundException'{0x0000000710322240}: org/apache/log4j/WriterAppenderBeanInfo> (0x0000000710322240) 
thrown [t:/workspace/open/src/hotspot/share/classfile/systemDictionary.cpp, line 226]
Event: 0.248 Thread 0x000001ec87eed800 Exception <a 'java/lang/ClassNotFoundException'{0x00000007103311a0}: org/apache/log4j/AppenderSkeletonBeanInfo> (0x00000007103311a0) 
thrown [t:/workspace/open/src/hotspot/share/classfile/systemDictionary.cpp, line 226]
Event: 0.249 Thread 0x000001ec87eed800 Exception <a 'java/lang/ClassNotFoundException'{0x000000071033fd40}: org/apache/log4j/AppenderSkeletonCustomizer> (0x000000071033fd40) 
thrown [t:/workspace/open/src/hotspot/share/classfile/systemDictionary.cpp, line 226]
Event: 0.250 Thread 0x000001ec87eed800 Exception <a 'java/lang/ClassNotFoundException'{0x000000071035f708}: org/apache/log4j/WriterAppenderCustomizer> (0x000000071035f708) 
thrown [t:/workspace/open/src/hotspot/share/classfile/systemDictionary.cpp, line 226]
Event: 0.252 Thread 0x000001ec87eed800 Exception <a 'java/lang/ClassNotFoundException'{0x0000000710378050}: org/apache/log4j/FileAppenderCustomizer> (0x0000000710378050) 
thrown [t:/workspace/open/src/hotspot/share/classfile/systemDictionary.cpp, line 226]
Event: 0.416 Thread 0x000001ec87eed800 Exception <a 'java/lang/NoSuchMethodError'{0x00000007101d0cf0}: 'java.lang.Object java.lang.invoke.DirectMethodHandle$Holder.invokeStaticInit(java.lang.Object, int, int, int, int)'> (0x00000007101d0cf0) 
thrown [t:/workspace/open/src/hotspot/share/interpreter/linkResolver.cpp, line 766]
Event: 0.452 Thread 0x000001ec87eed800 Exception <a 'java/lang/NoSuchMethodError'{0x000000071008e6c0}: 'java.lang.Object java.lang.invoke.DirectMethodHandle$Holder.invokeStaticInit(java.lang.Object, java.lang.Object, int, int, int, int)'> (0x000000071008e6c0) 
thrown [t:/workspace/open/src/hotspot/share/interpreter/linkResolver.cpp, line 766]
Event: 0.455 Thread 0x000001ec87eed800 Exception <a 'sun/nio/fs/WindowsException'{0x00000007100a82c8}> (0x00000007100a82c8) 
thrown [t:/workspace/open/src/hotspot/share/prims/jni.cpp, line 599]
Event: 0.455 Thread 0x000001ec87eed800 Exception <a 'sun/nio/fs/WindowsException'{0x00000007100a85f8}> (0x00000007100a85f8) 
thrown [t:/workspace/open/src/hotspot/share/prims/jni.cpp, line 599]
Event: 0.556 Thread 0x000001ec87eed800 Exception <a 'java/lang/NoSuchMethodError'{0x000000070fd76030}: 'void java.lang.invoke.DirectMethodHandle$Holder.invokeStatic(java.lang.Object, java.lang.Object, java.lang.Object, java.lang.Object)'> (0x000000070fd76030) 
thrown [t:/workspace/open/src/hotspot/share/interpreter/linkResolver.cpp, line 766]
Event: 0.772 Thread 0x000001ec87eed800 Exception <a 'java/lang/NoSuchMethodError'{0x000000070fcebd28}: 'java.lang.Object java.lang.invoke.DirectMethodHandle$Holder.invokeStatic(java.lang.Object, long, long)'> (0x000000070fcebd28) 
thrown [t:/workspace/open/src/hotspot/share/interpreter/linkResolver.cpp, line 766]

Events (20 events):
Event: 0.444 loading class sun/nio/fs/WindowsDirectoryStream$WindowsDirectoryIterator done
Event: 0.445 loading class sun/nio/fs/WindowsPath$WindowsPathWithAttributes
Event: 0.445 loading class sun/nio/fs/BasicFileAttributesHolder
Event: 0.445 loading class sun/nio/fs/BasicFileAttributesHolder done
Event: 0.445 loading class sun/nio/fs/WindowsPath$WindowsPathWithAttributes done
Event: 0.453 loading class sun/security/provider/AbstractDrbg$NonceProvider
Event: 0.453 loading class sun/security/provider/AbstractDrbg$NonceProvider done
Event: 0.453 loading class sun/security/provider/SHA2$SHA256
Event: 0.453 loading class sun/security/provider/SHA2
Event: 0.453 loading class sun/security/provider/SHA2 done
Event: 0.453 loading class sun/security/provider/SHA2$SHA256 done
Event: 0.465 loading class java/util/Vector$Itr
Event: 0.465 loading class java/util/Vector$Itr done
Event: 0.557 loading class java/util/NoSuchElementException
Event: 0.557 loading class java/util/NoSuchElementException done
Event: 0.562 Loaded shared library C:\Users\Orange Avacado\AppData\Local\Temp\lwjglOrange Avacado\3.2.3-build-13\lwjgl.dll
Event: 0.564 Loaded shared library C:\Users\Orange Avacado\AppData\Local\Temp\lwjglOrange Avacado\3.2.3-build-13\lwjgl.dll
Event: 0.569 Loaded shared library C:\Program Files\Java\jdk-14\bin\java.dll
Event: 0.802 loading class sun/nio/fs/WindowsUriSupport
Event: 0.803 loading class sun/nio/fs/WindowsUriSupport done


Dynamic libraries:
0x00007ff664380000 - 0x00007ff66438d000 	C:\Program Files\Java\jdk-14\bin\java.exe
0x00007ffc631b0000 - 0x00007ffc633a5000 	C:\WINDOWS\SYSTEM32\ntdll.dll
0x00007ffc61560000 - 0x00007ffc6161d000 	C:\WINDOWS\System32\KERNEL32.DLL
0x00007ffc60d00000 - 0x00007ffc60fc8000 	C:\WINDOWS\System32\KERNELBASE.dll
0x00007ffc60b00000 - 0x00007ffc60c00000 	C:\WINDOWS\System32\ucrtbase.dll
0x00007ffc58110000 - 0x00007ffc58125000 	C:\Program Files\Java\jdk-14\bin\VCRUNTIME140.dll
0x00007ffc5dd60000 - 0x00007ffc5dd78000 	C:\Program Files\Java\jdk-14\bin\jli.dll
0x00007ffc61650000 - 0x00007ffc617f0000 	C:\WINDOWS\System32\USER32.dll
0x00007ffc49b60000 - 0x00007ffc49dfa000 	C:\WINDOWS\WinSxS\amd64_microsoft.windows.common-controls_6595b64144ccf1df_6.0.19041.844_none_ca00b6081b84eb1d\COMCTL32.dll
0x00007ffc610d0000 - 0x00007ffc610f2000 	C:\WINDOWS\System32\win32u.dll
0x00007ffc61620000 - 0x00007ffc6164a000 	C:\WINDOWS\System32\GDI32.dll
0x00007ffc62d30000 - 0x00007ffc62dce000 	C:\WINDOWS\System32\msvcrt.dll
0x00007ffc61100000 - 0x00007ffc6120b000 	C:\WINDOWS\System32\gdi32full.dll
0x00007ffc61030000 - 0x00007ffc610cd000 	C:\WINDOWS\System32\msvcp_win.dll
0x00007ffc61530000 - 0x00007ffc61560000 	C:\WINDOWS\System32\IMM32.DLL
0x00007ffc56e40000 - 0x00007ffc56edb000 	C:\Program Files\Java\jdk-14\bin\msvcp140.dll
0x00007ffc155c0000 - 0x00007ffc160df000 	C:\Program Files\Java\jdk-14\bin\server\jvm.dll
0x00007ffc61220000 - 0x00007ffc612cc000 	C:\WINDOWS\System32\ADVAPI32.dll
0x00007ffc62660000 - 0x00007ffc626fb000 	C:\WINDOWS\System32\sechost.dll
0x00007ffc617f0000 - 0x00007ffc6191b000 	C:\WINDOWS\System32\RPCRT4.dll
0x00007ffc61210000 - 0x00007ffc61218000 	C:\WINDOWS\System32\PSAPI.DLL
0x00007ffc46710000 - 0x00007ffc46719000 	C:\WINDOWS\SYSTEM32\WSOCK32.dll
0x00007ffc5a750000 - 0x00007ffc5a75a000 	C:\WINDOWS\SYSTEM32\VERSION.dll
0x00007ffc56130000 - 0x00007ffc56157000 	C:\WINDOWS\SYSTEM32\WINMM.dll
0x00007ffc61ea0000 - 0x00007ffc61f0b000 	C:\WINDOWS\System32\WS2_32.dll
0x00007ffc5f1f0000 - 0x00007ffc5f202000 	C:\WINDOWS\SYSTEM32\kernel.appcore.dll
0x00007ffc581f0000 - 0x00007ffc581fa000 	C:\Program Files\Java\jdk-14\bin\jimage.dll
0x00007ffc5e6d0000 - 0x00007ffc5e8b4000 	C:\WINDOWS\SYSTEM32\DBGHELP.DLL
0x00007ffc45790000 - 0x00007ffc457bc000 	C:\WINDOWS\SYSTEM32\dbgcore.DLL
0x00007ffc60920000 - 0x00007ffc609a0000 	C:\WINDOWS\System32\bcryptPrimitives.dll
0x00007ffc580a0000 - 0x00007ffc580ae000 	C:\Program Files\Java\jdk-14\bin\instrument.dll
0x00007ffc580d0000 - 0x00007ffc580f5000 	C:\Program Files\Java\jdk-14\bin\java.dll
0x00007ffc580b0000 - 0x00007ffc580c7000 	C:\Program Files\Java\jdk-14\bin\zip.dll
0x00007ffc61f10000 - 0x00007ffc62652000 	C:\WINDOWS\System32\SHELL32.dll
0x00007ffc5ea30000 - 0x00007ffc5f1c0000 	C:\WINDOWS\SYSTEM32\windows.storage.dll
0x00007ffc61b40000 - 0x00007ffc61e95000 	C:\WINDOWS\System32\combase.dll
0x00007ffc60360000 - 0x00007ffc6038c000 	C:\WINDOWS\SYSTEM32\Wldp.dll
0x00007ffc612d0000 - 0x00007ffc6137e000 	C:\WINDOWS\System32\SHCORE.dll
0x00007ffc62b80000 - 0x00007ffc62bd5000 	C:\WINDOWS\System32\shlwapi.dll
0x00007ffc60830000 - 0x00007ffc6084f000 	C:\WINDOWS\SYSTEM32\profapi.dll
0x00007ffc57a60000 - 0x00007ffc57a79000 	C:\Program Files\Java\jdk-14\bin\net.dll
0x00007ffc55cf0000 - 0x00007ffc55dfb000 	C:\WINDOWS\SYSTEM32\WINHTTP.dll
0x00007ffc600d0000 - 0x00007ffc6013a000 	C:\WINDOWS\system32\mswsock.dll
0x00007ffc57a40000 - 0x00007ffc57a52000 	C:\Program Files\Java\jdk-14\bin\nio.dll
0x00007ffc57a30000 - 0x00007ffc57a40000 	C:\Program Files\Java\jdk-14\bin\verify.dll
0x00007ffc54640000 - 0x00007ffc5465a000 	C:\Program Files\JetBrains\IntelliJ IDEA Community Edition 2019.3.3\bin\breakgen64.dll
0x00007ffc53e70000 - 0x00007ffc53ed4000 	C:\Users\Orange Avacado\AppData\Local\Temp\lwjglOrange Avacado\3.2.3-build-13\lwjgl.dll
0x00007ffc53e00000 - 0x00007ffc53e62000 	C:\Users\ORANGE~1\AppData\Local\Temp\lwjglOrange Avacado\3.2.3-build-13\glfw.dll
0x00007ffc5de90000 - 0x00007ffc5df2e000 	C:\WINDOWS\system32\uxtheme.dll
0x00007ffc53db0000 - 0x00007ffc53df5000 	C:\WINDOWS\SYSTEM32\dinput8.dll
0x00007ffc590d0000 - 0x00007ffc590e1000 	C:\WINDOWS\SYSTEM32\xinput1_4.dll
0x00007ffc60c00000 - 0x00007ffc60c4e000 	C:\WINDOWS\System32\cfgmgr32.dll
0x00007ffc606a0000 - 0x00007ffc606cc000 	C:\WINDOWS\SYSTEM32\DEVOBJ.dll
0x00007ffc5e250000 - 0x00007ffc5e27f000 	C:\WINDOWS\SYSTEM32\dwmapi.dll
0x00007ffc4d890000 - 0x00007ffc4d9e2000 	C:\WINDOWS\SYSTEM32\inputhost.dll
0x00007ffc62c60000 - 0x00007ffc62d2d000 	C:\WINDOWS\System32\OLEAUT32.dll
0x00007ffc5d8f0000 - 0x00007ffc5d9e2000 	C:\WINDOWS\SYSTEM32\CoreMessaging.dll
0x00007ffc5cbb0000 - 0x00007ffc5cca7000 	C:\WINDOWS\SYSTEM32\PROPSYS.dll
0x00007ffc5c9f0000 - 0x00007ffc5cb44000 	C:\WINDOWS\SYSTEM32\wintypes.dll
0x00007ffc5d590000 - 0x00007ffc5d8ee000 	C:\WINDOWS\SYSTEM32\CoreUIComponents.dll
0x00007ffc5f630000 - 0x00007ffc5f663000 	C:\WINDOWS\SYSTEM32\ntmarta.dll
0x00007ffc62e80000 - 0x00007ffc62f95000 	C:\WINDOWS\System32\MSCTF.dll
0x00007ffc5f220000 - 0x00007ffc5f22d000 	C:\WINDOWS\SYSTEM32\HID.DLL
0x00007ffc62710000 - 0x00007ffc62b79000 	C:\WINDOWS\System32\SETUPAPI.DLL
0x00007ffc608f0000 - 0x00007ffc60917000 	C:\WINDOWS\System32\bcrypt.dll
0x00007ffc60fd0000 - 0x00007ffc61030000 	C:\WINDOWS\System32\WINTRUST.dll
0x00007ffc609a0000 - 0x00007ffc60aff000 	C:\WINDOWS\System32\CRYPT32.dll
0x00007ffc604e0000 - 0x00007ffc604f2000 	C:\WINDOWS\SYSTEM32\MSASN1.dll
0x00007ffc53ca0000 - 0x00007ffc53dae000 	C:\WINDOWS\SYSTEM32\vulkan-1.dll
0x00007ffc5f230000 - 0x00007ffc5f324000 	C:\WINDOWS\system32\dxgi.dll
0x00007ffc0b9a0000 - 0x00007ffc0e328000 	C:\WINDOWS\System32\DriverStore\FileRepository\nv_dispi.inf_amd64_8e68f77150e57b50\nvoglv64.dll
0x00007ffc61920000 - 0x00007ffc61a4a000 	C:\WINDOWS\System32\ole32.dll
0x00007ffc5b850000 - 0x00007ffc5b864000 	C:\WINDOWS\SYSTEM32\WTSAPI32.dll
0x00007ffc59dc0000 - 0x00007ffc59df1000 	C:\WINDOWS\SYSTEM32\cryptnet.dll
0x00007ffc602a0000 - 0x00007ffc602ac000 	C:\WINDOWS\SYSTEM32\cryptbase.dll
0x00007ffc56cf0000 - 0x00007ffc56de9000 	C:\WINDOWS\SYSTEM32\textinputframework.dll
0x00007ffc4b990000 - 0x00007ffc4b9f6000 	C:\WINDOWS\system32\Oleacc.dll
0x00007ffc602b0000 - 0x00007ffc602c8000 	C:\WINDOWS\SYSTEM32\CRYPTSP.dll
0x00007ffc5fa00000 - 0x00007ffc5fa34000 	C:\WINDOWS\system32\rsaenh.dll
0x00007ffc607f0000 - 0x00007ffc6081e000 	C:\WINDOWS\SYSTEM32\USERENV.dll
0x00007ffc5fd70000 - 0x00007ffc5fdab000 	C:\WINDOWS\SYSTEM32\IPHLPAPI.DLL
0x00007ffc62700000 - 0x00007ffc62708000 	C:\WINDOWS\System32\NSI.dll
0x00007ffc59590000 - 0x00007ffc595a7000 	C:\WINDOWS\SYSTEM32\dhcpcsvc6.DLL
0x00007ffc5a730000 - 0x00007ffc5a74d000 	C:\WINDOWS\SYSTEM32\dhcpcsvc.DLL
0x00007ffc5fdb0000 - 0x00007ffc5fe7c000 	C:\WINDOWS\SYSTEM32\DNSAPI.dll
0x00007ffc02020000 - 0x00007ffc03610000 	C:\VulkanSDK\1.2.170.0\Bin\VkLayer_khronos_validation.dll
0x00007ffc53920000 - 0x00007ffc53959000 	C:\Program Files (x86)\Overwolf\0.170.48.15\obs\data\obs-plugins\win-capture\ow-graphics-hook64.dll
0x00007ffc17610000 - 0x00007ffc17a04000 	C:\Program Files (x86)\Overwolf\0.170.48.15\owclient.dll
0x00007ffc14460000 - 0x00007ffc14aee000 	C:\Program Files\Common Files\Twitch\Studio\Versions\0.102.7961.40111\TwitchNativeOverlay64.dll
0x00007ffc5bc10000 - 0x00007ffc5be74000 	C:\WINDOWS\SYSTEM32\d3d11.dll
0x00007ffc13340000 - 0x00007ffc13466000 	C:\WINDOWS\SYSTEM32\OPENGL32.dll
0x00007ffc13310000 - 0x00007ffc1333c000 	C:\WINDOWS\SYSTEM32\GLU32.dll
0x00007ffc57260000 - 0x00007ffc5729b000 	C:\WINDOWS\SYSTEM32\dxcore.dll
0x00007ffc3b080000 - 0x00007ffc3b339000 	C:\WINDOWS\system32\nvspcap64.dll
0x00007ffc61b20000 - 0x00007ffc61b3d000 	C:\WINDOWS\System32\imagehlp.dll
0x00007ffc5f1c0000 - 0x00007ffc5f1e3000 	C:\WINDOWS\SYSTEM32\gpapi.dll
0x00007ffc1e2b0000 - 0x00007ffc1e35b000 	C:\WINDOWS\System32\DriverStore\FileRepository\nv_dispi.inf_amd64_8e68f77150e57b50\NvCamera\NvCameraAllowlisting64.dll
0x00007ffc56240000 - 0x00007ffc56345000 	C:\WINDOWS\System32\DriverStore\FileRepository\nv_dispi.inf_amd64_8e68f77150e57b50\nvldumdx.dll
0x00007ffc29eb0000 - 0x00007ffc2e883000 	C:\WINDOWS\System32\DriverStore\FileRepository\nv_dispi.inf_amd64_8e68f77150e57b50\nvwgf2umx.dll
0x00007ffc12b30000 - 0x00007ffc12f33000 	D:\dev\projects\vkjava3\target\classes\shaderc.dll

dbghelp: loaded successfully - version: 4.0.5 - missing functions: none
symbol engine: initialized successfully - sym options: 0x614 - pdb path: .;C:\Program Files\Java\jdk-14\bin;C:\WINDOWS\SYSTEM32;C:\WINDOWS\WinSxS\amd64_microsoft.windows.common-controls_6595b64144ccf1df_6.0.19041.844_none_ca00b6081b84eb1d;C:\Program Files\Java\jdk-14\bin\server;C:\Program Files\JetBrains\IntelliJ IDEA Community Edition 2019.3.3\bin;C:\Users\Orange Avacado\AppData\Local\Temp\lwjglOrange Avacado\3.2.3-build-13;C:\Users\ORANGE~1\AppData\Local\Temp\lwjglOrange Avacado\3.2.3-build-13;C:\WINDOWS\System32\DriverStore\FileRepository\nv_dispi.inf_amd64_8e68f77150e57b50;C:\VulkanSDK\1.2.170.0\Bin;C:\Program Files (x86)\Overwolf\0.170.48.15\obs\data\obs-plugins\win-capture;C:\Program Files (x86)\Overwolf\0.170.48.15;C:\Program Files\Common Files\Twitch\Studio\Versions\0.102.7961.40111;C:\WINDOWS\System32\DriverStore\FileRepository\nv_dispi.inf_amd64_8e68f77150e57b50\NvCamera;D:\dev\projects\vkjava3\target\classes

VM Arguments:
jvm_args: -javaagent:C:\Program Files\JetBrains\IntelliJ IDEA Community Edition 2019.3.3\lib\idea_rt.jar=50000:C:\Program Files\JetBrains\IntelliJ IDEA Community Edition 2019.3.3\bin -Dfile.encoding=UTF-8 
java_command: org.artifex.VkMain
java_class_path (initial): D:\dev\projects\vkjava3\target\classes;C:\Users\Orange Avacado\.m2\repository\org\lwjgl\lwjgl\3.2.3\lwjgl-3.2.3.jar;C:\Users\Orange Avacado\.m2\repository\org\lwjgl\lwjgl-vulkan\3.2.3\lwjgl-vulkan-3.2.3.jar;C:\Users\Orange Avacado\.m2\repository\org\lwjgl\lwjgl-vma\3.2.3\lwjgl-vma-3.2.3.jar;C:\Users\Orange Avacado\.m2\repository\org\lwjgl\lwjgl-glfw\3.2.3\lwjgl-glfw-3.2.3.jar;C:\Users\Orange Avacado\.m2\repository\org\joml\joml\1.10.1\joml-1.10.1.jar;C:\Users\Orange Avacado\.m2\repository\org\jetbrains\annotations\16.0.1\annotations-16.0.1.jar;C:\Users\Orange Avacado\.m2\repository\org\lwjgl\lwjgl-shaderc\3.2.3\lwjgl-shaderc-3.2.3.jar;C:\Users\Orange Avacado\.m2\repository\log4j\log4j\1.2.17\log4j-1.2.17.jar;C:\Users\Orange Avacado\.m2\repository\org\lwjgl\lwjgl\3.2.3\lwjgl-3.2.3-natives-windows.jar;C:\Users\Orange Avacado\.m2\repository\org\lwjgl\lwjgl-glfw\3.2.3\lwjgl-glfw-3.2.3-natives-windows.jar;C:\Users\Orange Avacado\.m2\repository\org\lwjgl\lwjgl-opengl\3.2.3\lwjgl-opengl-3.2.3-natives-windows.jar
Launcher Type: SUN_STANDARD

[Global flags]
     intx CICompilerCount                          = 3                                         {product} {ergonomic}
     uint ConcGCThreads                            = 2                                         {product} {ergonomic}
     uint G1ConcRefinementThreads                  = 6                                         {product} {ergonomic}
   size_t G1HeapRegionSize                         = 1048576                                   {product} {ergonomic}
    uintx GCDrainStackTargetSize                   = 64                                        {product} {ergonomic}
   size_t InitialHeapSize                          = 268435456                                 {product} {ergonomic}
   size_t MarkStackSize                            = 4194304                                   {product} {ergonomic}
   size_t MaxHeapSize                              = 4282384384                                {product} {ergonomic}
   size_t MaxNewSize                               = 2569011200                                {product} {ergonomic}
   size_t MinHeapDeltaBytes                        = 1048576                                   {product} {ergonomic}
   size_t MinHeapSize                              = 8388608                                   {product} {ergonomic}
    uintx NonNMethodCodeHeapSize                   = 5832780                                {pd product} {ergonomic}
    uintx NonProfiledCodeHeapSize                  = 122912730                              {pd product} {ergonomic}
    uintx ProfiledCodeHeapSize                     = 122912730                              {pd product} {ergonomic}
    uintx ReservedCodeCacheSize                    = 251658240                              {pd product} {ergonomic}
     bool SegmentedCodeCache                       = true                                      {product} {ergonomic}
   size_t SoftMaxHeapSize                          = 4282384384                             {manageable} {ergonomic}
     bool UseCompressedClassPointers               = true                                 {lp64_product} {ergonomic}
     bool UseCompressedOops                        = true                                 {lp64_product} {ergonomic}
     bool UseG1GC                                  = true                                      {product} {ergonomic}
     bool UseLargePagesIndividualAllocation        = false                                  {pd product} {ergonomic}

Logging:
Log output configuration:
 #0: stdout all=warning uptime,level,tags
 #1: stderr all=off uptime,level,tags

Environment Variables:
CLASSPATH=C:\JClasspath
PATH=C:\VulkanSDK\1.2.170.0\Bin;D:\dev\1.1.126.0\Bin;C:\Program Files\AdoptOpenJDK\jdk-11.0.3.7-hotspot\bin;C:\Program Files\Oculus\Support\oculus-runtime;C:\Program Files (x86)\Common Files\Oracle\Java\javapath;C:\Program Files (x86)\Intel\iCLS Client\;C:\Program Files\Intel\iCLS Client\;C:\Windows\system32;C:\Windows;C:\Windows\System32\Wbem;C:\Windows\System32\WindowsPowerShell\v1.0\;C:\Windows\System32\OpenSSH\;C:\Program Files (x86)\Intel\Intel(R) Management Engine Components\DAL;C:\Program Files\Intel\Intel(R) Management Engine Components\DAL;C:\Program Files (x86)\Intel\Intel(R) Management Engine Components\IPT;C:\Program Files\Intel\Intel(R) Management Engine Components\IPT;C:\Program Files\Intel\WiFi\bin\;C:\Program Files\Common Files\Intel\WirelessCommon\;C:\Program Files\Git\cmd;C:\Program Files (x86)\Microchip\MPLAB C32 Suite\bin;C:\cygwin64\bin;C:\Program Files\dotnet\;C:\Program Files\nodejs\;C:\ProgramData\chocolatey\bin;C:\Program Files\CMake\bin;C:\Ninja;C:\glfw-3.3;C:\glfw-3.3.bin.WIN64;C:\Program Files (x86)\NVIDIA Corporation\PhysX\Common;C:\Program Files\NVIDIA Corporation\NVIDIA NvDLISR;C:\mingw-w64\mingw32\bin;C:\glfw-3.3.bin.WIN64\include\GLFW;C:\WINDOWS\system32;C:\WINDOWS;C:\WINDOWS\System32\Wbem;C:\WINDOWS\System32\WindowsPowerShell\v1.0\;C:\WINDOWS\System32\OpenSSH\;D:\dev\libraries\lein\;C:\Program Files (x86)\GtkSharp\2.12\bin;C:\Program Files\MATLAB\R2020b\bin;C:\Users\Orange Avacado\AppData\Local\Programs\Python\Python36\Scripts\;C:\Users\Orange Avacado\AppData\Local\Programs\Python\Python36\;C:\Users\Orange Avacado\AppData\Local\Microsoft\WindowsApps;C:\Program Files\Intel\WiFi\bin\;C:\Program Files\Common Files\Intel\WirelessCommon\;C:\Users\Orange Avacado\AppData\Local\Programs\Microsoft VS Code\bin;C:\Users\Orange Avacado\AppData\Roaming\npm;D:\dev\libraries\vulkan\1.1.126.0\;C:\Users\Orange Avacado\AppData\Local\Microsoft\WindowsApps;C:\Users\Orange Avacado\AppData\Roaming\cabal\bin;C:\ProgramData\chocolatey\lib\ghc\tools\ghc-8.10.2
USERNAME=Orange Avacado
OS=Windows_NT
PROCESSOR_IDENTIFIER=Intel64 Family 6 Model 158 Stepping 10, GenuineIntel



---------------  S Y S T E M  ---------------

OS: Windows 10 , 64 bit Build 19041 (10.0.19041.928)
OS uptime: 3 days 15:22 hours

CPU:total 6 (initial active 6) (6 cores per cpu, 1 threads per core) family 6 model 158 stepping 10, cmov, cx8, fxsr, mmx, sse, sse2, sse3, ssse3, sse4.1, sse4.2, popcnt, avx, avx2, aes, clmul, erms, 3dnowpref, lzcnt, tsc, tscinvbit, bmi1, bmi2, adx, fma

Memory: 4k page, system-wide physical 16329M (9092M free)
TotalPageFile size 23753M (AvailPageFile size 12870M)
current process WorkingSet (physical memory assigned to process): 155M, peak: 159M
current process commit charge ("private bytes"): 475M, peak: 482M

vm_info: OpenJDK 64-Bit Server VM (14+36-1461) for windows-amd64 JRE (14+36-1461), built on Feb  6 2020 19:03:18 by "mach5one" with MS VC++ 15.9 (VS2017)

END.
