#
# A fatal error has been detected by the Java Runtime Environment:
#
#  EXCEPTION_ACCESS_VIOLATION (0xc0000005) at pc=0x00007ffa67468a2f, pid=10236, tid=10800
#
# JRE version: OpenJDK Runtime Environment (14.0+36) (build 14+36-1461)
# Java VM: OpenJDK 64-Bit Server VM (14+36-1461, mixed mode, sharing, tiered, compressed oops, g1 gc, windows-amd64)
# Problematic frame:
# C  [nvoglv64.dll+0x38a2f]
#
# No core dump will be written. Minidumps are not enabled by default on client versions of Windows
#
# If you would like to submit a bug report, please visit:
#   https://bugreport.java.com/bugreport/crash.jsp
# The crash happened outside the Java Virtual Machine in native code.
# See problematic frame for where to report the bug.
#

---------------  S U M M A R Y ------------

Command Line: -javaagent:C:\Program Files\JetBrains\IntelliJ IDEA Community Edition 2019.3.3\lib\idea_rt.jar=62306:C:\Program Files\JetBrains\IntelliJ IDEA Community Edition 2019.3.3\bin -Dfile.encoding=UTF-8 org.artifex.VkMain

Host: Intel(R) Core(TM) i5-8400 CPU @ 2.80GHz, 6 cores, 15G,  Windows 10 , 64 bit Build 19041 (10.0.19041.928)
Time: Mon Jun  7 07:11:33 2021 Central Daylight Time elapsed time: 0 seconds (0d 0h 0m 0s)

---------------  T H R E A D  ---------------

Current thread (0x00000194201ad800):  JavaThread "main" [_thread_in_native, id=10800, stack(0x0000008049a00000,0x0000008049b00000)]

Stack: [0x0000008049a00000,0x0000008049b00000],  sp=0x0000008049afd8b0,  free space=1014k
Native frames: (J=compiled Java code, j=interpreted, Vv=VM code, C=native code)
C  [nvoglv64.dll+0x38a2f]

Java frames: (J=compiled Java code, j=interpreted, Vv=VM code)
j  org.lwjgl.system.JNI.callPJPPPI(JJIJJJJ)I+0
j  org.lwjgl.vulkan.VK10.nvkCreateComputePipelines(Lorg/lwjgl/vulkan/VkDevice;JIJJJ)I+47
j  org.lwjgl.vulkan.VK10.vkCreateComputePipelines(Lorg/lwjgl/vulkan/VkDevice;JLorg/lwjgl/vulkan/VkComputePipelineCreateInfo$Buffer;Lorg/lwjgl/vulkan/VkAllocationCallbacks;Ljava/nio/LongBuffer;)I+35
j  org.artifex.vulkan.compute.Compute.<init>(Lorg/artifex/vulkan/Device;Lorg/artifex/vulkan/compute/DescriptorSet;Lorg/artifex/vulkan/ShaderModule;)V+180
j  org.artifex.Program.<init>(Lorg/artifex/Window;)V+249
j  org.artifex.VkMain.<init>()V+14
j  org.artifex.VkMain.main([Ljava/lang/String;)V+4
v  ~StubRoutines::call_stub

siginfo: EXCEPTION_ACCESS_VIOLATION (0xc0000005), writing address 0x000000000000004c


Register to memory mapping:

RIP=0x00007ffa67468a2f nvoglv64.dll
RAX=0x0000008049afdb30 is pointing into the stack for thread: 0x00000194201ad800
RBX=0x0 is NULL
RCX=0x0 is NULL
RDX=0x0000000000000100 is an unknown value
RSP=0x0000008049afd8b0 is pointing into the stack for thread: 0x00000194201ad800
RBP=0x0000008049afd919 is pointing into the stack for thread: 0x00000194201ad800
RSI=0x0 is NULL
RDI=0x000001944adb25e8 points into unknown readable memory: 30 db af 49 80 00 00 00
R8 =0x000001944adb2610 points into unknown readable memory: 00 00 00 00 00 00 00 00
R9 =0x0000000000000001 is an unknown value
R10=0x0000000000000003 is an unknown value
R11=0x0000008049afd950 is pointing into the stack for thread: 0x00000194201ad800
R12=0x0000000000000002 is an unknown value
R13=0x0000000000000001 is an unknown value
R14=0x000001944abf6f30 points into unknown readable memory: 30 54 68 69 fa 7f 00 00
R15=0x000001944abd5080 points into unknown readable memory: 09 00 00 00 2a 00 00 00


Registers:
RAX=0x0000008049afdb30, RBX=0x0000000000000000, RCX=0x0000000000000000, RDX=0x0000000000000100
RSP=0x0000008049afd8b0, RBP=0x0000008049afd919, RSI=0x0000000000000000, RDI=0x000001944adb25e8
R8 =0x000001944adb2610, R9 =0x0000000000000001, R10=0x0000000000000003, R11=0x0000008049afd950
R12=0x0000000000000002, R13=0x0000000000000001, R14=0x000001944abf6f30, R15=0x000001944abd5080
RIP=0x00007ffa67468a2f, EFLAGS=0x0000000000010206

Top of Stack: (sp=0x0000008049afd8b0)
0x0000008049afd8b0:   0000000000000000 000001944abf6f30
0x0000008049afd8c0:   000000000000001f 000000000000000f
0x0000008049afd8d0:   00000000000005e8 0000000000000014
0x0000008049afd8e0:   0000008049afd8f8 0000008049afd900
0x0000008049afd8f0:   0000008049afd918 000001944abf6f30
0x0000008049afd900:   0000008049afd918 0000008049af0104
0x0000008049afd910:   0000008049afd938 000001944abcce20
0x0000008049afd920:   0000000000000000 00007ffa67470d24
0x0000008049afd930:   0000000000000004 000001944adb29c8
0x0000008049afd940:   000001944adb29c8 000001944abd5080
0x0000008049afd950:   000000000000002c 0000000000000000
0x0000008049afd960:   0000000000000000 0000000000000000
0x0000008049afd970:   0000008049afd9e9 00007ffa67484aae
0x0000008049afd980:   000001940000002a 0000019400000003
0x0000008049afd990:   000001944adb25e8 0000000000000001
0x0000008049afd9a0:   0000008049afda58 00007ffae415a723 

Instructions: (pc=0x00007ffa67468a2f)
0x00007ffa6746892f:   0b 48 0f 44 d0 8b 42 38 83 f8 40 77 20 b9 40 00
0x00007ffa6746893f:   00 00 2b c8 48 8b 52 40 48 d3 e2 48 d3 fa 48 8b
0x00007ffa6746894f:   07 48 8b 48 30 89 51 54 e9 d6 00 00 00 48 8b 42
0x00007ffa6746895f:   40 48 8b 10 48 8b 07 48 8b 48 30 89 51 54 e9 c0
0x00007ffa6746896f:   00 00 00 43 8b 04 a7 48 69 c8 a8 00 00 00 48 8b
0x00007ffa6746897f:   87 30 01 00 00 4c 8d 47 28 48 8b 54 01 50 48 8b
0x00007ffa6746898f:   0f e8 1b 30 02 00 48 8b d3 80 78 08 0b 48 0f 44
0x00007ffa6746899f:   d0 8b 42 38 83 f8 40 77 1d b9 40 00 00 00 2b c8
0x00007ffa674689af:   48 8b 52 40 48 d3 e2 48 d3 fa 48 8b 07 48 8b 48
0x00007ffa674689bf:   30 89 51 50 eb 6d 48 8b 42 40 48 8b 10 48 8b 07
0x00007ffa674689cf:   48 8b 48 30 89 51 50 eb 5a 43 8b 04 a7 48 69 c8
0x00007ffa674689df:   a8 00 00 00 48 8b 87 30 01 00 00 4c 8d 47 28 48
0x00007ffa674689ef:   8b 54 01 50 48 8b 0f e8 b5 2f 02 00 48 8b d3 80
0x00007ffa674689ff:   78 08 0b 48 0f 44 d0 8b 42 38 83 f8 40 77 13 b9
0x00007ffa67468a0f:   40 00 00 00 2b c8 48 8b 52 40 48 d3 e2 48 d3 fa
0x00007ffa67468a1f:   eb 07 48 8b 42 40 48 8b 10 48 8b 07 48 8b 48 30
0x00007ffa67468a2f:   89 51 4c ff c6 3b 75 6f 48 8d 57 28 0f 82 3f fe
0x00007ffa67468a3f:   ff ff 48 8b 97 30 01 00 00 48 8b 4d c7 4c 8b 6d
0x00007ffa67468a4f:   ff 4c 8b 65 b7 41 f6 84 14 94 00 00 00 02 74 18
0x00007ffa67468a5f:   49 8b cd e8 99 b5 17 00 8b c8 48 8b 55 c7 48 8b
0x00007ffa67468a6f:   12 e8 2b 91 23 01 eb 28 48 89 4d b7 48 8b 45 cf
0x00007ffa67468a7f:   48 2b c1 48 c1 f8 03 48 89 45 bf 0f 28 45 b7 66
0x00007ffa67468a8f:   0f 7f 45 b7 48 8d 55 b7 49 8b cd e8 01 32 02 00
0x00007ffa67468a9f:   48 8b d8 48 8d 45 df 48 8b 4d c7 48 3b c8 0f 84
0x00007ffa67468aaf:   8d 00 00 00 e8 9c df 12 01 e9 83 00 00 00 41 8b
0x00007ffa67468abf:   4d 08 0f b6 c9 83 f9 0a 75 0f 45 33 c0 33 d2 49
0x00007ffa67468acf:   8b cd e8 7a 44 23 01 eb 65 8d 41 ff 83 f8 02 76
0x00007ffa67468adf:   52 83 f9 0e 75 0a 49 8b cd e8 c3 44 23 01 eb 4e
0x00007ffa67468aef:   48 8b 87 30 01 00 00 41 f6 84 04 88 00 00 00 01
0x00007ffa67468aff:   74 27 48 8b 4f 20 e8 26 66 21 01 48 8b c8 ba 04
0x00007ffa67468b0f:   00 00 00 e8 09 64 21 01 45 33 c0 49 8d 50 ff 48
0x00007ffa67468b1f:   8b c8 e8 2a 44 23 01 eb 15 49 8b cd e8 20 2e 23 


Stack slot to memory mapping:
stack at sp + 0 slots: 0x0 is NULL
stack at sp + 1 slots: 0x000001944abf6f30 points into unknown readable memory: 30 54 68 69 fa 7f 00 00
stack at sp + 2 slots: 0x000000000000001f is an unknown value
stack at sp + 3 slots: 0x000000000000000f is an unknown value
stack at sp + 4 slots: 0x00000000000005e8 is an unknown value
stack at sp + 5 slots: 0x0000000000000014 is an unknown value
stack at sp + 6 slots: 0x0000008049afd8f8 is pointing into the stack for thread: 0x00000194201ad800
stack at sp + 7 slots: 0x0000008049afd900 is pointing into the stack for thread: 0x00000194201ad800


---------------  P R O C E S S  ---------------

Threads class SMR info:
_java_thread_list=0x000001944467e730, length=12, elements={
0x00000194201ad800, 0x0000019443b44800, 0x0000019443b47000, 0x0000019443b5a800,
0x0000019443b5e000, 0x0000019443b5f000, 0x0000019443b60000, 0x0000019443b63800,
0x0000019443b64800, 0x00000194443f1000, 0x000001944467d000, 0x0000019444682800
}

Java Threads: ( => current thread )
=>0x00000194201ad800 JavaThread "main" [_thread_in_native, id=10800, stack(0x0000008049a00000,0x0000008049b00000)]
  0x0000019443b44800 JavaThread "Reference Handler" daemon [_thread_blocked, id=18056, stack(0x000000804a100000,0x000000804a200000)]
  0x0000019443b47000 JavaThread "Finalizer" daemon [_thread_blocked, id=7424, stack(0x000000804a200000,0x000000804a300000)]
  0x0000019443b5a800 JavaThread "Signal Dispatcher" daemon [_thread_blocked, id=21184, stack(0x000000804a300000,0x000000804a400000)]
  0x0000019443b5e000 JavaThread "Attach Listener" daemon [_thread_blocked, id=7988, stack(0x000000804a400000,0x000000804a500000)]
  0x0000019443b5f000 JavaThread "Service Thread" daemon [_thread_blocked, id=20808, stack(0x000000804a500000,0x000000804a600000)]
  0x0000019443b60000 JavaThread "C2 CompilerThread0" daemon [_thread_blocked, id=9400, stack(0x000000804a600000,0x000000804a700000)]
  0x0000019443b63800 JavaThread "C1 CompilerThread0" daemon [_thread_blocked, id=10168, stack(0x000000804a700000,0x000000804a800000)]
  0x0000019443b64800 JavaThread "Sweeper thread" daemon [_thread_blocked, id=13148, stack(0x000000804a800000,0x000000804a900000)]
  0x00000194443f1000 JavaThread "Common-Cleaner" daemon [_thread_blocked, id=11932, stack(0x000000804a900000,0x000000804aa00000)]
  0x000001944467d000 JavaThread "Monitor Ctrl-Break" daemon [_thread_in_native, id=5708, stack(0x000000804aa00000,0x000000804ab00000)]
  0x0000019444682800 JavaThread "Notification Thread" daemon [_thread_blocked, id=11840, stack(0x000000804ab00000,0x000000804ac00000)]

Other Threads:
  0x0000019443b41000 VMThread "VM Thread" [stack: 0x000000804a000000,0x000000804a100000] [id=7540]
  0x0000019444683800 WatcherThread [stack: 0x000000804ac00000,0x000000804ad00000] [id=12984]
  0x0000019420214800 GCTaskThread "GC Thread#0" [stack: 0x0000008049b00000,0x0000008049c00000] [id=2988]
  0x0000019420236800 ConcurrentGCThread "G1 Main Marker" [stack: 0x0000008049c00000,0x0000008049d00000] [id=12728]
  0x0000019420238000 ConcurrentGCThread "G1 Conc#0" [stack: 0x0000008049d00000,0x0000008049e00000] [id=4304]
  0x0000019443a31800 ConcurrentGCThread "G1 Refine#0" [stack: 0x0000008049e00000,0x0000008049f00000] [id=1084]
  0x0000019443a33000 ConcurrentGCThread "G1 Young RemSet Sampling" [stack: 0x0000008049f00000,0x000000804a000000] [id=18528]

Threads with active compile tasks:

VM state:not at safepoint (normal execution)

VM Mutex/Monitor currently owned by a thread: None

Heap address: 0x0000000700c00000, size: 4084 MB, Compressed Oops mode: Zero based, Oop shift amount: 3
Narrow klass base: 0x0000000800000000, Narrow klass shift: 3
Compressed class space size: 1073741824 Address: 0x0000000800b30000

Heap:
 garbage-first heap   total 262144K, used 16384K [0x0000000700c00000, 0x0000000800000000)
  region size 1024K, 17 young (17408K), 0 survivors (0K)
 Metaspace       used 6350K, capacity 7694K, committed 7936K, reserved 1056768K
  class space    used 576K, capacity 721K, committed 768K, reserved 1048576K
Heap Regions: E=young(eden), S=young(survivor), O=old, HS=humongous(starts), HC=humongous(continues), CS=collection set, F=free, OA=open archive, CA=closed archive, TAMS=top-at-mark-start (previous, next)
|   0|0x0000000700c00000, 0x0000000700c00000, 0x0000000700d00000|  0%| F|  |TAMS 0x0000000700c00000, 0x0000000700c00000| Untracked 
|   1|0x0000000700d00000, 0x0000000700d00000, 0x0000000700e00000|  0%| F|  |TAMS 0x0000000700d00000, 0x0000000700d00000| Untracked 
|   2|0x0000000700e00000, 0x0000000700e00000, 0x0000000700f00000|  0%| F|  |TAMS 0x0000000700e00000, 0x0000000700e00000| Untracked 
|   3|0x0000000700f00000, 0x0000000700f00000, 0x0000000701000000|  0%| F|  |TAMS 0x0000000700f00000, 0x0000000700f00000| Untracked 
|   4|0x0000000701000000, 0x0000000701000000, 0x0000000701100000|  0%| F|  |TAMS 0x0000000701000000, 0x0000000701000000| Untracked 
|   5|0x0000000701100000, 0x0000000701100000, 0x0000000701200000|  0%| F|  |TAMS 0x0000000701100000, 0x0000000701100000| Untracked 
|   6|0x0000000701200000, 0x0000000701200000, 0x0000000701300000|  0%| F|  |TAMS 0x0000000701200000, 0x0000000701200000| Untracked 
|   7|0x0000000701300000, 0x0000000701300000, 0x0000000701400000|  0%| F|  |TAMS 0x0000000701300000, 0x0000000701300000| Untracked 
|   8|0x0000000701400000, 0x0000000701400000, 0x0000000701500000|  0%| F|  |TAMS 0x0000000701400000, 0x0000000701400000| Untracked 
|   9|0x0000000701500000, 0x0000000701500000, 0x0000000701600000|  0%| F|  |TAMS 0x0000000701500000, 0x0000000701500000| Untracked 
|  10|0x0000000701600000, 0x0000000701600000, 0x0000000701700000|  0%| F|  |TAMS 0x0000000701600000, 0x0000000701600000| Untracked 
|  11|0x0000000701700000, 0x0000000701700000, 0x0000000701800000|  0%| F|  |TAMS 0x0000000701700000, 0x0000000701700000| Untracked 
|  12|0x0000000701800000, 0x0000000701800000, 0x0000000701900000|  0%| F|  |TAMS 0x0000000701800000, 0x0000000701800000| Untracked 
|  13|0x0000000701900000, 0x0000000701900000, 0x0000000701a00000|  0%| F|  |TAMS 0x0000000701900000, 0x0000000701900000| Untracked 
|  14|0x0000000701a00000, 0x0000000701a00000, 0x0000000701b00000|  0%| F|  |TAMS 0x0000000701a00000, 0x0000000701a00000| Untracked 
|  15|0x0000000701b00000, 0x0000000701b00000, 0x0000000701c00000|  0%| F|  |TAMS 0x0000000701b00000, 0x0000000701b00000| Untracked 
|  16|0x0000000701c00000, 0x0000000701c00000, 0x0000000701d00000|  0%| F|  |TAMS 0x0000000701c00000, 0x0000000701c00000| Untracked 
|  17|0x0000000701d00000, 0x0000000701d00000, 0x0000000701e00000|  0%| F|  |TAMS 0x0000000701d00000, 0x0000000701d00000| Untracked 
|  18|0x0000000701e00000, 0x0000000701e00000, 0x0000000701f00000|  0%| F|  |TAMS 0x0000000701e00000, 0x0000000701e00000| Untracked 
|  19|0x0000000701f00000, 0x0000000701f00000, 0x0000000702000000|  0%| F|  |TAMS 0x0000000701f00000, 0x0000000701f00000| Untracked 
|  20|0x0000000702000000, 0x0000000702000000, 0x0000000702100000|  0%| F|  |TAMS 0x0000000702000000, 0x0000000702000000| Untracked 
|  21|0x0000000702100000, 0x0000000702100000, 0x0000000702200000|  0%| F|  |TAMS 0x0000000702100000, 0x0000000702100000| Untracked 
|  22|0x0000000702200000, 0x0000000702200000, 0x0000000702300000|  0%| F|  |TAMS 0x0000000702200000, 0x0000000702200000| Untracked 
|  23|0x0000000702300000, 0x0000000702300000, 0x0000000702400000|  0%| F|  |TAMS 0x0000000702300000, 0x0000000702300000| Untracked 
|  24|0x0000000702400000, 0x0000000702400000, 0x0000000702500000|  0%| F|  |TAMS 0x0000000702400000, 0x0000000702400000| Untracked 
|  25|0x0000000702500000, 0x0000000702500000, 0x0000000702600000|  0%| F|  |TAMS 0x0000000702500000, 0x0000000702500000| Untracked 
|  26|0x0000000702600000, 0x0000000702600000, 0x0000000702700000|  0%| F|  |TAMS 0x0000000702600000, 0x0000000702600000| Untracked 
|  27|0x0000000702700000, 0x0000000702700000, 0x0000000702800000|  0%| F|  |TAMS 0x0000000702700000, 0x0000000702700000| Untracked 
|  28|0x0000000702800000, 0x0000000702800000, 0x0000000702900000|  0%| F|  |TAMS 0x0000000702800000, 0x0000000702800000| Untracked 
|  29|0x0000000702900000, 0x0000000702900000, 0x0000000702a00000|  0%| F|  |TAMS 0x0000000702900000, 0x0000000702900000| Untracked 
|  30|0x0000000702a00000, 0x0000000702a00000, 0x0000000702b00000|  0%| F|  |TAMS 0x0000000702a00000, 0x0000000702a00000| Untracked 
|  31|0x0000000702b00000, 0x0000000702b00000, 0x0000000702c00000|  0%| F|  |TAMS 0x0000000702b00000, 0x0000000702b00000| Untracked 
|  32|0x0000000702c00000, 0x0000000702c00000, 0x0000000702d00000|  0%| F|  |TAMS 0x0000000702c00000, 0x0000000702c00000| Untracked 
|  33|0x0000000702d00000, 0x0000000702d00000, 0x0000000702e00000|  0%| F|  |TAMS 0x0000000702d00000, 0x0000000702d00000| Untracked 
|  34|0x0000000702e00000, 0x0000000702e00000, 0x0000000702f00000|  0%| F|  |TAMS 0x0000000702e00000, 0x0000000702e00000| Untracked 
|  35|0x0000000702f00000, 0x0000000702f00000, 0x0000000703000000|  0%| F|  |TAMS 0x0000000702f00000, 0x0000000702f00000| Untracked 
|  36|0x0000000703000000, 0x0000000703000000, 0x0000000703100000|  0%| F|  |TAMS 0x0000000703000000, 0x0000000703000000| Untracked 
|  37|0x0000000703100000, 0x0000000703100000, 0x0000000703200000|  0%| F|  |TAMS 0x0000000703100000, 0x0000000703100000| Untracked 
|  38|0x0000000703200000, 0x0000000703200000, 0x0000000703300000|  0%| F|  |TAMS 0x0000000703200000, 0x0000000703200000| Untracked 
|  39|0x0000000703300000, 0x0000000703300000, 0x0000000703400000|  0%| F|  |TAMS 0x0000000703300000, 0x0000000703300000| Untracked 
|  40|0x0000000703400000, 0x0000000703400000, 0x0000000703500000|  0%| F|  |TAMS 0x0000000703400000, 0x0000000703400000| Untracked 
|  41|0x0000000703500000, 0x0000000703500000, 0x0000000703600000|  0%| F|  |TAMS 0x0000000703500000, 0x0000000703500000| Untracked 
|  42|0x0000000703600000, 0x0000000703600000, 0x0000000703700000|  0%| F|  |TAMS 0x0000000703600000, 0x0000000703600000| Untracked 
|  43|0x0000000703700000, 0x0000000703700000, 0x0000000703800000|  0%| F|  |TAMS 0x0000000703700000, 0x0000000703700000| Untracked 
|  44|0x0000000703800000, 0x0000000703800000, 0x0000000703900000|  0%| F|  |TAMS 0x0000000703800000, 0x0000000703800000| Untracked 
|  45|0x0000000703900000, 0x0000000703900000, 0x0000000703a00000|  0%| F|  |TAMS 0x0000000703900000, 0x0000000703900000| Untracked 
|  46|0x0000000703a00000, 0x0000000703a00000, 0x0000000703b00000|  0%| F|  |TAMS 0x0000000703a00000, 0x0000000703a00000| Untracked 
|  47|0x0000000703b00000, 0x0000000703b00000, 0x0000000703c00000|  0%| F|  |TAMS 0x0000000703b00000, 0x0000000703b00000| Untracked 
|  48|0x0000000703c00000, 0x0000000703c00000, 0x0000000703d00000|  0%| F|  |TAMS 0x0000000703c00000, 0x0000000703c00000| Untracked 
|  49|0x0000000703d00000, 0x0000000703d00000, 0x0000000703e00000|  0%| F|  |TAMS 0x0000000703d00000, 0x0000000703d00000| Untracked 
|  50|0x0000000703e00000, 0x0000000703e00000, 0x0000000703f00000|  0%| F|  |TAMS 0x0000000703e00000, 0x0000000703e00000| Untracked 
|  51|0x0000000703f00000, 0x0000000703f00000, 0x0000000704000000|  0%| F|  |TAMS 0x0000000703f00000, 0x0000000703f00000| Untracked 
|  52|0x0000000704000000, 0x0000000704000000, 0x0000000704100000|  0%| F|  |TAMS 0x0000000704000000, 0x0000000704000000| Untracked 
|  53|0x0000000704100000, 0x0000000704100000, 0x0000000704200000|  0%| F|  |TAMS 0x0000000704100000, 0x0000000704100000| Untracked 
|  54|0x0000000704200000, 0x0000000704200000, 0x0000000704300000|  0%| F|  |TAMS 0x0000000704200000, 0x0000000704200000| Untracked 
|  55|0x0000000704300000, 0x0000000704300000, 0x0000000704400000|  0%| F|  |TAMS 0x0000000704300000, 0x0000000704300000| Untracked 
|  56|0x0000000704400000, 0x0000000704400000, 0x0000000704500000|  0%| F|  |TAMS 0x0000000704400000, 0x0000000704400000| Untracked 
|  57|0x0000000704500000, 0x0000000704500000, 0x0000000704600000|  0%| F|  |TAMS 0x0000000704500000, 0x0000000704500000| Untracked 
|  58|0x0000000704600000, 0x0000000704600000, 0x0000000704700000|  0%| F|  |TAMS 0x0000000704600000, 0x0000000704600000| Untracked 
|  59|0x0000000704700000, 0x0000000704700000, 0x0000000704800000|  0%| F|  |TAMS 0x0000000704700000, 0x0000000704700000| Untracked 
|  60|0x0000000704800000, 0x0000000704800000, 0x0000000704900000|  0%| F|  |TAMS 0x0000000704800000, 0x0000000704800000| Untracked 
|  61|0x0000000704900000, 0x0000000704900000, 0x0000000704a00000|  0%| F|  |TAMS 0x0000000704900000, 0x0000000704900000| Untracked 
|  62|0x0000000704a00000, 0x0000000704a00000, 0x0000000704b00000|  0%| F|  |TAMS 0x0000000704a00000, 0x0000000704a00000| Untracked 
|  63|0x0000000704b00000, 0x0000000704b00000, 0x0000000704c00000|  0%| F|  |TAMS 0x0000000704b00000, 0x0000000704b00000| Untracked 
|  64|0x0000000704c00000, 0x0000000704c00000, 0x0000000704d00000|  0%| F|  |TAMS 0x0000000704c00000, 0x0000000704c00000| Untracked 
|  65|0x0000000704d00000, 0x0000000704d00000, 0x0000000704e00000|  0%| F|  |TAMS 0x0000000704d00000, 0x0000000704d00000| Untracked 
|  66|0x0000000704e00000, 0x0000000704e00000, 0x0000000704f00000|  0%| F|  |TAMS 0x0000000704e00000, 0x0000000704e00000| Untracked 
|  67|0x0000000704f00000, 0x0000000704f00000, 0x0000000705000000|  0%| F|  |TAMS 0x0000000704f00000, 0x0000000704f00000| Untracked 
|  68|0x0000000705000000, 0x0000000705000000, 0x0000000705100000|  0%| F|  |TAMS 0x0000000705000000, 0x0000000705000000| Untracked 
|  69|0x0000000705100000, 0x0000000705100000, 0x0000000705200000|  0%| F|  |TAMS 0x0000000705100000, 0x0000000705100000| Untracked 
|  70|0x0000000705200000, 0x0000000705200000, 0x0000000705300000|  0%| F|  |TAMS 0x0000000705200000, 0x0000000705200000| Untracked 
|  71|0x0000000705300000, 0x0000000705300000, 0x0000000705400000|  0%| F|  |TAMS 0x0000000705300000, 0x0000000705300000| Untracked 
|  72|0x0000000705400000, 0x0000000705400000, 0x0000000705500000|  0%| F|  |TAMS 0x0000000705400000, 0x0000000705400000| Untracked 
|  73|0x0000000705500000, 0x0000000705500000, 0x0000000705600000|  0%| F|  |TAMS 0x0000000705500000, 0x0000000705500000| Untracked 
|  74|0x0000000705600000, 0x0000000705600000, 0x0000000705700000|  0%| F|  |TAMS 0x0000000705600000, 0x0000000705600000| Untracked 
|  75|0x0000000705700000, 0x0000000705700000, 0x0000000705800000|  0%| F|  |TAMS 0x0000000705700000, 0x0000000705700000| Untracked 
|  76|0x0000000705800000, 0x0000000705800000, 0x0000000705900000|  0%| F|  |TAMS 0x0000000705800000, 0x0000000705800000| Untracked 
|  77|0x0000000705900000, 0x0000000705900000, 0x0000000705a00000|  0%| F|  |TAMS 0x0000000705900000, 0x0000000705900000| Untracked 
|  78|0x0000000705a00000, 0x0000000705a00000, 0x0000000705b00000|  0%| F|  |TAMS 0x0000000705a00000, 0x0000000705a00000| Untracked 
|  79|0x0000000705b00000, 0x0000000705b00000, 0x0000000705c00000|  0%| F|  |TAMS 0x0000000705b00000, 0x0000000705b00000| Untracked 
|  80|0x0000000705c00000, 0x0000000705c00000, 0x0000000705d00000|  0%| F|  |TAMS 0x0000000705c00000, 0x0000000705c00000| Untracked 
|  81|0x0000000705d00000, 0x0000000705d00000, 0x0000000705e00000|  0%| F|  |TAMS 0x0000000705d00000, 0x0000000705d00000| Untracked 
|  82|0x0000000705e00000, 0x0000000705e00000, 0x0000000705f00000|  0%| F|  |TAMS 0x0000000705e00000, 0x0000000705e00000| Untracked 
|  83|0x0000000705f00000, 0x0000000705f00000, 0x0000000706000000|  0%| F|  |TAMS 0x0000000705f00000, 0x0000000705f00000| Untracked 
|  84|0x0000000706000000, 0x0000000706000000, 0x0000000706100000|  0%| F|  |TAMS 0x0000000706000000, 0x0000000706000000| Untracked 
|  85|0x0000000706100000, 0x0000000706100000, 0x0000000706200000|  0%| F|  |TAMS 0x0000000706100000, 0x0000000706100000| Untracked 
|  86|0x0000000706200000, 0x0000000706200000, 0x0000000706300000|  0%| F|  |TAMS 0x0000000706200000, 0x0000000706200000| Untracked 
|  87|0x0000000706300000, 0x0000000706300000, 0x0000000706400000|  0%| F|  |TAMS 0x0000000706300000, 0x0000000706300000| Untracked 
|  88|0x0000000706400000, 0x0000000706400000, 0x0000000706500000|  0%| F|  |TAMS 0x0000000706400000, 0x0000000706400000| Untracked 
|  89|0x0000000706500000, 0x0000000706500000, 0x0000000706600000|  0%| F|  |TAMS 0x0000000706500000, 0x0000000706500000| Untracked 
|  90|0x0000000706600000, 0x0000000706600000, 0x0000000706700000|  0%| F|  |TAMS 0x0000000706600000, 0x0000000706600000| Untracked 
|  91|0x0000000706700000, 0x0000000706700000, 0x0000000706800000|  0%| F|  |TAMS 0x0000000706700000, 0x0000000706700000| Untracked 
|  92|0x0000000706800000, 0x0000000706800000, 0x0000000706900000|  0%| F|  |TAMS 0x0000000706800000, 0x0000000706800000| Untracked 
|  93|0x0000000706900000, 0x0000000706900000, 0x0000000706a00000|  0%| F|  |TAMS 0x0000000706900000, 0x0000000706900000| Untracked 
|  94|0x0000000706a00000, 0x0000000706a00000, 0x0000000706b00000|  0%| F|  |TAMS 0x0000000706a00000, 0x0000000706a00000| Untracked 
|  95|0x0000000706b00000, 0x0000000706b00000, 0x0000000706c00000|  0%| F|  |TAMS 0x0000000706b00000, 0x0000000706b00000| Untracked 
|  96|0x0000000706c00000, 0x0000000706c00000, 0x0000000706d00000|  0%| F|  |TAMS 0x0000000706c00000, 0x0000000706c00000| Untracked 
|  97|0x0000000706d00000, 0x0000000706d00000, 0x0000000706e00000|  0%| F|  |TAMS 0x0000000706d00000, 0x0000000706d00000| Untracked 
|  98|0x0000000706e00000, 0x0000000706e00000, 0x0000000706f00000|  0%| F|  |TAMS 0x0000000706e00000, 0x0000000706e00000| Untracked 
|  99|0x0000000706f00000, 0x0000000706f00000, 0x0000000707000000|  0%| F|  |TAMS 0x0000000706f00000, 0x0000000706f00000| Untracked 
| 100|0x0000000707000000, 0x0000000707000000, 0x0000000707100000|  0%| F|  |TAMS 0x0000000707000000, 0x0000000707000000| Untracked 
| 101|0x0000000707100000, 0x0000000707100000, 0x0000000707200000|  0%| F|  |TAMS 0x0000000707100000, 0x0000000707100000| Untracked 
| 102|0x0000000707200000, 0x0000000707200000, 0x0000000707300000|  0%| F|  |TAMS 0x0000000707200000, 0x0000000707200000| Untracked 
| 103|0x0000000707300000, 0x0000000707300000, 0x0000000707400000|  0%| F|  |TAMS 0x0000000707300000, 0x0000000707300000| Untracked 
| 104|0x0000000707400000, 0x0000000707400000, 0x0000000707500000|  0%| F|  |TAMS 0x0000000707400000, 0x0000000707400000| Untracked 
| 105|0x0000000707500000, 0x0000000707500000, 0x0000000707600000|  0%| F|  |TAMS 0x0000000707500000, 0x0000000707500000| Untracked 
| 106|0x0000000707600000, 0x0000000707600000, 0x0000000707700000|  0%| F|  |TAMS 0x0000000707600000, 0x0000000707600000| Untracked 
| 107|0x0000000707700000, 0x0000000707700000, 0x0000000707800000|  0%| F|  |TAMS 0x0000000707700000, 0x0000000707700000| Untracked 
| 108|0x0000000707800000, 0x0000000707800000, 0x0000000707900000|  0%| F|  |TAMS 0x0000000707800000, 0x0000000707800000| Untracked 
| 109|0x0000000707900000, 0x0000000707900000, 0x0000000707a00000|  0%| F|  |TAMS 0x0000000707900000, 0x0000000707900000| Untracked 
| 110|0x0000000707a00000, 0x0000000707a00000, 0x0000000707b00000|  0%| F|  |TAMS 0x0000000707a00000, 0x0000000707a00000| Untracked 
| 111|0x0000000707b00000, 0x0000000707b00000, 0x0000000707c00000|  0%| F|  |TAMS 0x0000000707b00000, 0x0000000707b00000| Untracked 
| 112|0x0000000707c00000, 0x0000000707c00000, 0x0000000707d00000|  0%| F|  |TAMS 0x0000000707c00000, 0x0000000707c00000| Untracked 
| 113|0x0000000707d00000, 0x0000000707d00000, 0x0000000707e00000|  0%| F|  |TAMS 0x0000000707d00000, 0x0000000707d00000| Untracked 
| 114|0x0000000707e00000, 0x0000000707e00000, 0x0000000707f00000|  0%| F|  |TAMS 0x0000000707e00000, 0x0000000707e00000| Untracked 
| 115|0x0000000707f00000, 0x0000000707f00000, 0x0000000708000000|  0%| F|  |TAMS 0x0000000707f00000, 0x0000000707f00000| Untracked 
| 116|0x0000000708000000, 0x0000000708000000, 0x0000000708100000|  0%| F|  |TAMS 0x0000000708000000, 0x0000000708000000| Untracked 
| 117|0x0000000708100000, 0x0000000708100000, 0x0000000708200000|  0%| F|  |TAMS 0x0000000708100000, 0x0000000708100000| Untracked 
| 118|0x0000000708200000, 0x0000000708200000, 0x0000000708300000|  0%| F|  |TAMS 0x0000000708200000, 0x0000000708200000| Untracked 
| 119|0x0000000708300000, 0x0000000708300000, 0x0000000708400000|  0%| F|  |TAMS 0x0000000708300000, 0x0000000708300000| Untracked 
| 120|0x0000000708400000, 0x0000000708400000, 0x0000000708500000|  0%| F|  |TAMS 0x0000000708400000, 0x0000000708400000| Untracked 
| 121|0x0000000708500000, 0x0000000708500000, 0x0000000708600000|  0%| F|  |TAMS 0x0000000708500000, 0x0000000708500000| Untracked 
| 122|0x0000000708600000, 0x0000000708600000, 0x0000000708700000|  0%| F|  |TAMS 0x0000000708600000, 0x0000000708600000| Untracked 
| 123|0x0000000708700000, 0x0000000708700000, 0x0000000708800000|  0%| F|  |TAMS 0x0000000708700000, 0x0000000708700000| Untracked 
| 124|0x0000000708800000, 0x0000000708800000, 0x0000000708900000|  0%| F|  |TAMS 0x0000000708800000, 0x0000000708800000| Untracked 
| 125|0x0000000708900000, 0x0000000708900000, 0x0000000708a00000|  0%| F|  |TAMS 0x0000000708900000, 0x0000000708900000| Untracked 
| 126|0x0000000708a00000, 0x0000000708a00000, 0x0000000708b00000|  0%| F|  |TAMS 0x0000000708a00000, 0x0000000708a00000| Untracked 
| 127|0x0000000708b00000, 0x0000000708b00000, 0x0000000708c00000|  0%| F|  |TAMS 0x0000000708b00000, 0x0000000708b00000| Untracked 
| 128|0x0000000708c00000, 0x0000000708c00000, 0x0000000708d00000|  0%| F|  |TAMS 0x0000000708c00000, 0x0000000708c00000| Untracked 
| 129|0x0000000708d00000, 0x0000000708d00000, 0x0000000708e00000|  0%| F|  |TAMS 0x0000000708d00000, 0x0000000708d00000| Untracked 
| 130|0x0000000708e00000, 0x0000000708e00000, 0x0000000708f00000|  0%| F|  |TAMS 0x0000000708e00000, 0x0000000708e00000| Untracked 
| 131|0x0000000708f00000, 0x0000000708f00000, 0x0000000709000000|  0%| F|  |TAMS 0x0000000708f00000, 0x0000000708f00000| Untracked 
| 132|0x0000000709000000, 0x0000000709000000, 0x0000000709100000|  0%| F|  |TAMS 0x0000000709000000, 0x0000000709000000| Untracked 
| 133|0x0000000709100000, 0x0000000709100000, 0x0000000709200000|  0%| F|  |TAMS 0x0000000709100000, 0x0000000709100000| Untracked 
| 134|0x0000000709200000, 0x0000000709200000, 0x0000000709300000|  0%| F|  |TAMS 0x0000000709200000, 0x0000000709200000| Untracked 
| 135|0x0000000709300000, 0x0000000709300000, 0x0000000709400000|  0%| F|  |TAMS 0x0000000709300000, 0x0000000709300000| Untracked 
| 136|0x0000000709400000, 0x0000000709400000, 0x0000000709500000|  0%| F|  |TAMS 0x0000000709400000, 0x0000000709400000| Untracked 
| 137|0x0000000709500000, 0x0000000709500000, 0x0000000709600000|  0%| F|  |TAMS 0x0000000709500000, 0x0000000709500000| Untracked 
| 138|0x0000000709600000, 0x0000000709600000, 0x0000000709700000|  0%| F|  |TAMS 0x0000000709600000, 0x0000000709600000| Untracked 
| 139|0x0000000709700000, 0x0000000709700000, 0x0000000709800000|  0%| F|  |TAMS 0x0000000709700000, 0x0000000709700000| Untracked 
| 140|0x0000000709800000, 0x0000000709800000, 0x0000000709900000|  0%| F|  |TAMS 0x0000000709800000, 0x0000000709800000| Untracked 
| 141|0x0000000709900000, 0x0000000709900000, 0x0000000709a00000|  0%| F|  |TAMS 0x0000000709900000, 0x0000000709900000| Untracked 
| 142|0x0000000709a00000, 0x0000000709a00000, 0x0000000709b00000|  0%| F|  |TAMS 0x0000000709a00000, 0x0000000709a00000| Untracked 
| 143|0x0000000709b00000, 0x0000000709b00000, 0x0000000709c00000|  0%| F|  |TAMS 0x0000000709b00000, 0x0000000709b00000| Untracked 
| 144|0x0000000709c00000, 0x0000000709c00000, 0x0000000709d00000|  0%| F|  |TAMS 0x0000000709c00000, 0x0000000709c00000| Untracked 
| 145|0x0000000709d00000, 0x0000000709d00000, 0x0000000709e00000|  0%| F|  |TAMS 0x0000000709d00000, 0x0000000709d00000| Untracked 
| 146|0x0000000709e00000, 0x0000000709e00000, 0x0000000709f00000|  0%| F|  |TAMS 0x0000000709e00000, 0x0000000709e00000| Untracked 
| 147|0x0000000709f00000, 0x0000000709f00000, 0x000000070a000000|  0%| F|  |TAMS 0x0000000709f00000, 0x0000000709f00000| Untracked 
| 148|0x000000070a000000, 0x000000070a000000, 0x000000070a100000|  0%| F|  |TAMS 0x000000070a000000, 0x000000070a000000| Untracked 
| 149|0x000000070a100000, 0x000000070a100000, 0x000000070a200000|  0%| F|  |TAMS 0x000000070a100000, 0x000000070a100000| Untracked 
| 150|0x000000070a200000, 0x000000070a200000, 0x000000070a300000|  0%| F|  |TAMS 0x000000070a200000, 0x000000070a200000| Untracked 
| 151|0x000000070a300000, 0x000000070a300000, 0x000000070a400000|  0%| F|  |TAMS 0x000000070a300000, 0x000000070a300000| Untracked 
| 152|0x000000070a400000, 0x000000070a400000, 0x000000070a500000|  0%| F|  |TAMS 0x000000070a400000, 0x000000070a400000| Untracked 
| 153|0x000000070a500000, 0x000000070a500000, 0x000000070a600000|  0%| F|  |TAMS 0x000000070a500000, 0x000000070a500000| Untracked 
| 154|0x000000070a600000, 0x000000070a600000, 0x000000070a700000|  0%| F|  |TAMS 0x000000070a600000, 0x000000070a600000| Untracked 
| 155|0x000000070a700000, 0x000000070a700000, 0x000000070a800000|  0%| F|  |TAMS 0x000000070a700000, 0x000000070a700000| Untracked 
| 156|0x000000070a800000, 0x000000070a800000, 0x000000070a900000|  0%| F|  |TAMS 0x000000070a800000, 0x000000070a800000| Untracked 
| 157|0x000000070a900000, 0x000000070a900000, 0x000000070aa00000|  0%| F|  |TAMS 0x000000070a900000, 0x000000070a900000| Untracked 
| 158|0x000000070aa00000, 0x000000070aa00000, 0x000000070ab00000|  0%| F|  |TAMS 0x000000070aa00000, 0x000000070aa00000| Untracked 
| 159|0x000000070ab00000, 0x000000070ab00000, 0x000000070ac00000|  0%| F|  |TAMS 0x000000070ab00000, 0x000000070ab00000| Untracked 
| 160|0x000000070ac00000, 0x000000070ac00000, 0x000000070ad00000|  0%| F|  |TAMS 0x000000070ac00000, 0x000000070ac00000| Untracked 
| 161|0x000000070ad00000, 0x000000070ad00000, 0x000000070ae00000|  0%| F|  |TAMS 0x000000070ad00000, 0x000000070ad00000| Untracked 
| 162|0x000000070ae00000, 0x000000070ae00000, 0x000000070af00000|  0%| F|  |TAMS 0x000000070ae00000, 0x000000070ae00000| Untracked 
| 163|0x000000070af00000, 0x000000070af00000, 0x000000070b000000|  0%| F|  |TAMS 0x000000070af00000, 0x000000070af00000| Untracked 
| 164|0x000000070b000000, 0x000000070b000000, 0x000000070b100000|  0%| F|  |TAMS 0x000000070b000000, 0x000000070b000000| Untracked 
| 165|0x000000070b100000, 0x000000070b100000, 0x000000070b200000|  0%| F|  |TAMS 0x000000070b100000, 0x000000070b100000| Untracked 
| 166|0x000000070b200000, 0x000000070b200000, 0x000000070b300000|  0%| F|  |TAMS 0x000000070b200000, 0x000000070b200000| Untracked 
| 167|0x000000070b300000, 0x000000070b300000, 0x000000070b400000|  0%| F|  |TAMS 0x000000070b300000, 0x000000070b300000| Untracked 
| 168|0x000000070b400000, 0x000000070b400000, 0x000000070b500000|  0%| F|  |TAMS 0x000000070b400000, 0x000000070b400000| Untracked 
| 169|0x000000070b500000, 0x000000070b500000, 0x000000070b600000|  0%| F|  |TAMS 0x000000070b500000, 0x000000070b500000| Untracked 
| 170|0x000000070b600000, 0x000000070b600000, 0x000000070b700000|  0%| F|  |TAMS 0x000000070b600000, 0x000000070b600000| Untracked 
| 171|0x000000070b700000, 0x000000070b700000, 0x000000070b800000|  0%| F|  |TAMS 0x000000070b700000, 0x000000070b700000| Untracked 
| 172|0x000000070b800000, 0x000000070b800000, 0x000000070b900000|  0%| F|  |TAMS 0x000000070b800000, 0x000000070b800000| Untracked 
| 173|0x000000070b900000, 0x000000070b900000, 0x000000070ba00000|  0%| F|  |TAMS 0x000000070b900000, 0x000000070b900000| Untracked 
| 174|0x000000070ba00000, 0x000000070ba00000, 0x000000070bb00000|  0%| F|  |TAMS 0x000000070ba00000, 0x000000070ba00000| Untracked 
| 175|0x000000070bb00000, 0x000000070bb00000, 0x000000070bc00000|  0%| F|  |TAMS 0x000000070bb00000, 0x000000070bb00000| Untracked 
| 176|0x000000070bc00000, 0x000000070bc00000, 0x000000070bd00000|  0%| F|  |TAMS 0x000000070bc00000, 0x000000070bc00000| Untracked 
| 177|0x000000070bd00000, 0x000000070bd00000, 0x000000070be00000|  0%| F|  |TAMS 0x000000070bd00000, 0x000000070bd00000| Untracked 
| 178|0x000000070be00000, 0x000000070be00000, 0x000000070bf00000|  0%| F|  |TAMS 0x000000070be00000, 0x000000070be00000| Untracked 
| 179|0x000000070bf00000, 0x000000070bf00000, 0x000000070c000000|  0%| F|  |TAMS 0x000000070bf00000, 0x000000070bf00000| Untracked 
| 180|0x000000070c000000, 0x000000070c000000, 0x000000070c100000|  0%| F|  |TAMS 0x000000070c000000, 0x000000070c000000| Untracked 
| 181|0x000000070c100000, 0x000000070c100000, 0x000000070c200000|  0%| F|  |TAMS 0x000000070c100000, 0x000000070c100000| Untracked 
| 182|0x000000070c200000, 0x000000070c200000, 0x000000070c300000|  0%| F|  |TAMS 0x000000070c200000, 0x000000070c200000| Untracked 
| 183|0x000000070c300000, 0x000000070c300000, 0x000000070c400000|  0%| F|  |TAMS 0x000000070c300000, 0x000000070c300000| Untracked 
| 184|0x000000070c400000, 0x000000070c400000, 0x000000070c500000|  0%| F|  |TAMS 0x000000070c400000, 0x000000070c400000| Untracked 
| 185|0x000000070c500000, 0x000000070c500000, 0x000000070c600000|  0%| F|  |TAMS 0x000000070c500000, 0x000000070c500000| Untracked 
| 186|0x000000070c600000, 0x000000070c600000, 0x000000070c700000|  0%| F|  |TAMS 0x000000070c600000, 0x000000070c600000| Untracked 
| 187|0x000000070c700000, 0x000000070c700000, 0x000000070c800000|  0%| F|  |TAMS 0x000000070c700000, 0x000000070c700000| Untracked 
| 188|0x000000070c800000, 0x000000070c800000, 0x000000070c900000|  0%| F|  |TAMS 0x000000070c800000, 0x000000070c800000| Untracked 
| 189|0x000000070c900000, 0x000000070c900000, 0x000000070ca00000|  0%| F|  |TAMS 0x000000070c900000, 0x000000070c900000| Untracked 
| 190|0x000000070ca00000, 0x000000070ca00000, 0x000000070cb00000|  0%| F|  |TAMS 0x000000070ca00000, 0x000000070ca00000| Untracked 
| 191|0x000000070cb00000, 0x000000070cb00000, 0x000000070cc00000|  0%| F|  |TAMS 0x000000070cb00000, 0x000000070cb00000| Untracked 
| 192|0x000000070cc00000, 0x000000070cc00000, 0x000000070cd00000|  0%| F|  |TAMS 0x000000070cc00000, 0x000000070cc00000| Untracked 
| 193|0x000000070cd00000, 0x000000070cd00000, 0x000000070ce00000|  0%| F|  |TAMS 0x000000070cd00000, 0x000000070cd00000| Untracked 
| 194|0x000000070ce00000, 0x000000070ce00000, 0x000000070cf00000|  0%| F|  |TAMS 0x000000070ce00000, 0x000000070ce00000| Untracked 
| 195|0x000000070cf00000, 0x000000070cf00000, 0x000000070d000000|  0%| F|  |TAMS 0x000000070cf00000, 0x000000070cf00000| Untracked 
| 196|0x000000070d000000, 0x000000070d000000, 0x000000070d100000|  0%| F|  |TAMS 0x000000070d000000, 0x000000070d000000| Untracked 
| 197|0x000000070d100000, 0x000000070d100000, 0x000000070d200000|  0%| F|  |TAMS 0x000000070d100000, 0x000000070d100000| Untracked 
| 198|0x000000070d200000, 0x000000070d200000, 0x000000070d300000|  0%| F|  |TAMS 0x000000070d200000, 0x000000070d200000| Untracked 
| 199|0x000000070d300000, 0x000000070d300000, 0x000000070d400000|  0%| F|  |TAMS 0x000000070d300000, 0x000000070d300000| Untracked 
| 200|0x000000070d400000, 0x000000070d400000, 0x000000070d500000|  0%| F|  |TAMS 0x000000070d400000, 0x000000070d400000| Untracked 
| 201|0x000000070d500000, 0x000000070d500000, 0x000000070d600000|  0%| F|  |TAMS 0x000000070d500000, 0x000000070d500000| Untracked 
| 202|0x000000070d600000, 0x000000070d600000, 0x000000070d700000|  0%| F|  |TAMS 0x000000070d600000, 0x000000070d600000| Untracked 
| 203|0x000000070d700000, 0x000000070d700000, 0x000000070d800000|  0%| F|  |TAMS 0x000000070d700000, 0x000000070d700000| Untracked 
| 204|0x000000070d800000, 0x000000070d800000, 0x000000070d900000|  0%| F|  |TAMS 0x000000070d800000, 0x000000070d800000| Untracked 
| 205|0x000000070d900000, 0x000000070d900000, 0x000000070da00000|  0%| F|  |TAMS 0x000000070d900000, 0x000000070d900000| Untracked 
| 206|0x000000070da00000, 0x000000070da00000, 0x000000070db00000|  0%| F|  |TAMS 0x000000070da00000, 0x000000070da00000| Untracked 
| 207|0x000000070db00000, 0x000000070db00000, 0x000000070dc00000|  0%| F|  |TAMS 0x000000070db00000, 0x000000070db00000| Untracked 
| 208|0x000000070dc00000, 0x000000070dc00000, 0x000000070dd00000|  0%| F|  |TAMS 0x000000070dc00000, 0x000000070dc00000| Untracked 
| 209|0x000000070dd00000, 0x000000070dd00000, 0x000000070de00000|  0%| F|  |TAMS 0x000000070dd00000, 0x000000070dd00000| Untracked 
| 210|0x000000070de00000, 0x000000070de00000, 0x000000070df00000|  0%| F|  |TAMS 0x000000070de00000, 0x000000070de00000| Untracked 
| 211|0x000000070df00000, 0x000000070df00000, 0x000000070e000000|  0%| F|  |TAMS 0x000000070df00000, 0x000000070df00000| Untracked 
| 212|0x000000070e000000, 0x000000070e000000, 0x000000070e100000|  0%| F|  |TAMS 0x000000070e000000, 0x000000070e000000| Untracked 
| 213|0x000000070e100000, 0x000000070e100000, 0x000000070e200000|  0%| F|  |TAMS 0x000000070e100000, 0x000000070e100000| Untracked 
| 214|0x000000070e200000, 0x000000070e200000, 0x000000070e300000|  0%| F|  |TAMS 0x000000070e200000, 0x000000070e200000| Untracked 
| 215|0x000000070e300000, 0x000000070e300000, 0x000000070e400000|  0%| F|  |TAMS 0x000000070e300000, 0x000000070e300000| Untracked 
| 216|0x000000070e400000, 0x000000070e400000, 0x000000070e500000|  0%| F|  |TAMS 0x000000070e400000, 0x000000070e400000| Untracked 
| 217|0x000000070e500000, 0x000000070e500000, 0x000000070e600000|  0%| F|  |TAMS 0x000000070e500000, 0x000000070e500000| Untracked 
| 218|0x000000070e600000, 0x000000070e600000, 0x000000070e700000|  0%| F|  |TAMS 0x000000070e600000, 0x000000070e600000| Untracked 
| 219|0x000000070e700000, 0x000000070e700000, 0x000000070e800000|  0%| F|  |TAMS 0x000000070e700000, 0x000000070e700000| Untracked 
| 220|0x000000070e800000, 0x000000070e800000, 0x000000070e900000|  0%| F|  |TAMS 0x000000070e800000, 0x000000070e800000| Untracked 
| 221|0x000000070e900000, 0x000000070e900000, 0x000000070ea00000|  0%| F|  |TAMS 0x000000070e900000, 0x000000070e900000| Untracked 
| 222|0x000000070ea00000, 0x000000070ea00000, 0x000000070eb00000|  0%| F|  |TAMS 0x000000070ea00000, 0x000000070ea00000| Untracked 
| 223|0x000000070eb00000, 0x000000070eb00000, 0x000000070ec00000|  0%| F|  |TAMS 0x000000070eb00000, 0x000000070eb00000| Untracked 
| 224|0x000000070ec00000, 0x000000070ec00000, 0x000000070ed00000|  0%| F|  |TAMS 0x000000070ec00000, 0x000000070ec00000| Untracked 
| 225|0x000000070ed00000, 0x000000070ed00000, 0x000000070ee00000|  0%| F|  |TAMS 0x000000070ed00000, 0x000000070ed00000| Untracked 
| 226|0x000000070ee00000, 0x000000070ee00000, 0x000000070ef00000|  0%| F|  |TAMS 0x000000070ee00000, 0x000000070ee00000| Untracked 
| 227|0x000000070ef00000, 0x000000070ef00000, 0x000000070f000000|  0%| F|  |TAMS 0x000000070ef00000, 0x000000070ef00000| Untracked 
| 228|0x000000070f000000, 0x000000070f000000, 0x000000070f100000|  0%| F|  |TAMS 0x000000070f000000, 0x000000070f000000| Untracked 
| 229|0x000000070f100000, 0x000000070f100000, 0x000000070f200000|  0%| F|  |TAMS 0x000000070f100000, 0x000000070f100000| Untracked 
| 230|0x000000070f200000, 0x000000070f200000, 0x000000070f300000|  0%| F|  |TAMS 0x000000070f200000, 0x000000070f200000| Untracked 
| 231|0x000000070f300000, 0x000000070f300000, 0x000000070f400000|  0%| F|  |TAMS 0x000000070f300000, 0x000000070f300000| Untracked 
| 232|0x000000070f400000, 0x000000070f400000, 0x000000070f500000|  0%| F|  |TAMS 0x000000070f400000, 0x000000070f400000| Untracked 
| 233|0x000000070f500000, 0x000000070f500000, 0x000000070f600000|  0%| F|  |TAMS 0x000000070f500000, 0x000000070f500000| Untracked 
| 234|0x000000070f600000, 0x000000070f600000, 0x000000070f700000|  0%| F|  |TAMS 0x000000070f600000, 0x000000070f600000| Untracked 
| 235|0x000000070f700000, 0x000000070f700000, 0x000000070f800000|  0%| F|  |TAMS 0x000000070f700000, 0x000000070f700000| Untracked 
| 236|0x000000070f800000, 0x000000070f800000, 0x000000070f900000|  0%| F|  |TAMS 0x000000070f800000, 0x000000070f800000| Untracked 
| 237|0x000000070f900000, 0x000000070f900000, 0x000000070fa00000|  0%| F|  |TAMS 0x000000070f900000, 0x000000070f900000| Untracked 
| 238|0x000000070fa00000, 0x000000070fa00000, 0x000000070fb00000|  0%| F|  |TAMS 0x000000070fa00000, 0x000000070fa00000| Untracked 
| 239|0x000000070fb00000, 0x000000070fbd7970, 0x000000070fc00000| 84%| E|  |TAMS 0x000000070fb00000, 0x000000070fb00000| Complete 
| 240|0x000000070fc00000, 0x000000070fd00000, 0x000000070fd00000|100%| E|CS|TAMS 0x000000070fc00000, 0x000000070fc00000| Complete 
| 241|0x000000070fd00000, 0x000000070fe00000, 0x000000070fe00000|100%| E|CS|TAMS 0x000000070fd00000, 0x000000070fd00000| Complete 
| 242|0x000000070fe00000, 0x000000070ff00000, 0x000000070ff00000|100%| E|CS|TAMS 0x000000070fe00000, 0x000000070fe00000| Complete 
| 243|0x000000070ff00000, 0x0000000710000000, 0x0000000710000000|100%| E|CS|TAMS 0x000000070ff00000, 0x000000070ff00000| Complete 
| 244|0x0000000710000000, 0x0000000710100000, 0x0000000710100000|100%| E|CS|TAMS 0x0000000710000000, 0x0000000710000000| Complete 
| 245|0x0000000710100000, 0x0000000710200000, 0x0000000710200000|100%| E|CS|TAMS 0x0000000710100000, 0x0000000710100000| Complete 
| 246|0x0000000710200000, 0x0000000710300000, 0x0000000710300000|100%| E|CS|TAMS 0x0000000710200000, 0x0000000710200000| Complete 
| 247|0x0000000710300000, 0x0000000710400000, 0x0000000710400000|100%| E|CS|TAMS 0x0000000710300000, 0x0000000710300000| Complete 
| 248|0x0000000710400000, 0x0000000710500000, 0x0000000710500000|100%| E|CS|TAMS 0x0000000710400000, 0x0000000710400000| Complete 
| 249|0x0000000710500000, 0x0000000710600000, 0x0000000710600000|100%| E|CS|TAMS 0x0000000710500000, 0x0000000710500000| Complete 
| 250|0x0000000710600000, 0x0000000710700000, 0x0000000710700000|100%| E|CS|TAMS 0x0000000710600000, 0x0000000710600000| Complete 
| 251|0x0000000710700000, 0x0000000710800000, 0x0000000710800000|100%| E|CS|TAMS 0x0000000710700000, 0x0000000710700000| Complete 
| 252|0x0000000710800000, 0x0000000710900000, 0x0000000710900000|100%| E|CS|TAMS 0x0000000710800000, 0x0000000710800000| Complete 
| 253|0x0000000710900000, 0x0000000710a00000, 0x0000000710a00000|100%| E|CS|TAMS 0x0000000710900000, 0x0000000710900000| Complete 
| 254|0x0000000710a00000, 0x0000000710b00000, 0x0000000710b00000|100%| E|CS|TAMS 0x0000000710a00000, 0x0000000710a00000| Complete 
| 255|0x0000000710b00000, 0x0000000710c00000, 0x0000000710c00000|100%| E|CS|TAMS 0x0000000710b00000, 0x0000000710b00000| Complete 

Card table byte_map: [0x0000019438260000,0x0000019438a60000] _byte_map_base: 0x0000019434a5a000

Marking Bits (Prev, Next): (CMBitMap*) 0x0000019420215588, (CMBitMap*) 0x00000194202155c8
 Prev Bits: [0x0000019439260000, 0x000001943d230000)
 Next Bits: [0x000001943d230000, 0x0000019441200000)

Polling page: 0x000001941f990000

Metaspace:

Usage:
  Non-class:      6.81 MB capacity,     5.64 MB ( 83%) used,     1.16 MB ( 17%) free+waste,    13.38 KB ( <1%) overhead. 
      Class:    721.00 KB capacity,   576.34 KB ( 80%) used,   137.41 KB ( 19%) free+waste,     7.25 KB (  1%) overhead. 
       Both:      7.51 MB capacity,     6.20 MB ( 83%) used,     1.29 MB ( 17%) free+waste,    20.63 KB ( <1%) overhead. 

Virtual space:
  Non-class space:        8.00 MB reserved,       7.00 MB ( 88%) committed 
      Class space:        1.00 GB reserved,     768.00 KB ( <1%) committed 
             Both:        1.01 GB reserved,       7.75 MB ( <1%) committed 

Chunk freelists:
   Non-Class:  3.00 KB
       Class:  0 bytes
        Both:  3.00 KB

MaxMetaspaceSize: 17179869184.00 GB
CompressedClassSpaceSize: 1.00 GB

CodeHeap 'non-profiled nmethods': size=120000Kb used=324Kb max_used=324Kb free=119675Kb
 bounds [0x0000019430420000, 0x0000019430690000, 0x0000019437950000]
CodeHeap 'profiled nmethods': size=120000Kb used=1770Kb max_used=1770Kb free=118229Kb
 bounds [0x0000019428ef0000, 0x0000019429160000, 0x0000019430420000]
CodeHeap 'non-nmethods': size=5760Kb used=1579Kb max_used=1593Kb free=4180Kb
 bounds [0x0000019428950000, 0x0000019428bc0000, 0x0000019428ef0000]
 total_blobs=2431 nmethods=1007 adapters=871
 compilation: enabled
              stopped_count=0, restarted_count=0
 full_count=0

Compilation events (20 events):
Event: 0.882 Thread 0x0000019443b63800  986       3       jdk.internal.jimage.ImageLocation::verify (50 bytes)
Event: 0.882 Thread 0x0000019443b63800 nmethod 986 0x00000194290a1e90 code [0x00000194290a20c0, 0x00000194290a2848]
Event: 0.886 Thread 0x0000019443b63800  987       3       java.lang.AbstractStringBuilder::checkRange (63 bytes)
Event: 0.887 Thread 0x0000019443b63800 nmethod 987 0x00000194290a2c10 code [0x00000194290a2ec0, 0x00000194290a3a78]
Event: 0.887 Thread 0x0000019443b63800  988       3       java.nio.Buffer::remaining (10 bytes)
Event: 0.887 Thread 0x0000019443b63800 nmethod 988 0x00000194290a3f10 code [0x00000194290a40a0, 0x00000194290a41b8]
Event: 0.888 Thread 0x0000019443b60000  989       4       sun.misc.Unsafe::getLong (9 bytes)
Event: 0.888 Thread 0x0000019443b63800  990       3       org.lwjgl.system.MemoryStack::nmalloc (61 bytes)
Event: 0.889 Thread 0x0000019443b63800 nmethod 990 0x00000194290a4290 code [0x00000194290a4440, 0x00000194290a4728]
Event: 0.889 Thread 0x0000019443b63800  991       3       org.lwjgl.system.MemoryUtil::memAddress0 (11 bytes)
Event: 0.889 Thread 0x0000019443b60000 nmethod 989 0x0000019430470090 code [0x0000019430470200, 0x0000019430470278]
Event: 0.889 Thread 0x0000019443b63800 nmethod 991 0x00000194290a4890 code [0x00000194290a4a20, 0x00000194290a4bf8]
Event: 0.976 Thread 0x0000019443b63800  992   !   3       java.util.zip.ZipFile$ZipFileInputStream::read (135 bytes)
Event: 0.976 Thread 0x0000019443b63800 nmethod 992 0x00000194290a4c90 code [0x00000194290a4ea0, 0x00000194290a5618]
Event: 0.976 Thread 0x0000019443b63800  993       3       java.util.zip.ZipFile::ensureOpenOrZipException (19 bytes)
Event: 0.977 Thread 0x0000019443b63800 nmethod 993 0x00000194290a5990 code [0x00000194290a5b40, 0x00000194290a5d28]
Event: 0.977 Thread 0x0000019443b63800  994       3       java.util.zip.ZipFile$ZipFileInputStream::initDataOffset (117 bytes)
Event: 0.977 Thread 0x0000019443b63800 nmethod 994 0x00000194290a5e10 code [0x00000194290a6040, 0x00000194290a6808]
Event: 0.978 Thread 0x0000019443b63800  995  s    3       java.lang.StringBuffer::append (13 bytes)
Event: 0.978 Thread 0x0000019443b63800 nmethod 995 0x00000194290a6b10 code [0x00000194290a6cc0, 0x00000194290a6fe8]

GC Heap History (0 events):
No events

Deoptimization events (20 events):
Event: 0.229 Thread 0x00000194201ad800 DEOPT PACKING pc=0x0000019428f39df4 sp=0x0000008049afd080
Event: 0.229 Thread 0x00000194201ad800 DEOPT UNPACKING pc=0x000001942899964e sp=0x0000008049afc4d8 mode 0
Event: 0.254 Thread 0x00000194201ad800 DEOPT PACKING pc=0x0000019428f590b2 sp=0x0000008049afabf0
Event: 0.254 Thread 0x00000194201ad800 DEOPT UNPACKING pc=0x000001942899964e sp=0x0000008049afa058 mode 0
Event: 0.256 Thread 0x00000194201ad800 DEOPT PACKING pc=0x0000019428f288d0 sp=0x0000008049afc690
Event: 0.256 Thread 0x00000194201ad800 DEOPT UNPACKING pc=0x000001942899964e sp=0x0000008049afbb18 mode 0
Event: 0.258 Thread 0x00000194201ad800 DEOPT PACKING pc=0x0000019428f288d0 sp=0x0000008049afc670
Event: 0.258 Thread 0x00000194201ad800 DEOPT UNPACKING pc=0x000001942899964e sp=0x0000008049afbaf8 mode 0
Event: 0.302 Thread 0x00000194201ad800 Uncommon trap: trap_request=0xffffff45 fr.pc=0x000001943042cf88 relative=0x00000000000009a8
Event: 0.302 Thread 0x00000194201ad800 Uncommon trap: reason=unstable_if action=reinterpret pc=0x000001943042cf88 method=java.util.HashMap.putVal(ILjava/lang/Object;Ljava/lang/Object;ZZ)Ljava/lang/Object; @ 181 c2
Event: 0.302 Thread 0x00000194201ad800 DEOPT PACKING pc=0x000001943042cf88 sp=0x0000008049afce60
Event: 0.302 Thread 0x00000194201ad800 DEOPT UNPACKING pc=0x000001942899912f sp=0x0000008049afce00 mode 2
Event: 0.591 Thread 0x00000194201ad800 Uncommon trap: trap_request=0xffffff5c fr.pc=0x0000019430461404 relative=0x0000000000000064
Event: 0.591 Thread 0x00000194201ad800 Uncommon trap: reason=speculate_null_check action=make_not_entrant pc=0x0000019430461404 method=sun.misc.Unsafe.getByte(Ljava/lang/Object;J)B @ 5 c2
Event: 0.591 Thread 0x00000194201ad800 DEOPT PACKING pc=0x0000019430461404 sp=0x0000008049afebb0
Event: 0.591 Thread 0x00000194201ad800 DEOPT UNPACKING pc=0x000001942899912f sp=0x0000008049afeb28 mode 2
Event: 0.818 Thread 0x00000194201ad800 Uncommon trap: trap_request=0xffffff54 fr.pc=0x0000019430463588 relative=0x0000000000000068
Event: 0.818 Thread 0x00000194201ad800 Uncommon trap: reason=speculate_null_assert action=make_not_entrant pc=0x0000019430463588 method=sun.misc.Unsafe.getLong(Ljava/lang/Object;J)J @ 5 c2
Event: 0.818 Thread 0x00000194201ad800 DEOPT PACKING pc=0x0000019430463588 sp=0x0000008049afe9c0
Event: 0.818 Thread 0x00000194201ad800 DEOPT UNPACKING pc=0x000001942899912f sp=0x0000008049afe948 mode 2

Classes unloaded (0 events):
No events

Classes redefined (0 events):
No events

Internal exceptions (20 events):
Event: 0.283 Thread 0x00000194201ad800 Exception <a 'java/lang/ClassNotFoundException'{0x0000000710581ff8}: org/apache/log4j/PatternLayoutBeanInfo> (0x0000000710581ff8) 
thrown [t:/workspace/open/src/hotspot/share/classfile/systemDictionary.cpp, line 226]
Event: 0.284 Thread 0x00000194201ad800 Exception <a 'java/lang/ClassNotFoundException'{0x000000071058fed8}: org/apache/log4j/LayoutBeanInfo> (0x000000071058fed8) 
thrown [t:/workspace/open/src/hotspot/share/classfile/systemDictionary.cpp, line 226]
Event: 0.284 Thread 0x00000194201ad800 Exception <a 'java/lang/ClassNotFoundException'{0x0000000710590930}: java/lang/ObjectBeanInfo> (0x0000000710590930) 
thrown [t:/workspace/open/src/hotspot/share/classfile/systemDictionary.cpp, line 226]
Event: 0.285 Thread 0x00000194201ad800 Exception <a 'java/lang/ClassNotFoundException'{0x0000000710593b98}: java/lang/ObjectCustomizer> (0x0000000710593b98) 
thrown [t:/workspace/open/src/hotspot/share/classfile/systemDictionary.cpp, line 226]
Event: 0.289 Thread 0x00000194201ad800 Exception <a 'java/lang/IncompatibleClassChangeError'{0x000000071059b828}: Found class java.lang.Object, but interface was expected> (0x000000071059b828) 
thrown [t:/workspace/open/src/hotspot/share/interpreter/linkResolver.cpp, line 832]
Event: 0.300 Thread 0x00000194201ad800 Exception <a 'java/lang/ClassNotFoundException'{0x00000007105e9170}: org/apache/log4j/LayoutCustomizer> (0x00000007105e9170) 
thrown [t:/workspace/open/src/hotspot/share/classfile/systemDictionary.cpp, line 226]
Event: 0.302 Thread 0x00000194201ad800 Exception <a 'java/lang/ClassNotFoundException'{0x00000007104096a8}: org/apache/log4j/PatternLayoutCustomizer> (0x00000007104096a8) 
thrown [t:/workspace/open/src/hotspot/share/classfile/systemDictionary.cpp, line 226]
Event: 0.331 Thread 0x00000194201ad800 Exception <a 'java/lang/ClassNotFoundException'{0x0000000710319630}: org/apache/log4j/FileAppenderBeanInfo> (0x0000000710319630) 
thrown [t:/workspace/open/src/hotspot/share/classfile/systemDictionary.cpp, line 226]
Event: 0.331 Thread 0x00000194201ad800 Exception <a 'java/lang/ClassNotFoundException'{0x0000000710327ff0}: org/apache/log4j/WriterAppenderBeanInfo> (0x0000000710327ff0) 
thrown [t:/workspace/open/src/hotspot/share/classfile/systemDictionary.cpp, line 226]
Event: 0.331 Thread 0x00000194201ad800 Exception <a 'java/lang/ClassNotFoundException'{0x0000000710336f50}: org/apache/log4j/AppenderSkeletonBeanInfo> (0x0000000710336f50) 
thrown [t:/workspace/open/src/hotspot/share/classfile/systemDictionary.cpp, line 226]
Event: 0.332 Thread 0x00000194201ad800 Exception <a 'java/lang/ClassNotFoundException'{0x0000000710345af0}: org/apache/log4j/AppenderSkeletonCustomizer> (0x0000000710345af0) 
thrown [t:/workspace/open/src/hotspot/share/classfile/systemDictionary.cpp, line 226]
Event: 0.333 Thread 0x00000194201ad800 Exception <a 'java/lang/ClassNotFoundException'{0x00000007103654b8}: org/apache/log4j/WriterAppenderCustomizer> (0x00000007103654b8) 
thrown [t:/workspace/open/src/hotspot/share/classfile/systemDictionary.cpp, line 226]
Event: 0.334 Thread 0x00000194201ad800 Exception <a 'java/lang/ClassNotFoundException'{0x000000071037dde0}: org/apache/log4j/FileAppenderCustomizer> (0x000000071037dde0) 
thrown [t:/workspace/open/src/hotspot/share/classfile/systemDictionary.cpp, line 226]
Event: 0.383 Thread 0x00000194201ad800 Exception <a 'java/lang/NoSuchMethodError'{0x000000071012ee88}: 'java.lang.Object java.lang.invoke.DirectMethodHandle$Holder.invokeStaticInit(java.lang.Object, int, int, int, int)'> (0x000000071012ee88) 
thrown [t:/workspace/open/src/hotspot/share/interpreter/linkResolver.cpp, line 766]
Event: 0.430 Thread 0x00000194201ad800 Exception <a 'java/lang/NoSuchMethodError'{0x00000007101ec460}: 'java.lang.Object java.lang.invoke.DirectMethodHandle$Holder.invokeStaticInit(java.lang.Object, java.lang.Object, int, int, int, int)'> (0x00000007101ec460) 
thrown [t:/workspace/open/src/hotspot/share/interpreter/linkResolver.cpp, line 766]
Event: 0.436 Thread 0x00000194201ad800 Exception <a 'sun/nio/fs/WindowsException'{0x0000000710006548}> (0x0000000710006548) 
thrown [t:/workspace/open/src/hotspot/share/prims/jni.cpp, line 599]
Event: 0.436 Thread 0x00000194201ad800 Exception <a 'sun/nio/fs/WindowsException'{0x0000000710006878}> (0x0000000710006878) 
thrown [t:/workspace/open/src/hotspot/share/prims/jni.cpp, line 599]
Event: 0.591 Thread 0x00000194201ad800 Exception <a 'java/lang/NoSuchMethodError'{0x000000070fe06f88}: 'void java.lang.invoke.DirectMethodHandle$Holder.invokeStatic(java.lang.Object, java.lang.Object, java.lang.Object, java.lang.Object)'> (0x000000070fe06f88) 
thrown [t:/workspace/open/src/hotspot/share/interpreter/linkResolver.cpp, line 766]
Event: 0.817 Thread 0x00000194201ad800 Exception <a 'java/lang/NoSuchMethodError'{0x000000070fe5bb40}: 'java.lang.Object java.lang.invoke.DirectMethodHandle$Holder.invokeStatic(java.lang.Object, long, long)'> (0x000000070fe5bb40) 
thrown [t:/workspace/open/src/hotspot/share/interpreter/linkResolver.cpp, line 766]
Event: 0.873 Thread 0x00000194201ad800 Exception <a 'java/lang/NoSuchMethodError'{0x000000070fc86ec0}: 'java.lang.Object java.lang.invoke.Invokers$Holder.linkToTargetMethod(java.lang.Object, java.lang.Object, java.lang.Object, java.lang.Object, java.lang.Object, java.lang.Object)'> (0x000000070fc86ec0) 
thrown [t:/workspace/open/src/hotspot/share/interpreter/linkResolver.cpp, line 766]

Events (20 events):
Event: 0.432 loading class sun/security/provider/SHA2$SHA256 done
Event: 0.459 loading class java/util/Vector$Itr
Event: 0.459 loading class java/util/Vector$Itr done
Event: 0.550 Loaded shared library C:\Users\Orange Avacado\AppData\Local\Temp\lwjglOrange Avacado\3.2.3-build-13\lwjgl.dll
Event: 0.551 Loaded shared library C:\Users\Orange Avacado\AppData\Local\Temp\lwjglOrange Avacado\3.2.3-build-13\lwjgl.dll
Event: 0.594 loading class java/util/NoSuchElementException
Event: 0.594 loading class java/util/NoSuchElementException done
Event: 0.833 Loaded shared library C:\Program Files\Java\jdk-14\bin\zip.dll
Event: 0.850 loading class java/lang/invoke/BoundMethodHandle$Species_LLL
Event: 0.850 loading class java/lang/invoke/BoundMethodHandle$Species_LLL done
Event: 0.852 loading class java/lang/invoke/BoundMethodHandle$Species_LLLL
Event: 0.852 loading class java/lang/invoke/BoundMethodHandle$Species_LLLL done
Event: 0.852 loading class java/lang/invoke/BoundMethodHandle$Species_LLLLL
Event: 0.852 loading class java/lang/invoke/BoundMethodHandle$Species_LLLLL done
Event: 0.853 loading class java/lang/invoke/BoundMethodHandle$Species_LJ
Event: 0.853 loading class java/lang/invoke/BoundMethodHandle$Species_LJ done
Event: 0.853 loading class java/lang/invoke/BoundMethodHandle$Species_LLLLLL
Event: 0.853 loading class java/lang/invoke/BoundMethodHandle$Species_LLLLLL done
Event: 0.882 loading class sun/nio/fs/WindowsUriSupport
Event: 0.882 loading class sun/nio/fs/WindowsUriSupport done


Dynamic libraries:
0x00007ff612700000 - 0x00007ff61270d000 	C:\Program Files\Java\jdk-14\bin\java.exe
0x00007ffae6370000 - 0x00007ffae6565000 	C:\WINDOWS\SYSTEM32\ntdll.dll
0x00007ffae5430000 - 0x00007ffae54ed000 	C:\WINDOWS\System32\KERNEL32.DLL
0x00007ffae4100000 - 0x00007ffae43c8000 	C:\WINDOWS\System32\KERNELBASE.dll
0x00007ffae3e20000 - 0x00007ffae3f20000 	C:\WINDOWS\System32\ucrtbase.dll
0x00007ffac9190000 - 0x00007ffac91a8000 	C:\Program Files\Java\jdk-14\bin\jli.dll
0x00007ffae5610000 - 0x00007ffae57b0000 	C:\WINDOWS\System32\USER32.dll
0x00007ffae3ab0000 - 0x00007ffae3ad2000 	C:\WINDOWS\System32\win32u.dll
0x00007ffae6280000 - 0x00007ffae62aa000 	C:\WINDOWS\System32\GDI32.dll
0x00007ffae3ff0000 - 0x00007ffae40fb000 	C:\WINDOWS\System32\gdi32full.dll
0x00007ffae3cd0000 - 0x00007ffae3d6d000 	C:\WINDOWS\System32\msvcp_win.dll
0x00007ffabf030000 - 0x00007ffabf045000 	C:\Program Files\Java\jdk-14\bin\VCRUNTIME140.dll
0x00007ffad85b0000 - 0x00007ffad884a000 	C:\WINDOWS\WinSxS\amd64_microsoft.windows.common-controls_6595b64144ccf1df_6.0.19041.844_none_ca00b6081b84eb1d\COMCTL32.dll
0x00007ffae4580000 - 0x00007ffae461e000 	C:\WINDOWS\System32\msvcrt.dll
0x00007ffae5940000 - 0x00007ffae5970000 	C:\WINDOWS\System32\IMM32.DLL
0x00007ffa9e440000 - 0x00007ffa9e4db000 	C:\Program Files\Java\jdk-14\bin\msvcp140.dll
0x00007ffa89d80000 - 0x00007ffa8a89f000 	C:\Program Files\Java\jdk-14\bin\server\jvm.dll
0x00007ffae57b0000 - 0x00007ffae585c000 	C:\WINDOWS\System32\ADVAPI32.dll
0x00007ffae4c50000 - 0x00007ffae4ceb000 	C:\WINDOWS\System32\sechost.dll
0x00007ffae4cf0000 - 0x00007ffae4e1b000 	C:\WINDOWS\System32\RPCRT4.dll
0x00007ffae53c0000 - 0x00007ffae53c8000 	C:\WINDOWS\System32\PSAPI.DLL
0x00007ffacadf0000 - 0x00007ffacadf9000 	C:\WINDOWS\SYSTEM32\WSOCK32.dll
0x00007ffae6210000 - 0x00007ffae627b000 	C:\WINDOWS\System32\WS2_32.dll
0x00007ffad0790000 - 0x00007ffad07b7000 	C:\WINDOWS\SYSTEM32\WINMM.dll
0x00007ffadccd0000 - 0x00007ffadccda000 	C:\WINDOWS\SYSTEM32\VERSION.dll
0x00007ffae23b0000 - 0x00007ffae23c2000 	C:\WINDOWS\SYSTEM32\kernel.appcore.dll
0x00007ffad0750000 - 0x00007ffad075a000 	C:\Program Files\Java\jdk-14\bin\jimage.dll
0x00007ffae2020000 - 0x00007ffae2204000 	C:\WINDOWS\SYSTEM32\DBGHELP.DLL
0x00007ffaca030000 - 0x00007ffaca05c000 	C:\WINDOWS\SYSTEM32\dbgcore.DLL
0x00007ffae3f20000 - 0x00007ffae3fa0000 	C:\WINDOWS\System32\bcryptPrimitives.dll
0x00007ffae0770000 - 0x00007ffae077e000 	C:\Program Files\Java\jdk-14\bin\instrument.dll
0x00007ffabe320000 - 0x00007ffabe345000 	C:\Program Files\Java\jdk-14\bin\java.dll
0x00007ffabdd20000 - 0x00007ffabdd37000 	C:\Program Files\Java\jdk-14\bin\zip.dll
0x00007ffae5970000 - 0x00007ffae60b2000 	C:\WINDOWS\System32\SHELL32.dll
0x00007ffae1890000 - 0x00007ffae2020000 	C:\WINDOWS\SYSTEM32\windows.storage.dll
0x00007ffae4620000 - 0x00007ffae4975000 	C:\WINDOWS\System32\combase.dll
0x00007ffae3520000 - 0x00007ffae354c000 	C:\WINDOWS\SYSTEM32\Wldp.dll
0x00007ffae4a10000 - 0x00007ffae4abe000 	C:\WINDOWS\System32\SHCORE.dll
0x00007ffae53d0000 - 0x00007ffae5425000 	C:\WINDOWS\System32\shlwapi.dll
0x00007ffae39f0000 - 0x00007ffae3a0f000 	C:\WINDOWS\SYSTEM32\profapi.dll
0x00007ffabd170000 - 0x00007ffabd189000 	C:\Program Files\Java\jdk-14\bin\net.dll
0x00007ffad9480000 - 0x00007ffad958b000 	C:\WINDOWS\SYSTEM32\WINHTTP.dll
0x00007ffae3290000 - 0x00007ffae32fa000 	C:\WINDOWS\system32\mswsock.dll
0x00007ffab7ec0000 - 0x00007ffab7ed2000 	C:\Program Files\Java\jdk-14\bin\nio.dll
0x00007ffad0710000 - 0x00007ffad0720000 	C:\Program Files\Java\jdk-14\bin\verify.dll
0x00007ffae0730000 - 0x00007ffae074a000 	C:\Program Files\JetBrains\IntelliJ IDEA Community Edition 2019.3.3\bin\breakgen64.dll
0x00007ffabee30000 - 0x00007ffabee94000 	C:\Users\Orange Avacado\AppData\Local\Temp\lwjglOrange Avacado\3.2.3-build-13\lwjgl.dll
0x00007ffaa05a0000 - 0x00007ffaa0602000 	C:\Users\ORANGE~1\AppData\Local\Temp\lwjglOrange Avacado\3.2.3-build-13\glfw.dll
0x00007ffae3470000 - 0x00007ffae3488000 	C:\WINDOWS\SYSTEM32\CRYPTSP.dll
0x00007ffae2bc0000 - 0x00007ffae2bf4000 	C:\WINDOWS\system32\rsaenh.dll
0x00007ffae3b40000 - 0x00007ffae3b67000 	C:\WINDOWS\System32\bcrypt.dll
0x00007ffae39b0000 - 0x00007ffae39de000 	C:\WINDOWS\SYSTEM32\USERENV.dll
0x00007ffae3460000 - 0x00007ffae346c000 	C:\WINDOWS\SYSTEM32\CRYPTBASE.dll
0x00007ffae2f30000 - 0x00007ffae2f6b000 	C:\WINDOWS\SYSTEM32\IPHLPAPI.DLL
0x00007ffae6200000 - 0x00007ffae6208000 	C:\WINDOWS\System32\NSI.dll
0x00007ffadc3f0000 - 0x00007ffadc407000 	C:\WINDOWS\SYSTEM32\dhcpcsvc6.DLL
0x00007ffadc7c0000 - 0x00007ffadc7dd000 	C:\WINDOWS\SYSTEM32\dhcpcsvc.DLL
0x00007ffae2f70000 - 0x00007ffae303c000 	C:\WINDOWS\SYSTEM32\DNSAPI.dll
0x00007ffa8e720000 - 0x00007ffa8e82e000 	C:\WINDOWS\SYSTEM32\vulkan-1.dll
0x00007ffae3fa0000 - 0x00007ffae3fee000 	C:\WINDOWS\System32\CFGMGR32.dll
0x00007ffae23f0000 - 0x00007ffae24e4000 	C:\WINDOWS\system32\dxgi.dll
0x00007ffa67430000 - 0x00007ffa69db8000 	C:\WINDOWS\System32\DriverStore\FileRepository\nv_dispi.inf_amd64_8e68f77150e57b50\nvoglv64.dll
0x00007ffae4f50000 - 0x00007ffae53b9000 	C:\WINDOWS\System32\SETUPAPI.dll
0x00007ffae4ac0000 - 0x00007ffae4bea000 	C:\WINDOWS\System32\ole32.dll
0x00007ffae4e20000 - 0x00007ffae4eed000 	C:\WINDOWS\System32\OLEAUT32.dll
0x00007ffadeb40000 - 0x00007ffadeb54000 	C:\WINDOWS\SYSTEM32\WTSAPI32.dll
0x00007ffae36a0000 - 0x00007ffae36b2000 	C:\WINDOWS\SYSTEM32\msasn1.dll
0x00007ffadc700000 - 0x00007ffadc731000 	C:\WINDOWS\SYSTEM32\cryptnet.dll
0x00007ffae3b70000 - 0x00007ffae3ccf000 	C:\WINDOWS\System32\CRYPT32.dll
0x00007ffae3860000 - 0x00007ffae388c000 	C:\WINDOWS\SYSTEM32\DEVOBJ.dll
0x00007ffae3ae0000 - 0x00007ffae3b40000 	C:\WINDOWS\System32\WINTRUST.dll
0x00007ffae27f0000 - 0x00007ffae2823000 	C:\WINDOWS\SYSTEM32\ntmarta.dll
0x00007ffa87a60000 - 0x00007ffa89050000 	C:\VulkanSDK\1.2.170.0\Bin\VkLayer_khronos_validation.dll
0x00007ffad7190000 - 0x00007ffad71c9000 	C:\Program Files (x86)\Overwolf\0.170.48.15\obs\data\obs-plugins\win-capture\ow-graphics-hook64.dll
0x00007ffa8b140000 - 0x00007ffa8b534000 	C:\Program Files (x86)\Overwolf\0.170.48.15\owclient.dll
0x00007ffa8aab0000 - 0x00007ffa8b13e000 	C:\Program Files\Common Files\Twitch\Studio\Versions\0.102.7961.40111\TwitchNativeOverlay64.dll
0x00007ffadf110000 - 0x00007ffadf374000 	C:\WINDOWS\SYSTEM32\d3d11.dll
0x00007ffaa0a60000 - 0x00007ffaa0b86000 	C:\WINDOWS\SYSTEM32\OPENGL32.dll
0x00007ffacb280000 - 0x00007ffacb2ac000 	C:\WINDOWS\SYSTEM32\GLU32.dll
0x00007ffae1090000 - 0x00007ffae112e000 	C:\WINDOWS\system32\uxtheme.dll
0x00007ffadb730000 - 0x00007ffadb76b000 	C:\WINDOWS\SYSTEM32\dxcore.dll
0x00007ffaa2de0000 - 0x00007ffaa3099000 	C:\WINDOWS\system32\nvspcap64.dll
0x00007ffae60e0000 - 0x00007ffae61f5000 	C:\WINDOWS\System32\MSCTF.dll
0x00007ffae60c0000 - 0x00007ffae60dd000 	C:\WINDOWS\System32\imagehlp.dll
0x00007ffae2380000 - 0x00007ffae23a3000 	C:\WINDOWS\SYSTEM32\gpapi.dll
0x00007ffa9de40000 - 0x00007ffa9deeb000 	C:\WINDOWS\System32\DriverStore\FileRepository\nv_dispi.inf_amd64_8e68f77150e57b50\NvCamera\NvCameraAllowlisting64.dll
0x00007ffad84a0000 - 0x00007ffad85a5000 	C:\WINDOWS\System32\DriverStore\FileRepository\nv_dispi.inf_amd64_8e68f77150e57b50\nvldumdx.dll
0x00007ffaace10000 - 0x00007ffab17e3000 	C:\WINDOWS\System32\DriverStore\FileRepository\nv_dispi.inf_amd64_8e68f77150e57b50\nvwgf2umx.dll
0x00007ffa89970000 - 0x00007ffa89d73000 	D:\dev\projects\vkjava3\target\classes\shaderc.dll

dbghelp: loaded successfully - version: 4.0.5 - missing functions: none
symbol engine: initialized successfully - sym options: 0x614 - pdb path: .;C:\Program Files\Java\jdk-14\bin;C:\WINDOWS\SYSTEM32;C:\WINDOWS\WinSxS\amd64_microsoft.windows.common-controls_6595b64144ccf1df_6.0.19041.844_none_ca00b6081b84eb1d;C:\Program Files\Java\jdk-14\bin\server;C:\Program Files\JetBrains\IntelliJ IDEA Community Edition 2019.3.3\bin;C:\Users\Orange Avacado\AppData\Local\Temp\lwjglOrange Avacado\3.2.3-build-13;C:\Users\ORANGE~1\AppData\Local\Temp\lwjglOrange Avacado\3.2.3-build-13;C:\WINDOWS\System32\DriverStore\FileRepository\nv_dispi.inf_amd64_8e68f77150e57b50;C:\VulkanSDK\1.2.170.0\Bin;C:\Program Files (x86)\Overwolf\0.170.48.15\obs\data\obs-plugins\win-capture;C:\Program Files (x86)\Overwolf\0.170.48.15;C:\Program Files\Common Files\Twitch\Studio\Versions\0.102.7961.40111;C:\WINDOWS\System32\DriverStore\FileRepository\nv_dispi.inf_amd64_8e68f77150e57b50\NvCamera;D:\dev\projects\vkjava3\target\classes

VM Arguments:
jvm_args: -javaagent:C:\Program Files\JetBrains\IntelliJ IDEA Community Edition 2019.3.3\lib\idea_rt.jar=62306:C:\Program Files\JetBrains\IntelliJ IDEA Community Edition 2019.3.3\bin -Dfile.encoding=UTF-8 
java_command: org.artifex.VkMain
java_class_path (initial): D:\dev\projects\vkjava3\target\classes;C:\Users\Orange Avacado\.m2\repository\org\lwjgl\lwjgl\3.2.3\lwjgl-3.2.3.jar;C:\Users\Orange Avacado\.m2\repository\org\lwjgl\lwjgl-vulkan\3.2.3\lwjgl-vulkan-3.2.3.jar;C:\Users\Orange Avacado\.m2\repository\org\lwjgl\lwjgl-vma\3.2.3\lwjgl-vma-3.2.3.jar;C:\Users\Orange Avacado\.m2\repository\org\lwjgl\lwjgl-glfw\3.2.3\lwjgl-glfw-3.2.3.jar;C:\Users\Orange Avacado\.m2\repository\org\joml\joml\1.10.1\joml-1.10.1.jar;C:\Users\Orange Avacado\.m2\repository\org\jetbrains\annotations\16.0.1\annotations-16.0.1.jar;C:\Users\Orange Avacado\.m2\repository\org\lwjgl\lwjgl-shaderc\3.2.3\lwjgl-shaderc-3.2.3.jar;C:\Users\Orange Avacado\.m2\repository\log4j\log4j\1.2.17\log4j-1.2.17.jar;C:\Users\Orange Avacado\.m2\repository\org\lwjgl\lwjgl\3.2.3\lwjgl-3.2.3-natives-windows.jar;C:\Users\Orange Avacado\.m2\repository\org\lwjgl\lwjgl-glfw\3.2.3\lwjgl-glfw-3.2.3-natives-windows.jar;C:\Users\Orange Avacado\.m2\repository\org\lwjgl\lwjgl-opengl\3.2.3\lwjgl-opengl-3.2.3-natives-windows.jar
Launcher Type: SUN_STANDARD

[Global flags]
     intx CICompilerCount                          = 3                                         {product} {ergonomic}
     uint ConcGCThreads                            = 2                                         {product} {ergonomic}
     uint G1ConcRefinementThreads                  = 6                                         {product} {ergonomic}
   size_t G1HeapRegionSize                         = 1048576                                   {product} {ergonomic}
    uintx GCDrainStackTargetSize                   = 64                                        {product} {ergonomic}
   size_t InitialHeapSize                          = 268435456                                 {product} {ergonomic}
   size_t MarkStackSize                            = 4194304                                   {product} {ergonomic}
   size_t MaxHeapSize                              = 4282384384                                {product} {ergonomic}
   size_t MaxNewSize                               = 2569011200                                {product} {ergonomic}
   size_t MinHeapDeltaBytes                        = 1048576                                   {product} {ergonomic}
   size_t MinHeapSize                              = 8388608                                   {product} {ergonomic}
    uintx NonNMethodCodeHeapSize                   = 5832780                                {pd product} {ergonomic}
    uintx NonProfiledCodeHeapSize                  = 122912730                              {pd product} {ergonomic}
    uintx ProfiledCodeHeapSize                     = 122912730                              {pd product} {ergonomic}
    uintx ReservedCodeCacheSize                    = 251658240                              {pd product} {ergonomic}
     bool SegmentedCodeCache                       = true                                      {product} {ergonomic}
   size_t SoftMaxHeapSize                          = 4282384384                             {manageable} {ergonomic}
     bool UseCompressedClassPointers               = true                                 {lp64_product} {ergonomic}
     bool UseCompressedOops                        = true                                 {lp64_product} {ergonomic}
     bool UseG1GC                                  = true                                      {product} {ergonomic}
     bool UseLargePagesIndividualAllocation        = false                                  {pd product} {ergonomic}

Logging:
Log output configuration:
 #0: stdout all=warning uptime,level,tags
 #1: stderr all=off uptime,level,tags

Environment Variables:
CLASSPATH=C:\JClasspath
PATH=C:\VulkanSDK\1.2.170.0\Bin;D:\dev\1.1.126.0\Bin;C:\Program Files\AdoptOpenJDK\jdk-11.0.3.7-hotspot\bin;C:\Program Files\Oculus\Support\oculus-runtime;C:\Program Files (x86)\Common Files\Oracle\Java\javapath;C:\Program Files (x86)\Intel\iCLS Client\;C:\Program Files\Intel\iCLS Client\;C:\Windows\system32;C:\Windows;C:\Windows\System32\Wbem;C:\Windows\System32\WindowsPowerShell\v1.0\;C:\Windows\System32\OpenSSH\;C:\Program Files (x86)\Intel\Intel(R) Management Engine Components\DAL;C:\Program Files\Intel\Intel(R) Management Engine Components\DAL;C:\Program Files (x86)\Intel\Intel(R) Management Engine Components\IPT;C:\Program Files\Intel\Intel(R) Management Engine Components\IPT;C:\Program Files\Intel\WiFi\bin\;C:\Program Files\Common Files\Intel\WirelessCommon\;C:\Program Files\Git\cmd;C:\Program Files (x86)\Microchip\MPLAB C32 Suite\bin;C:\cygwin64\bin;C:\Program Files\dotnet\;C:\Program Files\nodejs\;C:\ProgramData\chocolatey\bin;C:\Program Files\CMake\bin;C:\Ninja;C:\glfw-3.3;C:\glfw-3.3.bin.WIN64;C:\Program Files (x86)\NVIDIA Corporation\PhysX\Common;C:\Program Files\NVIDIA Corporation\NVIDIA NvDLISR;C:\mingw-w64\mingw32\bin;C:\glfw-3.3.bin.WIN64\include\GLFW;C:\WINDOWS\system32;C:\WINDOWS;C:\WINDOWS\System32\Wbem;C:\WINDOWS\System32\WindowsPowerShell\v1.0\;C:\WINDOWS\System32\OpenSSH\;D:\dev\libraries\lein\;C:\Program Files (x86)\GtkSharp\2.12\bin;C:\Program Files\MATLAB\R2020b\bin;C:\Users\Orange Avacado\AppData\Local\Programs\Python\Python36\Scripts\;C:\Users\Orange Avacado\AppData\Local\Programs\Python\Python36\;C:\Users\Orange Avacado\AppData\Local\Microsoft\WindowsApps;C:\Program Files\Intel\WiFi\bin\;C:\Program Files\Common Files\Intel\WirelessCommon\;C:\Users\Orange Avacado\AppData\Local\Programs\Microsoft VS Code\bin;C:\Users\Orange Avacado\AppData\Roaming\npm;D:\dev\libraries\vulkan\1.1.126.0\;C:\Users\Orange Avacado\AppData\Local\Microsoft\WindowsApps;C:\Users\Orange Avacado\AppData\Roaming\cabal\bin;C:\ProgramData\chocolatey\lib\ghc\tools\ghc-8.10.2
USERNAME=Orange Avacado
OS=Windows_NT
PROCESSOR_IDENTIFIER=Intel64 Family 6 Model 158 Stepping 10, GenuineIntel



---------------  S Y S T E M  ---------------

OS: Windows 10 , 64 bit Build 19041 (10.0.19041.928)
OS uptime: 2 days 14:51 hours

CPU:total 6 (initial active 6) (6 cores per cpu, 1 threads per core) family 6 model 158 stepping 10, cmov, cx8, fxsr, mmx, sse, sse2, sse3, ssse3, sse4.1, sse4.2, popcnt, avx, avx2, aes, clmul, erms, 3dnowpref, lzcnt, tsc, tscinvbit, bmi1, bmi2, adx, fma

Memory: 4k page, system-wide physical 16329M (8277M free)
TotalPageFile size 23753M (AvailPageFile size 7947M)
current process WorkingSet (physical memory assigned to process): 149M, peak: 156M
current process commit charge ("private bytes"): 475M, peak: 484M

vm_info: OpenJDK 64-Bit Server VM (14+36-1461) for windows-amd64 JRE (14+36-1461), built on Feb  6 2020 19:03:18 by "mach5one" with MS VC++ 15.9 (VS2017)

END.
