#
# A fatal error has been detected by the Java Runtime Environment:
#
#  EXCEPTION_ACCESS_VIOLATION (0xc0000005) at pc=0x0000000074e90a2a, pid=3840, tid=10020
#
# JRE version: Java(TM) SE Runtime Environment (14.0.2+12) (build 14.0.2+12-46)
# Java VM: Java HotSpot(TM) 64-Bit Server VM (14.0.2+12-46, mixed mode, sharing, tiered, compressed oops, g1 gc, windows-amd64)
# Problematic frame:
# C  [nvoglv64.dll+0x30a2a]
#
# No core dump will be written. Minidumps are not enabled by default on client versions of Windows
#
# If you would like to submit a bug report, please visit:
#   https://bugreport.java.com/bugreport/crash.jsp
# The crash happened outside the Java Virtual Machine in native code.
# See problematic frame for where to report the bug.
#

---------------  S U M M A R Y ------------

Command Line: -javaagent:C:\Users\aarevalo\AppData\Local\JetBrains\IntelliJ IDEA Community Edition 2019.3\lib\idea_rt.jar=50480:C:\Users\aarevalo\AppData\Local\JetBrains\IntelliJ IDEA Community Edition 2019.3\bin -Dfile.encoding=UTF-8 org.artifex.VkMain

Host: Intel(R) Core(TM) i7-9750H CPU @ 2.60GHz, 12 cores, 31G,  Windows 10 , 64 bit Build 18362 (10.0.18362.1500)
Time: Thu Jun  3 13:21:30 2021 Central Daylight Time elapsed time: 1 seconds (0d 0h 0m 1s)

---------------  T H R E A D  ---------------

Current thread (0x0000015d695ce000):  JavaThread "main" [_thread_in_native, id=10020, stack(0x0000003724200000,0x0000003724300000)]

Stack: [0x0000003724200000,0x0000003724300000],  sp=0x00000037242fdd10,  free space=1015k
Native frames: (J=compiled Java code, j=interpreted, Vv=VM code, C=native code)
C  [nvoglv64.dll+0x30a2a]

Java frames: (J=compiled Java code, j=interpreted, Vv=VM code)
j  org.lwjgl.system.JNI.callPJPPPI(JJIJJJJ)I+0
j  org.lwjgl.vulkan.VK10.nvkCreateComputePipelines(Lorg/lwjgl/vulkan/VkDevice;JIJJJ)I+47
j  org.lwjgl.vulkan.VK10.vkCreateComputePipelines(Lorg/lwjgl/vulkan/VkDevice;JLorg/lwjgl/vulkan/VkComputePipelineCreateInfo$Buffer;Lorg/lwjgl/vulkan/VkAllocationCallbacks;Ljava/nio/LongBuffer;)I+35
j  org.artifex.vulkan.compute.ComputePipeline.<init>(Lorg/artifex/vulkan/Device;Lorg/artifex/vulkan/compute/DescriptorSetLayout;Lorg/artifex/vulkan/ShaderModule;)V+173
j  org.artifex.Program.<init>(Lorg/artifex/Window;)V+92
j  org.artifex.VkMain.<init>()V+14
j  org.artifex.VkMain.main([Ljava/lang/String;)V+4
v  ~StubRoutines::call_stub

siginfo: EXCEPTION_ACCESS_VIOLATION (0xc0000005), writing address 0x000000000000004c


Register to memory mapping:

RIP=0x0000000074e90a2a nvoglv64.dll
RAX=0x00000037242fdea0 is pointing into the stack for thread: 0x0000015d695ce000
RBX=0x0 is NULL
RCX=0x0 is NULL
RDX=0x0000000000000100 is an unknown value
RSP=0x00000037242fdd10 is pointing into the stack for thread: 0x0000015d695ce000
RBP=0x00000037242fdd79 is pointing into the stack for thread: 0x0000015d695ce000
RSI=0x0 is NULL
RDI=0x0000015d2210e028 points into unknown readable memory: a0 de 2f 24 37 00 00 00
R8 =0x0000015d2210e050 points into unknown readable memory: 00 00 00 00 00 00 00 00
R9 =0x000000000000002c is an unknown value
R10=0x0000000000000460 is an unknown value
R11=0x0000015d189ee7d8 points into unknown readable memory: 07 00 00 00 0a 00 00 00
R12=0x0000000000000001 is an unknown value
R13=0x0000015d18a8ddb0 points into unknown readable memory: 20 19 f9 21 5d 01 00 00
R14=0x0000015d18c9d750 points into unknown readable memory: 50 c4 d1 76 00 00 00 00
R15=0x0000015d189ee7d8 points into unknown readable memory: 07 00 00 00 0a 00 00 00


Registers:
RAX=0x00000037242fdea0, RBX=0x0000000000000000, RCX=0x0000000000000000, RDX=0x0000000000000100
RSP=0x00000037242fdd10, RBP=0x00000037242fdd79, RSI=0x0000000000000000, RDI=0x0000015d2210e028
R8 =0x0000015d2210e050, R9 =0x000000000000002c, R10=0x0000000000000460, R11=0x0000015d189ee7d8
R12=0x0000000000000001, R13=0x0000015d18a8ddb0, R14=0x0000015d18c9d750, R15=0x0000015d189ee7d8
RIP=0x0000000074e90a2a, EFLAGS=0x0000000000010206

Top of Stack: (sp=0x00000037242fdd10)
0x00000037242fdd10:   0000000000000000 0000015d18c9d750
0x00000037242fdd20:   0000000000000008 0000000075d4c570
0x00000037242fdd30:   fffffffffffffffe 0000000000000014
0x00000037242fdd40:   0000000000000004 00000037242fdd60
0x00000037242fdd50:   00000037242fdd60 00000037242fdd80
0x00000037242fdd60:   0000000000000001 00000037242fdd80
0x00000037242fdd70:   00000037242fdd88 00000037242fdda0
0x00000037242fdd80:   0000015d18c9d750 0000000074e9654a
0x00000037242fdd90:   0000015d2210ef90 0000000000000002
0x00000037242fdda0:   0000000074e60000 0000015d18777e00
0x00000037242fddb0:   0000000000000005 0000000000000005
0x00000037242fddc0:   0000015d189ee7d8 000000000000002c
0x00000037242fddd0:   0000000000000006 0000000074ea4745
0x00000037242fdde0:   0000015d0000000a 0000015d18a8ddb0
0x00000037242fddf0:   0000015d2210e028 0000015d00000003
0x00000037242fde00:   0000000000000002 0000000074ea80d9 

Instructions: (pc=0x0000000074e90a2a)
0x0000000074e9092a:   47 28 48 8b 54 02 50 48 8b 0f e8 07 9e 01 00 48
0x0000000074e9093a:   8b d3 80 78 08 0b 48 0f 44 d0 8b 42 38 83 f8 40
0x0000000074e9094a:   77 13 b9 40 00 00 00 2b c8 48 8b 52 40 48 d3 e2
0x0000000074e9095a:   48 d3 fa eb 07 48 8b 42 40 48 8b 10 48 8b 07 48
0x0000000074e9096a:   8b 48 28 89 51 54 e9 b8 00 00 00 41 8b 47 0c 48
0x0000000074e9097a:   8d 14 80 48 c1 e2 05 48 8b 87 08 01 00 00 4c 8d
0x0000000074e9098a:   47 28 48 8b 54 02 50 48 8b 0f e8 a7 9d 01 00 48
0x0000000074e9099a:   8b d3 80 78 08 0b 48 0f 44 d0 8b 42 38 83 f8 40
0x0000000074e909aa:   77 13 b9 40 00 00 00 2b c8 48 8b 52 40 48 d3 e2
0x0000000074e909ba:   48 d3 fa eb 07 48 8b 42 40 48 8b 10 48 8b 07 48
0x0000000074e909ca:   8b 48 28 89 51 50 eb 5b 41 8b 47 08 48 8d 14 80
0x0000000074e909da:   48 c1 e2 05 48 8b 87 08 01 00 00 4c 8d 47 28 48
0x0000000074e909ea:   8b 54 02 50 48 8b 0f e8 4a 9d 01 00 48 8b d3 80
0x0000000074e909fa:   78 08 0b 48 0f 44 d0 8b 42 38 83 f8 40 77 13 b9
0x0000000074e90a0a:   40 00 00 00 2b c8 48 8b 52 40 48 d3 e2 48 d3 fa
0x0000000074e90a1a:   eb 07 48 8b 42 40 48 8b 10 48 8b 07 48 8b 48 28
0x0000000074e90a2a:   89 51 4c ff c6 3b 75 7f 0f 82 58 fe ff ff 48 8b
0x0000000074e90a3a:   4d ef 4c 8b 6d 6f 48 89 4d c7 48 8b 45 f7 48 2b
0x0000000074e90a4a:   c1 48 c1 f8 03 48 89 45 cf 0f 28 45 c7 66 0f 7f
0x0000000074e90a5a:   45 c7 48 8d 55 c7 49 8b cd e8 68 a0 01 00 48 8b
0x0000000074e90a6a:   d8 48 8d 45 07 48 8b 4d ef 48 3b c8 0f 84 94 00
0x0000000074e90a7a:   00 00 e8 3b dc e9 00 e9 8a 00 00 00 41 8b 45 08
0x0000000074e90a8a:   0f b6 c0 83 f8 0a 75 0f 45 33 c0 33 d2 49 8b cd
0x0000000074e90a9a:   e8 61 22 f6 00 eb 6c 83 f8 02 75 0d 0f 57 c9 49
0x0000000074e90aaa:   8b cd e8 5f 1f f6 00 eb 5a 83 f8 0e 75 0a 49 8b
0x0000000074e90aba:   cd e8 a0 22 f6 00 eb 4b 41 8b 07 48 8d 0c 80 48
0x0000000074e90aca:   c1 e1 05 48 8b 87 08 01 00 00 f6 84 01 88 00 00
0x0000000074e90ada:   00 01 74 27 48 8b 4f 20 e8 f9 46 f4 00 48 8b c8
0x0000000074e90aea:   ba 04 00 00 00 e8 4c 44 f4 00 45 33 c0 48 83 ca
0x0000000074e90afa:   ff 48 8b c8 e8 fd 21 f6 00 eb 08 49 8b cd e8 63
0x0000000074e90b0a:   0f f6 00 48 8b d8 8b 45 67 48 8d 0c 80 48 c1 e1
0x0000000074e90b1a:   05 48 8b 87 08 01 00 00 48 89 5c 01 50 48 8b 9c 


Stack slot to memory mapping:
stack at sp + 0 slots: 0x0 is NULL
stack at sp + 1 slots: 0x0000015d18c9d750 points into unknown readable memory: 50 c4 d1 76 00 00 00 00
stack at sp + 2 slots: 0x0000000000000008 is an unknown value
stack at sp + 3 slots: 0x0000000075d4c570 nvoglv64.dll
stack at sp + 4 slots: 0xfffffffffffffffe is an unknown value
stack at sp + 5 slots: 0x0000000000000014 is an unknown value
stack at sp + 6 slots: 0x0000000000000004 is an unknown value
stack at sp + 7 slots: 0x00000037242fdd60 is pointing into the stack for thread: 0x0000015d695ce000


---------------  P R O C E S S  ---------------

Threads class SMR info:
_java_thread_list=0x0000015d17cef650, length=12, elements={
0x0000015d695ce000, 0x0000015d17072000, 0x0000015d7fe3e000, 0x0000015d17086000,
0x0000015d1708a800, 0x0000015d1708b800, 0x0000015d1708d800, 0x0000015d17091000,
0x0000015d17092800, 0x0000015d1706e800, 0x0000015d17c99000, 0x0000015d17c9a000
}

Java Threads: ( => current thread )
=>0x0000015d695ce000 JavaThread "main" [_thread_in_native, id=10020, stack(0x0000003724200000,0x0000003724300000)]
  0x0000015d17072000 JavaThread "Reference Handler" daemon [_thread_blocked, id=3600, stack(0x0000003724900000,0x0000003724a00000)]
  0x0000015d7fe3e000 JavaThread "Finalizer" daemon [_thread_blocked, id=11964, stack(0x0000003724a00000,0x0000003724b00000)]
  0x0000015d17086000 JavaThread "Signal Dispatcher" daemon [_thread_blocked, id=11860, stack(0x0000003724b00000,0x0000003724c00000)]
  0x0000015d1708a800 JavaThread "Attach Listener" daemon [_thread_blocked, id=13928, stack(0x0000003724c00000,0x0000003724d00000)]
  0x0000015d1708b800 JavaThread "Service Thread" daemon [_thread_blocked, id=2296, stack(0x0000003724d00000,0x0000003724e00000)]
  0x0000015d1708d800 JavaThread "C2 CompilerThread0" daemon [_thread_blocked, id=8028, stack(0x0000003724e00000,0x0000003724f00000)]
  0x0000015d17091000 JavaThread "C1 CompilerThread0" daemon [_thread_blocked, id=8072, stack(0x0000003724f00000,0x0000003725000000)]
  0x0000015d17092800 JavaThread "Sweeper thread" daemon [_thread_blocked, id=3528, stack(0x0000003725000000,0x0000003725100000)]
  0x0000015d1706e800 JavaThread "Common-Cleaner" daemon [_thread_blocked, id=15620, stack(0x0000003725100000,0x0000003725200000)]
  0x0000015d17c99000 JavaThread "Monitor Ctrl-Break" daemon [_thread_in_native, id=4600, stack(0x0000003725300000,0x0000003725400000)]
  0x0000015d17c9a000 JavaThread "Notification Thread" daemon [_thread_blocked, id=2720, stack(0x0000003725400000,0x0000003725500000)]

Other Threads:
  0x0000015d7fe3b800 VMThread "VM Thread" [stack: 0x0000003724800000,0x0000003724900000] [id=4004]
  0x0000015d17ca5000 WatcherThread [stack: 0x0000003725500000,0x0000003725600000] [id=14128]
  0x0000015d69652800 GCTaskThread "GC Thread#0" [stack: 0x0000003724300000,0x0000003724400000] [id=5276]
  0x0000015d69675000 ConcurrentGCThread "G1 Main Marker" [stack: 0x0000003724400000,0x0000003724500000] [id=13240]
  0x0000015d69676000 ConcurrentGCThread "G1 Conc#0" [stack: 0x0000003724500000,0x0000003724600000] [id=3968]
  0x0000015d7fe0a000 ConcurrentGCThread "G1 Refine#0" [stack: 0x0000003724600000,0x0000003724700000] [id=12252]
  0x0000015d7fe0b800 ConcurrentGCThread "G1 Young RemSet Sampling" [stack: 0x0000003724700000,0x0000003724800000] [id=13500]

Threads with active compile tasks:

VM state:not at safepoint (normal execution)

VM Mutex/Monitor currently owned by a thread: None

Heap address: 0x0000000603c00000, size: 8132 MB, Compressed Oops mode: Zero based, Oop shift amount: 3
Narrow klass base: 0x0000000800000000, Narrow klass shift: 3
Compressed class space size: 1073741824 Address: 0x0000000800b30000

Heap:
 garbage-first heap   total 522240K, used 14336K [0x0000000603c00000, 0x0000000800000000)
  region size 2048K, 9 young (18432K), 0 survivors (0K)
 Metaspace       used 6062K, capacity 7448K, committed 7680K, reserved 1056768K
  class space    used 545K, capacity 698K, committed 768K, reserved 1048576K
Heap Regions: E=young(eden), S=young(survivor), O=old, HS=humongous(starts), HC=humongous(continues), CS=collection set, F=free, OA=open archive, CA=closed archive, TAMS=top-at-mark-start (previous, next)
|   0|0x0000000603c00000, 0x0000000603c00000, 0x0000000603e00000|  0%| F|  |TAMS 0x0000000603c00000, 0x0000000603c00000| Untracked 
|   1|0x0000000603e00000, 0x0000000603e00000, 0x0000000604000000|  0%| F|  |TAMS 0x0000000603e00000, 0x0000000603e00000| Untracked 
|   2|0x0000000604000000, 0x0000000604000000, 0x0000000604200000|  0%| F|  |TAMS 0x0000000604000000, 0x0000000604000000| Untracked 
|   3|0x0000000604200000, 0x0000000604200000, 0x0000000604400000|  0%| F|  |TAMS 0x0000000604200000, 0x0000000604200000| Untracked 
|   4|0x0000000604400000, 0x0000000604400000, 0x0000000604600000|  0%| F|  |TAMS 0x0000000604400000, 0x0000000604400000| Untracked 
|   5|0x0000000604600000, 0x0000000604600000, 0x0000000604800000|  0%| F|  |TAMS 0x0000000604600000, 0x0000000604600000| Untracked 
|   6|0x0000000604800000, 0x0000000604800000, 0x0000000604a00000|  0%| F|  |TAMS 0x0000000604800000, 0x0000000604800000| Untracked 
|   7|0x0000000604a00000, 0x0000000604a00000, 0x0000000604c00000|  0%| F|  |TAMS 0x0000000604a00000, 0x0000000604a00000| Untracked 
|   8|0x0000000604c00000, 0x0000000604c00000, 0x0000000604e00000|  0%| F|  |TAMS 0x0000000604c00000, 0x0000000604c00000| Untracked 
|   9|0x0000000604e00000, 0x0000000604e00000, 0x0000000605000000|  0%| F|  |TAMS 0x0000000604e00000, 0x0000000604e00000| Untracked 
|  10|0x0000000605000000, 0x0000000605000000, 0x0000000605200000|  0%| F|  |TAMS 0x0000000605000000, 0x0000000605000000| Untracked 
|  11|0x0000000605200000, 0x0000000605200000, 0x0000000605400000|  0%| F|  |TAMS 0x0000000605200000, 0x0000000605200000| Untracked 
|  12|0x0000000605400000, 0x0000000605400000, 0x0000000605600000|  0%| F|  |TAMS 0x0000000605400000, 0x0000000605400000| Untracked 
|  13|0x0000000605600000, 0x0000000605600000, 0x0000000605800000|  0%| F|  |TAMS 0x0000000605600000, 0x0000000605600000| Untracked 
|  14|0x0000000605800000, 0x0000000605800000, 0x0000000605a00000|  0%| F|  |TAMS 0x0000000605800000, 0x0000000605800000| Untracked 
|  15|0x0000000605a00000, 0x0000000605a00000, 0x0000000605c00000|  0%| F|  |TAMS 0x0000000605a00000, 0x0000000605a00000| Untracked 
|  16|0x0000000605c00000, 0x0000000605c00000, 0x0000000605e00000|  0%| F|  |TAMS 0x0000000605c00000, 0x0000000605c00000| Untracked 
|  17|0x0000000605e00000, 0x0000000605e00000, 0x0000000606000000|  0%| F|  |TAMS 0x0000000605e00000, 0x0000000605e00000| Untracked 
|  18|0x0000000606000000, 0x0000000606000000, 0x0000000606200000|  0%| F|  |TAMS 0x0000000606000000, 0x0000000606000000| Untracked 
|  19|0x0000000606200000, 0x0000000606200000, 0x0000000606400000|  0%| F|  |TAMS 0x0000000606200000, 0x0000000606200000| Untracked 
|  20|0x0000000606400000, 0x0000000606400000, 0x0000000606600000|  0%| F|  |TAMS 0x0000000606400000, 0x0000000606400000| Untracked 
|  21|0x0000000606600000, 0x0000000606600000, 0x0000000606800000|  0%| F|  |TAMS 0x0000000606600000, 0x0000000606600000| Untracked 
|  22|0x0000000606800000, 0x0000000606800000, 0x0000000606a00000|  0%| F|  |TAMS 0x0000000606800000, 0x0000000606800000| Untracked 
|  23|0x0000000606a00000, 0x0000000606a00000, 0x0000000606c00000|  0%| F|  |TAMS 0x0000000606a00000, 0x0000000606a00000| Untracked 
|  24|0x0000000606c00000, 0x0000000606c00000, 0x0000000606e00000|  0%| F|  |TAMS 0x0000000606c00000, 0x0000000606c00000| Untracked 
|  25|0x0000000606e00000, 0x0000000606e00000, 0x0000000607000000|  0%| F|  |TAMS 0x0000000606e00000, 0x0000000606e00000| Untracked 
|  26|0x0000000607000000, 0x0000000607000000, 0x0000000607200000|  0%| F|  |TAMS 0x0000000607000000, 0x0000000607000000| Untracked 
|  27|0x0000000607200000, 0x0000000607200000, 0x0000000607400000|  0%| F|  |TAMS 0x0000000607200000, 0x0000000607200000| Untracked 
|  28|0x0000000607400000, 0x0000000607400000, 0x0000000607600000|  0%| F|  |TAMS 0x0000000607400000, 0x0000000607400000| Untracked 
|  29|0x0000000607600000, 0x0000000607600000, 0x0000000607800000|  0%| F|  |TAMS 0x0000000607600000, 0x0000000607600000| Untracked 
|  30|0x0000000607800000, 0x0000000607800000, 0x0000000607a00000|  0%| F|  |TAMS 0x0000000607800000, 0x0000000607800000| Untracked 
|  31|0x0000000607a00000, 0x0000000607a00000, 0x0000000607c00000|  0%| F|  |TAMS 0x0000000607a00000, 0x0000000607a00000| Untracked 
|  32|0x0000000607c00000, 0x0000000607c00000, 0x0000000607e00000|  0%| F|  |TAMS 0x0000000607c00000, 0x0000000607c00000| Untracked 
|  33|0x0000000607e00000, 0x0000000607e00000, 0x0000000608000000|  0%| F|  |TAMS 0x0000000607e00000, 0x0000000607e00000| Untracked 
|  34|0x0000000608000000, 0x0000000608000000, 0x0000000608200000|  0%| F|  |TAMS 0x0000000608000000, 0x0000000608000000| Untracked 
|  35|0x0000000608200000, 0x0000000608200000, 0x0000000608400000|  0%| F|  |TAMS 0x0000000608200000, 0x0000000608200000| Untracked 
|  36|0x0000000608400000, 0x0000000608400000, 0x0000000608600000|  0%| F|  |TAMS 0x0000000608400000, 0x0000000608400000| Untracked 
|  37|0x0000000608600000, 0x0000000608600000, 0x0000000608800000|  0%| F|  |TAMS 0x0000000608600000, 0x0000000608600000| Untracked 
|  38|0x0000000608800000, 0x0000000608800000, 0x0000000608a00000|  0%| F|  |TAMS 0x0000000608800000, 0x0000000608800000| Untracked 
|  39|0x0000000608a00000, 0x0000000608a00000, 0x0000000608c00000|  0%| F|  |TAMS 0x0000000608a00000, 0x0000000608a00000| Untracked 
|  40|0x0000000608c00000, 0x0000000608c00000, 0x0000000608e00000|  0%| F|  |TAMS 0x0000000608c00000, 0x0000000608c00000| Untracked 
|  41|0x0000000608e00000, 0x0000000608e00000, 0x0000000609000000|  0%| F|  |TAMS 0x0000000608e00000, 0x0000000608e00000| Untracked 
|  42|0x0000000609000000, 0x0000000609000000, 0x0000000609200000|  0%| F|  |TAMS 0x0000000609000000, 0x0000000609000000| Untracked 
|  43|0x0000000609200000, 0x0000000609200000, 0x0000000609400000|  0%| F|  |TAMS 0x0000000609200000, 0x0000000609200000| Untracked 
|  44|0x0000000609400000, 0x0000000609400000, 0x0000000609600000|  0%| F|  |TAMS 0x0000000609400000, 0x0000000609400000| Untracked 
|  45|0x0000000609600000, 0x0000000609600000, 0x0000000609800000|  0%| F|  |TAMS 0x0000000609600000, 0x0000000609600000| Untracked 
|  46|0x0000000609800000, 0x0000000609800000, 0x0000000609a00000|  0%| F|  |TAMS 0x0000000609800000, 0x0000000609800000| Untracked 
|  47|0x0000000609a00000, 0x0000000609a00000, 0x0000000609c00000|  0%| F|  |TAMS 0x0000000609a00000, 0x0000000609a00000| Untracked 
|  48|0x0000000609c00000, 0x0000000609c00000, 0x0000000609e00000|  0%| F|  |TAMS 0x0000000609c00000, 0x0000000609c00000| Untracked 
|  49|0x0000000609e00000, 0x0000000609e00000, 0x000000060a000000|  0%| F|  |TAMS 0x0000000609e00000, 0x0000000609e00000| Untracked 
|  50|0x000000060a000000, 0x000000060a000000, 0x000000060a200000|  0%| F|  |TAMS 0x000000060a000000, 0x000000060a000000| Untracked 
|  51|0x000000060a200000, 0x000000060a200000, 0x000000060a400000|  0%| F|  |TAMS 0x000000060a200000, 0x000000060a200000| Untracked 
|  52|0x000000060a400000, 0x000000060a400000, 0x000000060a600000|  0%| F|  |TAMS 0x000000060a400000, 0x000000060a400000| Untracked 
|  53|0x000000060a600000, 0x000000060a600000, 0x000000060a800000|  0%| F|  |TAMS 0x000000060a600000, 0x000000060a600000| Untracked 
|  54|0x000000060a800000, 0x000000060a800000, 0x000000060aa00000|  0%| F|  |TAMS 0x000000060a800000, 0x000000060a800000| Untracked 
|  55|0x000000060aa00000, 0x000000060aa00000, 0x000000060ac00000|  0%| F|  |TAMS 0x000000060aa00000, 0x000000060aa00000| Untracked 
|  56|0x000000060ac00000, 0x000000060ac00000, 0x000000060ae00000|  0%| F|  |TAMS 0x000000060ac00000, 0x000000060ac00000| Untracked 
|  57|0x000000060ae00000, 0x000000060ae00000, 0x000000060b000000|  0%| F|  |TAMS 0x000000060ae00000, 0x000000060ae00000| Untracked 
|  58|0x000000060b000000, 0x000000060b000000, 0x000000060b200000|  0%| F|  |TAMS 0x000000060b000000, 0x000000060b000000| Untracked 
|  59|0x000000060b200000, 0x000000060b200000, 0x000000060b400000|  0%| F|  |TAMS 0x000000060b200000, 0x000000060b200000| Untracked 
|  60|0x000000060b400000, 0x000000060b400000, 0x000000060b600000|  0%| F|  |TAMS 0x000000060b400000, 0x000000060b400000| Untracked 
|  61|0x000000060b600000, 0x000000060b600000, 0x000000060b800000|  0%| F|  |TAMS 0x000000060b600000, 0x000000060b600000| Untracked 
|  62|0x000000060b800000, 0x000000060b800000, 0x000000060ba00000|  0%| F|  |TAMS 0x000000060b800000, 0x000000060b800000| Untracked 
|  63|0x000000060ba00000, 0x000000060ba00000, 0x000000060bc00000|  0%| F|  |TAMS 0x000000060ba00000, 0x000000060ba00000| Untracked 
|  64|0x000000060bc00000, 0x000000060bc00000, 0x000000060be00000|  0%| F|  |TAMS 0x000000060bc00000, 0x000000060bc00000| Untracked 
|  65|0x000000060be00000, 0x000000060be00000, 0x000000060c000000|  0%| F|  |TAMS 0x000000060be00000, 0x000000060be00000| Untracked 
|  66|0x000000060c000000, 0x000000060c000000, 0x000000060c200000|  0%| F|  |TAMS 0x000000060c000000, 0x000000060c000000| Untracked 
|  67|0x000000060c200000, 0x000000060c200000, 0x000000060c400000|  0%| F|  |TAMS 0x000000060c200000, 0x000000060c200000| Untracked 
|  68|0x000000060c400000, 0x000000060c400000, 0x000000060c600000|  0%| F|  |TAMS 0x000000060c400000, 0x000000060c400000| Untracked 
|  69|0x000000060c600000, 0x000000060c600000, 0x000000060c800000|  0%| F|  |TAMS 0x000000060c600000, 0x000000060c600000| Untracked 
|  70|0x000000060c800000, 0x000000060c800000, 0x000000060ca00000|  0%| F|  |TAMS 0x000000060c800000, 0x000000060c800000| Untracked 
|  71|0x000000060ca00000, 0x000000060ca00000, 0x000000060cc00000|  0%| F|  |TAMS 0x000000060ca00000, 0x000000060ca00000| Untracked 
|  72|0x000000060cc00000, 0x000000060cc00000, 0x000000060ce00000|  0%| F|  |TAMS 0x000000060cc00000, 0x000000060cc00000| Untracked 
|  73|0x000000060ce00000, 0x000000060ce00000, 0x000000060d000000|  0%| F|  |TAMS 0x000000060ce00000, 0x000000060ce00000| Untracked 
|  74|0x000000060d000000, 0x000000060d000000, 0x000000060d200000|  0%| F|  |TAMS 0x000000060d000000, 0x000000060d000000| Untracked 
|  75|0x000000060d200000, 0x000000060d200000, 0x000000060d400000|  0%| F|  |TAMS 0x000000060d200000, 0x000000060d200000| Untracked 
|  76|0x000000060d400000, 0x000000060d400000, 0x000000060d600000|  0%| F|  |TAMS 0x000000060d400000, 0x000000060d400000| Untracked 
|  77|0x000000060d600000, 0x000000060d600000, 0x000000060d800000|  0%| F|  |TAMS 0x000000060d600000, 0x000000060d600000| Untracked 
|  78|0x000000060d800000, 0x000000060d800000, 0x000000060da00000|  0%| F|  |TAMS 0x000000060d800000, 0x000000060d800000| Untracked 
|  79|0x000000060da00000, 0x000000060da00000, 0x000000060dc00000|  0%| F|  |TAMS 0x000000060da00000, 0x000000060da00000| Untracked 
|  80|0x000000060dc00000, 0x000000060dc00000, 0x000000060de00000|  0%| F|  |TAMS 0x000000060dc00000, 0x000000060dc00000| Untracked 
|  81|0x000000060de00000, 0x000000060de00000, 0x000000060e000000|  0%| F|  |TAMS 0x000000060de00000, 0x000000060de00000| Untracked 
|  82|0x000000060e000000, 0x000000060e000000, 0x000000060e200000|  0%| F|  |TAMS 0x000000060e000000, 0x000000060e000000| Untracked 
|  83|0x000000060e200000, 0x000000060e200000, 0x000000060e400000|  0%| F|  |TAMS 0x000000060e200000, 0x000000060e200000| Untracked 
|  84|0x000000060e400000, 0x000000060e400000, 0x000000060e600000|  0%| F|  |TAMS 0x000000060e400000, 0x000000060e400000| Untracked 
|  85|0x000000060e600000, 0x000000060e600000, 0x000000060e800000|  0%| F|  |TAMS 0x000000060e600000, 0x000000060e600000| Untracked 
|  86|0x000000060e800000, 0x000000060e800000, 0x000000060ea00000|  0%| F|  |TAMS 0x000000060e800000, 0x000000060e800000| Untracked 
|  87|0x000000060ea00000, 0x000000060ea00000, 0x000000060ec00000|  0%| F|  |TAMS 0x000000060ea00000, 0x000000060ea00000| Untracked 
|  88|0x000000060ec00000, 0x000000060ec00000, 0x000000060ee00000|  0%| F|  |TAMS 0x000000060ec00000, 0x000000060ec00000| Untracked 
|  89|0x000000060ee00000, 0x000000060ee00000, 0x000000060f000000|  0%| F|  |TAMS 0x000000060ee00000, 0x000000060ee00000| Untracked 
|  90|0x000000060f000000, 0x000000060f000000, 0x000000060f200000|  0%| F|  |TAMS 0x000000060f000000, 0x000000060f000000| Untracked 
|  91|0x000000060f200000, 0x000000060f200000, 0x000000060f400000|  0%| F|  |TAMS 0x000000060f200000, 0x000000060f200000| Untracked 
|  92|0x000000060f400000, 0x000000060f400000, 0x000000060f600000|  0%| F|  |TAMS 0x000000060f400000, 0x000000060f400000| Untracked 
|  93|0x000000060f600000, 0x000000060f600000, 0x000000060f800000|  0%| F|  |TAMS 0x000000060f600000, 0x000000060f600000| Untracked 
|  94|0x000000060f800000, 0x000000060f800000, 0x000000060fa00000|  0%| F|  |TAMS 0x000000060f800000, 0x000000060f800000| Untracked 
|  95|0x000000060fa00000, 0x000000060fa00000, 0x000000060fc00000|  0%| F|  |TAMS 0x000000060fa00000, 0x000000060fa00000| Untracked 
|  96|0x000000060fc00000, 0x000000060fc00000, 0x000000060fe00000|  0%| F|  |TAMS 0x000000060fc00000, 0x000000060fc00000| Untracked 
|  97|0x000000060fe00000, 0x000000060fe00000, 0x0000000610000000|  0%| F|  |TAMS 0x000000060fe00000, 0x000000060fe00000| Untracked 
|  98|0x0000000610000000, 0x0000000610000000, 0x0000000610200000|  0%| F|  |TAMS 0x0000000610000000, 0x0000000610000000| Untracked 
|  99|0x0000000610200000, 0x0000000610200000, 0x0000000610400000|  0%| F|  |TAMS 0x0000000610200000, 0x0000000610200000| Untracked 
| 100|0x0000000610400000, 0x0000000610400000, 0x0000000610600000|  0%| F|  |TAMS 0x0000000610400000, 0x0000000610400000| Untracked 
| 101|0x0000000610600000, 0x0000000610600000, 0x0000000610800000|  0%| F|  |TAMS 0x0000000610600000, 0x0000000610600000| Untracked 
| 102|0x0000000610800000, 0x0000000610800000, 0x0000000610a00000|  0%| F|  |TAMS 0x0000000610800000, 0x0000000610800000| Untracked 
| 103|0x0000000610a00000, 0x0000000610a00000, 0x0000000610c00000|  0%| F|  |TAMS 0x0000000610a00000, 0x0000000610a00000| Untracked 
| 104|0x0000000610c00000, 0x0000000610c00000, 0x0000000610e00000|  0%| F|  |TAMS 0x0000000610c00000, 0x0000000610c00000| Untracked 
| 105|0x0000000610e00000, 0x0000000610e00000, 0x0000000611000000|  0%| F|  |TAMS 0x0000000610e00000, 0x0000000610e00000| Untracked 
| 106|0x0000000611000000, 0x0000000611000000, 0x0000000611200000|  0%| F|  |TAMS 0x0000000611000000, 0x0000000611000000| Untracked 
| 107|0x0000000611200000, 0x0000000611200000, 0x0000000611400000|  0%| F|  |TAMS 0x0000000611200000, 0x0000000611200000| Untracked 
| 108|0x0000000611400000, 0x0000000611400000, 0x0000000611600000|  0%| F|  |TAMS 0x0000000611400000, 0x0000000611400000| Untracked 
| 109|0x0000000611600000, 0x0000000611600000, 0x0000000611800000|  0%| F|  |TAMS 0x0000000611600000, 0x0000000611600000| Untracked 
| 110|0x0000000611800000, 0x0000000611800000, 0x0000000611a00000|  0%| F|  |TAMS 0x0000000611800000, 0x0000000611800000| Untracked 
| 111|0x0000000611a00000, 0x0000000611a00000, 0x0000000611c00000|  0%| F|  |TAMS 0x0000000611a00000, 0x0000000611a00000| Untracked 
| 112|0x0000000611c00000, 0x0000000611c00000, 0x0000000611e00000|  0%| F|  |TAMS 0x0000000611c00000, 0x0000000611c00000| Untracked 
| 113|0x0000000611e00000, 0x0000000611e00000, 0x0000000612000000|  0%| F|  |TAMS 0x0000000611e00000, 0x0000000611e00000| Untracked 
| 114|0x0000000612000000, 0x0000000612000000, 0x0000000612200000|  0%| F|  |TAMS 0x0000000612000000, 0x0000000612000000| Untracked 
| 115|0x0000000612200000, 0x0000000612200000, 0x0000000612400000|  0%| F|  |TAMS 0x0000000612200000, 0x0000000612200000| Untracked 
| 116|0x0000000612400000, 0x0000000612400000, 0x0000000612600000|  0%| F|  |TAMS 0x0000000612400000, 0x0000000612400000| Untracked 
| 117|0x0000000612600000, 0x0000000612600000, 0x0000000612800000|  0%| F|  |TAMS 0x0000000612600000, 0x0000000612600000| Untracked 
| 118|0x0000000612800000, 0x0000000612800000, 0x0000000612a00000|  0%| F|  |TAMS 0x0000000612800000, 0x0000000612800000| Untracked 
| 119|0x0000000612a00000, 0x0000000612a00000, 0x0000000612c00000|  0%| F|  |TAMS 0x0000000612a00000, 0x0000000612a00000| Untracked 
| 120|0x0000000612c00000, 0x0000000612c00000, 0x0000000612e00000|  0%| F|  |TAMS 0x0000000612c00000, 0x0000000612c00000| Untracked 
| 121|0x0000000612e00000, 0x0000000612e00000, 0x0000000613000000|  0%| F|  |TAMS 0x0000000612e00000, 0x0000000612e00000| Untracked 
| 122|0x0000000613000000, 0x0000000613000000, 0x0000000613200000|  0%| F|  |TAMS 0x0000000613000000, 0x0000000613000000| Untracked 
| 123|0x0000000613200000, 0x0000000613200000, 0x0000000613400000|  0%| F|  |TAMS 0x0000000613200000, 0x0000000613200000| Untracked 
| 124|0x0000000613400000, 0x0000000613400000, 0x0000000613600000|  0%| F|  |TAMS 0x0000000613400000, 0x0000000613400000| Untracked 
| 125|0x0000000613600000, 0x0000000613600000, 0x0000000613800000|  0%| F|  |TAMS 0x0000000613600000, 0x0000000613600000| Untracked 
| 126|0x0000000613800000, 0x0000000613800000, 0x0000000613a00000|  0%| F|  |TAMS 0x0000000613800000, 0x0000000613800000| Untracked 
| 127|0x0000000613a00000, 0x0000000613a00000, 0x0000000613c00000|  0%| F|  |TAMS 0x0000000613a00000, 0x0000000613a00000| Untracked 
| 128|0x0000000613c00000, 0x0000000613c00000, 0x0000000613e00000|  0%| F|  |TAMS 0x0000000613c00000, 0x0000000613c00000| Untracked 
| 129|0x0000000613e00000, 0x0000000613e00000, 0x0000000614000000|  0%| F|  |TAMS 0x0000000613e00000, 0x0000000613e00000| Untracked 
| 130|0x0000000614000000, 0x0000000614000000, 0x0000000614200000|  0%| F|  |TAMS 0x0000000614000000, 0x0000000614000000| Untracked 
| 131|0x0000000614200000, 0x0000000614200000, 0x0000000614400000|  0%| F|  |TAMS 0x0000000614200000, 0x0000000614200000| Untracked 
| 132|0x0000000614400000, 0x0000000614400000, 0x0000000614600000|  0%| F|  |TAMS 0x0000000614400000, 0x0000000614400000| Untracked 
| 133|0x0000000614600000, 0x0000000614600000, 0x0000000614800000|  0%| F|  |TAMS 0x0000000614600000, 0x0000000614600000| Untracked 
| 134|0x0000000614800000, 0x0000000614800000, 0x0000000614a00000|  0%| F|  |TAMS 0x0000000614800000, 0x0000000614800000| Untracked 
| 135|0x0000000614a00000, 0x0000000614a00000, 0x0000000614c00000|  0%| F|  |TAMS 0x0000000614a00000, 0x0000000614a00000| Untracked 
| 136|0x0000000614c00000, 0x0000000614c00000, 0x0000000614e00000|  0%| F|  |TAMS 0x0000000614c00000, 0x0000000614c00000| Untracked 
| 137|0x0000000614e00000, 0x0000000614e00000, 0x0000000615000000|  0%| F|  |TAMS 0x0000000614e00000, 0x0000000614e00000| Untracked 
| 138|0x0000000615000000, 0x0000000615000000, 0x0000000615200000|  0%| F|  |TAMS 0x0000000615000000, 0x0000000615000000| Untracked 
| 139|0x0000000615200000, 0x0000000615200000, 0x0000000615400000|  0%| F|  |TAMS 0x0000000615200000, 0x0000000615200000| Untracked 
| 140|0x0000000615400000, 0x0000000615400000, 0x0000000615600000|  0%| F|  |TAMS 0x0000000615400000, 0x0000000615400000| Untracked 
| 141|0x0000000615600000, 0x0000000615600000, 0x0000000615800000|  0%| F|  |TAMS 0x0000000615600000, 0x0000000615600000| Untracked 
| 142|0x0000000615800000, 0x0000000615800000, 0x0000000615a00000|  0%| F|  |TAMS 0x0000000615800000, 0x0000000615800000| Untracked 
| 143|0x0000000615a00000, 0x0000000615a00000, 0x0000000615c00000|  0%| F|  |TAMS 0x0000000615a00000, 0x0000000615a00000| Untracked 
| 144|0x0000000615c00000, 0x0000000615c00000, 0x0000000615e00000|  0%| F|  |TAMS 0x0000000615c00000, 0x0000000615c00000| Untracked 
| 145|0x0000000615e00000, 0x0000000615e00000, 0x0000000616000000|  0%| F|  |TAMS 0x0000000615e00000, 0x0000000615e00000| Untracked 
| 146|0x0000000616000000, 0x0000000616000000, 0x0000000616200000|  0%| F|  |TAMS 0x0000000616000000, 0x0000000616000000| Untracked 
| 147|0x0000000616200000, 0x0000000616200000, 0x0000000616400000|  0%| F|  |TAMS 0x0000000616200000, 0x0000000616200000| Untracked 
| 148|0x0000000616400000, 0x0000000616400000, 0x0000000616600000|  0%| F|  |TAMS 0x0000000616400000, 0x0000000616400000| Untracked 
| 149|0x0000000616600000, 0x0000000616600000, 0x0000000616800000|  0%| F|  |TAMS 0x0000000616600000, 0x0000000616600000| Untracked 
| 150|0x0000000616800000, 0x0000000616800000, 0x0000000616a00000|  0%| F|  |TAMS 0x0000000616800000, 0x0000000616800000| Untracked 
| 151|0x0000000616a00000, 0x0000000616a00000, 0x0000000616c00000|  0%| F|  |TAMS 0x0000000616a00000, 0x0000000616a00000| Untracked 
| 152|0x0000000616c00000, 0x0000000616c00000, 0x0000000616e00000|  0%| F|  |TAMS 0x0000000616c00000, 0x0000000616c00000| Untracked 
| 153|0x0000000616e00000, 0x0000000616e00000, 0x0000000617000000|  0%| F|  |TAMS 0x0000000616e00000, 0x0000000616e00000| Untracked 
| 154|0x0000000617000000, 0x0000000617000000, 0x0000000617200000|  0%| F|  |TAMS 0x0000000617000000, 0x0000000617000000| Untracked 
| 155|0x0000000617200000, 0x0000000617200000, 0x0000000617400000|  0%| F|  |TAMS 0x0000000617200000, 0x0000000617200000| Untracked 
| 156|0x0000000617400000, 0x0000000617400000, 0x0000000617600000|  0%| F|  |TAMS 0x0000000617400000, 0x0000000617400000| Untracked 
| 157|0x0000000617600000, 0x0000000617600000, 0x0000000617800000|  0%| F|  |TAMS 0x0000000617600000, 0x0000000617600000| Untracked 
| 158|0x0000000617800000, 0x0000000617800000, 0x0000000617a00000|  0%| F|  |TAMS 0x0000000617800000, 0x0000000617800000| Untracked 
| 159|0x0000000617a00000, 0x0000000617a00000, 0x0000000617c00000|  0%| F|  |TAMS 0x0000000617a00000, 0x0000000617a00000| Untracked 
| 160|0x0000000617c00000, 0x0000000617c00000, 0x0000000617e00000|  0%| F|  |TAMS 0x0000000617c00000, 0x0000000617c00000| Untracked 
| 161|0x0000000617e00000, 0x0000000617e00000, 0x0000000618000000|  0%| F|  |TAMS 0x0000000617e00000, 0x0000000617e00000| Untracked 
| 162|0x0000000618000000, 0x0000000618000000, 0x0000000618200000|  0%| F|  |TAMS 0x0000000618000000, 0x0000000618000000| Untracked 
| 163|0x0000000618200000, 0x0000000618200000, 0x0000000618400000|  0%| F|  |TAMS 0x0000000618200000, 0x0000000618200000| Untracked 
| 164|0x0000000618400000, 0x0000000618400000, 0x0000000618600000|  0%| F|  |TAMS 0x0000000618400000, 0x0000000618400000| Untracked 
| 165|0x0000000618600000, 0x0000000618600000, 0x0000000618800000|  0%| F|  |TAMS 0x0000000618600000, 0x0000000618600000| Untracked 
| 166|0x0000000618800000, 0x0000000618800000, 0x0000000618a00000|  0%| F|  |TAMS 0x0000000618800000, 0x0000000618800000| Untracked 
| 167|0x0000000618a00000, 0x0000000618a00000, 0x0000000618c00000|  0%| F|  |TAMS 0x0000000618a00000, 0x0000000618a00000| Untracked 
| 168|0x0000000618c00000, 0x0000000618c00000, 0x0000000618e00000|  0%| F|  |TAMS 0x0000000618c00000, 0x0000000618c00000| Untracked 
| 169|0x0000000618e00000, 0x0000000618e00000, 0x0000000619000000|  0%| F|  |TAMS 0x0000000618e00000, 0x0000000618e00000| Untracked 
| 170|0x0000000619000000, 0x0000000619000000, 0x0000000619200000|  0%| F|  |TAMS 0x0000000619000000, 0x0000000619000000| Untracked 
| 171|0x0000000619200000, 0x0000000619200000, 0x0000000619400000|  0%| F|  |TAMS 0x0000000619200000, 0x0000000619200000| Untracked 
| 172|0x0000000619400000, 0x0000000619400000, 0x0000000619600000|  0%| F|  |TAMS 0x0000000619400000, 0x0000000619400000| Untracked 
| 173|0x0000000619600000, 0x0000000619600000, 0x0000000619800000|  0%| F|  |TAMS 0x0000000619600000, 0x0000000619600000| Untracked 
| 174|0x0000000619800000, 0x0000000619800000, 0x0000000619a00000|  0%| F|  |TAMS 0x0000000619800000, 0x0000000619800000| Untracked 
| 175|0x0000000619a00000, 0x0000000619a00000, 0x0000000619c00000|  0%| F|  |TAMS 0x0000000619a00000, 0x0000000619a00000| Untracked 
| 176|0x0000000619c00000, 0x0000000619c00000, 0x0000000619e00000|  0%| F|  |TAMS 0x0000000619c00000, 0x0000000619c00000| Untracked 
| 177|0x0000000619e00000, 0x0000000619e00000, 0x000000061a000000|  0%| F|  |TAMS 0x0000000619e00000, 0x0000000619e00000| Untracked 
| 178|0x000000061a000000, 0x000000061a000000, 0x000000061a200000|  0%| F|  |TAMS 0x000000061a000000, 0x000000061a000000| Untracked 
| 179|0x000000061a200000, 0x000000061a200000, 0x000000061a400000|  0%| F|  |TAMS 0x000000061a200000, 0x000000061a200000| Untracked 
| 180|0x000000061a400000, 0x000000061a400000, 0x000000061a600000|  0%| F|  |TAMS 0x000000061a400000, 0x000000061a400000| Untracked 
| 181|0x000000061a600000, 0x000000061a600000, 0x000000061a800000|  0%| F|  |TAMS 0x000000061a600000, 0x000000061a600000| Untracked 
| 182|0x000000061a800000, 0x000000061a800000, 0x000000061aa00000|  0%| F|  |TAMS 0x000000061a800000, 0x000000061a800000| Untracked 
| 183|0x000000061aa00000, 0x000000061aa00000, 0x000000061ac00000|  0%| F|  |TAMS 0x000000061aa00000, 0x000000061aa00000| Untracked 
| 184|0x000000061ac00000, 0x000000061ac00000, 0x000000061ae00000|  0%| F|  |TAMS 0x000000061ac00000, 0x000000061ac00000| Untracked 
| 185|0x000000061ae00000, 0x000000061ae00000, 0x000000061b000000|  0%| F|  |TAMS 0x000000061ae00000, 0x000000061ae00000| Untracked 
| 186|0x000000061b000000, 0x000000061b000000, 0x000000061b200000|  0%| F|  |TAMS 0x000000061b000000, 0x000000061b000000| Untracked 
| 187|0x000000061b200000, 0x000000061b200000, 0x000000061b400000|  0%| F|  |TAMS 0x000000061b200000, 0x000000061b200000| Untracked 
| 188|0x000000061b400000, 0x000000061b400000, 0x000000061b600000|  0%| F|  |TAMS 0x000000061b400000, 0x000000061b400000| Untracked 
| 189|0x000000061b600000, 0x000000061b600000, 0x000000061b800000|  0%| F|  |TAMS 0x000000061b600000, 0x000000061b600000| Untracked 
| 190|0x000000061b800000, 0x000000061b800000, 0x000000061ba00000|  0%| F|  |TAMS 0x000000061b800000, 0x000000061b800000| Untracked 
| 191|0x000000061ba00000, 0x000000061ba00000, 0x000000061bc00000|  0%| F|  |TAMS 0x000000061ba00000, 0x000000061ba00000| Untracked 
| 192|0x000000061bc00000, 0x000000061bc00000, 0x000000061be00000|  0%| F|  |TAMS 0x000000061bc00000, 0x000000061bc00000| Untracked 
| 193|0x000000061be00000, 0x000000061be00000, 0x000000061c000000|  0%| F|  |TAMS 0x000000061be00000, 0x000000061be00000| Untracked 
| 194|0x000000061c000000, 0x000000061c000000, 0x000000061c200000|  0%| F|  |TAMS 0x000000061c000000, 0x000000061c000000| Untracked 
| 195|0x000000061c200000, 0x000000061c200000, 0x000000061c400000|  0%| F|  |TAMS 0x000000061c200000, 0x000000061c200000| Untracked 
| 196|0x000000061c400000, 0x000000061c400000, 0x000000061c600000|  0%| F|  |TAMS 0x000000061c400000, 0x000000061c400000| Untracked 
| 197|0x000000061c600000, 0x000000061c600000, 0x000000061c800000|  0%| F|  |TAMS 0x000000061c600000, 0x000000061c600000| Untracked 
| 198|0x000000061c800000, 0x000000061c800000, 0x000000061ca00000|  0%| F|  |TAMS 0x000000061c800000, 0x000000061c800000| Untracked 
| 199|0x000000061ca00000, 0x000000061ca00000, 0x000000061cc00000|  0%| F|  |TAMS 0x000000061ca00000, 0x000000061ca00000| Untracked 
| 200|0x000000061cc00000, 0x000000061cc00000, 0x000000061ce00000|  0%| F|  |TAMS 0x000000061cc00000, 0x000000061cc00000| Untracked 
| 201|0x000000061ce00000, 0x000000061ce00000, 0x000000061d000000|  0%| F|  |TAMS 0x000000061ce00000, 0x000000061ce00000| Untracked 
| 202|0x000000061d000000, 0x000000061d000000, 0x000000061d200000|  0%| F|  |TAMS 0x000000061d000000, 0x000000061d000000| Untracked 
| 203|0x000000061d200000, 0x000000061d200000, 0x000000061d400000|  0%| F|  |TAMS 0x000000061d200000, 0x000000061d200000| Untracked 
| 204|0x000000061d400000, 0x000000061d400000, 0x000000061d600000|  0%| F|  |TAMS 0x000000061d400000, 0x000000061d400000| Untracked 
| 205|0x000000061d600000, 0x000000061d600000, 0x000000061d800000|  0%| F|  |TAMS 0x000000061d600000, 0x000000061d600000| Untracked 
| 206|0x000000061d800000, 0x000000061d800000, 0x000000061da00000|  0%| F|  |TAMS 0x000000061d800000, 0x000000061d800000| Untracked 
| 207|0x000000061da00000, 0x000000061da00000, 0x000000061dc00000|  0%| F|  |TAMS 0x000000061da00000, 0x000000061da00000| Untracked 
| 208|0x000000061dc00000, 0x000000061dc00000, 0x000000061de00000|  0%| F|  |TAMS 0x000000061dc00000, 0x000000061dc00000| Untracked 
| 209|0x000000061de00000, 0x000000061de00000, 0x000000061e000000|  0%| F|  |TAMS 0x000000061de00000, 0x000000061de00000| Untracked 
| 210|0x000000061e000000, 0x000000061e000000, 0x000000061e200000|  0%| F|  |TAMS 0x000000061e000000, 0x000000061e000000| Untracked 
| 211|0x000000061e200000, 0x000000061e200000, 0x000000061e400000|  0%| F|  |TAMS 0x000000061e200000, 0x000000061e200000| Untracked 
| 212|0x000000061e400000, 0x000000061e400000, 0x000000061e600000|  0%| F|  |TAMS 0x000000061e400000, 0x000000061e400000| Untracked 
| 213|0x000000061e600000, 0x000000061e600000, 0x000000061e800000|  0%| F|  |TAMS 0x000000061e600000, 0x000000061e600000| Untracked 
| 214|0x000000061e800000, 0x000000061e800000, 0x000000061ea00000|  0%| F|  |TAMS 0x000000061e800000, 0x000000061e800000| Untracked 
| 215|0x000000061ea00000, 0x000000061ea00000, 0x000000061ec00000|  0%| F|  |TAMS 0x000000061ea00000, 0x000000061ea00000| Untracked 
| 216|0x000000061ec00000, 0x000000061ec00000, 0x000000061ee00000|  0%| F|  |TAMS 0x000000061ec00000, 0x000000061ec00000| Untracked 
| 217|0x000000061ee00000, 0x000000061ee00000, 0x000000061f000000|  0%| F|  |TAMS 0x000000061ee00000, 0x000000061ee00000| Untracked 
| 218|0x000000061f000000, 0x000000061f000000, 0x000000061f200000|  0%| F|  |TAMS 0x000000061f000000, 0x000000061f000000| Untracked 
| 219|0x000000061f200000, 0x000000061f200000, 0x000000061f400000|  0%| F|  |TAMS 0x000000061f200000, 0x000000061f200000| Untracked 
| 220|0x000000061f400000, 0x000000061f400000, 0x000000061f600000|  0%| F|  |TAMS 0x000000061f400000, 0x000000061f400000| Untracked 
| 221|0x000000061f600000, 0x000000061f600000, 0x000000061f800000|  0%| F|  |TAMS 0x000000061f600000, 0x000000061f600000| Untracked 
| 222|0x000000061f800000, 0x000000061f800000, 0x000000061fa00000|  0%| F|  |TAMS 0x000000061f800000, 0x000000061f800000| Untracked 
| 223|0x000000061fa00000, 0x000000061fa00000, 0x000000061fc00000|  0%| F|  |TAMS 0x000000061fa00000, 0x000000061fa00000| Untracked 
| 224|0x000000061fc00000, 0x000000061fc00000, 0x000000061fe00000|  0%| F|  |TAMS 0x000000061fc00000, 0x000000061fc00000| Untracked 
| 225|0x000000061fe00000, 0x000000061fe00000, 0x0000000620000000|  0%| F|  |TAMS 0x000000061fe00000, 0x000000061fe00000| Untracked 
| 226|0x0000000620000000, 0x0000000620000000, 0x0000000620200000|  0%| F|  |TAMS 0x0000000620000000, 0x0000000620000000| Untracked 
| 227|0x0000000620200000, 0x0000000620200000, 0x0000000620400000|  0%| F|  |TAMS 0x0000000620200000, 0x0000000620200000| Untracked 
| 228|0x0000000620400000, 0x0000000620400000, 0x0000000620600000|  0%| F|  |TAMS 0x0000000620400000, 0x0000000620400000| Untracked 
| 229|0x0000000620600000, 0x0000000620600000, 0x0000000620800000|  0%| F|  |TAMS 0x0000000620600000, 0x0000000620600000| Untracked 
| 230|0x0000000620800000, 0x0000000620800000, 0x0000000620a00000|  0%| F|  |TAMS 0x0000000620800000, 0x0000000620800000| Untracked 
| 231|0x0000000620a00000, 0x0000000620a00000, 0x0000000620c00000|  0%| F|  |TAMS 0x0000000620a00000, 0x0000000620a00000| Untracked 
| 232|0x0000000620c00000, 0x0000000620c00000, 0x0000000620e00000|  0%| F|  |TAMS 0x0000000620c00000, 0x0000000620c00000| Untracked 
| 233|0x0000000620e00000, 0x0000000620e00000, 0x0000000621000000|  0%| F|  |TAMS 0x0000000620e00000, 0x0000000620e00000| Untracked 
| 234|0x0000000621000000, 0x0000000621000000, 0x0000000621200000|  0%| F|  |TAMS 0x0000000621000000, 0x0000000621000000| Untracked 
| 235|0x0000000621200000, 0x0000000621200000, 0x0000000621400000|  0%| F|  |TAMS 0x0000000621200000, 0x0000000621200000| Untracked 
| 236|0x0000000621400000, 0x0000000621400000, 0x0000000621600000|  0%| F|  |TAMS 0x0000000621400000, 0x0000000621400000| Untracked 
| 237|0x0000000621600000, 0x0000000621600000, 0x0000000621800000|  0%| F|  |TAMS 0x0000000621600000, 0x0000000621600000| Untracked 
| 238|0x0000000621800000, 0x0000000621800000, 0x0000000621a00000|  0%| F|  |TAMS 0x0000000621800000, 0x0000000621800000| Untracked 
| 239|0x0000000621a00000, 0x0000000621a00000, 0x0000000621c00000|  0%| F|  |TAMS 0x0000000621a00000, 0x0000000621a00000| Untracked 
| 240|0x0000000621c00000, 0x0000000621c00000, 0x0000000621e00000|  0%| F|  |TAMS 0x0000000621c00000, 0x0000000621c00000| Untracked 
| 241|0x0000000621e00000, 0x0000000621e00000, 0x0000000622000000|  0%| F|  |TAMS 0x0000000621e00000, 0x0000000621e00000| Untracked 
| 242|0x0000000622000000, 0x0000000622000000, 0x0000000622200000|  0%| F|  |TAMS 0x0000000622000000, 0x0000000622000000| Untracked 
| 243|0x0000000622200000, 0x0000000622200000, 0x0000000622400000|  0%| F|  |TAMS 0x0000000622200000, 0x0000000622200000| Untracked 
| 244|0x0000000622400000, 0x0000000622400000, 0x0000000622600000|  0%| F|  |TAMS 0x0000000622400000, 0x0000000622400000| Untracked 
| 245|0x0000000622600000, 0x0000000622600000, 0x0000000622800000|  0%| F|  |TAMS 0x0000000622600000, 0x0000000622600000| Untracked 
| 246|0x0000000622800000, 0x00000006228f64f8, 0x0000000622a00000| 48%| E|  |TAMS 0x0000000622800000, 0x0000000622800000| Complete 
| 247|0x0000000622a00000, 0x0000000622c00000, 0x0000000622c00000|100%| E|CS|TAMS 0x0000000622a00000, 0x0000000622a00000| Complete 
| 248|0x0000000622c00000, 0x0000000622e00000, 0x0000000622e00000|100%| E|CS|TAMS 0x0000000622c00000, 0x0000000622c00000| Complete 
| 249|0x0000000622e00000, 0x0000000623000000, 0x0000000623000000|100%| E|CS|TAMS 0x0000000622e00000, 0x0000000622e00000| Complete 
| 250|0x0000000623000000, 0x0000000623200000, 0x0000000623200000|100%| E|CS|TAMS 0x0000000623000000, 0x0000000623000000| Complete 
| 251|0x0000000623200000, 0x0000000623400000, 0x0000000623400000|100%| E|CS|TAMS 0x0000000623200000, 0x0000000623200000| Complete 
| 252|0x0000000623400000, 0x0000000623600000, 0x0000000623600000|100%| E|CS|TAMS 0x0000000623400000, 0x0000000623400000| Complete 
| 253|0x0000000623600000, 0x0000000623800000, 0x0000000623800000|100%| E|CS|TAMS 0x0000000623600000, 0x0000000623600000| Complete 
| 254|0x0000000623800000, 0x0000000623a00000, 0x0000000623a00000|100%| E|  |TAMS 0x0000000623800000, 0x0000000623800000| Complete 

Card table byte_map: [0x0000015d732b0000,0x0000015d742a0000] _byte_map_base: 0x0000015d70292000

Marking Bits (Prev, Next): (CMBitMap*) 0x0000015d696536b8, (CMBitMap*) 0x0000015d696536f8
 Prev Bits: [0x0000015d75290000, 0x0000015d7d1a0000)
 Next Bits: [0x0000015d0f000000, 0x0000015d16f10000)

Polling page: 0x0000015d67420000

Metaspace:

Usage:
  Non-class:      6.59 MB capacity,     5.39 MB ( 82%) used,     1.19 MB ( 18%) free+waste,    11.25 KB ( <1%) overhead. 
      Class:    698.00 KB capacity,   545.73 KB ( 78%) used,   146.45 KB ( 21%) free+waste,     5.81 KB ( <1%) overhead. 
       Both:      7.27 MB capacity,     5.92 MB ( 81%) used,     1.34 MB ( 18%) free+waste,    17.06 KB ( <1%) overhead. 

Virtual space:
  Non-class space:        8.00 MB reserved,       6.75 MB ( 84%) committed 
      Class space:        1.00 GB reserved,     768.00 KB ( <1%) committed 
             Both:        1.01 GB reserved,       7.50 MB ( <1%) committed 

Chunk freelists:
   Non-Class:  34.00 KB
       Class:  6.00 KB
        Both:  40.00 KB

MaxMetaspaceSize: 17179869184.00 GB
CompressedClassSpaceSize: 1.00 GB

CodeHeap 'non-profiled nmethods': size=120000Kb used=314Kb max_used=314Kb free=119685Kb
 bounds [0x0000015d07ad0000, 0x0000015d07d40000, 0x0000015d0f000000]
CodeHeap 'profiled nmethods': size=120000Kb used=1809Kb max_used=1809Kb free=118190Kb
 bounds [0x0000015d005a0000, 0x0000015d00810000, 0x0000015d07ad0000]
CodeHeap 'non-nmethods': size=5760Kb used=1573Kb max_used=1585Kb free=4186Kb
 bounds [0x0000015d00000000, 0x0000015d00270000, 0x0000015d005a0000]
 total_blobs=1941 nmethods=991 adapters=863
 compilation: enabled
              stopped_count=0, restarted_count=0
 full_count=0

Compilation events (20 events):
Event: 1.447 Thread 0x0000015d1708d800 nmethod 979 0x0000015d07b1db10 code [0x0000015d07b1dce0, 0x0000015d07b1e078]
Event: 1.448 Thread 0x0000015d17091000 nmethod 983 0x0000015d0075ef10 code [0x0000015d0075f0c0, 0x0000015d0075f2f8]
Event: 1.448 Thread 0x0000015d17091000  984       3       org.lwjgl.system.Struct$Layout::offsetof (10 bytes)
Event: 1.448 Thread 0x0000015d17091000 nmethod 984 0x0000015d0075f390 code [0x0000015d0075f520, 0x0000015d0075f678]
Event: 1.449 Thread 0x0000015d1708d800  985       4       java.lang.String::indexOf (7 bytes)
Event: 1.451 Thread 0x0000015d17091000  986       3       java.lang.AbstractStringBuilder::checkRange (63 bytes)
Event: 1.451 Thread 0x0000015d1708d800 nmethod 985 0x0000015d07b1e310 code [0x0000015d07b1e4c0, 0x0000015d07b1e6f8]
Event: 1.451 Thread 0x0000015d17091000 nmethod 986 0x0000015d0075f790 code [0x0000015d0075fa40, 0x0000015d007605f8]
Event: 1.454 Thread 0x0000015d17091000  987       3       org.lwjgl.system.MemoryStack::nmalloc (61 bytes)
Event: 1.454 Thread 0x0000015d17091000 nmethod 987 0x0000015d00760a90 code [0x0000015d00760c40, 0x0000015d00760f28]
Event: 1.454 Thread 0x0000015d17091000  988       3       org.lwjgl.system.MemoryUtil::memAddress0 (11 bytes)
Event: 1.454 Thread 0x0000015d17091000 nmethod 988 0x0000015d00761090 code [0x0000015d00761220, 0x0000015d007613f8]
Event: 1.524 Thread 0x0000015d17091000  989       3       org.lwjgl.system.Struct::__member (7 bytes)
Event: 1.524 Thread 0x0000015d17091000 nmethod 989 0x0000015d00761490 code [0x0000015d00761640, 0x0000015d007618b8]
Event: 1.524 Thread 0x0000015d17091000  990       3       org.lwjgl.system.Struct::__member (11 bytes)
Event: 1.524 Thread 0x0000015d17091000 nmethod 990 0x0000015d00761a10 code [0x0000015d00761bc0, 0x0000015d00761dd8]
Event: 1.524 Thread 0x0000015d17091000  991   !   3       jdk.internal.loader.BuiltinClassLoader::findClassOnClassPathOrNull (64 bytes)
Event: 1.525 Thread 0x0000015d17091000 nmethod 991 0x0000015d00761f10 code [0x0000015d00762280, 0x0000015d00763768]
Event: 1.526 Thread 0x0000015d17091000  992   !   3       java.util.zip.Inflater::needsInput (55 bytes)
Event: 1.526 Thread 0x0000015d17091000 nmethod 992 0x0000015d00763f90 code [0x0000015d00764140, 0x0000015d007645f8]

GC Heap History (0 events):
No events

Deoptimization events (20 events):
Event: 1.299 Thread 0x0000015d695ce000 DEOPT PACKING pc=0x0000015d006dc11f sp=0x00000037242f8640
Event: 1.299 Thread 0x0000015d695ce000 DEOPT UNPACKING pc=0x0000015d0004964e sp=0x00000037242f7bb8 mode 0
Event: 1.301 Thread 0x0000015d695ce000 DEOPT PACKING pc=0x0000015d006dc11f sp=0x00000037242f87d0
Event: 1.301 Thread 0x0000015d695ce000 DEOPT UNPACKING pc=0x0000015d0004964e sp=0x00000037242f7d48 mode 0
Event: 1.302 Thread 0x0000015d695ce000 DEOPT PACKING pc=0x0000015d006dc11f sp=0x00000037242f8740
Event: 1.302 Thread 0x0000015d695ce000 DEOPT UNPACKING pc=0x0000015d0004964e sp=0x00000037242f7cb8 mode 0
Event: 1.303 Thread 0x0000015d695ce000 DEOPT PACKING pc=0x0000015d006dc11f sp=0x00000037242f8740
Event: 1.303 Thread 0x0000015d695ce000 DEOPT UNPACKING pc=0x0000015d0004964e sp=0x00000037242f7cb8 mode 0
Event: 1.304 Thread 0x0000015d695ce000 DEOPT PACKING pc=0x0000015d006dc11f sp=0x00000037242f8490
Event: 1.304 Thread 0x0000015d695ce000 DEOPT UNPACKING pc=0x0000015d0004964e sp=0x00000037242f7a08 mode 0
Event: 1.305 Thread 0x0000015d695ce000 DEOPT PACKING pc=0x0000015d006dc11f sp=0x00000037242f8490
Event: 1.305 Thread 0x0000015d695ce000 DEOPT UNPACKING pc=0x0000015d0004964e sp=0x00000037242f7a08 mode 0
Event: 1.305 Thread 0x0000015d695ce000 DEOPT PACKING pc=0x0000015d006dc11f sp=0x00000037242f8490
Event: 1.305 Thread 0x0000015d695ce000 DEOPT UNPACKING pc=0x0000015d0004964e sp=0x00000037242f7a08 mode 0
Event: 1.306 Thread 0x0000015d695ce000 DEOPT PACKING pc=0x0000015d006dc11f sp=0x00000037242f8490
Event: 1.306 Thread 0x0000015d695ce000 DEOPT UNPACKING pc=0x0000015d0004964e sp=0x00000037242f7a08 mode 0
Event: 1.447 Thread 0x0000015d695ce000 Uncommon trap: trap_request=0xffffff5c fr.pc=0x0000015d07b1af08 relative=0x0000000000000068
Event: 1.447 Thread 0x0000015d695ce000 Uncommon trap: reason=speculate_null_check action=make_not_entrant pc=0x0000015d07b1af08 method=sun.misc.Unsafe.putInt(Ljava/lang/Object;JI)V @ 7 c2
Event: 1.447 Thread 0x0000015d695ce000 DEOPT PACKING pc=0x0000015d07b1af08 sp=0x00000037242ff0c0
Event: 1.447 Thread 0x0000015d695ce000 DEOPT UNPACKING pc=0x0000015d0004912f sp=0x00000037242ff040 mode 2

Classes unloaded (0 events):
No events

Classes redefined (0 events):
No events

Internal exceptions (20 events):
Event: 0.215 Thread 0x0000015d695ce000 Exception <a 'sun/nio/fs/WindowsException'{0x00000006234ee9c8}> (0x00000006234ee9c8) 
thrown [./open/src/hotspot/share/prims/jni.cpp, line 599]
Event: 0.265 Thread 0x0000015d695ce000 Exception <a 'java/lang/ClassNotFoundException'{0x0000000623313730}: org/apache/log4j/PatternLayoutBeanInfo> (0x0000000623313730) 
thrown [./open/src/hotspot/share/classfile/systemDictionary.cpp, line 226]
Event: 0.265 Thread 0x0000015d695ce000 Exception <a 'java/lang/ClassNotFoundException'{0x0000000623321650}: org/apache/log4j/LayoutBeanInfo> (0x0000000623321650) 
thrown [./open/src/hotspot/share/classfile/systemDictionary.cpp, line 226]
Event: 0.265 Thread 0x0000015d695ce000 Exception <a 'java/lang/ClassNotFoundException'{0x00000006233220a8}: java/lang/ObjectBeanInfo> (0x00000006233220a8) 
thrown [./open/src/hotspot/share/classfile/systemDictionary.cpp, line 226]
Event: 0.266 Thread 0x0000015d695ce000 Exception <a 'java/lang/ClassNotFoundException'{0x0000000623325310}: java/lang/ObjectCustomizer> (0x0000000623325310) 
thrown [./open/src/hotspot/share/classfile/systemDictionary.cpp, line 226]
Event: 0.270 Thread 0x0000015d695ce000 Exception <a 'java/lang/IncompatibleClassChangeError'{0x000000062332b9b0}: Found class java.lang.Object, but interface was expected> (0x000000062332b9b0) 
thrown [./open/src/hotspot/share/interpreter/linkResolver.cpp, line 832]
Event: 0.274 Thread 0x0000015d695ce000 Exception <a 'java/lang/ClassNotFoundException'{0x0000000623353f58}: org/apache/log4j/LayoutCustomizer> (0x0000000623353f58) 
thrown [./open/src/hotspot/share/classfile/systemDictionary.cpp, line 226]
Event: 0.276 Thread 0x0000015d695ce000 Exception <a 'java/lang/ClassNotFoundException'{0x0000000623374240}: org/apache/log4j/PatternLayoutCustomizer> (0x0000000623374240) 
thrown [./open/src/hotspot/share/classfile/systemDictionary.cpp, line 226]
Event: 0.302 Thread 0x0000015d695ce000 Exception <a 'java/lang/ClassNotFoundException'{0x0000000623083b30}: org/apache/log4j/FileAppenderBeanInfo> (0x0000000623083b30) 
thrown [./open/src/hotspot/share/classfile/systemDictionary.cpp, line 226]
Event: 0.302 Thread 0x0000015d695ce000 Exception <a 'java/lang/ClassNotFoundException'{0x0000000623092530}: org/apache/log4j/WriterAppenderBeanInfo> (0x0000000623092530) 
thrown [./open/src/hotspot/share/classfile/systemDictionary.cpp, line 226]
Event: 0.302 Thread 0x0000015d695ce000 Exception <a 'java/lang/ClassNotFoundException'{0x00000006230a1500}: org/apache/log4j/AppenderSkeletonBeanInfo> (0x00000006230a1500) 
thrown [./open/src/hotspot/share/classfile/systemDictionary.cpp, line 226]
Event: 0.302 Thread 0x0000015d695ce000 Exception <a 'java/lang/ClassNotFoundException'{0x00000006230b00f0}: org/apache/log4j/AppenderSkeletonCustomizer> (0x00000006230b00f0) 
thrown [./open/src/hotspot/share/classfile/systemDictionary.cpp, line 226]
Event: 0.304 Thread 0x0000015d695ce000 Exception <a 'java/lang/ClassNotFoundException'{0x00000006230cfa88}: org/apache/log4j/WriterAppenderCustomizer> (0x00000006230cfa88) 
thrown [./open/src/hotspot/share/classfile/systemDictionary.cpp, line 226]
Event: 0.306 Thread 0x0000015d695ce000 Exception <a 'java/lang/ClassNotFoundException'{0x00000006230e8198}: org/apache/log4j/FileAppenderCustomizer> (0x00000006230e8198) 
thrown [./open/src/hotspot/share/classfile/systemDictionary.cpp, line 226]
Event: 0.338 Thread 0x0000015d695ce000 Exception <a 'java/lang/NoSuchMethodError'{0x0000000622e97760}: 'java.lang.Object java.lang.invoke.DirectMethodHandle$Holder.invokeStaticInit(java.lang.Object, int, int, int, int)'> (0x0000000622e97760) 
thrown [./open/src/hotspot/share/interpreter/linkResolver.cpp, line 766]
Event: 0.387 Thread 0x0000015d695ce000 Exception <a 'java/lang/NoSuchMethodError'{0x0000000622ec8f28}: 'java.lang.Object java.lang.invoke.DirectMethodHandle$Holder.invokeStaticInit(java.lang.Object, java.lang.Object, int, int, int, int)'> (0x0000000622ec8f28) 
thrown [./open/src/hotspot/share/interpreter/linkResolver.cpp, line 766]
Event: 0.391 Thread 0x0000015d695ce000 Exception <a 'sun/nio/fs/WindowsException'{0x0000000622ee3878}> (0x0000000622ee3878) 
thrown [./open/src/hotspot/share/prims/jni.cpp, line 599]
Event: 0.391 Thread 0x0000015d695ce000 Exception <a 'sun/nio/fs/WindowsException'{0x0000000622ee3b78}> (0x0000000622ee3b78) 
thrown [./open/src/hotspot/share/prims/jni.cpp, line 599]
Event: 1.293 Thread 0x0000015d695ce000 Exception <a 'java/lang/NoSuchMethodError'{0x0000000622dbb8d0}: 'void java.lang.invoke.DirectMethodHandle$Holder.invokeStatic(java.lang.Object, java.lang.Object, java.lang.Object, java.lang.Object)'> (0x0000000622dbb8d0) 
thrown [./open/src/hotspot/share/interpreter/linkResolver.cpp, line 766]
Event: 1.429 Thread 0x0000015d695ce000 Exception <a 'java/lang/NoSuchMethodError'{0x0000000622a99dc0}: 'java.lang.Object java.lang.invoke.DirectMethodHandle$Holder.invokeStatic(java.lang.Object, long, long)'> (0x0000000622a99dc0) 
thrown [./open/src/hotspot/share/interpreter/linkResolver.cpp, line 766]

Events (20 events):
Event: 0.919 Executing VM operation: HandshakeOneThread done
Event: 0.919 loading class sun/util/resources/cldr/TimeZoneNames
Event: 0.919 loading class sun/util/resources/TimeZoneNamesBundle
Event: 0.919 loading class sun/util/resources/OpenListResourceBundle
Event: 0.919 loading class sun/util/resources/OpenListResourceBundle done
Event: 0.919 loading class sun/util/resources/TimeZoneNamesBundle done
Event: 0.919 loading class sun/util/resources/cldr/TimeZoneNames done
Event: 0.919 loading class sun/util/resources/cldr/TimeZoneNames_en
Event: 0.920 loading class sun/util/resources/cldr/TimeZoneNames_en done
Event: 0.920 loading class sun/util/resources/cldr/TimeZoneNames_en_US
Event: 0.920 loading class sun/util/resources/cldr/TimeZoneNames_en_US done
Event: 1.265 Executing VM operation: HandshakeOneThread
Event: 1.265 Executing VM operation: HandshakeOneThread done
Event: 1.295 loading class java/util/NoSuchElementException
Event: 1.295 loading class java/util/NoSuchElementException done
Event: 1.301 Loaded shared library C:\Program Files\Java\jdk-14.0.2\bin\java.dll
Event: 1.308 Loaded shared library C:\Users\aarevalo\AppData\Local\Temp\lwjglaarevalo\3.2.3-build-13\lwjgl.dll
Event: 1.311 Loaded shared library C:\Users\aarevalo\AppData\Local\Temp\lwjglaarevalo\3.2.3-build-13\lwjgl.dll
Event: 1.449 loading class sun/nio/fs/WindowsUriSupport
Event: 1.449 loading class sun/nio/fs/WindowsUriSupport done


Dynamic libraries:
0x00007ff670110000 - 0x00007ff67011f000 	C:\Program Files\Java\jdk-14.0.2\bin\java.exe
0x00007fffe0b20000 - 0x00007fffe0d10000 	C:\WINDOWS\SYSTEM32\ntdll.dll
0x00007fffdf040000 - 0x00007fffdf0f2000 	C:\WINDOWS\System32\KERNEL32.DLL
0x00007fffddcc0000 - 0x00007fffddf65000 	C:\WINDOWS\System32\KERNELBASE.dll
0x00007fffdead0000 - 0x00007fffdebca000 	C:\WINDOWS\System32\ucrtbase.dll
0x00007fffc8fa0000 - 0x00007fffc8fb5000 	C:\Program Files\Java\jdk-14.0.2\bin\VCRUNTIME140.dll
0x00007fffc8fc0000 - 0x00007fffc8fd8000 	C:\Program Files\Java\jdk-14.0.2\bin\jli.dll
0x00007fffe0400000 - 0x00007fffe04a3000 	C:\WINDOWS\System32\ADVAPI32.dll
0x00007fffdf8d0000 - 0x00007fffdf96e000 	C:\WINDOWS\System32\msvcrt.dll
0x00007fffe09e0000 - 0x00007fffe0a77000 	C:\WINDOWS\System32\sechost.dll
0x00007fffe0260000 - 0x00007fffe037f000 	C:\WINDOWS\System32\RPCRT4.dll
0x00007fffdfe10000 - 0x00007fffdffa4000 	C:\WINDOWS\System32\USER32.dll
0x00007fffde280000 - 0x00007fffde2a1000 	C:\WINDOWS\System32\win32u.dll
0x00007fffbd490000 - 0x00007fffbd714000 	C:\WINDOWS\WinSxS\amd64_microsoft.windows.common-controls_6595b64144ccf1df_6.0.18362.1556_none_9e7e372fe45e41d5\COMCTL32.dll
0x00007fffe0080000 - 0x00007fffe00a6000 	C:\WINDOWS\System32\GDI32.dll
0x00007fffded00000 - 0x00007fffdf036000 	C:\WINDOWS\System32\combase.dll
0x00007fffdda90000 - 0x00007fffddc28000 	C:\WINDOWS\System32\gdi32full.dll
0x00007fffdea30000 - 0x00007fffdeace000 	C:\WINDOWS\System32\msvcp_win.dll
0x00007fffddc30000 - 0x00007fffddcb1000 	C:\WINDOWS\System32\bcryptPrimitives.dll
0x00007fffd2c20000 - 0x00007fffd2c2a000 	C:\WINDOWS\SYSTEM32\VERSION.dll
0x00007fffdfd00000 - 0x00007fffdfd2e000 	C:\WINDOWS\System32\IMM32.DLL
0x00007fffc8f00000 - 0x00007fffc8f9b000 	C:\Program Files\Java\jdk-14.0.2\bin\msvcp140.dll
0x00007fffc3f20000 - 0x00007fffc4a3e000 	C:\Program Files\Java\jdk-14.0.2\bin\server\jvm.dll
0x00007fffdfb90000 - 0x00007fffdfb98000 	C:\WINDOWS\System32\PSAPI.DLL
0x00007fffc0480000 - 0x00007fffc0489000 	C:\WINDOWS\SYSTEM32\WSOCK32.dll
0x00007fffdf970000 - 0x00007fffdf9df000 	C:\WINDOWS\System32\WS2_32.dll
0x00007fffdba00000 - 0x00007fffdba24000 	C:\WINDOWS\SYSTEM32\WINMM.dll
0x00007fffdb9d0000 - 0x00007fffdb9fd000 	C:\WINDOWS\SYSTEM32\winmmbase.dll
0x00007fffde0b0000 - 0x00007fffde0fa000 	C:\WINDOWS\System32\cfgmgr32.dll
0x00007fffdda00000 - 0x00007fffdda11000 	C:\WINDOWS\System32\kernel.appcore.dll
0x00007fffc93c0000 - 0x00007fffc93ca000 	C:\Program Files\Java\jdk-14.0.2\bin\jimage.dll
0x00007fffcc5b0000 - 0x00007fffcc7a4000 	C:\WINDOWS\SYSTEM32\DBGHELP.DLL
0x00007fffc0290000 - 0x00007fffc02ba000 	C:\WINDOWS\SYSTEM32\dbgcore.DLL
0x00007fffd74e0000 - 0x00007fffd74ee000 	C:\Program Files\Java\jdk-14.0.2\bin\instrument.dll
0x00007fffc8ed0000 - 0x00007fffc8ef5000 	C:\Program Files\Java\jdk-14.0.2\bin\java.dll
0x00007fffc8eb0000 - 0x00007fffc8ec6000 	C:\Program Files\Java\jdk-14.0.2\bin\zip.dll
0x00007fffdf180000 - 0x00007fffdf867000 	C:\WINDOWS\System32\SHELL32.dll
0x00007fffdebd0000 - 0x00007fffdec78000 	C:\WINDOWS\System32\shcore.dll
0x00007fffde2b0000 - 0x00007fffdea2b000 	C:\WINDOWS\System32\windows.storage.dll
0x00007fffdda20000 - 0x00007fffdda3e000 	C:\WINDOWS\System32\profapi.dll
0x00007fffdda40000 - 0x00007fffdda8a000 	C:\WINDOWS\System32\powrprof.dll
0x00007fffdd9d0000 - 0x00007fffdd9e0000 	C:\WINDOWS\System32\UMPDC.dll
0x00007fffe0a80000 - 0x00007fffe0ad2000 	C:\WINDOWS\System32\shlwapi.dll
0x00007fffde260000 - 0x00007fffde277000 	C:\WINDOWS\System32\cryptsp.dll
0x00007fffc8e90000 - 0x00007fffc8ea9000 	C:\Program Files\Java\jdk-14.0.2\bin\net.dll
0x00007fffd3490000 - 0x00007fffd358a000 	C:\WINDOWS\SYSTEM32\WINHTTP.dll
0x00007fffdd210000 - 0x00007fffdd277000 	C:\WINDOWS\system32\mswsock.dll
0x00007fffc8e70000 - 0x00007fffc8e82000 	C:\Program Files\Java\jdk-14.0.2\bin\nio.dll
0x00007fffc8e60000 - 0x00007fffc8e70000 	C:\Program Files\Java\jdk-14.0.2\bin\verify.dll
0x00007fffd74a0000 - 0x00007fffd74ba000 	C:\Users\aarevalo\AppData\Local\JetBrains\IntelliJ IDEA Community Edition 2019.3\bin\breakgen64.dll
0x00007fffc8890000 - 0x00007fffc88f4000 	C:\Users\aarevalo\AppData\Local\Temp\lwjglaarevalo\3.2.3-build-13\lwjgl.dll
0x00007fffc86d0000 - 0x00007fffc8732000 	C:\Users\aarevalo\AppData\Local\Temp\lwjglaarevalo\3.2.3-build-13\glfw.dll
0x00007fffdcd90000 - 0x00007fffdcdc3000 	C:\WINDOWS\system32\rsaenh.dll
0x00007fffde080000 - 0x00007fffde0a6000 	C:\WINDOWS\System32\bcrypt.dll
0x00007fffdd8c0000 - 0x00007fffdd8e5000 	C:\WINDOWS\SYSTEM32\USERENV.dll
0x00007fffdd3e0000 - 0x00007fffdd3ec000 	C:\WINDOWS\SYSTEM32\CRYPTBASE.dll
0x00007fffdcf20000 - 0x00007fffdcf5a000 	C:\WINDOWS\SYSTEM32\IPHLPAPI.DLL
0x00007fffe04b0000 - 0x00007fffe04b8000 	C:\WINDOWS\System32\NSI.dll
0x00007fffd8be0000 - 0x00007fffd8bf6000 	C:\WINDOWS\SYSTEM32\dhcpcsvc6.DLL
0x00007fffd8bc0000 - 0x00007fffd8bdc000 	C:\WINDOWS\SYSTEM32\dhcpcsvc.DLL
0x00007fffdcf60000 - 0x00007fffdd02b000 	C:\WINDOWS\SYSTEM32\DNSAPI.dll
0x00007fffc3460000 - 0x00007fffc3558000 	C:\WINDOWS\SYSTEM32\vulkan-1.dll
0x00007fffa68b0000 - 0x00007fffa78ff000 	C:\WINDOWS\System32\DriverStore\FileRepository\iigd_dch.inf_amd64_bd47ae63e67b288d\igvk64.dll
0x00007fffdc6d0000 - 0x00007fffdc7bb000 	C:\WINDOWS\system32\dxgi.dll
0x00007fffdc680000 - 0x00007fffdc6a0000 	C:\WINDOWS\SYSTEM32\dxcore.dll
0x00007fffa8150000 - 0x00007fffa82a6000 	C:\WINDOWS\SYSTEM32\OpenGL32.dll
0x00007fffa97f0000 - 0x00007fffa981c000 	C:\WINDOWS\SYSTEM32\GLU32.dll
0x00007fffa58a0000 - 0x00007fffa68af000 	C:\WINDOWS\System32\DriverStore\FileRepository\iigd_dch.inf_amd64_bd47ae63e67b288d\ig9icd64.dll
0x00007fffdc060000 - 0x00007fffdc08d000 	C:\WINDOWS\SYSTEM32\dwmapi.dll
0x00007fffcaa20000 - 0x00007fffcab3d000 	C:\WINDOWS\System32\DriverStore\FileRepository\iigd_dch.inf_amd64_bd47ae63e67b288d\igdgmm64.dll
0x0000000074e60000 - 0x000000007751f000 	C:\WINDOWS\System32\DriverStore\FileRepository\nvdm.inf_amd64_0c63b088ad41d465\nvoglv64.dll
0x00007fffe04c0000 - 0x00007fffe0930000 	C:\WINDOWS\System32\SETUPAPI.dll
0x00007fffdfba0000 - 0x00007fffdfcf7000 	C:\WINDOWS\System32\ole32.dll
0x00007fffdb000000 - 0x00007fffdb013000 	C:\WINDOWS\SYSTEM32\WTSAPI32.dll
0x00007fffdd7c0000 - 0x00007fffdd7ea000 	C:\WINDOWS\SYSTEM32\DEVOBJ.dll
0x00007fffde020000 - 0x00007fffde07c000 	C:\WINDOWS\System32\WINTRUST.dll
0x00007fffdd9e0000 - 0x00007fffdd9f2000 	C:\WINDOWS\System32\MSASN1.dll
0x00007fffde100000 - 0x00007fffde251000 	C:\WINDOWS\System32\CRYPT32.dll
0x00007fffdc9b0000 - 0x00007fffdc9e1000 	C:\WINDOWS\SYSTEM32\ntmarta.dll
0x00007fffc6030000 - 0x00007fffc831d000 	C:\WINDOWS\System32\DriverStore\FileRepository\iigd_dch.inf_amd64_bd47ae63e67b288d\igc64.dll
0x00007fffdbba0000 - 0x00007fffdbc39000 	C:\WINDOWS\system32\uxtheme.dll
0x00007fffe03e0000 - 0x00007fffe03fd000 	C:\WINDOWS\System32\imagehlp.dll
0x00007fffdc5c0000 - 0x00007fffdc5e2000 	C:\WINDOWS\SYSTEM32\gpapi.dll
0x00007fffce9b0000 - 0x00007fffce9df000 	C:\WINDOWS\SYSTEM32\cryptnet.dll
0x00007fffc37f0000 - 0x00007fffc3875000 	C:\WINDOWS\System32\DriverStore\FileRepository\nvdm.inf_amd64_0c63b088ad41d465\nvcbl64.dll
0x00007fffbe270000 - 0x00007fffbe393000 	C:\WINDOWS\SYSTEM32\nvfatbinaryLoader.dll
0x00007fffce2b0000 - 0x00007fffce7b3000 	C:\WINDOWS\system32\nvapi64.dll
0x00007fff91630000 - 0x00007fff92a30000 	C:\WINDOWS\System32\DriverStore\FileRepository\nvdm.inf_amd64_0c63b088ad41d465\nvrtum64.dll
0x00007fffaa6b0000 - 0x00007fffaaab3000 	D:\repos\leviathan\vkJava3\target\classes\shaderc.dll

dbghelp: loaded successfully - version: 4.0.5 - missing functions: none
symbol engine: initialized successfully - sym options: 0x614 - pdb path: .;C:\Program Files\Java\jdk-14.0.2\bin;C:\WINDOWS\SYSTEM32;C:\WINDOWS\WinSxS\amd64_microsoft.windows.common-controls_6595b64144ccf1df_6.0.18362.1556_none_9e7e372fe45e41d5;C:\Program Files\Java\jdk-14.0.2\bin\server;C:\Users\aarevalo\AppData\Local\JetBrains\IntelliJ IDEA Community Edition 2019.3\bin;C:\Users\aarevalo\AppData\Local\Temp\lwjglaarevalo\3.2.3-build-13;C:\WINDOWS\System32\DriverStore\FileRepository\iigd_dch.inf_amd64_bd47ae63e67b288d;C:\WINDOWS\System32\DriverStore\FileRepository\nvdm.inf_amd64_0c63b088ad41d465;D:\repos\leviathan\vkJava3\target\classes

VM Arguments:
jvm_args: -javaagent:C:\Users\aarevalo\AppData\Local\JetBrains\IntelliJ IDEA Community Edition 2019.3\lib\idea_rt.jar=50480:C:\Users\aarevalo\AppData\Local\JetBrains\IntelliJ IDEA Community Edition 2019.3\bin -Dfile.encoding=UTF-8 
java_command: org.artifex.VkMain
java_class_path (initial): D:\repos\leviathan\vkJava3\target\classes;C:\Users\aarevalo\.m2\repository\org\lwjgl\lwjgl\3.2.3\lwjgl-3.2.3.jar;C:\Users\aarevalo\.m2\repository\org\lwjgl\lwjgl-vulkan\3.2.3\lwjgl-vulkan-3.2.3.jar;C:\Users\aarevalo\.m2\repository\org\lwjgl\lwjgl-vma\3.2.3\lwjgl-vma-3.2.3.jar;C:\Users\aarevalo\.m2\repository\org\lwjgl\lwjgl-glfw\3.2.3\lwjgl-glfw-3.2.3.jar;C:\Users\aarevalo\.m2\repository\org\joml\joml\1.10.1\joml-1.10.1.jar;C:\Users\aarevalo\.m2\repository\org\jetbrains\annotations\16.0.1\annotations-16.0.1.jar;C:\Users\aarevalo\.m2\repository\org\lwjgl\lwjgl-shaderc\3.2.3\lwjgl-shaderc-3.2.3.jar;C:\Users\aarevalo\.m2\repository\log4j\log4j\1.2.17\log4j-1.2.17.jar;C:\Users\aarevalo\.m2\repository\org\lwjgl\lwjgl\3.2.3\lwjgl-3.2.3-natives-windows.jar;C:\Users\aarevalo\.m2\repository\org\lwjgl\lwjgl-glfw\3.2.3\lwjgl-glfw-3.2.3-natives-windows.jar;C:\Users\aarevalo\.m2\repository\org\lwjgl\lwjgl-opengl\3.2.3\lwjgl-opengl-3.2.3-natives-windows.jar
Launcher Type: SUN_STANDARD

[Global flags]
     intx CICompilerCount                          = 4                                         {product} {ergonomic}
     uint ConcGCThreads                            = 3                                         {product} {ergonomic}
     uint G1ConcRefinementThreads                  = 10                                        {product} {ergonomic}
   size_t G1HeapRegionSize                         = 2097152                                   {product} {ergonomic}
    uintx GCDrainStackTargetSize                   = 64                                        {product} {ergonomic}
   size_t InitialHeapSize                          = 534773760                                 {product} {ergonomic}
   size_t MarkStackSize                            = 4194304                                   {product} {ergonomic}
   size_t MaxHeapSize                              = 8527020032                                {product} {ergonomic}
   size_t MaxNewSize                               = 5114953728                                {product} {ergonomic}
   size_t MinHeapDeltaBytes                        = 2097152                                   {product} {ergonomic}
   size_t MinHeapSize                              = 8388608                                   {product} {ergonomic}
    uintx NonNMethodCodeHeapSize                   = 5839372                                {pd product} {ergonomic}
    uintx NonProfiledCodeHeapSize                  = 122909434                              {pd product} {ergonomic}
    uintx ProfiledCodeHeapSize                     = 122909434                              {pd product} {ergonomic}
    uintx ReservedCodeCacheSize                    = 251658240                              {pd product} {ergonomic}
     bool SegmentedCodeCache                       = true                                      {product} {ergonomic}
   size_t SoftMaxHeapSize                          = 8527020032                             {manageable} {ergonomic}
     bool UseCompressedClassPointers               = true                                 {lp64_product} {ergonomic}
     bool UseCompressedOops                        = true                                 {lp64_product} {ergonomic}
     bool UseG1GC                                  = true                                      {product} {ergonomic}
     bool UseLargePagesIndividualAllocation        = false                                  {pd product} {ergonomic}

Logging:
Log output configuration:
 #0: stdout all=warning uptime,level,tags
 #1: stderr all=off uptime,level,tags

Environment Variables:
JAVA_HOME=C:\Program Files\Java\jdk-14.0.2
PATH=C:\Program Files\Common Files\Oracle\Java\javapath;C:\Program Files (x86)\Common Files\Oracle\Java\javapath;C:\Windows\system32;C:\Windows;C:\Windows\System32\Wbem;C:\Windows\System32\WindowsPowerShell\v1.0\;C:\Windows\System32\OpenSSH\;C:\Program Files (x86)\NVIDIA Corporation\PhysX\Common;C:\WINDOWS\system32;C:\WINDOWS;C:\WINDOWS\System32\Wbem;C:\WINDOWS\System32\WindowsPowerShell\v1.0\;C:\WINDOWS\System32\OpenSSH\;C:\Program Files\Git\cmd;C:\Program Files\TortoiseGit\bin;C:\Users\aarevalo\AppData\Local\Microsoft\WindowsApps;C:\Program Files\mingw-w64\x86_64-7.2.0-posix-seh-rt_v5-rev1\mingw64\bin;C:\apache-maven-3.3.9\bin;C:\Program Files\Java\jdk-14.0.2\bin;C:\php;
USERNAME=aarevalo
OS=Windows_NT
PROCESSOR_IDENTIFIER=Intel64 Family 6 Model 158 Stepping 10, GenuineIntel



---------------  S Y S T E M  ---------------

OS: Windows 10 , 64 bit Build 18362 (10.0.18362.1500)
OS uptime: 0 days 1:31 hours

CPU:total 12 (initial active 12) (6 cores per cpu, 2 threads per core) family 6 model 158 stepping 10, cmov, cx8, fxsr, mmx, sse, sse2, sse3, ssse3, sse4.1, sse4.2, popcnt, avx, avx2, aes, clmul, erms, 3dnowpref, lzcnt, ht, tsc, tscinvbit, bmi1, bmi2, adx, fma

Memory: 4k page, system-wide physical 32525M (24465M free)
TotalPageFile size 37389M (AvailPageFile size 25921M)
current process WorkingSet (physical memory assigned to process): 137M, peak: 146M
current process commit charge ("private bytes"): 714M, peak: 723M

vm_info: Java HotSpot(TM) 64-Bit Server VM (14.0.2+12-46) for windows-amd64 JRE (14.0.2+12-46), built on Jul  9 2020 00:35:52 by "mach5one" with MS VC++ 15.9 (VS2017)

END.
