#
# A fatal error has been detected by the Java Runtime Environment:
#
#  EXCEPTION_ACCESS_VIOLATION (0xc0000005) at pc=0x000000005c17fa4d, pid=19140, tid=26652
#
# JRE version: Java(TM) SE Runtime Environment (14.0.2+12) (build 14.0.2+12-46)
# Java VM: Java HotSpot(TM) 64-Bit Server VM (14.0.2+12-46, mixed mode, sharing, tiered, compressed oops, g1 gc, windows-amd64)
# Problematic frame:
# C  [nvoglv64.dll+0xe0fa4d]
#
# No core dump will be written. Minidumps are not enabled by default on client versions of Windows
#
# If you would like to submit a bug report, please visit:
#   https://bugreport.java.com/bugreport/crash.jsp
# The crash happened outside the Java Virtual Machine in native code.
# See problematic frame for where to report the bug.
#

---------------  S U M M A R Y ------------

Command Line: -Didea.launcher.port=61363 -Didea.launcher.bin.path=C:\Program Files\JetBrains\IntelliJ IDEA Community Edition 2018.1.6\bin -Dfile.encoding=UTF-8 com.intellij.rt.execution.application.AppMainV2 org.artifex.VkMain

Host: Intel(R) Core(TM) i7-9750H CPU @ 2.60GHz, 12 cores, 31G,  Windows 10 , 64 bit Build 18362 (10.0.18362.1500)
Time: Tue Jun  8 11:24:55 2021 Central Daylight Time elapsed time: 1 seconds (0d 0h 0m 1s)

---------------  T H R E A D  ---------------

Current thread (0x000001c47e9ed800):  JavaThread "main" [_thread_in_native, id=26652, stack(0x000000a6de100000,0x000000a6de200000)]

Stack: [0x000000a6de100000,0x000000a6de200000],  sp=0x000000a6de1fe1e0,  free space=1016k
Native frames: (J=compiled Java code, j=interpreted, Vv=VM code, C=native code)
C  [nvoglv64.dll+0xe0fa4d]

Java frames: (J=compiled Java code, j=interpreted, Vv=VM code)
j  org.lwjgl.system.JNI.callPPPV(JIJIJJ)V+0
j  org.lwjgl.vulkan.VK10.nvkUpdateDescriptorSets(Lorg/lwjgl/vulkan/VkDevice;IJIJ)V+21
j  org.lwjgl.vulkan.VK10.vkUpdateDescriptorSets(Lorg/lwjgl/vulkan/VkDevice;Lorg/lwjgl/vulkan/VkWriteDescriptorSet$Buffer;Lorg/lwjgl/vulkan/VkCopyDescriptorSet$Buffer;)V+17
j  org.artifex.vulkan.descriptors.DescriptorCopyWrite.updateDescriptorSets(Lorg/artifex/vulkan/Device;)V+12
j  org.artifex.Program.<init>(Lorg/artifex/Window;)V+417
j  org.artifex.VkMain.<init>()V+14
j  org.artifex.VkMain.main([Ljava/lang/String;)V+4
v  ~StubRoutines::call_stub
j  jdk.internal.reflect.NativeMethodAccessorImpl.invoke0(Ljava/lang/reflect/Method;Ljava/lang/Object;[Ljava/lang/Object;)Ljava/lang/Object;+0 java.base@14.0.2
j  jdk.internal.reflect.NativeMethodAccessorImpl.invoke(Ljava/lang/Object;[Ljava/lang/Object;)Ljava/lang/Object;+100 java.base@14.0.2
j  jdk.internal.reflect.DelegatingMethodAccessorImpl.invoke(Ljava/lang/Object;[Ljava/lang/Object;)Ljava/lang/Object;+6 java.base@14.0.2
j  java.lang.reflect.Method.invoke(Ljava/lang/Object;[Ljava/lang/Object;)Ljava/lang/Object;+59 java.base@14.0.2
j  com.intellij.rt.execution.application.AppMainV2.main([Ljava/lang/String;)V+184
v  ~StubRoutines::call_stub

siginfo: EXCEPTION_ACCESS_VIOLATION (0xc0000005), reading address 0x0000000000000068


Register to memory mapping:

RIP=0x000000005c17fa4d nvoglv64.dll
RAX=0x000001c437392110 points into unknown readable memory: 07 00 00 00 01 00 00 00
RBX=0x0 is NULL
RCX=0x0 is NULL
RDX=0x000001c42eaad4a0 points into unknown readable memory: e8 74 1f 5d 00 00 00 00
RSP=0x000000a6de1fe1e0 is pointing into the stack for thread: 0x000001c47e9ed800
RBP=0x00000000ffffffff is an unknown value
RSI=0x0 is NULL
RDI=0x0000000000000002 is an unknown value
R8 =0x0 is NULL
R9 =0x0 is NULL
R10=0x000001c4374501a0 points into unknown readable memory: f0 74 1f 5d 00 00 00 00
R11=0x0000000000000001 is an unknown value
R12=0x0 is NULL
R13=0x0 is NULL
R14=0x000001c42cfb0020 points into unknown readable memory: 00 00 00 00 00 00 00 00
R15=0x0 is NULL


Registers:
RAX=0x000001c437392110, RBX=0x0000000000000000, RCX=0x0000000000000000, RDX=0x000001c42eaad4a0
RSP=0x000000a6de1fe1e0, RBP=0x00000000ffffffff, RSI=0x0000000000000000, RDI=0x0000000000000002
R8 =0x0000000000000000, R9 =0x0000000000000000, R10=0x000001c4374501a0, R11=0x0000000000000001
R12=0x0000000000000000, R13=0x0000000000000000, R14=0x000001c42cfb0020, R15=0x0000000000000000
RIP=0x000000005c17fa4d, EFLAGS=0x0000000000010246

Top of Stack: (sp=0x000000a6de1fe1e0)
0x000000a6de1fe1e0:   0000000000000000 0000000000000000
0x000000a6de1fe1f0:   0000000000000000 000001c42c8ffd98
0x000000a6de1fe200:   000001c47e9ed800 000000a6de1fe4b0
0x000000a6de1fe210:   0000777700000000 000001c42eaad4a0
0x000000a6de1fe220:   000001c47e9ed800 000000a6de1fe3b0
0x000000a6de1fe230:   000001c42c744960 0000000000000000
0x000000a6de1fe240:   000001c4086da1b3 0000000000000e90
0x000000a6de1fe250:   000000a6de1fe348 000000005c1abf82
0x000000a6de1fe260:   000001c400000002 000001c42e3fea00
0x000000a6de1fe270:   0000000000000000 000001c42c7c7840
0x000000a6de1fe280:   000001c42c744960 000001c4086df417
0x000000a6de1fe290:   000000a6de1fe2f0 000001c4086d9f00
0x000000a6de1fe2a0:   0000000000000040 000000a6de1fe2a8
0x000000a6de1fe2b0:   0000000000000000 000000a600000000
0x000000a6de1fe2c0:   0000000000000000 000000005c17db80
0x000000a6de1fe2d0:   0000000622ac5c48 000001c42c927880 

Instructions: (pc=0x000000005c17fa4d)
0x000000005c17f94d:   89 14 01 48 8b 82 b8 00 00 00 44 89 14 01 48 8d
0x000000005c17f95d:   0c b5 00 00 00 00 48 8b 82 a0 00 00 00 8d 76 02
0x000000005c17f96d:   49 c1 ea 20 44 89 14 01 48 8b 82 b8 00 00 00 44
0x000000005c17f97d:   89 14 01 41 3b db 0f 82 67 ff ff ff 8b 6c 24 30
0x000000005c17f98d:   e9 27 03 00 00 49 8b 80 80 00 00 00 bd 00 01 00
0x000000005c17f99d:   00 4c 8b 82 a0 00 00 00 49 6b c9 38 8b 4c 01 20
0x000000005c17f9ad:   0f b7 82 b0 00 00 00 41 03 ca 48 03 c1 45 33 d2
0x000000005c17f9bd:   49 8d 1c c0 0f b7 82 b2 00 00 00 48 8d 0c 41 49
0x000000005c17f9cd:   8d 3c 88 4b 8d 04 52 49 8b 0c c6 45 8b 44 c6 08
0x000000005c17f9dd:   41 8b c0 48 03 41 68 4a 89 04 d3 8b 41 70 b9 00
0x000000005c17f9ed:   00 01 00 41 2b c0 05 ff 00 00 00 25 00 ff ff ff
0x000000005c17f9fd:   3b c1 0f 42 c8 85 c9 0f 44 cd 42 89 0c 97 41 ff
0x000000005c17fa0d:   c2 45 3b d3 72 bd 8b 6c 24 30 e9 9d 02 00 00 49
0x000000005c17fa1d:   8b 80 80 00 00 00 bd ff ff ff ff 49 6b c9 38 33
0x000000005c17fa2d:   db 8b 4c 01 20 42 8d 34 91 8d 7e 02 0f 1f 80 00
0x000000005c17fa3d:   00 00 00 48 8d 0c 5b 4d 8b 04 ce 4d 8b 54 ce 08
0x000000005c17fa4d:   4d 8b 48 68 4d 03 ca 49 83 7c ce 10 ff 75 13 49
0x000000005c17fa5d:   8b 40 70 44 8b c5 49 2b c2 48 3b c5 44 0f 42 c0
0x000000005c17fa6d:   eb 05 45 8b 44 ce 10 48 8b 82 a0 00 00 00 48 8d
0x000000005c17fa7d:   0c b5 00 00 00 00 83 c6 04 ff c3 44 89 0c 01 48
0x000000005c17fa8d:   8b 82 b8 00 00 00 44 89 0c 01 8d 4f ff 48 8b 82
0x000000005c17fa9d:   a0 00 00 00 49 c1 e9 20 44 89 0c 88 48 8b 82 b8
0x000000005c17faad:   00 00 00 44 89 0c 88 48 8d 0c bd 00 00 00 00 48
0x000000005c17fabd:   8b 82 a0 00 00 00 83 c7 04 44 89 04 01 48 8b 82
0x000000005c17facd:   b8 00 00 00 44 89 04 01 41 3b db 0f 82 62 ff ff
0x000000005c17fadd:   ff 8b 6c 24 30 e9 d2 01 00 00 49 8b 80 80 00 00
0x000000005c17faed:   00 4c 8b 82 a0 00 00 00 49 6b c9 38 8b 4c 01 20
0x000000005c17fafd:   0f b7 82 b0 00 00 00 41 03 ca 48 03 c1 45 33 d2
0x000000005c17fb0d:   49 8d 3c c0 0f b7 82 b2 00 00 00 ba ff ff ff ff
0x000000005c17fb1d:   48 8d 0c 41 49 8d 1c 88 66 66 66 0f 1f 84 00 00
0x000000005c17fb2d:   00 00 00 4b 8d 04 52 49 8b 0c c6 4d 8d 0c c6 48
0x000000005c17fb3d:   8b 41 68 49 03 41 08 4a 89 04 d7 49 83 79 10 ff 


Stack slot to memory mapping:
stack at sp + 0 slots: 0x0 is NULL
stack at sp + 1 slots: 0x0 is NULL
stack at sp + 2 slots: 0x0 is NULL
stack at sp + 3 slots: {method} {0x000001c42c8ffda0} 'unmapBuffer' '(II)V' in 'org/artifex/vulkan/descriptors/DescriptorSet'
stack at sp + 4 slots: 0x000001c47e9ed800 is a thread
stack at sp + 5 slots: 0x000000a6de1fe4b0 is pointing into the stack for thread: 0x000001c47e9ed800
stack at sp + 6 slots: 0x0000777700000000 is an unknown value
stack at sp + 7 slots: 0x000001c42eaad4a0 points into unknown readable memory: e8 74 1f 5d 00 00 00 00


---------------  P R O C E S S  ---------------

Threads class SMR info:
_java_thread_list=0x000001c42cd2c4b0, length=12, elements={
0x000001c47e9ed800, 0x000001c42cbbc800, 0x000001c42cbbf800, 0x000001c42cbd5000,
0x000001c42cbd8000, 0x000001c42cbda800, 0x000001c42cbdb800, 0x000001c42cbdc800,
0x000001c42cbdd800, 0x000001c42cd1d800, 0x000001c42cd28000, 0x000001c42cdf6000
}

Java Threads: ( => current thread )
=>0x000001c47e9ed800 JavaThread "main" [_thread_in_native, id=26652, stack(0x000000a6de100000,0x000000a6de200000)]
  0x000001c42cbbc800 JavaThread "Reference Handler" daemon [_thread_blocked, id=26392, stack(0x000000a6de800000,0x000000a6de900000)]
  0x000001c42cbbf800 JavaThread "Finalizer" daemon [_thread_blocked, id=21776, stack(0x000000a6de900000,0x000000a6dea00000)]
  0x000001c42cbd5000 JavaThread "Signal Dispatcher" daemon [_thread_blocked, id=20760, stack(0x000000a6dea00000,0x000000a6deb00000)]
  0x000001c42cbd8000 JavaThread "Attach Listener" daemon [_thread_blocked, id=27500, stack(0x000000a6deb00000,0x000000a6dec00000)]
  0x000001c42cbda800 JavaThread "Service Thread" daemon [_thread_blocked, id=24144, stack(0x000000a6dec00000,0x000000a6ded00000)]
  0x000001c42cbdb800 JavaThread "C2 CompilerThread0" daemon [_thread_blocked, id=28252, stack(0x000000a6ded00000,0x000000a6dee00000)]
  0x000001c42cbdc800 JavaThread "C1 CompilerThread0" daemon [_thread_blocked, id=28588, stack(0x000000a6dee00000,0x000000a6def00000)]
  0x000001c42cbdd800 JavaThread "Sweeper thread" daemon [_thread_blocked, id=2560, stack(0x000000a6def00000,0x000000a6df000000)]
  0x000001c42cd1d800 JavaThread "Notification Thread" daemon [_thread_blocked, id=8236, stack(0x000000a6df000000,0x000000a6df100000)]
  0x000001c42cd28000 JavaThread "Common-Cleaner" daemon [_thread_blocked, id=20532, stack(0x000000a6df200000,0x000000a6df300000)]
  0x000001c42cdf6000 JavaThread "Monitor Ctrl-Break" daemon [_thread_in_native, id=23452, stack(0x000000a6df300000,0x000000a6df400000)]

Other Threads:
  0x000001c42cbb4800 VMThread "VM Thread" [stack: 0x000000a6de700000,0x000000a6de800000] [id=22884]
  0x000001c42cd1f800 WatcherThread [stack: 0x000000a6df100000,0x000000a6df200000] [id=19176]
  0x000001c47ea73800 GCTaskThread "GC Thread#0" [stack: 0x000000a6de200000,0x000000a6de300000] [id=15456]
  0x000001c47ea94800 ConcurrentGCThread "G1 Main Marker" [stack: 0x000000a6de300000,0x000000a6de400000] [id=24948]
  0x000001c47ea97000 ConcurrentGCThread "G1 Conc#0" [stack: 0x000000a6de400000,0x000000a6de500000] [id=27304]
  0x000001c42c10e000 ConcurrentGCThread "G1 Refine#0" [stack: 0x000000a6de500000,0x000000a6de600000] [id=18420]
  0x000001c42c10f000 ConcurrentGCThread "G1 Young RemSet Sampling" [stack: 0x000000a6de600000,0x000000a6de700000] [id=20848]

Threads with active compile tasks:

VM state:not at safepoint (normal execution)

VM Mutex/Monitor currently owned by a thread: None

Heap address: 0x0000000603c00000, size: 8132 MB, Compressed Oops mode: Zero based, Oop shift amount: 3
Narrow klass base: 0x0000000800000000, Narrow klass shift: 3
Compressed class space size: 1073741824 Address: 0x0000000800b30000

Heap:
 garbage-first heap   total 522240K, used 14336K [0x0000000603c00000, 0x0000000800000000)
  region size 2048K, 8 young (16384K), 0 survivors (0K)
 Metaspace       used 6114K, capacity 7733K, committed 7936K, reserved 1056768K
  class space    used 561K, capacity 713K, committed 768K, reserved 1048576K
Heap Regions: E=young(eden), S=young(survivor), O=old, HS=humongous(starts), HC=humongous(continues), CS=collection set, F=free, OA=open archive, CA=closed archive, TAMS=top-at-mark-start (previous, next)
|   0|0x0000000603c00000, 0x0000000603c00000, 0x0000000603e00000|  0%| F|  |TAMS 0x0000000603c00000, 0x0000000603c00000| Untracked 
|   1|0x0000000603e00000, 0x0000000603e00000, 0x0000000604000000|  0%| F|  |TAMS 0x0000000603e00000, 0x0000000603e00000| Untracked 
|   2|0x0000000604000000, 0x0000000604000000, 0x0000000604200000|  0%| F|  |TAMS 0x0000000604000000, 0x0000000604000000| Untracked 
|   3|0x0000000604200000, 0x0000000604200000, 0x0000000604400000|  0%| F|  |TAMS 0x0000000604200000, 0x0000000604200000| Untracked 
|   4|0x0000000604400000, 0x0000000604400000, 0x0000000604600000|  0%| F|  |TAMS 0x0000000604400000, 0x0000000604400000| Untracked 
|   5|0x0000000604600000, 0x0000000604600000, 0x0000000604800000|  0%| F|  |TAMS 0x0000000604600000, 0x0000000604600000| Untracked 
|   6|0x0000000604800000, 0x0000000604800000, 0x0000000604a00000|  0%| F|  |TAMS 0x0000000604800000, 0x0000000604800000| Untracked 
|   7|0x0000000604a00000, 0x0000000604a00000, 0x0000000604c00000|  0%| F|  |TAMS 0x0000000604a00000, 0x0000000604a00000| Untracked 
|   8|0x0000000604c00000, 0x0000000604c00000, 0x0000000604e00000|  0%| F|  |TAMS 0x0000000604c00000, 0x0000000604c00000| Untracked 
|   9|0x0000000604e00000, 0x0000000604e00000, 0x0000000605000000|  0%| F|  |TAMS 0x0000000604e00000, 0x0000000604e00000| Untracked 
|  10|0x0000000605000000, 0x0000000605000000, 0x0000000605200000|  0%| F|  |TAMS 0x0000000605000000, 0x0000000605000000| Untracked 
|  11|0x0000000605200000, 0x0000000605200000, 0x0000000605400000|  0%| F|  |TAMS 0x0000000605200000, 0x0000000605200000| Untracked 
|  12|0x0000000605400000, 0x0000000605400000, 0x0000000605600000|  0%| F|  |TAMS 0x0000000605400000, 0x0000000605400000| Untracked 
|  13|0x0000000605600000, 0x0000000605600000, 0x0000000605800000|  0%| F|  |TAMS 0x0000000605600000, 0x0000000605600000| Untracked 
|  14|0x0000000605800000, 0x0000000605800000, 0x0000000605a00000|  0%| F|  |TAMS 0x0000000605800000, 0x0000000605800000| Untracked 
|  15|0x0000000605a00000, 0x0000000605a00000, 0x0000000605c00000|  0%| F|  |TAMS 0x0000000605a00000, 0x0000000605a00000| Untracked 
|  16|0x0000000605c00000, 0x0000000605c00000, 0x0000000605e00000|  0%| F|  |TAMS 0x0000000605c00000, 0x0000000605c00000| Untracked 
|  17|0x0000000605e00000, 0x0000000605e00000, 0x0000000606000000|  0%| F|  |TAMS 0x0000000605e00000, 0x0000000605e00000| Untracked 
|  18|0x0000000606000000, 0x0000000606000000, 0x0000000606200000|  0%| F|  |TAMS 0x0000000606000000, 0x0000000606000000| Untracked 
|  19|0x0000000606200000, 0x0000000606200000, 0x0000000606400000|  0%| F|  |TAMS 0x0000000606200000, 0x0000000606200000| Untracked 
|  20|0x0000000606400000, 0x0000000606400000, 0x0000000606600000|  0%| F|  |TAMS 0x0000000606400000, 0x0000000606400000| Untracked 
|  21|0x0000000606600000, 0x0000000606600000, 0x0000000606800000|  0%| F|  |TAMS 0x0000000606600000, 0x0000000606600000| Untracked 
|  22|0x0000000606800000, 0x0000000606800000, 0x0000000606a00000|  0%| F|  |TAMS 0x0000000606800000, 0x0000000606800000| Untracked 
|  23|0x0000000606a00000, 0x0000000606a00000, 0x0000000606c00000|  0%| F|  |TAMS 0x0000000606a00000, 0x0000000606a00000| Untracked 
|  24|0x0000000606c00000, 0x0000000606c00000, 0x0000000606e00000|  0%| F|  |TAMS 0x0000000606c00000, 0x0000000606c00000| Untracked 
|  25|0x0000000606e00000, 0x0000000606e00000, 0x0000000607000000|  0%| F|  |TAMS 0x0000000606e00000, 0x0000000606e00000| Untracked 
|  26|0x0000000607000000, 0x0000000607000000, 0x0000000607200000|  0%| F|  |TAMS 0x0000000607000000, 0x0000000607000000| Untracked 
|  27|0x0000000607200000, 0x0000000607200000, 0x0000000607400000|  0%| F|  |TAMS 0x0000000607200000, 0x0000000607200000| Untracked 
|  28|0x0000000607400000, 0x0000000607400000, 0x0000000607600000|  0%| F|  |TAMS 0x0000000607400000, 0x0000000607400000| Untracked 
|  29|0x0000000607600000, 0x0000000607600000, 0x0000000607800000|  0%| F|  |TAMS 0x0000000607600000, 0x0000000607600000| Untracked 
|  30|0x0000000607800000, 0x0000000607800000, 0x0000000607a00000|  0%| F|  |TAMS 0x0000000607800000, 0x0000000607800000| Untracked 
|  31|0x0000000607a00000, 0x0000000607a00000, 0x0000000607c00000|  0%| F|  |TAMS 0x0000000607a00000, 0x0000000607a00000| Untracked 
|  32|0x0000000607c00000, 0x0000000607c00000, 0x0000000607e00000|  0%| F|  |TAMS 0x0000000607c00000, 0x0000000607c00000| Untracked 
|  33|0x0000000607e00000, 0x0000000607e00000, 0x0000000608000000|  0%| F|  |TAMS 0x0000000607e00000, 0x0000000607e00000| Untracked 
|  34|0x0000000608000000, 0x0000000608000000, 0x0000000608200000|  0%| F|  |TAMS 0x0000000608000000, 0x0000000608000000| Untracked 
|  35|0x0000000608200000, 0x0000000608200000, 0x0000000608400000|  0%| F|  |TAMS 0x0000000608200000, 0x0000000608200000| Untracked 
|  36|0x0000000608400000, 0x0000000608400000, 0x0000000608600000|  0%| F|  |TAMS 0x0000000608400000, 0x0000000608400000| Untracked 
|  37|0x0000000608600000, 0x0000000608600000, 0x0000000608800000|  0%| F|  |TAMS 0x0000000608600000, 0x0000000608600000| Untracked 
|  38|0x0000000608800000, 0x0000000608800000, 0x0000000608a00000|  0%| F|  |TAMS 0x0000000608800000, 0x0000000608800000| Untracked 
|  39|0x0000000608a00000, 0x0000000608a00000, 0x0000000608c00000|  0%| F|  |TAMS 0x0000000608a00000, 0x0000000608a00000| Untracked 
|  40|0x0000000608c00000, 0x0000000608c00000, 0x0000000608e00000|  0%| F|  |TAMS 0x0000000608c00000, 0x0000000608c00000| Untracked 
|  41|0x0000000608e00000, 0x0000000608e00000, 0x0000000609000000|  0%| F|  |TAMS 0x0000000608e00000, 0x0000000608e00000| Untracked 
|  42|0x0000000609000000, 0x0000000609000000, 0x0000000609200000|  0%| F|  |TAMS 0x0000000609000000, 0x0000000609000000| Untracked 
|  43|0x0000000609200000, 0x0000000609200000, 0x0000000609400000|  0%| F|  |TAMS 0x0000000609200000, 0x0000000609200000| Untracked 
|  44|0x0000000609400000, 0x0000000609400000, 0x0000000609600000|  0%| F|  |TAMS 0x0000000609400000, 0x0000000609400000| Untracked 
|  45|0x0000000609600000, 0x0000000609600000, 0x0000000609800000|  0%| F|  |TAMS 0x0000000609600000, 0x0000000609600000| Untracked 
|  46|0x0000000609800000, 0x0000000609800000, 0x0000000609a00000|  0%| F|  |TAMS 0x0000000609800000, 0x0000000609800000| Untracked 
|  47|0x0000000609a00000, 0x0000000609a00000, 0x0000000609c00000|  0%| F|  |TAMS 0x0000000609a00000, 0x0000000609a00000| Untracked 
|  48|0x0000000609c00000, 0x0000000609c00000, 0x0000000609e00000|  0%| F|  |TAMS 0x0000000609c00000, 0x0000000609c00000| Untracked 
|  49|0x0000000609e00000, 0x0000000609e00000, 0x000000060a000000|  0%| F|  |TAMS 0x0000000609e00000, 0x0000000609e00000| Untracked 
|  50|0x000000060a000000, 0x000000060a000000, 0x000000060a200000|  0%| F|  |TAMS 0x000000060a000000, 0x000000060a000000| Untracked 
|  51|0x000000060a200000, 0x000000060a200000, 0x000000060a400000|  0%| F|  |TAMS 0x000000060a200000, 0x000000060a200000| Untracked 
|  52|0x000000060a400000, 0x000000060a400000, 0x000000060a600000|  0%| F|  |TAMS 0x000000060a400000, 0x000000060a400000| Untracked 
|  53|0x000000060a600000, 0x000000060a600000, 0x000000060a800000|  0%| F|  |TAMS 0x000000060a600000, 0x000000060a600000| Untracked 
|  54|0x000000060a800000, 0x000000060a800000, 0x000000060aa00000|  0%| F|  |TAMS 0x000000060a800000, 0x000000060a800000| Untracked 
|  55|0x000000060aa00000, 0x000000060aa00000, 0x000000060ac00000|  0%| F|  |TAMS 0x000000060aa00000, 0x000000060aa00000| Untracked 
|  56|0x000000060ac00000, 0x000000060ac00000, 0x000000060ae00000|  0%| F|  |TAMS 0x000000060ac00000, 0x000000060ac00000| Untracked 
|  57|0x000000060ae00000, 0x000000060ae00000, 0x000000060b000000|  0%| F|  |TAMS 0x000000060ae00000, 0x000000060ae00000| Untracked 
|  58|0x000000060b000000, 0x000000060b000000, 0x000000060b200000|  0%| F|  |TAMS 0x000000060b000000, 0x000000060b000000| Untracked 
|  59|0x000000060b200000, 0x000000060b200000, 0x000000060b400000|  0%| F|  |TAMS 0x000000060b200000, 0x000000060b200000| Untracked 
|  60|0x000000060b400000, 0x000000060b400000, 0x000000060b600000|  0%| F|  |TAMS 0x000000060b400000, 0x000000060b400000| Untracked 
|  61|0x000000060b600000, 0x000000060b600000, 0x000000060b800000|  0%| F|  |TAMS 0x000000060b600000, 0x000000060b600000| Untracked 
|  62|0x000000060b800000, 0x000000060b800000, 0x000000060ba00000|  0%| F|  |TAMS 0x000000060b800000, 0x000000060b800000| Untracked 
|  63|0x000000060ba00000, 0x000000060ba00000, 0x000000060bc00000|  0%| F|  |TAMS 0x000000060ba00000, 0x000000060ba00000| Untracked 
|  64|0x000000060bc00000, 0x000000060bc00000, 0x000000060be00000|  0%| F|  |TAMS 0x000000060bc00000, 0x000000060bc00000| Untracked 
|  65|0x000000060be00000, 0x000000060be00000, 0x000000060c000000|  0%| F|  |TAMS 0x000000060be00000, 0x000000060be00000| Untracked 
|  66|0x000000060c000000, 0x000000060c000000, 0x000000060c200000|  0%| F|  |TAMS 0x000000060c000000, 0x000000060c000000| Untracked 
|  67|0x000000060c200000, 0x000000060c200000, 0x000000060c400000|  0%| F|  |TAMS 0x000000060c200000, 0x000000060c200000| Untracked 
|  68|0x000000060c400000, 0x000000060c400000, 0x000000060c600000|  0%| F|  |TAMS 0x000000060c400000, 0x000000060c400000| Untracked 
|  69|0x000000060c600000, 0x000000060c600000, 0x000000060c800000|  0%| F|  |TAMS 0x000000060c600000, 0x000000060c600000| Untracked 
|  70|0x000000060c800000, 0x000000060c800000, 0x000000060ca00000|  0%| F|  |TAMS 0x000000060c800000, 0x000000060c800000| Untracked 
|  71|0x000000060ca00000, 0x000000060ca00000, 0x000000060cc00000|  0%| F|  |TAMS 0x000000060ca00000, 0x000000060ca00000| Untracked 
|  72|0x000000060cc00000, 0x000000060cc00000, 0x000000060ce00000|  0%| F|  |TAMS 0x000000060cc00000, 0x000000060cc00000| Untracked 
|  73|0x000000060ce00000, 0x000000060ce00000, 0x000000060d000000|  0%| F|  |TAMS 0x000000060ce00000, 0x000000060ce00000| Untracked 
|  74|0x000000060d000000, 0x000000060d000000, 0x000000060d200000|  0%| F|  |TAMS 0x000000060d000000, 0x000000060d000000| Untracked 
|  75|0x000000060d200000, 0x000000060d200000, 0x000000060d400000|  0%| F|  |TAMS 0x000000060d200000, 0x000000060d200000| Untracked 
|  76|0x000000060d400000, 0x000000060d400000, 0x000000060d600000|  0%| F|  |TAMS 0x000000060d400000, 0x000000060d400000| Untracked 
|  77|0x000000060d600000, 0x000000060d600000, 0x000000060d800000|  0%| F|  |TAMS 0x000000060d600000, 0x000000060d600000| Untracked 
|  78|0x000000060d800000, 0x000000060d800000, 0x000000060da00000|  0%| F|  |TAMS 0x000000060d800000, 0x000000060d800000| Untracked 
|  79|0x000000060da00000, 0x000000060da00000, 0x000000060dc00000|  0%| F|  |TAMS 0x000000060da00000, 0x000000060da00000| Untracked 
|  80|0x000000060dc00000, 0x000000060dc00000, 0x000000060de00000|  0%| F|  |TAMS 0x000000060dc00000, 0x000000060dc00000| Untracked 
|  81|0x000000060de00000, 0x000000060de00000, 0x000000060e000000|  0%| F|  |TAMS 0x000000060de00000, 0x000000060de00000| Untracked 
|  82|0x000000060e000000, 0x000000060e000000, 0x000000060e200000|  0%| F|  |TAMS 0x000000060e000000, 0x000000060e000000| Untracked 
|  83|0x000000060e200000, 0x000000060e200000, 0x000000060e400000|  0%| F|  |TAMS 0x000000060e200000, 0x000000060e200000| Untracked 
|  84|0x000000060e400000, 0x000000060e400000, 0x000000060e600000|  0%| F|  |TAMS 0x000000060e400000, 0x000000060e400000| Untracked 
|  85|0x000000060e600000, 0x000000060e600000, 0x000000060e800000|  0%| F|  |TAMS 0x000000060e600000, 0x000000060e600000| Untracked 
|  86|0x000000060e800000, 0x000000060e800000, 0x000000060ea00000|  0%| F|  |TAMS 0x000000060e800000, 0x000000060e800000| Untracked 
|  87|0x000000060ea00000, 0x000000060ea00000, 0x000000060ec00000|  0%| F|  |TAMS 0x000000060ea00000, 0x000000060ea00000| Untracked 
|  88|0x000000060ec00000, 0x000000060ec00000, 0x000000060ee00000|  0%| F|  |TAMS 0x000000060ec00000, 0x000000060ec00000| Untracked 
|  89|0x000000060ee00000, 0x000000060ee00000, 0x000000060f000000|  0%| F|  |TAMS 0x000000060ee00000, 0x000000060ee00000| Untracked 
|  90|0x000000060f000000, 0x000000060f000000, 0x000000060f200000|  0%| F|  |TAMS 0x000000060f000000, 0x000000060f000000| Untracked 
|  91|0x000000060f200000, 0x000000060f200000, 0x000000060f400000|  0%| F|  |TAMS 0x000000060f200000, 0x000000060f200000| Untracked 
|  92|0x000000060f400000, 0x000000060f400000, 0x000000060f600000|  0%| F|  |TAMS 0x000000060f400000, 0x000000060f400000| Untracked 
|  93|0x000000060f600000, 0x000000060f600000, 0x000000060f800000|  0%| F|  |TAMS 0x000000060f600000, 0x000000060f600000| Untracked 
|  94|0x000000060f800000, 0x000000060f800000, 0x000000060fa00000|  0%| F|  |TAMS 0x000000060f800000, 0x000000060f800000| Untracked 
|  95|0x000000060fa00000, 0x000000060fa00000, 0x000000060fc00000|  0%| F|  |TAMS 0x000000060fa00000, 0x000000060fa00000| Untracked 
|  96|0x000000060fc00000, 0x000000060fc00000, 0x000000060fe00000|  0%| F|  |TAMS 0x000000060fc00000, 0x000000060fc00000| Untracked 
|  97|0x000000060fe00000, 0x000000060fe00000, 0x0000000610000000|  0%| F|  |TAMS 0x000000060fe00000, 0x000000060fe00000| Untracked 
|  98|0x0000000610000000, 0x0000000610000000, 0x0000000610200000|  0%| F|  |TAMS 0x0000000610000000, 0x0000000610000000| Untracked 
|  99|0x0000000610200000, 0x0000000610200000, 0x0000000610400000|  0%| F|  |TAMS 0x0000000610200000, 0x0000000610200000| Untracked 
| 100|0x0000000610400000, 0x0000000610400000, 0x0000000610600000|  0%| F|  |TAMS 0x0000000610400000, 0x0000000610400000| Untracked 
| 101|0x0000000610600000, 0x0000000610600000, 0x0000000610800000|  0%| F|  |TAMS 0x0000000610600000, 0x0000000610600000| Untracked 
| 102|0x0000000610800000, 0x0000000610800000, 0x0000000610a00000|  0%| F|  |TAMS 0x0000000610800000, 0x0000000610800000| Untracked 
| 103|0x0000000610a00000, 0x0000000610a00000, 0x0000000610c00000|  0%| F|  |TAMS 0x0000000610a00000, 0x0000000610a00000| Untracked 
| 104|0x0000000610c00000, 0x0000000610c00000, 0x0000000610e00000|  0%| F|  |TAMS 0x0000000610c00000, 0x0000000610c00000| Untracked 
| 105|0x0000000610e00000, 0x0000000610e00000, 0x0000000611000000|  0%| F|  |TAMS 0x0000000610e00000, 0x0000000610e00000| Untracked 
| 106|0x0000000611000000, 0x0000000611000000, 0x0000000611200000|  0%| F|  |TAMS 0x0000000611000000, 0x0000000611000000| Untracked 
| 107|0x0000000611200000, 0x0000000611200000, 0x0000000611400000|  0%| F|  |TAMS 0x0000000611200000, 0x0000000611200000| Untracked 
| 108|0x0000000611400000, 0x0000000611400000, 0x0000000611600000|  0%| F|  |TAMS 0x0000000611400000, 0x0000000611400000| Untracked 
| 109|0x0000000611600000, 0x0000000611600000, 0x0000000611800000|  0%| F|  |TAMS 0x0000000611600000, 0x0000000611600000| Untracked 
| 110|0x0000000611800000, 0x0000000611800000, 0x0000000611a00000|  0%| F|  |TAMS 0x0000000611800000, 0x0000000611800000| Untracked 
| 111|0x0000000611a00000, 0x0000000611a00000, 0x0000000611c00000|  0%| F|  |TAMS 0x0000000611a00000, 0x0000000611a00000| Untracked 
| 112|0x0000000611c00000, 0x0000000611c00000, 0x0000000611e00000|  0%| F|  |TAMS 0x0000000611c00000, 0x0000000611c00000| Untracked 
| 113|0x0000000611e00000, 0x0000000611e00000, 0x0000000612000000|  0%| F|  |TAMS 0x0000000611e00000, 0x0000000611e00000| Untracked 
| 114|0x0000000612000000, 0x0000000612000000, 0x0000000612200000|  0%| F|  |TAMS 0x0000000612000000, 0x0000000612000000| Untracked 
| 115|0x0000000612200000, 0x0000000612200000, 0x0000000612400000|  0%| F|  |TAMS 0x0000000612200000, 0x0000000612200000| Untracked 
| 116|0x0000000612400000, 0x0000000612400000, 0x0000000612600000|  0%| F|  |TAMS 0x0000000612400000, 0x0000000612400000| Untracked 
| 117|0x0000000612600000, 0x0000000612600000, 0x0000000612800000|  0%| F|  |TAMS 0x0000000612600000, 0x0000000612600000| Untracked 
| 118|0x0000000612800000, 0x0000000612800000, 0x0000000612a00000|  0%| F|  |TAMS 0x0000000612800000, 0x0000000612800000| Untracked 
| 119|0x0000000612a00000, 0x0000000612a00000, 0x0000000612c00000|  0%| F|  |TAMS 0x0000000612a00000, 0x0000000612a00000| Untracked 
| 120|0x0000000612c00000, 0x0000000612c00000, 0x0000000612e00000|  0%| F|  |TAMS 0x0000000612c00000, 0x0000000612c00000| Untracked 
| 121|0x0000000612e00000, 0x0000000612e00000, 0x0000000613000000|  0%| F|  |TAMS 0x0000000612e00000, 0x0000000612e00000| Untracked 
| 122|0x0000000613000000, 0x0000000613000000, 0x0000000613200000|  0%| F|  |TAMS 0x0000000613000000, 0x0000000613000000| Untracked 
| 123|0x0000000613200000, 0x0000000613200000, 0x0000000613400000|  0%| F|  |TAMS 0x0000000613200000, 0x0000000613200000| Untracked 
| 124|0x0000000613400000, 0x0000000613400000, 0x0000000613600000|  0%| F|  |TAMS 0x0000000613400000, 0x0000000613400000| Untracked 
| 125|0x0000000613600000, 0x0000000613600000, 0x0000000613800000|  0%| F|  |TAMS 0x0000000613600000, 0x0000000613600000| Untracked 
| 126|0x0000000613800000, 0x0000000613800000, 0x0000000613a00000|  0%| F|  |TAMS 0x0000000613800000, 0x0000000613800000| Untracked 
| 127|0x0000000613a00000, 0x0000000613a00000, 0x0000000613c00000|  0%| F|  |TAMS 0x0000000613a00000, 0x0000000613a00000| Untracked 
| 128|0x0000000613c00000, 0x0000000613c00000, 0x0000000613e00000|  0%| F|  |TAMS 0x0000000613c00000, 0x0000000613c00000| Untracked 
| 129|0x0000000613e00000, 0x0000000613e00000, 0x0000000614000000|  0%| F|  |TAMS 0x0000000613e00000, 0x0000000613e00000| Untracked 
| 130|0x0000000614000000, 0x0000000614000000, 0x0000000614200000|  0%| F|  |TAMS 0x0000000614000000, 0x0000000614000000| Untracked 
| 131|0x0000000614200000, 0x0000000614200000, 0x0000000614400000|  0%| F|  |TAMS 0x0000000614200000, 0x0000000614200000| Untracked 
| 132|0x0000000614400000, 0x0000000614400000, 0x0000000614600000|  0%| F|  |TAMS 0x0000000614400000, 0x0000000614400000| Untracked 
| 133|0x0000000614600000, 0x0000000614600000, 0x0000000614800000|  0%| F|  |TAMS 0x0000000614600000, 0x0000000614600000| Untracked 
| 134|0x0000000614800000, 0x0000000614800000, 0x0000000614a00000|  0%| F|  |TAMS 0x0000000614800000, 0x0000000614800000| Untracked 
| 135|0x0000000614a00000, 0x0000000614a00000, 0x0000000614c00000|  0%| F|  |TAMS 0x0000000614a00000, 0x0000000614a00000| Untracked 
| 136|0x0000000614c00000, 0x0000000614c00000, 0x0000000614e00000|  0%| F|  |TAMS 0x0000000614c00000, 0x0000000614c00000| Untracked 
| 137|0x0000000614e00000, 0x0000000614e00000, 0x0000000615000000|  0%| F|  |TAMS 0x0000000614e00000, 0x0000000614e00000| Untracked 
| 138|0x0000000615000000, 0x0000000615000000, 0x0000000615200000|  0%| F|  |TAMS 0x0000000615000000, 0x0000000615000000| Untracked 
| 139|0x0000000615200000, 0x0000000615200000, 0x0000000615400000|  0%| F|  |TAMS 0x0000000615200000, 0x0000000615200000| Untracked 
| 140|0x0000000615400000, 0x0000000615400000, 0x0000000615600000|  0%| F|  |TAMS 0x0000000615400000, 0x0000000615400000| Untracked 
| 141|0x0000000615600000, 0x0000000615600000, 0x0000000615800000|  0%| F|  |TAMS 0x0000000615600000, 0x0000000615600000| Untracked 
| 142|0x0000000615800000, 0x0000000615800000, 0x0000000615a00000|  0%| F|  |TAMS 0x0000000615800000, 0x0000000615800000| Untracked 
| 143|0x0000000615a00000, 0x0000000615a00000, 0x0000000615c00000|  0%| F|  |TAMS 0x0000000615a00000, 0x0000000615a00000| Untracked 
| 144|0x0000000615c00000, 0x0000000615c00000, 0x0000000615e00000|  0%| F|  |TAMS 0x0000000615c00000, 0x0000000615c00000| Untracked 
| 145|0x0000000615e00000, 0x0000000615e00000, 0x0000000616000000|  0%| F|  |TAMS 0x0000000615e00000, 0x0000000615e00000| Untracked 
| 146|0x0000000616000000, 0x0000000616000000, 0x0000000616200000|  0%| F|  |TAMS 0x0000000616000000, 0x0000000616000000| Untracked 
| 147|0x0000000616200000, 0x0000000616200000, 0x0000000616400000|  0%| F|  |TAMS 0x0000000616200000, 0x0000000616200000| Untracked 
| 148|0x0000000616400000, 0x0000000616400000, 0x0000000616600000|  0%| F|  |TAMS 0x0000000616400000, 0x0000000616400000| Untracked 
| 149|0x0000000616600000, 0x0000000616600000, 0x0000000616800000|  0%| F|  |TAMS 0x0000000616600000, 0x0000000616600000| Untracked 
| 150|0x0000000616800000, 0x0000000616800000, 0x0000000616a00000|  0%| F|  |TAMS 0x0000000616800000, 0x0000000616800000| Untracked 
| 151|0x0000000616a00000, 0x0000000616a00000, 0x0000000616c00000|  0%| F|  |TAMS 0x0000000616a00000, 0x0000000616a00000| Untracked 
| 152|0x0000000616c00000, 0x0000000616c00000, 0x0000000616e00000|  0%| F|  |TAMS 0x0000000616c00000, 0x0000000616c00000| Untracked 
| 153|0x0000000616e00000, 0x0000000616e00000, 0x0000000617000000|  0%| F|  |TAMS 0x0000000616e00000, 0x0000000616e00000| Untracked 
| 154|0x0000000617000000, 0x0000000617000000, 0x0000000617200000|  0%| F|  |TAMS 0x0000000617000000, 0x0000000617000000| Untracked 
| 155|0x0000000617200000, 0x0000000617200000, 0x0000000617400000|  0%| F|  |TAMS 0x0000000617200000, 0x0000000617200000| Untracked 
| 156|0x0000000617400000, 0x0000000617400000, 0x0000000617600000|  0%| F|  |TAMS 0x0000000617400000, 0x0000000617400000| Untracked 
| 157|0x0000000617600000, 0x0000000617600000, 0x0000000617800000|  0%| F|  |TAMS 0x0000000617600000, 0x0000000617600000| Untracked 
| 158|0x0000000617800000, 0x0000000617800000, 0x0000000617a00000|  0%| F|  |TAMS 0x0000000617800000, 0x0000000617800000| Untracked 
| 159|0x0000000617a00000, 0x0000000617a00000, 0x0000000617c00000|  0%| F|  |TAMS 0x0000000617a00000, 0x0000000617a00000| Untracked 
| 160|0x0000000617c00000, 0x0000000617c00000, 0x0000000617e00000|  0%| F|  |TAMS 0x0000000617c00000, 0x0000000617c00000| Untracked 
| 161|0x0000000617e00000, 0x0000000617e00000, 0x0000000618000000|  0%| F|  |TAMS 0x0000000617e00000, 0x0000000617e00000| Untracked 
| 162|0x0000000618000000, 0x0000000618000000, 0x0000000618200000|  0%| F|  |TAMS 0x0000000618000000, 0x0000000618000000| Untracked 
| 163|0x0000000618200000, 0x0000000618200000, 0x0000000618400000|  0%| F|  |TAMS 0x0000000618200000, 0x0000000618200000| Untracked 
| 164|0x0000000618400000, 0x0000000618400000, 0x0000000618600000|  0%| F|  |TAMS 0x0000000618400000, 0x0000000618400000| Untracked 
| 165|0x0000000618600000, 0x0000000618600000, 0x0000000618800000|  0%| F|  |TAMS 0x0000000618600000, 0x0000000618600000| Untracked 
| 166|0x0000000618800000, 0x0000000618800000, 0x0000000618a00000|  0%| F|  |TAMS 0x0000000618800000, 0x0000000618800000| Untracked 
| 167|0x0000000618a00000, 0x0000000618a00000, 0x0000000618c00000|  0%| F|  |TAMS 0x0000000618a00000, 0x0000000618a00000| Untracked 
| 168|0x0000000618c00000, 0x0000000618c00000, 0x0000000618e00000|  0%| F|  |TAMS 0x0000000618c00000, 0x0000000618c00000| Untracked 
| 169|0x0000000618e00000, 0x0000000618e00000, 0x0000000619000000|  0%| F|  |TAMS 0x0000000618e00000, 0x0000000618e00000| Untracked 
| 170|0x0000000619000000, 0x0000000619000000, 0x0000000619200000|  0%| F|  |TAMS 0x0000000619000000, 0x0000000619000000| Untracked 
| 171|0x0000000619200000, 0x0000000619200000, 0x0000000619400000|  0%| F|  |TAMS 0x0000000619200000, 0x0000000619200000| Untracked 
| 172|0x0000000619400000, 0x0000000619400000, 0x0000000619600000|  0%| F|  |TAMS 0x0000000619400000, 0x0000000619400000| Untracked 
| 173|0x0000000619600000, 0x0000000619600000, 0x0000000619800000|  0%| F|  |TAMS 0x0000000619600000, 0x0000000619600000| Untracked 
| 174|0x0000000619800000, 0x0000000619800000, 0x0000000619a00000|  0%| F|  |TAMS 0x0000000619800000, 0x0000000619800000| Untracked 
| 175|0x0000000619a00000, 0x0000000619a00000, 0x0000000619c00000|  0%| F|  |TAMS 0x0000000619a00000, 0x0000000619a00000| Untracked 
| 176|0x0000000619c00000, 0x0000000619c00000, 0x0000000619e00000|  0%| F|  |TAMS 0x0000000619c00000, 0x0000000619c00000| Untracked 
| 177|0x0000000619e00000, 0x0000000619e00000, 0x000000061a000000|  0%| F|  |TAMS 0x0000000619e00000, 0x0000000619e00000| Untracked 
| 178|0x000000061a000000, 0x000000061a000000, 0x000000061a200000|  0%| F|  |TAMS 0x000000061a000000, 0x000000061a000000| Untracked 
| 179|0x000000061a200000, 0x000000061a200000, 0x000000061a400000|  0%| F|  |TAMS 0x000000061a200000, 0x000000061a200000| Untracked 
| 180|0x000000061a400000, 0x000000061a400000, 0x000000061a600000|  0%| F|  |TAMS 0x000000061a400000, 0x000000061a400000| Untracked 
| 181|0x000000061a600000, 0x000000061a600000, 0x000000061a800000|  0%| F|  |TAMS 0x000000061a600000, 0x000000061a600000| Untracked 
| 182|0x000000061a800000, 0x000000061a800000, 0x000000061aa00000|  0%| F|  |TAMS 0x000000061a800000, 0x000000061a800000| Untracked 
| 183|0x000000061aa00000, 0x000000061aa00000, 0x000000061ac00000|  0%| F|  |TAMS 0x000000061aa00000, 0x000000061aa00000| Untracked 
| 184|0x000000061ac00000, 0x000000061ac00000, 0x000000061ae00000|  0%| F|  |TAMS 0x000000061ac00000, 0x000000061ac00000| Untracked 
| 185|0x000000061ae00000, 0x000000061ae00000, 0x000000061b000000|  0%| F|  |TAMS 0x000000061ae00000, 0x000000061ae00000| Untracked 
| 186|0x000000061b000000, 0x000000061b000000, 0x000000061b200000|  0%| F|  |TAMS 0x000000061b000000, 0x000000061b000000| Untracked 
| 187|0x000000061b200000, 0x000000061b200000, 0x000000061b400000|  0%| F|  |TAMS 0x000000061b200000, 0x000000061b200000| Untracked 
| 188|0x000000061b400000, 0x000000061b400000, 0x000000061b600000|  0%| F|  |TAMS 0x000000061b400000, 0x000000061b400000| Untracked 
| 189|0x000000061b600000, 0x000000061b600000, 0x000000061b800000|  0%| F|  |TAMS 0x000000061b600000, 0x000000061b600000| Untracked 
| 190|0x000000061b800000, 0x000000061b800000, 0x000000061ba00000|  0%| F|  |TAMS 0x000000061b800000, 0x000000061b800000| Untracked 
| 191|0x000000061ba00000, 0x000000061ba00000, 0x000000061bc00000|  0%| F|  |TAMS 0x000000061ba00000, 0x000000061ba00000| Untracked 
| 192|0x000000061bc00000, 0x000000061bc00000, 0x000000061be00000|  0%| F|  |TAMS 0x000000061bc00000, 0x000000061bc00000| Untracked 
| 193|0x000000061be00000, 0x000000061be00000, 0x000000061c000000|  0%| F|  |TAMS 0x000000061be00000, 0x000000061be00000| Untracked 
| 194|0x000000061c000000, 0x000000061c000000, 0x000000061c200000|  0%| F|  |TAMS 0x000000061c000000, 0x000000061c000000| Untracked 
| 195|0x000000061c200000, 0x000000061c200000, 0x000000061c400000|  0%| F|  |TAMS 0x000000061c200000, 0x000000061c200000| Untracked 
| 196|0x000000061c400000, 0x000000061c400000, 0x000000061c600000|  0%| F|  |TAMS 0x000000061c400000, 0x000000061c400000| Untracked 
| 197|0x000000061c600000, 0x000000061c600000, 0x000000061c800000|  0%| F|  |TAMS 0x000000061c600000, 0x000000061c600000| Untracked 
| 198|0x000000061c800000, 0x000000061c800000, 0x000000061ca00000|  0%| F|  |TAMS 0x000000061c800000, 0x000000061c800000| Untracked 
| 199|0x000000061ca00000, 0x000000061ca00000, 0x000000061cc00000|  0%| F|  |TAMS 0x000000061ca00000, 0x000000061ca00000| Untracked 
| 200|0x000000061cc00000, 0x000000061cc00000, 0x000000061ce00000|  0%| F|  |TAMS 0x000000061cc00000, 0x000000061cc00000| Untracked 
| 201|0x000000061ce00000, 0x000000061ce00000, 0x000000061d000000|  0%| F|  |TAMS 0x000000061ce00000, 0x000000061ce00000| Untracked 
| 202|0x000000061d000000, 0x000000061d000000, 0x000000061d200000|  0%| F|  |TAMS 0x000000061d000000, 0x000000061d000000| Untracked 
| 203|0x000000061d200000, 0x000000061d200000, 0x000000061d400000|  0%| F|  |TAMS 0x000000061d200000, 0x000000061d200000| Untracked 
| 204|0x000000061d400000, 0x000000061d400000, 0x000000061d600000|  0%| F|  |TAMS 0x000000061d400000, 0x000000061d400000| Untracked 
| 205|0x000000061d600000, 0x000000061d600000, 0x000000061d800000|  0%| F|  |TAMS 0x000000061d600000, 0x000000061d600000| Untracked 
| 206|0x000000061d800000, 0x000000061d800000, 0x000000061da00000|  0%| F|  |TAMS 0x000000061d800000, 0x000000061d800000| Untracked 
| 207|0x000000061da00000, 0x000000061da00000, 0x000000061dc00000|  0%| F|  |TAMS 0x000000061da00000, 0x000000061da00000| Untracked 
| 208|0x000000061dc00000, 0x000000061dc00000, 0x000000061de00000|  0%| F|  |TAMS 0x000000061dc00000, 0x000000061dc00000| Untracked 
| 209|0x000000061de00000, 0x000000061de00000, 0x000000061e000000|  0%| F|  |TAMS 0x000000061de00000, 0x000000061de00000| Untracked 
| 210|0x000000061e000000, 0x000000061e000000, 0x000000061e200000|  0%| F|  |TAMS 0x000000061e000000, 0x000000061e000000| Untracked 
| 211|0x000000061e200000, 0x000000061e200000, 0x000000061e400000|  0%| F|  |TAMS 0x000000061e200000, 0x000000061e200000| Untracked 
| 212|0x000000061e400000, 0x000000061e400000, 0x000000061e600000|  0%| F|  |TAMS 0x000000061e400000, 0x000000061e400000| Untracked 
| 213|0x000000061e600000, 0x000000061e600000, 0x000000061e800000|  0%| F|  |TAMS 0x000000061e600000, 0x000000061e600000| Untracked 
| 214|0x000000061e800000, 0x000000061e800000, 0x000000061ea00000|  0%| F|  |TAMS 0x000000061e800000, 0x000000061e800000| Untracked 
| 215|0x000000061ea00000, 0x000000061ea00000, 0x000000061ec00000|  0%| F|  |TAMS 0x000000061ea00000, 0x000000061ea00000| Untracked 
| 216|0x000000061ec00000, 0x000000061ec00000, 0x000000061ee00000|  0%| F|  |TAMS 0x000000061ec00000, 0x000000061ec00000| Untracked 
| 217|0x000000061ee00000, 0x000000061ee00000, 0x000000061f000000|  0%| F|  |TAMS 0x000000061ee00000, 0x000000061ee00000| Untracked 
| 218|0x000000061f000000, 0x000000061f000000, 0x000000061f200000|  0%| F|  |TAMS 0x000000061f000000, 0x000000061f000000| Untracked 
| 219|0x000000061f200000, 0x000000061f200000, 0x000000061f400000|  0%| F|  |TAMS 0x000000061f200000, 0x000000061f200000| Untracked 
| 220|0x000000061f400000, 0x000000061f400000, 0x000000061f600000|  0%| F|  |TAMS 0x000000061f400000, 0x000000061f400000| Untracked 
| 221|0x000000061f600000, 0x000000061f600000, 0x000000061f800000|  0%| F|  |TAMS 0x000000061f600000, 0x000000061f600000| Untracked 
| 222|0x000000061f800000, 0x000000061f800000, 0x000000061fa00000|  0%| F|  |TAMS 0x000000061f800000, 0x000000061f800000| Untracked 
| 223|0x000000061fa00000, 0x000000061fa00000, 0x000000061fc00000|  0%| F|  |TAMS 0x000000061fa00000, 0x000000061fa00000| Untracked 
| 224|0x000000061fc00000, 0x000000061fc00000, 0x000000061fe00000|  0%| F|  |TAMS 0x000000061fc00000, 0x000000061fc00000| Untracked 
| 225|0x000000061fe00000, 0x000000061fe00000, 0x0000000620000000|  0%| F|  |TAMS 0x000000061fe00000, 0x000000061fe00000| Untracked 
| 226|0x0000000620000000, 0x0000000620000000, 0x0000000620200000|  0%| F|  |TAMS 0x0000000620000000, 0x0000000620000000| Untracked 
| 227|0x0000000620200000, 0x0000000620200000, 0x0000000620400000|  0%| F|  |TAMS 0x0000000620200000, 0x0000000620200000| Untracked 
| 228|0x0000000620400000, 0x0000000620400000, 0x0000000620600000|  0%| F|  |TAMS 0x0000000620400000, 0x0000000620400000| Untracked 
| 229|0x0000000620600000, 0x0000000620600000, 0x0000000620800000|  0%| F|  |TAMS 0x0000000620600000, 0x0000000620600000| Untracked 
| 230|0x0000000620800000, 0x0000000620800000, 0x0000000620a00000|  0%| F|  |TAMS 0x0000000620800000, 0x0000000620800000| Untracked 
| 231|0x0000000620a00000, 0x0000000620a00000, 0x0000000620c00000|  0%| F|  |TAMS 0x0000000620a00000, 0x0000000620a00000| Untracked 
| 232|0x0000000620c00000, 0x0000000620c00000, 0x0000000620e00000|  0%| F|  |TAMS 0x0000000620c00000, 0x0000000620c00000| Untracked 
| 233|0x0000000620e00000, 0x0000000620e00000, 0x0000000621000000|  0%| F|  |TAMS 0x0000000620e00000, 0x0000000620e00000| Untracked 
| 234|0x0000000621000000, 0x0000000621000000, 0x0000000621200000|  0%| F|  |TAMS 0x0000000621000000, 0x0000000621000000| Untracked 
| 235|0x0000000621200000, 0x0000000621200000, 0x0000000621400000|  0%| F|  |TAMS 0x0000000621200000, 0x0000000621200000| Untracked 
| 236|0x0000000621400000, 0x0000000621400000, 0x0000000621600000|  0%| F|  |TAMS 0x0000000621400000, 0x0000000621400000| Untracked 
| 237|0x0000000621600000, 0x0000000621600000, 0x0000000621800000|  0%| F|  |TAMS 0x0000000621600000, 0x0000000621600000| Untracked 
| 238|0x0000000621800000, 0x0000000621800000, 0x0000000621a00000|  0%| F|  |TAMS 0x0000000621800000, 0x0000000621800000| Untracked 
| 239|0x0000000621a00000, 0x0000000621a00000, 0x0000000621c00000|  0%| F|  |TAMS 0x0000000621a00000, 0x0000000621a00000| Untracked 
| 240|0x0000000621c00000, 0x0000000621c00000, 0x0000000621e00000|  0%| F|  |TAMS 0x0000000621c00000, 0x0000000621c00000| Untracked 
| 241|0x0000000621e00000, 0x0000000621e00000, 0x0000000622000000|  0%| F|  |TAMS 0x0000000621e00000, 0x0000000621e00000| Untracked 
| 242|0x0000000622000000, 0x0000000622000000, 0x0000000622200000|  0%| F|  |TAMS 0x0000000622000000, 0x0000000622000000| Untracked 
| 243|0x0000000622200000, 0x0000000622200000, 0x0000000622400000|  0%| F|  |TAMS 0x0000000622200000, 0x0000000622200000| Untracked 
| 244|0x0000000622400000, 0x0000000622400000, 0x0000000622600000|  0%| F|  |TAMS 0x0000000622400000, 0x0000000622400000| Untracked 
| 245|0x0000000622600000, 0x0000000622600000, 0x0000000622800000|  0%| F|  |TAMS 0x0000000622600000, 0x0000000622600000| Untracked 
| 246|0x0000000622800000, 0x0000000622800000, 0x0000000622a00000|  0%| F|  |TAMS 0x0000000622800000, 0x0000000622800000| Untracked 
| 247|0x0000000622a00000, 0x0000000622bf1848, 0x0000000622c00000| 97%| E|  |TAMS 0x0000000622a00000, 0x0000000622a00000| Complete 
| 248|0x0000000622c00000, 0x0000000622e00000, 0x0000000622e00000|100%| E|CS|TAMS 0x0000000622c00000, 0x0000000622c00000| Complete 
| 249|0x0000000622e00000, 0x0000000623000000, 0x0000000623000000|100%| E|CS|TAMS 0x0000000622e00000, 0x0000000622e00000| Complete 
| 250|0x0000000623000000, 0x0000000623200000, 0x0000000623200000|100%| E|CS|TAMS 0x0000000623000000, 0x0000000623000000| Complete 
| 251|0x0000000623200000, 0x0000000623400000, 0x0000000623400000|100%| E|CS|TAMS 0x0000000623200000, 0x0000000623200000| Complete 
| 252|0x0000000623400000, 0x0000000623600000, 0x0000000623600000|100%| E|CS|TAMS 0x0000000623400000, 0x0000000623400000| Complete 
| 253|0x0000000623600000, 0x0000000623800000, 0x0000000623800000|100%| E|CS|TAMS 0x0000000623600000, 0x0000000623600000| Complete 
| 254|0x0000000623800000, 0x0000000623a00000, 0x0000000623a00000|100%| E|CS|TAMS 0x0000000623800000, 0x0000000623800000| Complete 

Card table byte_map: [0x000001c4176d0000,0x000001c4186c0000] _byte_map_base: 0x000001c4146b2000

Marking Bits (Prev, Next): (CMBitMap*) 0x000001c47ea741c8, (CMBitMap*) 0x000001c47ea74208
 Prev Bits: [0x000001c4196b0000, 0x000001c4215c0000)
 Next Bits: [0x000001c4215c0000, 0x000001c4294d0000)

Polling page: 0x000001c47c7f0000

Metaspace:

Usage:
  Non-class:      6.86 MB capacity,     5.42 MB ( 79%) used,     1.42 MB ( 21%) free+waste,    12.56 KB ( <1%) overhead. 
      Class:    713.00 KB capacity,   561.52 KB ( 79%) used,   144.73 KB ( 20%) free+waste,     6.75 KB ( <1%) overhead. 
       Both:      7.55 MB capacity,     5.97 MB ( 79%) used,     1.56 MB ( 21%) free+waste,    19.31 KB ( <1%) overhead. 

Virtual space:
  Non-class space:        8.00 MB reserved,       7.00 MB ( 88%) committed 
      Class space:        1.00 GB reserved,     768.00 KB ( <1%) committed 
             Both:        1.01 GB reserved,       7.75 MB ( <1%) committed 

Chunk freelists:
   Non-Class:  20.00 KB
       Class:  0 bytes
        Both:  20.00 KB

MaxMetaspaceSize: 17179869184.00 GB
CompressedClassSpaceSize: 1.00 GB

CodeHeap 'non-profiled nmethods': size=120000Kb used=283Kb max_used=283Kb free=119717Kb
 bounds [0x000001c4101a0000, 0x000001c410410000, 0x000001c4176d0000]
CodeHeap 'profiled nmethods': size=120000Kb used=1583Kb max_used=1583Kb free=118416Kb
 bounds [0x000001c408c70000, 0x000001c408ee0000, 0x000001c4101a0000]
CodeHeap 'non-nmethods': size=5760Kb used=1581Kb max_used=1591Kb free=4179Kb
 bounds [0x000001c4086d0000, 0x000001c408940000, 0x000001c408c70000]
 total_blobs=1852 nmethods=894 adapters=871
 compilation: enabled
              stopped_count=0, restarted_count=0
 full_count=0

Compilation events (20 events):
Event: 1.249 Thread 0x000001c42cbdc800 nmethod 885 0x000001c408df5210 code [0x000001c408df53c0, 0x000001c408df56e8]
Event: 1.249 Thread 0x000001c42cbdc800  884       3       java.lang.invoke.InvokerBytecodeGenerator::emitLoadInsn (21 bytes)
Event: 1.249 Thread 0x000001c42cbdc800 nmethod 884 0x000001c408df5810 code [0x000001c408df59c0, 0x000001c408df5c38]
Event: 1.249 Thread 0x000001c42cbdc800  881       3       java.lang.invoke.LambdaForm$Name::isParam (13 bytes)
Event: 1.249 Thread 0x000001c42cbdc800 nmethod 881 0x000001c408df5d90 code [0x000001c408df5f20, 0x000001c408df6098]
Event: 1.249 Thread 0x000001c42cbdc800  887       3       sun.net.util.URLUtil::urlNoFragString (114 bytes)
Event: 1.249 Thread 0x000001c42cbdc800 nmethod 887 0x000001c408df6110 code [0x000001c408df6460, 0x000001c408df7728]
Event: 1.253 Thread 0x000001c42cbdc800  888       3       java.lang.AbstractStringBuilder::checkRange (63 bytes)
Event: 1.253 Thread 0x000001c42cbdc800 nmethod 888 0x000001c408df7d90 code [0x000001c408df8040, 0x000001c408df8bf8]
Event: 1.255 Thread 0x000001c42cbdc800  889       3       java.nio.Buffer::remaining (10 bytes)
Event: 1.255 Thread 0x000001c42cbdc800 nmethod 889 0x000001c408df9090 code [0x000001c408df9220, 0x000001c408df9338]
Event: 1.255 Thread 0x000001c42cbdc800  890       3       org.lwjgl.system.MemoryStack::nmalloc (61 bytes)
Event: 1.255 Thread 0x000001c42cbdc800 nmethod 890 0x000001c408df9410 code [0x000001c408df95c0, 0x000001c408df98a8]
Event: 1.255 Thread 0x000001c42cbdc800  891       3       org.lwjgl.system.MemoryUtil::memAddress0 (11 bytes)
Event: 1.255 Thread 0x000001c42cbdc800 nmethod 891 0x000001c408df9a10 code [0x000001c408df9ba0, 0x000001c408df9d78]
Event: 1.318 Thread 0x000001c42cbdc800  892   !   3       java.util.zip.ZipFile$ZipFileInputStream::read (135 bytes)
Event: 1.318 Thread 0x000001c42cbdc800 nmethod 892 0x000001c408df9e10 code [0x000001c408dfa020, 0x000001c408dfa798]
Event: 1.318 Thread 0x000001c42cbdc800  893       3       java.util.zip.ZipFile::ensureOpenOrZipException (19 bytes)
Event: 1.318 Thread 0x000001c42cbdc800 nmethod 893 0x000001c408dfab10 code [0x000001c408dfacc0, 0x000001c408dfaea8]
Event: 1.318 Thread 0x000001c42cbdc800  894       3       java.util.zip.ZipFile$ZipFileInputStream::initDataOffset (117 bytes)

GC Heap History (0 events):
No events

Deoptimization events (10 events):
Event: 0.208 Thread 0x000001c42cdf6000 Uncommon trap: trap_request=0xffffff45 fr.pc=0x000001c4101a402c relative=0x000000000000024c
Event: 0.208 Thread 0x000001c42cdf6000 Uncommon trap: reason=unstable_if action=reinterpret pc=0x000001c4101a402c method=java.lang.String.hashCode()I @ 13 c2
Event: 0.209 Thread 0x000001c42cdf6000 DEOPT PACKING pc=0x000001c4101a402c sp=0x000000a6df3fc5e0
Event: 0.209 Thread 0x000001c42cdf6000 DEOPT UNPACKING pc=0x000001c40871912f sp=0x000000a6df3fc578 mode 2
Event: 0.261 Thread 0x000001c47e9ed800 DEOPT PACKING pc=0x000001c408ca3674 sp=0x000000a6de1fae20
Event: 0.261 Thread 0x000001c47e9ed800 DEOPT UNPACKING pc=0x000001c40871964e sp=0x000000a6de1fa278 mode 0
Event: 0.281 Thread 0x000001c47e9ed800 DEOPT PACKING pc=0x000001c408cc3e32 sp=0x000000a6de1fbba0
Event: 0.281 Thread 0x000001c47e9ed800 DEOPT UNPACKING pc=0x000001c40871964e sp=0x000000a6de1fb008 mode 0
Event: 0.283 Thread 0x000001c47e9ed800 DEOPT PACKING pc=0x000001c408c914d0 sp=0x000000a6de1f7ff0
Event: 0.283 Thread 0x000001c47e9ed800 DEOPT UNPACKING pc=0x000001c40871964e sp=0x000000a6de1f7478 mode 0

Classes unloaded (0 events):
No events

Classes redefined (0 events):
No events

Internal exceptions (20 events):
Event: 0.309 Thread 0x000001c47e9ed800 Exception <a 'java/lang/ClassNotFoundException'{0x000000062327d778}: org/apache/log4j/PatternLayoutBeanInfo> (0x000000062327d778) 
thrown [./open/src/hotspot/share/classfile/systemDictionary.cpp, line 226]
Event: 0.309 Thread 0x000001c47e9ed800 Exception <a 'java/lang/ClassNotFoundException'{0x000000062328c2b8}: org/apache/log4j/LayoutBeanInfo> (0x000000062328c2b8) 
thrown [./open/src/hotspot/share/classfile/systemDictionary.cpp, line 226]
Event: 0.309 Thread 0x000001c47e9ed800 Exception <a 'java/lang/ClassNotFoundException'{0x000000062328cfb8}: java/lang/ObjectBeanInfo> (0x000000062328cfb8) 
thrown [./open/src/hotspot/share/classfile/systemDictionary.cpp, line 226]
Event: 0.310 Thread 0x000001c47e9ed800 Exception <a 'java/lang/ClassNotFoundException'{0x0000000623290770}: java/lang/ObjectCustomizer> (0x0000000623290770) 
thrown [./open/src/hotspot/share/classfile/systemDictionary.cpp, line 226]
Event: 0.313 Thread 0x000001c47e9ed800 Exception <a 'java/lang/IncompatibleClassChangeError'{0x0000000623298b78}: Found class java.lang.Object, but interface was expected> (0x0000000623298b78) 
thrown [./open/src/hotspot/share/interpreter/linkResolver.cpp, line 832]
Event: 0.318 Thread 0x000001c47e9ed800 Exception <a 'java/lang/ClassNotFoundException'{0x00000006232c3358}: org/apache/log4j/LayoutCustomizer> (0x00000006232c3358) 
thrown [./open/src/hotspot/share/classfile/systemDictionary.cpp, line 226]
Event: 0.319 Thread 0x000001c47e9ed800 Exception <a 'java/lang/ClassNotFoundException'{0x00000006232e33f0}: org/apache/log4j/PatternLayoutCustomizer> (0x00000006232e33f0) 
thrown [./open/src/hotspot/share/classfile/systemDictionary.cpp, line 226]
Event: 0.339 Thread 0x000001c47e9ed800 Exception <a 'java/lang/ClassNotFoundException'{0x00000006233f2f30}: org/apache/log4j/FileAppenderBeanInfo> (0x00000006233f2f30) 
thrown [./open/src/hotspot/share/classfile/systemDictionary.cpp, line 226]
Event: 0.340 Thread 0x000001c47e9ed800 Exception <a 'java/lang/ClassNotFoundException'{0x0000000623002318}: org/apache/log4j/WriterAppenderBeanInfo> (0x0000000623002318) 
thrown [./open/src/hotspot/share/classfile/systemDictionary.cpp, line 226]
Event: 0.340 Thread 0x000001c47e9ed800 Exception <a 'java/lang/ClassNotFoundException'{0x0000000623011590}: org/apache/log4j/AppenderSkeletonBeanInfo> (0x0000000623011590) 
thrown [./open/src/hotspot/share/classfile/systemDictionary.cpp, line 226]
Event: 0.340 Thread 0x000001c47e9ed800 Exception <a 'java/lang/ClassNotFoundException'{0x0000000623020978}: org/apache/log4j/AppenderSkeletonCustomizer> (0x0000000623020978) 
thrown [./open/src/hotspot/share/classfile/systemDictionary.cpp, line 226]
Event: 0.341 Thread 0x000001c47e9ed800 Exception <a 'java/lang/ClassNotFoundException'{0x0000000623040b08}: org/apache/log4j/WriterAppenderCustomizer> (0x0000000623040b08) 
thrown [./open/src/hotspot/share/classfile/systemDictionary.cpp, line 226]
Event: 0.342 Thread 0x000001c47e9ed800 Exception <a 'java/lang/ClassNotFoundException'{0x0000000623059218}: org/apache/log4j/FileAppenderCustomizer> (0x0000000623059218) 
thrown [./open/src/hotspot/share/classfile/systemDictionary.cpp, line 226]
Event: 0.368 Thread 0x000001c47e9ed800 Exception <a 'java/lang/NoSuchMethodError'{0x0000000622e08710}: 'java.lang.Object java.lang.invoke.DirectMethodHandle$Holder.invokeStaticInit(java.lang.Object, int, int, int, int)'> (0x0000000622e08710) 
thrown [./open/src/hotspot/share/interpreter/linkResolver.cpp, line 766]
Event: 0.409 Thread 0x000001c47e9ed800 Exception <a 'java/lang/NoSuchMethodError'{0x0000000622e37d30}: 'java.lang.Object java.lang.invoke.DirectMethodHandle$Holder.invokeStaticInit(java.lang.Object, java.lang.Object, int, int, int, int)'> (0x0000000622e37d30) 
thrown [./open/src/hotspot/share/interpreter/linkResolver.cpp, line 766]
Event: 0.412 Thread 0x000001c47e9ed800 Exception <a 'sun/nio/fs/WindowsException'{0x0000000622e52928}> (0x0000000622e52928) 
thrown [./open/src/hotspot/share/prims/jni.cpp, line 599]
Event: 0.412 Thread 0x000001c47e9ed800 Exception <a 'sun/nio/fs/WindowsException'{0x0000000622e52c28}> (0x0000000622e52c28) 
thrown [./open/src/hotspot/share/prims/jni.cpp, line 599]
Event: 1.098 Thread 0x000001c47e9ed800 Exception <a 'java/lang/NoSuchMethodError'{0x0000000622c4d660}: 'void java.lang.invoke.DirectMethodHandle$Holder.invokeStatic(java.lang.Object, java.lang.Object, java.lang.Object, java.lang.Object)'> (0x0000000622c4d660) 
thrown [./open/src/hotspot/share/interpreter/linkResolver.cpp, line 766]
Event: 1.214 Thread 0x000001c47e9ed800 Exception <a 'java/lang/NoSuchMethodError'{0x0000000622ca1268}: 'java.lang.Object java.lang.invoke.DirectMethodHandle$Holder.invokeStatic(java.lang.Object, long, long)'> (0x0000000622ca1268) 
thrown [./open/src/hotspot/share/interpreter/linkResolver.cpp, line 766]
Event: 1.244 Thread 0x000001c47e9ed800 Exception <a 'java/lang/NoSuchMethodError'{0x0000000622ab19a0}: 'void java.lang.invoke.DirectMethodHandle$Holder.invokeSpecial(java.lang.Object, java.lang.Object, java.lang.Object, java.lang.Object, java.lang.Object, java.lang.Object)'> (0x0000000622ab19a0) 
thrown [./open/src/hotspot/share/interpreter/linkResolver.cpp, line 766]

Events (20 events):
Event: 0.422 loading class java/util/Vector$Itr
Event: 0.422 loading class java/util/Vector$Itr done
Event: 1.100 loading class java/util/NoSuchElementException
Event: 1.100 loading class java/util/NoSuchElementException done
Event: 1.102 Loaded shared library C:\Users\aarevalo\AppData\Local\Temp\lwjglaarevalo\3.2.3-build-13\lwjgl.dll
Event: 1.104 Loaded shared library C:\Users\aarevalo\AppData\Local\Temp\lwjglaarevalo\3.2.3-build-13\lwjgl.dll
Event: 1.231 loading class java/lang/invoke/BoundMethodHandle$Species_LLL
Event: 1.231 loading class java/lang/invoke/BoundMethodHandle$Species_LLL done
Event: 1.232 loading class java/lang/invoke/BoundMethodHandle$Species_LJ
Event: 1.232 loading class java/lang/invoke/BoundMethodHandle$Species_LJ done
Event: 1.232 loading class java/lang/invoke/BoundMethodHandle$Species_LLLL
Event: 1.232 loading class java/lang/invoke/BoundMethodHandle$Species_LLLL done
Event: 1.238 loading class java/lang/invoke/BoundMethodHandle$Species_LLLLL
Event: 1.238 loading class java/lang/invoke/BoundMethodHandle$Species_LLLLL done
Event: 1.238 Executing VM operation: HandshakeOneThread
Event: 1.238 Executing VM operation: HandshakeOneThread done
Event: 1.239 loading class java/lang/invoke/BoundMethodHandle$Species_LLLLLL
Event: 1.239 loading class java/lang/invoke/BoundMethodHandle$Species_LLLLLL done
Event: 1.251 loading class sun/nio/fs/WindowsUriSupport
Event: 1.251 loading class sun/nio/fs/WindowsUriSupport done


Dynamic libraries:
0x00007ff753d80000 - 0x00007ff753d8f000 	C:\Program Files\Java\jdk-14.0.2\bin\java.exe
0x00007ffed3ca0000 - 0x00007ffed3e90000 	C:\WINDOWS\SYSTEM32\ntdll.dll
0x00007ffed2cd0000 - 0x00007ffed2d82000 	C:\WINDOWS\System32\KERNEL32.DLL
0x00007ffed1200000 - 0x00007ffed14a5000 	C:\WINDOWS\System32\KERNELBASE.dll
0x00007ffed1c30000 - 0x00007ffed1d2a000 	C:\WINDOWS\System32\ucrtbase.dll
0x00007ffec2510000 - 0x00007ffec2528000 	C:\Program Files\Java\jdk-14.0.2\bin\jli.dll
0x00007ffec24f0000 - 0x00007ffec2505000 	C:\Program Files\Java\jdk-14.0.2\bin\VCRUNTIME140.dll
0x00007ffed1d50000 - 0x00007ffed1df3000 	C:\WINDOWS\System32\ADVAPI32.dll
0x00007ffed3530000 - 0x00007ffed35ce000 	C:\WINDOWS\System32\msvcrt.dll
0x00007ffed3ac0000 - 0x00007ffed3b57000 	C:\WINDOWS\System32\sechost.dll
0x00007ffed26d0000 - 0x00007ffed27ef000 	C:\WINDOWS\System32\RPCRT4.dll
0x00007ffed1e20000 - 0x00007ffed1fb4000 	C:\WINDOWS\System32\USER32.dll
0x00007ffed0c10000 - 0x00007ffed0c31000 	C:\WINDOWS\System32\win32u.dll
0x00007ffed3c30000 - 0x00007ffed3c56000 	C:\WINDOWS\System32\GDI32.dll
0x00007ffeb89f0000 - 0x00007ffeb8c74000 	C:\WINDOWS\WinSxS\amd64_microsoft.windows.common-controls_6595b64144ccf1df_6.0.18362.1556_none_9e7e372fe45e41d5\COMCTL32.dll
0x00007ffed3780000 - 0x00007ffed3ab6000 	C:\WINDOWS\System32\combase.dll
0x00007ffed0e30000 - 0x00007ffed0fc8000 	C:\WINDOWS\System32\gdi32full.dll
0x00007ffed0fd0000 - 0x00007ffed106e000 	C:\WINDOWS\System32\msvcp_win.dll
0x00007ffed10c0000 - 0x00007ffed1141000 	C:\WINDOWS\System32\bcryptPrimitives.dll
0x00007ffec6110000 - 0x00007ffec611a000 	C:\WINDOWS\SYSTEM32\VERSION.dll
0x00007ffed24e0000 - 0x00007ffed250e000 	C:\WINDOWS\System32\IMM32.DLL
0x00007ffec2450000 - 0x00007ffec24eb000 	C:\Program Files\Java\jdk-14.0.2\bin\msvcp140.dll
0x00007ffeb7d60000 - 0x00007ffeb887e000 	C:\Program Files\Java\jdk-14.0.2\bin\server\jvm.dll
0x00007ffed1e00000 - 0x00007ffed1e08000 	C:\WINDOWS\System32\PSAPI.DLL
0x00007ffeb59a0000 - 0x00007ffeb59a9000 	C:\WINDOWS\SYSTEM32\WSOCK32.dll
0x00007ffed2c60000 - 0x00007ffed2ccf000 	C:\WINDOWS\System32\WS2_32.dll
0x00007ffeceb80000 - 0x00007ffeceba4000 	C:\WINDOWS\SYSTEM32\WINMM.dll
0x00007ffeceb50000 - 0x00007ffeceb7d000 	C:\WINDOWS\SYSTEM32\winmmbase.dll
0x00007ffed1070000 - 0x00007ffed10ba000 	C:\WINDOWS\System32\cfgmgr32.dll
0x00007ffed0b80000 - 0x00007ffed0b91000 	C:\WINDOWS\System32\kernel.appcore.dll
0x00007ffeca700000 - 0x00007ffeca70a000 	C:\Program Files\Java\jdk-14.0.2\bin\jimage.dll
0x00007ffebf760000 - 0x00007ffebf954000 	C:\WINDOWS\SYSTEM32\DBGHELP.DLL
0x00007ffeb33f0000 - 0x00007ffeb341a000 	C:\WINDOWS\SYSTEM32\dbgcore.DLL
0x00007ffec2400000 - 0x00007ffec2425000 	C:\Program Files\Java\jdk-14.0.2\bin\java.dll
0x00007ffebf700000 - 0x00007ffebf716000 	C:\Program Files\Java\jdk-14.0.2\bin\zip.dll
0x00007ffed2e40000 - 0x00007ffed3527000 	C:\WINDOWS\System32\SHELL32.dll
0x00007ffed25a0000 - 0x00007ffed2648000 	C:\WINDOWS\System32\shcore.dll
0x00007ffed14b0000 - 0x00007ffed1c2b000 	C:\WINDOWS\System32\windows.storage.dll
0x00007ffed0ba0000 - 0x00007ffed0bbe000 	C:\WINDOWS\System32\profapi.dll
0x00007ffed0bc0000 - 0x00007ffed0c0a000 	C:\WINDOWS\System32\powrprof.dll
0x00007ffed0b50000 - 0x00007ffed0b60000 	C:\WINDOWS\System32\UMPDC.dll
0x00007ffed3bd0000 - 0x00007ffed3c22000 	C:\WINDOWS\System32\shlwapi.dll
0x00007ffed1d30000 - 0x00007ffed1d47000 	C:\WINDOWS\System32\cryptsp.dll
0x00007ffebf6e0000 - 0x00007ffebf6f9000 	C:\Program Files\Java\jdk-14.0.2\bin\net.dll
0x00007ffec5960000 - 0x00007ffec5a5a000 	C:\WINDOWS\SYSTEM32\WINHTTP.dll
0x00007ffed0390000 - 0x00007ffed03f7000 	C:\WINDOWS\system32\mswsock.dll
0x00007ffebf6c0000 - 0x00007ffebf6d2000 	C:\Program Files\Java\jdk-14.0.2\bin\nio.dll
0x00007ffec23f0000 - 0x00007ffec2400000 	C:\Program Files\Java\jdk-14.0.2\bin\verify.dll
0x00007ffeb96a0000 - 0x00007ffeb96ba000 	C:\Program Files\JetBrains\IntelliJ IDEA Community Edition 2018.1.6\bin\breakgen64.dll
0x00007ffeb9120000 - 0x00007ffeb9184000 	C:\Users\aarevalo\AppData\Local\Temp\lwjglaarevalo\3.2.3-build-13\lwjgl.dll
0x00007ffeb6c20000 - 0x00007ffeb6c82000 	C:\Users\aarevalo\AppData\Local\Temp\lwjglaarevalo\3.2.3-build-13\glfw.dll
0x00007ffecff10000 - 0x00007ffecff43000 	C:\WINDOWS\system32\rsaenh.dll
0x00007ffed0c40000 - 0x00007ffed0c66000 	C:\WINDOWS\System32\bcrypt.dll
0x00007ffed0a40000 - 0x00007ffed0a65000 	C:\WINDOWS\SYSTEM32\USERENV.dll
0x00007ffed0560000 - 0x00007ffed056c000 	C:\WINDOWS\SYSTEM32\CRYPTBASE.dll
0x00007ffed00a0000 - 0x00007ffed00da000 	C:\WINDOWS\SYSTEM32\IPHLPAPI.DLL
0x00007ffed1e10000 - 0x00007ffed1e18000 	C:\WINDOWS\System32\NSI.dll
0x00007ffecba90000 - 0x00007ffecbaa6000 	C:\WINDOWS\SYSTEM32\dhcpcsvc6.DLL
0x00007ffecb8b0000 - 0x00007ffecb8cc000 	C:\WINDOWS\SYSTEM32\dhcpcsvc.DLL
0x00007ffed00e0000 - 0x00007ffed01ab000 	C:\WINDOWS\SYSTEM32\DNSAPI.dll
0x00007ffeabd70000 - 0x00007ffeabe68000 	C:\WINDOWS\SYSTEM32\vulkan-1.dll
0x00007ffe818b0000 - 0x00007ffe828ff000 	C:\WINDOWS\System32\DriverStore\FileRepository\iigd_dch.inf_amd64_bd47ae63e67b288d\igvk64.dll
0x00007ffecf850000 - 0x00007ffecf93b000 	C:\WINDOWS\system32\dxgi.dll
0x00007ffecf830000 - 0x00007ffecf850000 	C:\WINDOWS\SYSTEM32\dxcore.dll
0x00007ffea1810000 - 0x00007ffea1966000 	C:\WINDOWS\SYSTEM32\OpenGL32.dll
0x00007ffea17e0000 - 0x00007ffea180c000 	C:\WINDOWS\SYSTEM32\GLU32.dll
0x00007ffe64e50000 - 0x00007ffe65e5f000 	C:\WINDOWS\System32\DriverStore\FileRepository\iigd_dch.inf_amd64_bd47ae63e67b288d\ig9icd64.dll
0x00007ffecf1e0000 - 0x00007ffecf20d000 	C:\WINDOWS\SYSTEM32\dwmapi.dll
0x00007ffebdd70000 - 0x00007ffebde8d000 	C:\WINDOWS\System32\DriverStore\FileRepository\iigd_dch.inf_amd64_bd47ae63e67b288d\igdgmm64.dll
0x000000005b370000 - 0x000000005da2f000 	C:\WINDOWS\System32\DriverStore\FileRepository\nvdm.inf_amd64_0c63b088ad41d465\nvoglv64.dll
0x00007ffed27f0000 - 0x00007ffed2c60000 	C:\WINDOWS\System32\SETUPAPI.dll
0x00007ffed2380000 - 0x00007ffed24d7000 	C:\WINDOWS\System32\ole32.dll
0x00007ffecdc50000 - 0x00007ffecdc63000 	C:\WINDOWS\SYSTEM32\WTSAPI32.dll
0x00007ffed0940000 - 0x00007ffed096a000 	C:\WINDOWS\SYSTEM32\DEVOBJ.dll
0x00007ffed0dd0000 - 0x00007ffed0e2c000 	C:\WINDOWS\System32\WINTRUST.dll
0x00007ffed0b60000 - 0x00007ffed0b72000 	C:\WINDOWS\System32\MSASN1.dll
0x00007ffed0c70000 - 0x00007ffed0dc1000 	C:\WINDOWS\System32\CRYPT32.dll
0x00007ffecfb30000 - 0x00007ffecfb61000 	C:\WINDOWS\SYSTEM32\ntmarta.dll
0x00007ffebba30000 - 0x00007ffebdd1d000 	C:\WINDOWS\System32\DriverStore\FileRepository\iigd_dch.inf_amd64_bd47ae63e67b288d\igc64.dll
0x00007ffeced20000 - 0x00007ffecedb9000 	C:\WINDOWS\system32\uxtheme.dll
0x00007ffed2650000 - 0x00007ffed266d000 	C:\WINDOWS\System32\imagehlp.dll
0x00007ffecf740000 - 0x00007ffecf762000 	C:\WINDOWS\SYSTEM32\gpapi.dll
0x00007ffec0ad0000 - 0x00007ffec0aff000 	C:\WINDOWS\SYSTEM32\cryptnet.dll
0x00007ffeb6550000 - 0x00007ffeb65d5000 	C:\WINDOWS\System32\DriverStore\FileRepository\nvdm.inf_amd64_0c63b088ad41d465\nvcbl64.dll
0x00007ffe9e990000 - 0x00007ffe9eab3000 	C:\WINDOWS\SYSTEM32\nvfatbinaryLoader.dll
0x00007ffec0be0000 - 0x00007ffec10e3000 	C:\WINDOWS\system32\nvapi64.dll
0x00007ffe63a50000 - 0x00007ffe64e50000 	C:\WINDOWS\System32\DriverStore\FileRepository\nvdm.inf_amd64_0c63b088ad41d465\nvrtum64.dll
0x00007ffe98f00000 - 0x00007ffe99303000 	D:\repos\leviathan\vkjava3\target\classes\shaderc.dll

dbghelp: loaded successfully - version: 4.0.5 - missing functions: none
symbol engine: initialized successfully - sym options: 0x614 - pdb path: .;C:\Program Files\Java\jdk-14.0.2\bin;C:\WINDOWS\SYSTEM32;C:\WINDOWS\WinSxS\amd64_microsoft.windows.common-controls_6595b64144ccf1df_6.0.18362.1556_none_9e7e372fe45e41d5;C:\Program Files\Java\jdk-14.0.2\bin\server;C:\Program Files\JetBrains\IntelliJ IDEA Community Edition 2018.1.6\bin;C:\Users\aarevalo\AppData\Local\Temp\lwjglaarevalo\3.2.3-build-13;C:\WINDOWS\System32\DriverStore\FileRepository\iigd_dch.inf_amd64_bd47ae63e67b288d;C:\WINDOWS\System32\DriverStore\FileRepository\nvdm.inf_amd64_0c63b088ad41d465;D:\repos\leviathan\vkjava3\target\classes

VM Arguments:
jvm_args: -Didea.launcher.port=61363 -Didea.launcher.bin.path=C:\Program Files\JetBrains\IntelliJ IDEA Community Edition 2018.1.6\bin -Dfile.encoding=UTF-8 
java_command: com.intellij.rt.execution.application.AppMainV2 org.artifex.VkMain
java_class_path (initial): D:\repos\leviathan\vkjava3\target\classes;C:\Users\aarevalo\.m2\repository\org\lwjgl\lwjgl\3.2.3\lwjgl-3.2.3.jar;C:\Users\aarevalo\.m2\repository\org\lwjgl\lwjgl-vulkan\3.2.3\lwjgl-vulkan-3.2.3.jar;C:\Users\aarevalo\.m2\repository\org\lwjgl\lwjgl-vma\3.2.3\lwjgl-vma-3.2.3.jar;C:\Users\aarevalo\.m2\repository\org\lwjgl\lwjgl-glfw\3.2.3\lwjgl-glfw-3.2.3.jar;C:\Users\aarevalo\.m2\repository\org\joml\joml\1.10.1\joml-1.10.1.jar;C:\Users\aarevalo\.m2\repository\org\jetbrains\annotations\16.0.1\annotations-16.0.1.jar;C:\Users\aarevalo\.m2\repository\org\lwjgl\lwjgl-shaderc\3.2.3\lwjgl-shaderc-3.2.3.jar;C:\Users\aarevalo\.m2\repository\log4j\log4j\1.2.17\log4j-1.2.17.jar;C:\Users\aarevalo\.m2\repository\org\lwjgl\lwjgl\3.2.3\lwjgl-3.2.3-natives-windows.jar;C:\Users\aarevalo\.m2\repository\org\lwjgl\lwjgl-glfw\3.2.3\lwjgl-glfw-3.2.3-natives-windows.jar;C:\Users\aarevalo\.m2\repository\org\lwjgl\lwjgl-opengl\3.2.3\lwjgl-opengl-3.2.3-natives-windows.jar;C:\Program Files\JetBrains\IntelliJ IDEA Community Edition 2018.1.6\lib\idea_rt.jar
Launcher Type: SUN_STANDARD

[Global flags]
     intx CICompilerCount                          = 4                                         {product} {ergonomic}
     uint ConcGCThreads                            = 3                                         {product} {ergonomic}
     uint G1ConcRefinementThreads                  = 10                                        {product} {ergonomic}
   size_t G1HeapRegionSize                         = 2097152                                   {product} {ergonomic}
    uintx GCDrainStackTargetSize                   = 64                                        {product} {ergonomic}
   size_t InitialHeapSize                          = 534773760                                 {product} {ergonomic}
   size_t MarkStackSize                            = 4194304                                   {product} {ergonomic}
   size_t MaxHeapSize                              = 8527020032                                {product} {ergonomic}
   size_t MaxNewSize                               = 5114953728                                {product} {ergonomic}
   size_t MinHeapDeltaBytes                        = 2097152                                   {product} {ergonomic}
   size_t MinHeapSize                              = 8388608                                   {product} {ergonomic}
    uintx NonNMethodCodeHeapSize                   = 5839372                                {pd product} {ergonomic}
    uintx NonProfiledCodeHeapSize                  = 122909434                              {pd product} {ergonomic}
    uintx ProfiledCodeHeapSize                     = 122909434                              {pd product} {ergonomic}
    uintx ReservedCodeCacheSize                    = 251658240                              {pd product} {ergonomic}
     bool SegmentedCodeCache                       = true                                      {product} {ergonomic}
   size_t SoftMaxHeapSize                          = 8527020032                             {manageable} {ergonomic}
     bool UseCompressedClassPointers               = true                                 {lp64_product} {ergonomic}
     bool UseCompressedOops                        = true                                 {lp64_product} {ergonomic}
     bool UseG1GC                                  = true                                      {product} {ergonomic}
     bool UseLargePagesIndividualAllocation        = false                                  {pd product} {ergonomic}

Logging:
Log output configuration:
 #0: stdout all=warning uptime,level,tags
 #1: stderr all=off uptime,level,tags

Environment Variables:
JAVA_HOME=C:\Program Files\Java\jdk-14.0.2
PATH=C:\Program Files\Common Files\Oracle\Java\javapath;C:\Program Files (x86)\Common Files\Oracle\Java\javapath;C:\Windows\system32;C:\Windows;C:\Windows\System32\Wbem;C:\Windows\System32\WindowsPowerShell\v1.0\;C:\Windows\System32\OpenSSH\;C:\Program Files (x86)\NVIDIA Corporation\PhysX\Common;C:\WINDOWS\system32;C:\WINDOWS;C:\WINDOWS\System32\Wbem;C:\WINDOWS\System32\WindowsPowerShell\v1.0\;C:\WINDOWS\System32\OpenSSH\;C:\Program Files\Git\cmd;C:\Program Files\TortoiseGit\bin;C:\Users\aarevalo\AppData\Local\Microsoft\WindowsApps;C:\Program Files\mingw-w64\x86_64-7.2.0-posix-seh-rt_v5-rev1\mingw64\bin;C:\apache-maven-3.3.9\bin;C:\Program Files\Java\jdk-14.0.2\bin;C:\php;
USERNAME=aarevalo
OS=Windows_NT
PROCESSOR_IDENTIFIER=Intel64 Family 6 Model 158 Stepping 10, GenuineIntel



---------------  S Y S T E M  ---------------

OS: Windows 10 , 64 bit Build 18362 (10.0.18362.1500)
OS uptime: 0 days 22:30 hours

CPU:total 12 (initial active 12) (6 cores per cpu, 2 threads per core) family 6 model 158 stepping 10, cmov, cx8, fxsr, mmx, sse, sse2, sse3, ssse3, sse4.1, sse4.2, popcnt, avx, avx2, aes, clmul, erms, 3dnowpref, lzcnt, ht, tsc, tscinvbit, bmi1, bmi2, adx, fma

Memory: 4k page, system-wide physical 32525M (21785M free)
TotalPageFile size 37389M (AvailPageFile size 22866M)
current process WorkingSet (physical memory assigned to process): 133M, peak: 142M
current process commit charge ("private bytes"): 711M, peak: 721M

vm_info: Java HotSpot(TM) 64-Bit Server VM (14.0.2+12-46) for windows-amd64 JRE (14.0.2+12-46), built on Jul  9 2020 00:35:52 by "mach5one" with MS VC++ 15.9 (VS2017)

END.
