#
# A fatal error has been detected by the Java Runtime Environment:
#
#  EXCEPTION_ACCESS_VIOLATION (0xc0000005) at pc=0x00000000631bfa4d, pid=16372, tid=18052
#
# JRE version: Java(TM) SE Runtime Environment (14.0.2+12) (build 14.0.2+12-46)
# Java VM: Java HotSpot(TM) 64-Bit Server VM (14.0.2+12-46, mixed mode, sharing, tiered, compressed oops, g1 gc, windows-amd64)
# Problematic frame:
# C  [nvoglv64.dll+0xe0fa4d]
#
# No core dump will be written. Minidumps are not enabled by default on client versions of Windows
#
# If you would like to submit a bug report, please visit:
#   https://bugreport.java.com/bugreport/crash.jsp
# The crash happened outside the Java Virtual Machine in native code.
# See problematic frame for where to report the bug.
#

---------------  S U M M A R Y ------------

Command Line: -javaagent:C:\Program Files\JetBrains\IntelliJ IDEA Community Edition 2019.3\lib\idea_rt.jar=50578:C:\Program Files\JetBrains\IntelliJ IDEA Community Edition 2019.3\bin -Dfile.encoding=UTF-8 org.artifex.Main

Host: Intel(R) Core(TM) i7-9750H CPU @ 2.60GHz, 12 cores, 31G,  Windows 10 , 64 bit Build 18362 (10.0.18362.1500)
Time: Tue Jun 15 15:25:20 2021 Central Daylight Time elapsed time: 1 seconds (0d 0h 0m 1s)

---------------  T H R E A D  ---------------

Current thread (0x000002b032f8d000):  JavaThread "main" [_thread_in_native, id=18052, stack(0x000000e833b00000,0x000000e833c00000)]

Stack: [0x000000e833b00000,0x000000e833c00000],  sp=0x000000e833bfeec0,  free space=1019k
Native frames: (J=compiled Java code, j=interpreted, Vv=VM code, C=native code)
C  [nvoglv64.dll+0xe0fa4d]

Java frames: (J=compiled Java code, j=interpreted, Vv=VM code)
j  org.lwjgl.system.JNI.callPPPV(JIJIJJ)V+0
j  org.lwjgl.vulkan.VK10.nvkUpdateDescriptorSets(Lorg/lwjgl/vulkan/VkDevice;IJIJ)V+21
j  org.lwjgl.vulkan.VK10.vkUpdateDescriptorSets(Lorg/lwjgl/vulkan/VkDevice;Lorg/lwjgl/vulkan/VkWriteDescriptorSet$Buffer;Lorg/lwjgl/vulkan/VkCopyDescriptorSet$Buffer;)V+17
j  org.artifex.vulkan.descriptors.DescriptorCopyWrite.updateDescriptorSets(Lorg/artifex/vulkan/Device;)V+12
j  org.artifex.Main.<init>()V+306
j  org.artifex.Main.main([Ljava/lang/String;)V+24
v  ~StubRoutines::call_stub

siginfo: EXCEPTION_ACCESS_VIOLATION (0xc0000005), reading address 0x0000000000000068


Register to memory mapping:

RIP=0x00000000631bfa4d nvoglv64.dll
RAX=0x000002b06228ea90 points into unknown readable memory: 07 00 00 00 01 00 00 00
RBX=0x0 is NULL
RCX=0x0 is NULL
RDX=0x000002b06bc12050 points into unknown readable memory: e8 74 23 64 00 00 00 00
RSP=0x000000e833bfeec0 is pointing into the stack for thread: 0x000002b032f8d000
RBP=0x00000000ffffffff is an unknown value
RSI=0x0 is NULL
RDI=0x0000000000000002 is an unknown value
R8 =0x0 is NULL
R9 =0x0 is NULL
R10=0x000002b06d75ec90 points into unknown readable memory: f0 74 23 64 00 00 00 00
R11=0x0000000000000001 is an unknown value
R12=0x0 is NULL
R13=0x0 is NULL
R14=0x000002b0619a23a0 points into unknown readable memory: 00 00 00 00 00 00 00 00
R15=0x0 is NULL


Registers:
RAX=0x000002b06228ea90, RBX=0x0000000000000000, RCX=0x0000000000000000, RDX=0x000002b06bc12050
RSP=0x000000e833bfeec0, RBP=0x00000000ffffffff, RSI=0x0000000000000000, RDI=0x0000000000000002
R8 =0x0000000000000000, R9 =0x0000000000000000, R10=0x000002b06d75ec90, R11=0x0000000000000001
R12=0x0000000000000000, R13=0x0000000000000000, R14=0x000002b0619a23a0, R15=0x0000000000000000
RIP=0x00000000631bfa4d, EFLAGS=0x0000000000010246

Top of Stack: (sp=0x000000e833bfeec0)
0x000000e833bfeec0:   0000000000000000 0000000623805cf8
0x000000e833bfeed0:   0000000800167788 0000000000000000
0x000000e833bfeee0:   000000e833bfeef8 000000e833bfef48
0x000000e833bfeef0:   000002b000000000 000002b06bc12050
0x000000e833bfef00:   000002b032f8d000 000000e833bff098
0x000000e833bfef10:   000002b061065ea0 0000000000000000
0x000000e833bfef20:   000002b03b73a1b3 0000000000000a88
0x000000e833bfef30:   000000e833bff030 00000000631ebf82
0x000000e833bfef40:   000000e800000002 000002b0622d9f10
0x000000e833bfef50:   0000000000000000 00000006237f9ae0
0x000000e833bfef60:   000002b061065ea0 000002b03b73f417
0x000000e833bfef70:   000000e833bfef88 000000e833bfefd8
0x000000e833bfef80:   000002b03b739f00 0000000000000040
0x000000e833bfef90:   0000000000000000 000002b000000000
0x000000e833bfefa0:   0000000000000000 00000000631bdb80
0x000000e833bfefb0:   0000000000000000 0000000622b29078 

Instructions: (pc=0x00000000631bfa4d)
0x00000000631bf94d:   89 14 01 48 8b 82 b8 00 00 00 44 89 14 01 48 8d
0x00000000631bf95d:   0c b5 00 00 00 00 48 8b 82 a0 00 00 00 8d 76 02
0x00000000631bf96d:   49 c1 ea 20 44 89 14 01 48 8b 82 b8 00 00 00 44
0x00000000631bf97d:   89 14 01 41 3b db 0f 82 67 ff ff ff 8b 6c 24 30
0x00000000631bf98d:   e9 27 03 00 00 49 8b 80 80 00 00 00 bd 00 01 00
0x00000000631bf99d:   00 4c 8b 82 a0 00 00 00 49 6b c9 38 8b 4c 01 20
0x00000000631bf9ad:   0f b7 82 b0 00 00 00 41 03 ca 48 03 c1 45 33 d2
0x00000000631bf9bd:   49 8d 1c c0 0f b7 82 b2 00 00 00 48 8d 0c 41 49
0x00000000631bf9cd:   8d 3c 88 4b 8d 04 52 49 8b 0c c6 45 8b 44 c6 08
0x00000000631bf9dd:   41 8b c0 48 03 41 68 4a 89 04 d3 8b 41 70 b9 00
0x00000000631bf9ed:   00 01 00 41 2b c0 05 ff 00 00 00 25 00 ff ff ff
0x00000000631bf9fd:   3b c1 0f 42 c8 85 c9 0f 44 cd 42 89 0c 97 41 ff
0x00000000631bfa0d:   c2 45 3b d3 72 bd 8b 6c 24 30 e9 9d 02 00 00 49
0x00000000631bfa1d:   8b 80 80 00 00 00 bd ff ff ff ff 49 6b c9 38 33
0x00000000631bfa2d:   db 8b 4c 01 20 42 8d 34 91 8d 7e 02 0f 1f 80 00
0x00000000631bfa3d:   00 00 00 48 8d 0c 5b 4d 8b 04 ce 4d 8b 54 ce 08
0x00000000631bfa4d:   4d 8b 48 68 4d 03 ca 49 83 7c ce 10 ff 75 13 49
0x00000000631bfa5d:   8b 40 70 44 8b c5 49 2b c2 48 3b c5 44 0f 42 c0
0x00000000631bfa6d:   eb 05 45 8b 44 ce 10 48 8b 82 a0 00 00 00 48 8d
0x00000000631bfa7d:   0c b5 00 00 00 00 83 c6 04 ff c3 44 89 0c 01 48
0x00000000631bfa8d:   8b 82 b8 00 00 00 44 89 0c 01 8d 4f ff 48 8b 82
0x00000000631bfa9d:   a0 00 00 00 49 c1 e9 20 44 89 0c 88 48 8b 82 b8
0x00000000631bfaad:   00 00 00 44 89 0c 88 48 8d 0c bd 00 00 00 00 48
0x00000000631bfabd:   8b 82 a0 00 00 00 83 c7 04 44 89 04 01 48 8b 82
0x00000000631bfacd:   b8 00 00 00 44 89 04 01 41 3b db 0f 82 62 ff ff
0x00000000631bfadd:   ff 8b 6c 24 30 e9 d2 01 00 00 49 8b 80 80 00 00
0x00000000631bfaed:   00 4c 8b 82 a0 00 00 00 49 6b c9 38 8b 4c 01 20
0x00000000631bfafd:   0f b7 82 b0 00 00 00 41 03 ca 48 03 c1 45 33 d2
0x00000000631bfb0d:   49 8d 3c c0 0f b7 82 b2 00 00 00 ba ff ff ff ff
0x00000000631bfb1d:   48 8d 0c 41 49 8d 1c 88 66 66 66 0f 1f 84 00 00
0x00000000631bfb2d:   00 00 00 4b 8d 04 52 49 8b 0c c6 4d 8d 0c c6 48
0x00000000631bfb3d:   8b 41 68 49 03 41 08 4a 89 04 d7 49 83 79 10 ff 


Stack slot to memory mapping:
stack at sp + 0 slots: 0x0 is NULL
stack at sp + 1 slots: 0x0000000623805cf8 is an oop: java.lang.Class 
{0x0000000623805cf8} - klass: 'java/lang/Class'
stack at sp + 2 slots: {method} {0x0000000800167790} 'clear' '()Ljava/nio/Buffer;' in 'java/nio/Buffer'
stack at sp + 3 slots: 0x0 is NULL
stack at sp + 4 slots: 0x000000e833bfeef8 is pointing into the stack for thread: 0x000002b032f8d000
stack at sp + 5 slots: 0x000000e833bfef48 is pointing into the stack for thread: 0x000002b032f8d000
stack at sp + 6 slots: 0x000002b000000000 is an unknown value
stack at sp + 7 slots: 0x000002b06bc12050 points into unknown readable memory: e8 74 23 64 00 00 00 00


---------------  P R O C E S S  ---------------

Threads class SMR info:
_java_thread_list=0x000002b0622a4280, length=12, elements={
0x000002b032f8d000, 0x000002b06085c800, 0x000002b060860000, 0x000002b060877800,
0x000002b06087c000, 0x000002b06087d000, 0x000002b06087e000, 0x000002b06088d000,
0x000002b060898800, 0x000002b0609a2000, 0x000002b061446800, 0x000002b061447800
}

Java Threads: ( => current thread )
=>0x000002b032f8d000 JavaThread "main" [_thread_in_native, id=18052, stack(0x000000e833b00000,0x000000e833c00000)]
  0x000002b06085c800 JavaThread "Reference Handler" daemon [_thread_blocked, id=10632, stack(0x000000e834200000,0x000000e834300000)]
  0x000002b060860000 JavaThread "Finalizer" daemon [_thread_blocked, id=13856, stack(0x000000e834300000,0x000000e834400000)]
  0x000002b060877800 JavaThread "Signal Dispatcher" daemon [_thread_blocked, id=18140, stack(0x000000e834400000,0x000000e834500000)]
  0x000002b06087c000 JavaThread "Attach Listener" daemon [_thread_blocked, id=17416, stack(0x000000e834500000,0x000000e834600000)]
  0x000002b06087d000 JavaThread "Service Thread" daemon [_thread_blocked, id=18020, stack(0x000000e834600000,0x000000e834700000)]
  0x000002b06087e000 JavaThread "C2 CompilerThread0" daemon [_thread_blocked, id=9648, stack(0x000000e834700000,0x000000e834800000)]
  0x000002b06088d000 JavaThread "C1 CompilerThread0" daemon [_thread_blocked, id=11472, stack(0x000000e834800000,0x000000e834900000)]
  0x000002b060898800 JavaThread "Sweeper thread" daemon [_thread_blocked, id=4392, stack(0x000000e834900000,0x000000e834a00000)]
  0x000002b0609a2000 JavaThread "Common-Cleaner" daemon [_thread_blocked, id=1084, stack(0x000000e834a00000,0x000000e834b00000)]
  0x000002b061446800 JavaThread "Monitor Ctrl-Break" daemon [_thread_in_native, id=4564, stack(0x000000e834c00000,0x000000e834d00000)]
  0x000002b061447800 JavaThread "Notification Thread" daemon [_thread_blocked, id=2644, stack(0x000000e834d00000,0x000000e834e00000)]

Other Threads:
  0x000002b060857000 VMThread "VM Thread" [stack: 0x000000e834100000,0x000000e834200000] [id=1908]
  0x000002b06145a000 WatcherThread [stack: 0x000000e834e00000,0x000000e834f00000] [id=16320]
  0x000002b033012000 GCTaskThread "GC Thread#0" [stack: 0x000000e833c00000,0x000000e833d00000] [id=16120]
  0x000002b033034000 ConcurrentGCThread "G1 Main Marker" [stack: 0x000000e833d00000,0x000000e833e00000] [id=18248]
  0x000002b033035800 ConcurrentGCThread "G1 Conc#0" [stack: 0x000000e833e00000,0x000000e833f00000] [id=16484]
  0x000002b05ff53800 ConcurrentGCThread "G1 Refine#0" [stack: 0x000000e833f00000,0x000000e834000000] [id=4728]
  0x000002b05ff55000 ConcurrentGCThread "G1 Young RemSet Sampling" [stack: 0x000000e834000000,0x000000e834100000] [id=2920]

Threads with active compile tasks:

VM state:not at safepoint (normal execution)

VM Mutex/Monitor currently owned by a thread: None

Heap address: 0x0000000603c00000, size: 8132 MB, Compressed Oops mode: Zero based, Oop shift amount: 3
Narrow klass base: 0x0000000800000000, Narrow klass shift: 3
Compressed class space size: 1073741824 Address: 0x0000000800b30000

Heap:
 garbage-first heap   total 522240K, used 14336K [0x0000000603c00000, 0x0000000800000000)
  region size 2048K, 9 young (18432K), 0 survivors (0K)
 Metaspace       used 6479K, capacity 7805K, committed 7936K, reserved 1056768K
  class space    used 600K, capacity 740K, committed 768K, reserved 1048576K
Heap Regions: E=young(eden), S=young(survivor), O=old, HS=humongous(starts), HC=humongous(continues), CS=collection set, F=free, OA=open archive, CA=closed archive, TAMS=top-at-mark-start (previous, next)
|   0|0x0000000603c00000, 0x0000000603c00000, 0x0000000603e00000|  0%| F|  |TAMS 0x0000000603c00000, 0x0000000603c00000| Untracked 
|   1|0x0000000603e00000, 0x0000000603e00000, 0x0000000604000000|  0%| F|  |TAMS 0x0000000603e00000, 0x0000000603e00000| Untracked 
|   2|0x0000000604000000, 0x0000000604000000, 0x0000000604200000|  0%| F|  |TAMS 0x0000000604000000, 0x0000000604000000| Untracked 
|   3|0x0000000604200000, 0x0000000604200000, 0x0000000604400000|  0%| F|  |TAMS 0x0000000604200000, 0x0000000604200000| Untracked 
|   4|0x0000000604400000, 0x0000000604400000, 0x0000000604600000|  0%| F|  |TAMS 0x0000000604400000, 0x0000000604400000| Untracked 
|   5|0x0000000604600000, 0x0000000604600000, 0x0000000604800000|  0%| F|  |TAMS 0x0000000604600000, 0x0000000604600000| Untracked 
|   6|0x0000000604800000, 0x0000000604800000, 0x0000000604a00000|  0%| F|  |TAMS 0x0000000604800000, 0x0000000604800000| Untracked 
|   7|0x0000000604a00000, 0x0000000604a00000, 0x0000000604c00000|  0%| F|  |TAMS 0x0000000604a00000, 0x0000000604a00000| Untracked 
|   8|0x0000000604c00000, 0x0000000604c00000, 0x0000000604e00000|  0%| F|  |TAMS 0x0000000604c00000, 0x0000000604c00000| Untracked 
|   9|0x0000000604e00000, 0x0000000604e00000, 0x0000000605000000|  0%| F|  |TAMS 0x0000000604e00000, 0x0000000604e00000| Untracked 
|  10|0x0000000605000000, 0x0000000605000000, 0x0000000605200000|  0%| F|  |TAMS 0x0000000605000000, 0x0000000605000000| Untracked 
|  11|0x0000000605200000, 0x0000000605200000, 0x0000000605400000|  0%| F|  |TAMS 0x0000000605200000, 0x0000000605200000| Untracked 
|  12|0x0000000605400000, 0x0000000605400000, 0x0000000605600000|  0%| F|  |TAMS 0x0000000605400000, 0x0000000605400000| Untracked 
|  13|0x0000000605600000, 0x0000000605600000, 0x0000000605800000|  0%| F|  |TAMS 0x0000000605600000, 0x0000000605600000| Untracked 
|  14|0x0000000605800000, 0x0000000605800000, 0x0000000605a00000|  0%| F|  |TAMS 0x0000000605800000, 0x0000000605800000| Untracked 
|  15|0x0000000605a00000, 0x0000000605a00000, 0x0000000605c00000|  0%| F|  |TAMS 0x0000000605a00000, 0x0000000605a00000| Untracked 
|  16|0x0000000605c00000, 0x0000000605c00000, 0x0000000605e00000|  0%| F|  |TAMS 0x0000000605c00000, 0x0000000605c00000| Untracked 
|  17|0x0000000605e00000, 0x0000000605e00000, 0x0000000606000000|  0%| F|  |TAMS 0x0000000605e00000, 0x0000000605e00000| Untracked 
|  18|0x0000000606000000, 0x0000000606000000, 0x0000000606200000|  0%| F|  |TAMS 0x0000000606000000, 0x0000000606000000| Untracked 
|  19|0x0000000606200000, 0x0000000606200000, 0x0000000606400000|  0%| F|  |TAMS 0x0000000606200000, 0x0000000606200000| Untracked 
|  20|0x0000000606400000, 0x0000000606400000, 0x0000000606600000|  0%| F|  |TAMS 0x0000000606400000, 0x0000000606400000| Untracked 
|  21|0x0000000606600000, 0x0000000606600000, 0x0000000606800000|  0%| F|  |TAMS 0x0000000606600000, 0x0000000606600000| Untracked 
|  22|0x0000000606800000, 0x0000000606800000, 0x0000000606a00000|  0%| F|  |TAMS 0x0000000606800000, 0x0000000606800000| Untracked 
|  23|0x0000000606a00000, 0x0000000606a00000, 0x0000000606c00000|  0%| F|  |TAMS 0x0000000606a00000, 0x0000000606a00000| Untracked 
|  24|0x0000000606c00000, 0x0000000606c00000, 0x0000000606e00000|  0%| F|  |TAMS 0x0000000606c00000, 0x0000000606c00000| Untracked 
|  25|0x0000000606e00000, 0x0000000606e00000, 0x0000000607000000|  0%| F|  |TAMS 0x0000000606e00000, 0x0000000606e00000| Untracked 
|  26|0x0000000607000000, 0x0000000607000000, 0x0000000607200000|  0%| F|  |TAMS 0x0000000607000000, 0x0000000607000000| Untracked 
|  27|0x0000000607200000, 0x0000000607200000, 0x0000000607400000|  0%| F|  |TAMS 0x0000000607200000, 0x0000000607200000| Untracked 
|  28|0x0000000607400000, 0x0000000607400000, 0x0000000607600000|  0%| F|  |TAMS 0x0000000607400000, 0x0000000607400000| Untracked 
|  29|0x0000000607600000, 0x0000000607600000, 0x0000000607800000|  0%| F|  |TAMS 0x0000000607600000, 0x0000000607600000| Untracked 
|  30|0x0000000607800000, 0x0000000607800000, 0x0000000607a00000|  0%| F|  |TAMS 0x0000000607800000, 0x0000000607800000| Untracked 
|  31|0x0000000607a00000, 0x0000000607a00000, 0x0000000607c00000|  0%| F|  |TAMS 0x0000000607a00000, 0x0000000607a00000| Untracked 
|  32|0x0000000607c00000, 0x0000000607c00000, 0x0000000607e00000|  0%| F|  |TAMS 0x0000000607c00000, 0x0000000607c00000| Untracked 
|  33|0x0000000607e00000, 0x0000000607e00000, 0x0000000608000000|  0%| F|  |TAMS 0x0000000607e00000, 0x0000000607e00000| Untracked 
|  34|0x0000000608000000, 0x0000000608000000, 0x0000000608200000|  0%| F|  |TAMS 0x0000000608000000, 0x0000000608000000| Untracked 
|  35|0x0000000608200000, 0x0000000608200000, 0x0000000608400000|  0%| F|  |TAMS 0x0000000608200000, 0x0000000608200000| Untracked 
|  36|0x0000000608400000, 0x0000000608400000, 0x0000000608600000|  0%| F|  |TAMS 0x0000000608400000, 0x0000000608400000| Untracked 
|  37|0x0000000608600000, 0x0000000608600000, 0x0000000608800000|  0%| F|  |TAMS 0x0000000608600000, 0x0000000608600000| Untracked 
|  38|0x0000000608800000, 0x0000000608800000, 0x0000000608a00000|  0%| F|  |TAMS 0x0000000608800000, 0x0000000608800000| Untracked 
|  39|0x0000000608a00000, 0x0000000608a00000, 0x0000000608c00000|  0%| F|  |TAMS 0x0000000608a00000, 0x0000000608a00000| Untracked 
|  40|0x0000000608c00000, 0x0000000608c00000, 0x0000000608e00000|  0%| F|  |TAMS 0x0000000608c00000, 0x0000000608c00000| Untracked 
|  41|0x0000000608e00000, 0x0000000608e00000, 0x0000000609000000|  0%| F|  |TAMS 0x0000000608e00000, 0x0000000608e00000| Untracked 
|  42|0x0000000609000000, 0x0000000609000000, 0x0000000609200000|  0%| F|  |TAMS 0x0000000609000000, 0x0000000609000000| Untracked 
|  43|0x0000000609200000, 0x0000000609200000, 0x0000000609400000|  0%| F|  |TAMS 0x0000000609200000, 0x0000000609200000| Untracked 
|  44|0x0000000609400000, 0x0000000609400000, 0x0000000609600000|  0%| F|  |TAMS 0x0000000609400000, 0x0000000609400000| Untracked 
|  45|0x0000000609600000, 0x0000000609600000, 0x0000000609800000|  0%| F|  |TAMS 0x0000000609600000, 0x0000000609600000| Untracked 
|  46|0x0000000609800000, 0x0000000609800000, 0x0000000609a00000|  0%| F|  |TAMS 0x0000000609800000, 0x0000000609800000| Untracked 
|  47|0x0000000609a00000, 0x0000000609a00000, 0x0000000609c00000|  0%| F|  |TAMS 0x0000000609a00000, 0x0000000609a00000| Untracked 
|  48|0x0000000609c00000, 0x0000000609c00000, 0x0000000609e00000|  0%| F|  |TAMS 0x0000000609c00000, 0x0000000609c00000| Untracked 
|  49|0x0000000609e00000, 0x0000000609e00000, 0x000000060a000000|  0%| F|  |TAMS 0x0000000609e00000, 0x0000000609e00000| Untracked 
|  50|0x000000060a000000, 0x000000060a000000, 0x000000060a200000|  0%| F|  |TAMS 0x000000060a000000, 0x000000060a000000| Untracked 
|  51|0x000000060a200000, 0x000000060a200000, 0x000000060a400000|  0%| F|  |TAMS 0x000000060a200000, 0x000000060a200000| Untracked 
|  52|0x000000060a400000, 0x000000060a400000, 0x000000060a600000|  0%| F|  |TAMS 0x000000060a400000, 0x000000060a400000| Untracked 
|  53|0x000000060a600000, 0x000000060a600000, 0x000000060a800000|  0%| F|  |TAMS 0x000000060a600000, 0x000000060a600000| Untracked 
|  54|0x000000060a800000, 0x000000060a800000, 0x000000060aa00000|  0%| F|  |TAMS 0x000000060a800000, 0x000000060a800000| Untracked 
|  55|0x000000060aa00000, 0x000000060aa00000, 0x000000060ac00000|  0%| F|  |TAMS 0x000000060aa00000, 0x000000060aa00000| Untracked 
|  56|0x000000060ac00000, 0x000000060ac00000, 0x000000060ae00000|  0%| F|  |TAMS 0x000000060ac00000, 0x000000060ac00000| Untracked 
|  57|0x000000060ae00000, 0x000000060ae00000, 0x000000060b000000|  0%| F|  |TAMS 0x000000060ae00000, 0x000000060ae00000| Untracked 
|  58|0x000000060b000000, 0x000000060b000000, 0x000000060b200000|  0%| F|  |TAMS 0x000000060b000000, 0x000000060b000000| Untracked 
|  59|0x000000060b200000, 0x000000060b200000, 0x000000060b400000|  0%| F|  |TAMS 0x000000060b200000, 0x000000060b200000| Untracked 
|  60|0x000000060b400000, 0x000000060b400000, 0x000000060b600000|  0%| F|  |TAMS 0x000000060b400000, 0x000000060b400000| Untracked 
|  61|0x000000060b600000, 0x000000060b600000, 0x000000060b800000|  0%| F|  |TAMS 0x000000060b600000, 0x000000060b600000| Untracked 
|  62|0x000000060b800000, 0x000000060b800000, 0x000000060ba00000|  0%| F|  |TAMS 0x000000060b800000, 0x000000060b800000| Untracked 
|  63|0x000000060ba00000, 0x000000060ba00000, 0x000000060bc00000|  0%| F|  |TAMS 0x000000060ba00000, 0x000000060ba00000| Untracked 
|  64|0x000000060bc00000, 0x000000060bc00000, 0x000000060be00000|  0%| F|  |TAMS 0x000000060bc00000, 0x000000060bc00000| Untracked 
|  65|0x000000060be00000, 0x000000060be00000, 0x000000060c000000|  0%| F|  |TAMS 0x000000060be00000, 0x000000060be00000| Untracked 
|  66|0x000000060c000000, 0x000000060c000000, 0x000000060c200000|  0%| F|  |TAMS 0x000000060c000000, 0x000000060c000000| Untracked 
|  67|0x000000060c200000, 0x000000060c200000, 0x000000060c400000|  0%| F|  |TAMS 0x000000060c200000, 0x000000060c200000| Untracked 
|  68|0x000000060c400000, 0x000000060c400000, 0x000000060c600000|  0%| F|  |TAMS 0x000000060c400000, 0x000000060c400000| Untracked 
|  69|0x000000060c600000, 0x000000060c600000, 0x000000060c800000|  0%| F|  |TAMS 0x000000060c600000, 0x000000060c600000| Untracked 
|  70|0x000000060c800000, 0x000000060c800000, 0x000000060ca00000|  0%| F|  |TAMS 0x000000060c800000, 0x000000060c800000| Untracked 
|  71|0x000000060ca00000, 0x000000060ca00000, 0x000000060cc00000|  0%| F|  |TAMS 0x000000060ca00000, 0x000000060ca00000| Untracked 
|  72|0x000000060cc00000, 0x000000060cc00000, 0x000000060ce00000|  0%| F|  |TAMS 0x000000060cc00000, 0x000000060cc00000| Untracked 
|  73|0x000000060ce00000, 0x000000060ce00000, 0x000000060d000000|  0%| F|  |TAMS 0x000000060ce00000, 0x000000060ce00000| Untracked 
|  74|0x000000060d000000, 0x000000060d000000, 0x000000060d200000|  0%| F|  |TAMS 0x000000060d000000, 0x000000060d000000| Untracked 
|  75|0x000000060d200000, 0x000000060d200000, 0x000000060d400000|  0%| F|  |TAMS 0x000000060d200000, 0x000000060d200000| Untracked 
|  76|0x000000060d400000, 0x000000060d400000, 0x000000060d600000|  0%| F|  |TAMS 0x000000060d400000, 0x000000060d400000| Untracked 
|  77|0x000000060d600000, 0x000000060d600000, 0x000000060d800000|  0%| F|  |TAMS 0x000000060d600000, 0x000000060d600000| Untracked 
|  78|0x000000060d800000, 0x000000060d800000, 0x000000060da00000|  0%| F|  |TAMS 0x000000060d800000, 0x000000060d800000| Untracked 
|  79|0x000000060da00000, 0x000000060da00000, 0x000000060dc00000|  0%| F|  |TAMS 0x000000060da00000, 0x000000060da00000| Untracked 
|  80|0x000000060dc00000, 0x000000060dc00000, 0x000000060de00000|  0%| F|  |TAMS 0x000000060dc00000, 0x000000060dc00000| Untracked 
|  81|0x000000060de00000, 0x000000060de00000, 0x000000060e000000|  0%| F|  |TAMS 0x000000060de00000, 0x000000060de00000| Untracked 
|  82|0x000000060e000000, 0x000000060e000000, 0x000000060e200000|  0%| F|  |TAMS 0x000000060e000000, 0x000000060e000000| Untracked 
|  83|0x000000060e200000, 0x000000060e200000, 0x000000060e400000|  0%| F|  |TAMS 0x000000060e200000, 0x000000060e200000| Untracked 
|  84|0x000000060e400000, 0x000000060e400000, 0x000000060e600000|  0%| F|  |TAMS 0x000000060e400000, 0x000000060e400000| Untracked 
|  85|0x000000060e600000, 0x000000060e600000, 0x000000060e800000|  0%| F|  |TAMS 0x000000060e600000, 0x000000060e600000| Untracked 
|  86|0x000000060e800000, 0x000000060e800000, 0x000000060ea00000|  0%| F|  |TAMS 0x000000060e800000, 0x000000060e800000| Untracked 
|  87|0x000000060ea00000, 0x000000060ea00000, 0x000000060ec00000|  0%| F|  |TAMS 0x000000060ea00000, 0x000000060ea00000| Untracked 
|  88|0x000000060ec00000, 0x000000060ec00000, 0x000000060ee00000|  0%| F|  |TAMS 0x000000060ec00000, 0x000000060ec00000| Untracked 
|  89|0x000000060ee00000, 0x000000060ee00000, 0x000000060f000000|  0%| F|  |TAMS 0x000000060ee00000, 0x000000060ee00000| Untracked 
|  90|0x000000060f000000, 0x000000060f000000, 0x000000060f200000|  0%| F|  |TAMS 0x000000060f000000, 0x000000060f000000| Untracked 
|  91|0x000000060f200000, 0x000000060f200000, 0x000000060f400000|  0%| F|  |TAMS 0x000000060f200000, 0x000000060f200000| Untracked 
|  92|0x000000060f400000, 0x000000060f400000, 0x000000060f600000|  0%| F|  |TAMS 0x000000060f400000, 0x000000060f400000| Untracked 
|  93|0x000000060f600000, 0x000000060f600000, 0x000000060f800000|  0%| F|  |TAMS 0x000000060f600000, 0x000000060f600000| Untracked 
|  94|0x000000060f800000, 0x000000060f800000, 0x000000060fa00000|  0%| F|  |TAMS 0x000000060f800000, 0x000000060f800000| Untracked 
|  95|0x000000060fa00000, 0x000000060fa00000, 0x000000060fc00000|  0%| F|  |TAMS 0x000000060fa00000, 0x000000060fa00000| Untracked 
|  96|0x000000060fc00000, 0x000000060fc00000, 0x000000060fe00000|  0%| F|  |TAMS 0x000000060fc00000, 0x000000060fc00000| Untracked 
|  97|0x000000060fe00000, 0x000000060fe00000, 0x0000000610000000|  0%| F|  |TAMS 0x000000060fe00000, 0x000000060fe00000| Untracked 
|  98|0x0000000610000000, 0x0000000610000000, 0x0000000610200000|  0%| F|  |TAMS 0x0000000610000000, 0x0000000610000000| Untracked 
|  99|0x0000000610200000, 0x0000000610200000, 0x0000000610400000|  0%| F|  |TAMS 0x0000000610200000, 0x0000000610200000| Untracked 
| 100|0x0000000610400000, 0x0000000610400000, 0x0000000610600000|  0%| F|  |TAMS 0x0000000610400000, 0x0000000610400000| Untracked 
| 101|0x0000000610600000, 0x0000000610600000, 0x0000000610800000|  0%| F|  |TAMS 0x0000000610600000, 0x0000000610600000| Untracked 
| 102|0x0000000610800000, 0x0000000610800000, 0x0000000610a00000|  0%| F|  |TAMS 0x0000000610800000, 0x0000000610800000| Untracked 
| 103|0x0000000610a00000, 0x0000000610a00000, 0x0000000610c00000|  0%| F|  |TAMS 0x0000000610a00000, 0x0000000610a00000| Untracked 
| 104|0x0000000610c00000, 0x0000000610c00000, 0x0000000610e00000|  0%| F|  |TAMS 0x0000000610c00000, 0x0000000610c00000| Untracked 
| 105|0x0000000610e00000, 0x0000000610e00000, 0x0000000611000000|  0%| F|  |TAMS 0x0000000610e00000, 0x0000000610e00000| Untracked 
| 106|0x0000000611000000, 0x0000000611000000, 0x0000000611200000|  0%| F|  |TAMS 0x0000000611000000, 0x0000000611000000| Untracked 
| 107|0x0000000611200000, 0x0000000611200000, 0x0000000611400000|  0%| F|  |TAMS 0x0000000611200000, 0x0000000611200000| Untracked 
| 108|0x0000000611400000, 0x0000000611400000, 0x0000000611600000|  0%| F|  |TAMS 0x0000000611400000, 0x0000000611400000| Untracked 
| 109|0x0000000611600000, 0x0000000611600000, 0x0000000611800000|  0%| F|  |TAMS 0x0000000611600000, 0x0000000611600000| Untracked 
| 110|0x0000000611800000, 0x0000000611800000, 0x0000000611a00000|  0%| F|  |TAMS 0x0000000611800000, 0x0000000611800000| Untracked 
| 111|0x0000000611a00000, 0x0000000611a00000, 0x0000000611c00000|  0%| F|  |TAMS 0x0000000611a00000, 0x0000000611a00000| Untracked 
| 112|0x0000000611c00000, 0x0000000611c00000, 0x0000000611e00000|  0%| F|  |TAMS 0x0000000611c00000, 0x0000000611c00000| Untracked 
| 113|0x0000000611e00000, 0x0000000611e00000, 0x0000000612000000|  0%| F|  |TAMS 0x0000000611e00000, 0x0000000611e00000| Untracked 
| 114|0x0000000612000000, 0x0000000612000000, 0x0000000612200000|  0%| F|  |TAMS 0x0000000612000000, 0x0000000612000000| Untracked 
| 115|0x0000000612200000, 0x0000000612200000, 0x0000000612400000|  0%| F|  |TAMS 0x0000000612200000, 0x0000000612200000| Untracked 
| 116|0x0000000612400000, 0x0000000612400000, 0x0000000612600000|  0%| F|  |TAMS 0x0000000612400000, 0x0000000612400000| Untracked 
| 117|0x0000000612600000, 0x0000000612600000, 0x0000000612800000|  0%| F|  |TAMS 0x0000000612600000, 0x0000000612600000| Untracked 
| 118|0x0000000612800000, 0x0000000612800000, 0x0000000612a00000|  0%| F|  |TAMS 0x0000000612800000, 0x0000000612800000| Untracked 
| 119|0x0000000612a00000, 0x0000000612a00000, 0x0000000612c00000|  0%| F|  |TAMS 0x0000000612a00000, 0x0000000612a00000| Untracked 
| 120|0x0000000612c00000, 0x0000000612c00000, 0x0000000612e00000|  0%| F|  |TAMS 0x0000000612c00000, 0x0000000612c00000| Untracked 
| 121|0x0000000612e00000, 0x0000000612e00000, 0x0000000613000000|  0%| F|  |TAMS 0x0000000612e00000, 0x0000000612e00000| Untracked 
| 122|0x0000000613000000, 0x0000000613000000, 0x0000000613200000|  0%| F|  |TAMS 0x0000000613000000, 0x0000000613000000| Untracked 
| 123|0x0000000613200000, 0x0000000613200000, 0x0000000613400000|  0%| F|  |TAMS 0x0000000613200000, 0x0000000613200000| Untracked 
| 124|0x0000000613400000, 0x0000000613400000, 0x0000000613600000|  0%| F|  |TAMS 0x0000000613400000, 0x0000000613400000| Untracked 
| 125|0x0000000613600000, 0x0000000613600000, 0x0000000613800000|  0%| F|  |TAMS 0x0000000613600000, 0x0000000613600000| Untracked 
| 126|0x0000000613800000, 0x0000000613800000, 0x0000000613a00000|  0%| F|  |TAMS 0x0000000613800000, 0x0000000613800000| Untracked 
| 127|0x0000000613a00000, 0x0000000613a00000, 0x0000000613c00000|  0%| F|  |TAMS 0x0000000613a00000, 0x0000000613a00000| Untracked 
| 128|0x0000000613c00000, 0x0000000613c00000, 0x0000000613e00000|  0%| F|  |TAMS 0x0000000613c00000, 0x0000000613c00000| Untracked 
| 129|0x0000000613e00000, 0x0000000613e00000, 0x0000000614000000|  0%| F|  |TAMS 0x0000000613e00000, 0x0000000613e00000| Untracked 
| 130|0x0000000614000000, 0x0000000614000000, 0x0000000614200000|  0%| F|  |TAMS 0x0000000614000000, 0x0000000614000000| Untracked 
| 131|0x0000000614200000, 0x0000000614200000, 0x0000000614400000|  0%| F|  |TAMS 0x0000000614200000, 0x0000000614200000| Untracked 
| 132|0x0000000614400000, 0x0000000614400000, 0x0000000614600000|  0%| F|  |TAMS 0x0000000614400000, 0x0000000614400000| Untracked 
| 133|0x0000000614600000, 0x0000000614600000, 0x0000000614800000|  0%| F|  |TAMS 0x0000000614600000, 0x0000000614600000| Untracked 
| 134|0x0000000614800000, 0x0000000614800000, 0x0000000614a00000|  0%| F|  |TAMS 0x0000000614800000, 0x0000000614800000| Untracked 
| 135|0x0000000614a00000, 0x0000000614a00000, 0x0000000614c00000|  0%| F|  |TAMS 0x0000000614a00000, 0x0000000614a00000| Untracked 
| 136|0x0000000614c00000, 0x0000000614c00000, 0x0000000614e00000|  0%| F|  |TAMS 0x0000000614c00000, 0x0000000614c00000| Untracked 
| 137|0x0000000614e00000, 0x0000000614e00000, 0x0000000615000000|  0%| F|  |TAMS 0x0000000614e00000, 0x0000000614e00000| Untracked 
| 138|0x0000000615000000, 0x0000000615000000, 0x0000000615200000|  0%| F|  |TAMS 0x0000000615000000, 0x0000000615000000| Untracked 
| 139|0x0000000615200000, 0x0000000615200000, 0x0000000615400000|  0%| F|  |TAMS 0x0000000615200000, 0x0000000615200000| Untracked 
| 140|0x0000000615400000, 0x0000000615400000, 0x0000000615600000|  0%| F|  |TAMS 0x0000000615400000, 0x0000000615400000| Untracked 
| 141|0x0000000615600000, 0x0000000615600000, 0x0000000615800000|  0%| F|  |TAMS 0x0000000615600000, 0x0000000615600000| Untracked 
| 142|0x0000000615800000, 0x0000000615800000, 0x0000000615a00000|  0%| F|  |TAMS 0x0000000615800000, 0x0000000615800000| Untracked 
| 143|0x0000000615a00000, 0x0000000615a00000, 0x0000000615c00000|  0%| F|  |TAMS 0x0000000615a00000, 0x0000000615a00000| Untracked 
| 144|0x0000000615c00000, 0x0000000615c00000, 0x0000000615e00000|  0%| F|  |TAMS 0x0000000615c00000, 0x0000000615c00000| Untracked 
| 145|0x0000000615e00000, 0x0000000615e00000, 0x0000000616000000|  0%| F|  |TAMS 0x0000000615e00000, 0x0000000615e00000| Untracked 
| 146|0x0000000616000000, 0x0000000616000000, 0x0000000616200000|  0%| F|  |TAMS 0x0000000616000000, 0x0000000616000000| Untracked 
| 147|0x0000000616200000, 0x0000000616200000, 0x0000000616400000|  0%| F|  |TAMS 0x0000000616200000, 0x0000000616200000| Untracked 
| 148|0x0000000616400000, 0x0000000616400000, 0x0000000616600000|  0%| F|  |TAMS 0x0000000616400000, 0x0000000616400000| Untracked 
| 149|0x0000000616600000, 0x0000000616600000, 0x0000000616800000|  0%| F|  |TAMS 0x0000000616600000, 0x0000000616600000| Untracked 
| 150|0x0000000616800000, 0x0000000616800000, 0x0000000616a00000|  0%| F|  |TAMS 0x0000000616800000, 0x0000000616800000| Untracked 
| 151|0x0000000616a00000, 0x0000000616a00000, 0x0000000616c00000|  0%| F|  |TAMS 0x0000000616a00000, 0x0000000616a00000| Untracked 
| 152|0x0000000616c00000, 0x0000000616c00000, 0x0000000616e00000|  0%| F|  |TAMS 0x0000000616c00000, 0x0000000616c00000| Untracked 
| 153|0x0000000616e00000, 0x0000000616e00000, 0x0000000617000000|  0%| F|  |TAMS 0x0000000616e00000, 0x0000000616e00000| Untracked 
| 154|0x0000000617000000, 0x0000000617000000, 0x0000000617200000|  0%| F|  |TAMS 0x0000000617000000, 0x0000000617000000| Untracked 
| 155|0x0000000617200000, 0x0000000617200000, 0x0000000617400000|  0%| F|  |TAMS 0x0000000617200000, 0x0000000617200000| Untracked 
| 156|0x0000000617400000, 0x0000000617400000, 0x0000000617600000|  0%| F|  |TAMS 0x0000000617400000, 0x0000000617400000| Untracked 
| 157|0x0000000617600000, 0x0000000617600000, 0x0000000617800000|  0%| F|  |TAMS 0x0000000617600000, 0x0000000617600000| Untracked 
| 158|0x0000000617800000, 0x0000000617800000, 0x0000000617a00000|  0%| F|  |TAMS 0x0000000617800000, 0x0000000617800000| Untracked 
| 159|0x0000000617a00000, 0x0000000617a00000, 0x0000000617c00000|  0%| F|  |TAMS 0x0000000617a00000, 0x0000000617a00000| Untracked 
| 160|0x0000000617c00000, 0x0000000617c00000, 0x0000000617e00000|  0%| F|  |TAMS 0x0000000617c00000, 0x0000000617c00000| Untracked 
| 161|0x0000000617e00000, 0x0000000617e00000, 0x0000000618000000|  0%| F|  |TAMS 0x0000000617e00000, 0x0000000617e00000| Untracked 
| 162|0x0000000618000000, 0x0000000618000000, 0x0000000618200000|  0%| F|  |TAMS 0x0000000618000000, 0x0000000618000000| Untracked 
| 163|0x0000000618200000, 0x0000000618200000, 0x0000000618400000|  0%| F|  |TAMS 0x0000000618200000, 0x0000000618200000| Untracked 
| 164|0x0000000618400000, 0x0000000618400000, 0x0000000618600000|  0%| F|  |TAMS 0x0000000618400000, 0x0000000618400000| Untracked 
| 165|0x0000000618600000, 0x0000000618600000, 0x0000000618800000|  0%| F|  |TAMS 0x0000000618600000, 0x0000000618600000| Untracked 
| 166|0x0000000618800000, 0x0000000618800000, 0x0000000618a00000|  0%| F|  |TAMS 0x0000000618800000, 0x0000000618800000| Untracked 
| 167|0x0000000618a00000, 0x0000000618a00000, 0x0000000618c00000|  0%| F|  |TAMS 0x0000000618a00000, 0x0000000618a00000| Untracked 
| 168|0x0000000618c00000, 0x0000000618c00000, 0x0000000618e00000|  0%| F|  |TAMS 0x0000000618c00000, 0x0000000618c00000| Untracked 
| 169|0x0000000618e00000, 0x0000000618e00000, 0x0000000619000000|  0%| F|  |TAMS 0x0000000618e00000, 0x0000000618e00000| Untracked 
| 170|0x0000000619000000, 0x0000000619000000, 0x0000000619200000|  0%| F|  |TAMS 0x0000000619000000, 0x0000000619000000| Untracked 
| 171|0x0000000619200000, 0x0000000619200000, 0x0000000619400000|  0%| F|  |TAMS 0x0000000619200000, 0x0000000619200000| Untracked 
| 172|0x0000000619400000, 0x0000000619400000, 0x0000000619600000|  0%| F|  |TAMS 0x0000000619400000, 0x0000000619400000| Untracked 
| 173|0x0000000619600000, 0x0000000619600000, 0x0000000619800000|  0%| F|  |TAMS 0x0000000619600000, 0x0000000619600000| Untracked 
| 174|0x0000000619800000, 0x0000000619800000, 0x0000000619a00000|  0%| F|  |TAMS 0x0000000619800000, 0x0000000619800000| Untracked 
| 175|0x0000000619a00000, 0x0000000619a00000, 0x0000000619c00000|  0%| F|  |TAMS 0x0000000619a00000, 0x0000000619a00000| Untracked 
| 176|0x0000000619c00000, 0x0000000619c00000, 0x0000000619e00000|  0%| F|  |TAMS 0x0000000619c00000, 0x0000000619c00000| Untracked 
| 177|0x0000000619e00000, 0x0000000619e00000, 0x000000061a000000|  0%| F|  |TAMS 0x0000000619e00000, 0x0000000619e00000| Untracked 
| 178|0x000000061a000000, 0x000000061a000000, 0x000000061a200000|  0%| F|  |TAMS 0x000000061a000000, 0x000000061a000000| Untracked 
| 179|0x000000061a200000, 0x000000061a200000, 0x000000061a400000|  0%| F|  |TAMS 0x000000061a200000, 0x000000061a200000| Untracked 
| 180|0x000000061a400000, 0x000000061a400000, 0x000000061a600000|  0%| F|  |TAMS 0x000000061a400000, 0x000000061a400000| Untracked 
| 181|0x000000061a600000, 0x000000061a600000, 0x000000061a800000|  0%| F|  |TAMS 0x000000061a600000, 0x000000061a600000| Untracked 
| 182|0x000000061a800000, 0x000000061a800000, 0x000000061aa00000|  0%| F|  |TAMS 0x000000061a800000, 0x000000061a800000| Untracked 
| 183|0x000000061aa00000, 0x000000061aa00000, 0x000000061ac00000|  0%| F|  |TAMS 0x000000061aa00000, 0x000000061aa00000| Untracked 
| 184|0x000000061ac00000, 0x000000061ac00000, 0x000000061ae00000|  0%| F|  |TAMS 0x000000061ac00000, 0x000000061ac00000| Untracked 
| 185|0x000000061ae00000, 0x000000061ae00000, 0x000000061b000000|  0%| F|  |TAMS 0x000000061ae00000, 0x000000061ae00000| Untracked 
| 186|0x000000061b000000, 0x000000061b000000, 0x000000061b200000|  0%| F|  |TAMS 0x000000061b000000, 0x000000061b000000| Untracked 
| 187|0x000000061b200000, 0x000000061b200000, 0x000000061b400000|  0%| F|  |TAMS 0x000000061b200000, 0x000000061b200000| Untracked 
| 188|0x000000061b400000, 0x000000061b400000, 0x000000061b600000|  0%| F|  |TAMS 0x000000061b400000, 0x000000061b400000| Untracked 
| 189|0x000000061b600000, 0x000000061b600000, 0x000000061b800000|  0%| F|  |TAMS 0x000000061b600000, 0x000000061b600000| Untracked 
| 190|0x000000061b800000, 0x000000061b800000, 0x000000061ba00000|  0%| F|  |TAMS 0x000000061b800000, 0x000000061b800000| Untracked 
| 191|0x000000061ba00000, 0x000000061ba00000, 0x000000061bc00000|  0%| F|  |TAMS 0x000000061ba00000, 0x000000061ba00000| Untracked 
| 192|0x000000061bc00000, 0x000000061bc00000, 0x000000061be00000|  0%| F|  |TAMS 0x000000061bc00000, 0x000000061bc00000| Untracked 
| 193|0x000000061be00000, 0x000000061be00000, 0x000000061c000000|  0%| F|  |TAMS 0x000000061be00000, 0x000000061be00000| Untracked 
| 194|0x000000061c000000, 0x000000061c000000, 0x000000061c200000|  0%| F|  |TAMS 0x000000061c000000, 0x000000061c000000| Untracked 
| 195|0x000000061c200000, 0x000000061c200000, 0x000000061c400000|  0%| F|  |TAMS 0x000000061c200000, 0x000000061c200000| Untracked 
| 196|0x000000061c400000, 0x000000061c400000, 0x000000061c600000|  0%| F|  |TAMS 0x000000061c400000, 0x000000061c400000| Untracked 
| 197|0x000000061c600000, 0x000000061c600000, 0x000000061c800000|  0%| F|  |TAMS 0x000000061c600000, 0x000000061c600000| Untracked 
| 198|0x000000061c800000, 0x000000061c800000, 0x000000061ca00000|  0%| F|  |TAMS 0x000000061c800000, 0x000000061c800000| Untracked 
| 199|0x000000061ca00000, 0x000000061ca00000, 0x000000061cc00000|  0%| F|  |TAMS 0x000000061ca00000, 0x000000061ca00000| Untracked 
| 200|0x000000061cc00000, 0x000000061cc00000, 0x000000061ce00000|  0%| F|  |TAMS 0x000000061cc00000, 0x000000061cc00000| Untracked 
| 201|0x000000061ce00000, 0x000000061ce00000, 0x000000061d000000|  0%| F|  |TAMS 0x000000061ce00000, 0x000000061ce00000| Untracked 
| 202|0x000000061d000000, 0x000000061d000000, 0x000000061d200000|  0%| F|  |TAMS 0x000000061d000000, 0x000000061d000000| Untracked 
| 203|0x000000061d200000, 0x000000061d200000, 0x000000061d400000|  0%| F|  |TAMS 0x000000061d200000, 0x000000061d200000| Untracked 
| 204|0x000000061d400000, 0x000000061d400000, 0x000000061d600000|  0%| F|  |TAMS 0x000000061d400000, 0x000000061d400000| Untracked 
| 205|0x000000061d600000, 0x000000061d600000, 0x000000061d800000|  0%| F|  |TAMS 0x000000061d600000, 0x000000061d600000| Untracked 
| 206|0x000000061d800000, 0x000000061d800000, 0x000000061da00000|  0%| F|  |TAMS 0x000000061d800000, 0x000000061d800000| Untracked 
| 207|0x000000061da00000, 0x000000061da00000, 0x000000061dc00000|  0%| F|  |TAMS 0x000000061da00000, 0x000000061da00000| Untracked 
| 208|0x000000061dc00000, 0x000000061dc00000, 0x000000061de00000|  0%| F|  |TAMS 0x000000061dc00000, 0x000000061dc00000| Untracked 
| 209|0x000000061de00000, 0x000000061de00000, 0x000000061e000000|  0%| F|  |TAMS 0x000000061de00000, 0x000000061de00000| Untracked 
| 210|0x000000061e000000, 0x000000061e000000, 0x000000061e200000|  0%| F|  |TAMS 0x000000061e000000, 0x000000061e000000| Untracked 
| 211|0x000000061e200000, 0x000000061e200000, 0x000000061e400000|  0%| F|  |TAMS 0x000000061e200000, 0x000000061e200000| Untracked 
| 212|0x000000061e400000, 0x000000061e400000, 0x000000061e600000|  0%| F|  |TAMS 0x000000061e400000, 0x000000061e400000| Untracked 
| 213|0x000000061e600000, 0x000000061e600000, 0x000000061e800000|  0%| F|  |TAMS 0x000000061e600000, 0x000000061e600000| Untracked 
| 214|0x000000061e800000, 0x000000061e800000, 0x000000061ea00000|  0%| F|  |TAMS 0x000000061e800000, 0x000000061e800000| Untracked 
| 215|0x000000061ea00000, 0x000000061ea00000, 0x000000061ec00000|  0%| F|  |TAMS 0x000000061ea00000, 0x000000061ea00000| Untracked 
| 216|0x000000061ec00000, 0x000000061ec00000, 0x000000061ee00000|  0%| F|  |TAMS 0x000000061ec00000, 0x000000061ec00000| Untracked 
| 217|0x000000061ee00000, 0x000000061ee00000, 0x000000061f000000|  0%| F|  |TAMS 0x000000061ee00000, 0x000000061ee00000| Untracked 
| 218|0x000000061f000000, 0x000000061f000000, 0x000000061f200000|  0%| F|  |TAMS 0x000000061f000000, 0x000000061f000000| Untracked 
| 219|0x000000061f200000, 0x000000061f200000, 0x000000061f400000|  0%| F|  |TAMS 0x000000061f200000, 0x000000061f200000| Untracked 
| 220|0x000000061f400000, 0x000000061f400000, 0x000000061f600000|  0%| F|  |TAMS 0x000000061f400000, 0x000000061f400000| Untracked 
| 221|0x000000061f600000, 0x000000061f600000, 0x000000061f800000|  0%| F|  |TAMS 0x000000061f600000, 0x000000061f600000| Untracked 
| 222|0x000000061f800000, 0x000000061f800000, 0x000000061fa00000|  0%| F|  |TAMS 0x000000061f800000, 0x000000061f800000| Untracked 
| 223|0x000000061fa00000, 0x000000061fa00000, 0x000000061fc00000|  0%| F|  |TAMS 0x000000061fa00000, 0x000000061fa00000| Untracked 
| 224|0x000000061fc00000, 0x000000061fc00000, 0x000000061fe00000|  0%| F|  |TAMS 0x000000061fc00000, 0x000000061fc00000| Untracked 
| 225|0x000000061fe00000, 0x000000061fe00000, 0x0000000620000000|  0%| F|  |TAMS 0x000000061fe00000, 0x000000061fe00000| Untracked 
| 226|0x0000000620000000, 0x0000000620000000, 0x0000000620200000|  0%| F|  |TAMS 0x0000000620000000, 0x0000000620000000| Untracked 
| 227|0x0000000620200000, 0x0000000620200000, 0x0000000620400000|  0%| F|  |TAMS 0x0000000620200000, 0x0000000620200000| Untracked 
| 228|0x0000000620400000, 0x0000000620400000, 0x0000000620600000|  0%| F|  |TAMS 0x0000000620400000, 0x0000000620400000| Untracked 
| 229|0x0000000620600000, 0x0000000620600000, 0x0000000620800000|  0%| F|  |TAMS 0x0000000620600000, 0x0000000620600000| Untracked 
| 230|0x0000000620800000, 0x0000000620800000, 0x0000000620a00000|  0%| F|  |TAMS 0x0000000620800000, 0x0000000620800000| Untracked 
| 231|0x0000000620a00000, 0x0000000620a00000, 0x0000000620c00000|  0%| F|  |TAMS 0x0000000620a00000, 0x0000000620a00000| Untracked 
| 232|0x0000000620c00000, 0x0000000620c00000, 0x0000000620e00000|  0%| F|  |TAMS 0x0000000620c00000, 0x0000000620c00000| Untracked 
| 233|0x0000000620e00000, 0x0000000620e00000, 0x0000000621000000|  0%| F|  |TAMS 0x0000000620e00000, 0x0000000620e00000| Untracked 
| 234|0x0000000621000000, 0x0000000621000000, 0x0000000621200000|  0%| F|  |TAMS 0x0000000621000000, 0x0000000621000000| Untracked 
| 235|0x0000000621200000, 0x0000000621200000, 0x0000000621400000|  0%| F|  |TAMS 0x0000000621200000, 0x0000000621200000| Untracked 
| 236|0x0000000621400000, 0x0000000621400000, 0x0000000621600000|  0%| F|  |TAMS 0x0000000621400000, 0x0000000621400000| Untracked 
| 237|0x0000000621600000, 0x0000000621600000, 0x0000000621800000|  0%| F|  |TAMS 0x0000000621600000, 0x0000000621600000| Untracked 
| 238|0x0000000621800000, 0x0000000621800000, 0x0000000621a00000|  0%| F|  |TAMS 0x0000000621800000, 0x0000000621800000| Untracked 
| 239|0x0000000621a00000, 0x0000000621a00000, 0x0000000621c00000|  0%| F|  |TAMS 0x0000000621a00000, 0x0000000621a00000| Untracked 
| 240|0x0000000621c00000, 0x0000000621c00000, 0x0000000621e00000|  0%| F|  |TAMS 0x0000000621c00000, 0x0000000621c00000| Untracked 
| 241|0x0000000621e00000, 0x0000000621e00000, 0x0000000622000000|  0%| F|  |TAMS 0x0000000621e00000, 0x0000000621e00000| Untracked 
| 242|0x0000000622000000, 0x0000000622000000, 0x0000000622200000|  0%| F|  |TAMS 0x0000000622000000, 0x0000000622000000| Untracked 
| 243|0x0000000622200000, 0x0000000622200000, 0x0000000622400000|  0%| F|  |TAMS 0x0000000622200000, 0x0000000622200000| Untracked 
| 244|0x0000000622400000, 0x0000000622400000, 0x0000000622600000|  0%| F|  |TAMS 0x0000000622400000, 0x0000000622400000| Untracked 
| 245|0x0000000622600000, 0x0000000622600000, 0x0000000622800000|  0%| F|  |TAMS 0x0000000622600000, 0x0000000622600000| Untracked 
| 246|0x0000000622800000, 0x00000006228f6540, 0x0000000622a00000| 48%| E|  |TAMS 0x0000000622800000, 0x0000000622800000| Complete 
| 247|0x0000000622a00000, 0x0000000622c00000, 0x0000000622c00000|100%| E|CS|TAMS 0x0000000622a00000, 0x0000000622a00000| Complete 
| 248|0x0000000622c00000, 0x0000000622e00000, 0x0000000622e00000|100%| E|CS|TAMS 0x0000000622c00000, 0x0000000622c00000| Complete 
| 249|0x0000000622e00000, 0x0000000623000000, 0x0000000623000000|100%| E|CS|TAMS 0x0000000622e00000, 0x0000000622e00000| Complete 
| 250|0x0000000623000000, 0x0000000623200000, 0x0000000623200000|100%| E|CS|TAMS 0x0000000623000000, 0x0000000623000000| Complete 
| 251|0x0000000623200000, 0x0000000623400000, 0x0000000623400000|100%| E|CS|TAMS 0x0000000623200000, 0x0000000623200000| Complete 
| 252|0x0000000623400000, 0x0000000623600000, 0x0000000623600000|100%| E|CS|TAMS 0x0000000623400000, 0x0000000623400000| Complete 
| 253|0x0000000623600000, 0x0000000623800000, 0x0000000623800000|100%| E|CS|TAMS 0x0000000623600000, 0x0000000623600000| Complete 
| 254|0x0000000623800000, 0x0000000623a00000, 0x0000000623a00000|100%| E|  |TAMS 0x0000000623800000, 0x0000000623800000| Complete 

Card table byte_map: [0x000002b04bb60000,0x000002b04cb50000] _byte_map_base: 0x000002b048b42000

Marking Bits (Prev, Next): (CMBitMap*) 0x000002b033013048, (CMBitMap*) 0x000002b033013088
 Prev Bits: [0x000002b04db40000, 0x000002b055a50000)
 Next Bits: [0x000002b055a50000, 0x000002b05d960000)

Polling page: 0x000002b030bd0000

Metaspace:

Usage:
  Non-class:      6.90 MB capacity,     5.74 MB ( 83%) used,     1.14 MB ( 17%) free+waste,    15.19 KB ( <1%) overhead. 
      Class:    740.00 KB capacity,   600.74 KB ( 81%) used,   130.82 KB ( 18%) free+waste,     8.44 KB (  1%) overhead. 
       Both:      7.62 MB capacity,     6.33 MB ( 83%) used,     1.27 MB ( 17%) free+waste,    23.63 KB ( <1%) overhead. 

Virtual space:
  Non-class space:        8.00 MB reserved,       7.00 MB ( 88%) committed 
      Class space:        1.00 GB reserved,     768.00 KB ( <1%) committed 
             Both:        1.01 GB reserved,       7.75 MB ( <1%) committed 

Chunk freelists:
   Non-Class:  39.00 KB
       Class:  0 bytes
        Both:  39.00 KB

MaxMetaspaceSize: 17179869184.00 GB
CompressedClassSpaceSize: 1.00 GB

CodeHeap 'non-profiled nmethods': size=120000Kb used=347Kb max_used=347Kb free=119653Kb
 bounds [0x000002b043200000, 0x000002b043470000, 0x000002b04a730000]
CodeHeap 'profiled nmethods': size=120000Kb used=1788Kb max_used=1788Kb free=118211Kb
 bounds [0x000002b03bcd0000, 0x000002b03bf40000, 0x000002b043200000]
CodeHeap 'non-nmethods': size=5760Kb used=1583Kb max_used=1594Kb free=4176Kb
 bounds [0x000002b03b730000, 0x000002b03b9a0000, 0x000002b03bcd0000]
 total_blobs=1972 nmethods=1011 adapters=874
 compilation: enabled
              stopped_count=0, restarted_count=0
 full_count=0

Compilation events (20 events):
Event: 1.331 Thread 0x000002b06088d000  991       3       java.lang.invoke.InvokerBytecodeGenerator::loadInsnOpcode (87 bytes)
Event: 1.332 Thread 0x000002b06088d000 nmethod 991 0x000002b03be89c10 code [0x000002b03be89e80, 0x000002b03be8aa38]
Event: 1.332 Thread 0x000002b06088d000  990       3       jdk.internal.org.objectweb.asm.ByteVector::put11 (52 bytes)
Event: 1.332 Thread 0x000002b06088d000 nmethod 990 0x000002b03be8ae10 code [0x000002b03be8afc0, 0x000002b03be8b1e8]
Event: 1.332 Thread 0x000002b06088d000  993       3       jdk.internal.org.objectweb.asm.Label::<init> (5 bytes)
Event: 1.332 Thread 0x000002b06088d000 nmethod 993 0x000002b03be8b310 code [0x000002b03be8b4a0, 0x000002b03be8b618]
Event: 1.332 Thread 0x000002b06088d000  992       3       jdk.internal.org.objectweb.asm.MethodWriter::visitInsn (115 bytes)
Event: 1.332 Thread 0x000002b06088d000 nmethod 992 0x000002b03be8b710 code [0x000002b03be8b900, 0x000002b03be8bd48]
Event: 1.332 Thread 0x000002b06088d000  999       3       java.lang.invoke.LambdaForm$Name::isParam (13 bytes)
Event: 1.332 Thread 0x000002b06088d000 nmethod 999 0x000002b03be8bf10 code [0x000002b03be8c0a0, 0x000002b03be8c218]
Event: 1.332 Thread 0x000002b06088d000 1000       3       java.lang.invoke.MethodHandles$Lookup::isClassAccessible (36 bytes)
Event: 1.332 Thread 0x000002b06088d000 nmethod 1000 0x000002b03be8c290 code [0x000002b03be8c460, 0x000002b03be8c8b8]
Event: 1.332 Thread 0x000002b06088d000 1006       3       java.lang.invoke.LambdaForm$Name::replaceNames (174 bytes)
Event: 1.333 Thread 0x000002b06088d000 nmethod 1006 0x000002b03be8ca10 code [0x000002b03be8cc40, 0x000002b03be8d8b8]
Event: 1.333 Thread 0x000002b06088d000 1005       3       java.lang.invoke.LambdaFormBuffer::ownedCount (7 bytes)
Event: 1.333 Thread 0x000002b06088d000 nmethod 1005 0x000002b03be8dc10 code [0x000002b03be8dda0, 0x000002b03be8deb8]
Event: 1.333 Thread 0x000002b06088d000 1009       3       jdk.internal.org.objectweb.asm.MethodWriter::visitTypeInsn (116 bytes)
Event: 1.333 Thread 0x000002b06088d000 nmethod 1009 0x000002b03be8df90 code [0x000002b03be8e180, 0x000002b03be8e5a8]
Event: 1.333 Thread 0x000002b06088d000 1010       3       jdk.internal.math.FDBigInteger::mult (64 bytes)
Event: 1.333 Thread 0x000002b06088d000 nmethod 1010 0x000002b03be8e790 code [0x000002b03be8e940, 0x000002b03be8ebb8]

GC Heap History (0 events):
No events

Deoptimization events (20 events):
Event: 0.105 Thread 0x000002b032f8d000 DEOPT PACKING pc=0x000002b04320d5c8 sp=0x000000e833bfde20
Event: 0.105 Thread 0x000002b032f8d000 DEOPT UNPACKING pc=0x000002b03b77912f sp=0x000000e833bfdda0 mode 2
Event: 0.108 Thread 0x000002b032f8d000 Uncommon trap: trap_request=0xffffffde fr.pc=0x000002b04320d5c8 relative=0x0000000000000868
Event: 0.108 Thread 0x000002b032f8d000 Uncommon trap: reason=class_check action=maybe_recompile pc=0x000002b04320d5c8 method=java.util.HashMap.putVal(ILjava/lang/Object;Ljava/lang/Object;ZZ)Ljava/lang/Object; @ 152 c2
Event: 0.108 Thread 0x000002b032f8d000 DEOPT PACKING pc=0x000002b04320d5c8 sp=0x000000e833bfde20
Event: 0.108 Thread 0x000002b032f8d000 DEOPT UNPACKING pc=0x000002b03b77912f sp=0x000000e833bfdda0 mode 2
Event: 0.122 Thread 0x000002b032f8d000 Uncommon trap: trap_request=0xffffff45 fr.pc=0x000002b04320ded0 relative=0x0000000000000090
Event: 0.122 Thread 0x000002b032f8d000 Uncommon trap: reason=unstable_if action=reinterpret pc=0x000002b04320ded0 method=java.lang.String.charAt(I)C @ 4 c2
Event: 0.122 Thread 0x000002b032f8d000 DEOPT PACKING pc=0x000002b04320ded0 sp=0x000000e833bfed50
Event: 0.122 Thread 0x000002b032f8d000 DEOPT UNPACKING pc=0x000002b03b77912f sp=0x000000e833bfecf0 mode 2
Event: 0.141 Thread 0x000002b032f8d000 DEOPT PACKING pc=0x000002b03bd13df4 sp=0x000000e833bf8c30
Event: 0.141 Thread 0x000002b032f8d000 DEOPT UNPACKING pc=0x000002b03b77964e sp=0x000000e833bf8088 mode 0
Event: 0.154 Thread 0x000002b032f8d000 DEOPT PACKING pc=0x000002b03bd21d32 sp=0x000000e833bfc700
Event: 0.154 Thread 0x000002b032f8d000 DEOPT UNPACKING pc=0x000002b03b77964e sp=0x000000e833bfbb68 mode 0
Event: 0.188 Thread 0x000002b032f8d000 Uncommon trap: trap_request=0xffffff45 fr.pc=0x000002b043211e78 relative=0x0000000000000998
Event: 0.188 Thread 0x000002b032f8d000 Uncommon trap: reason=unstable_if action=reinterpret pc=0x000002b043211e78 method=java.util.HashMap.putVal(ILjava/lang/Object;Ljava/lang/Object;ZZ)Ljava/lang/Object; @ 181 c2
Event: 0.188 Thread 0x000002b032f8d000 DEOPT PACKING pc=0x000002b043211e78 sp=0x000000e833bfce80
Event: 0.188 Thread 0x000002b032f8d000 DEOPT UNPACKING pc=0x000002b03b77912f sp=0x000000e833bfce20 mode 2
Event: 0.281 Thread 0x000002b032f8d000 DEOPT PACKING pc=0x000002b03bd1575f sp=0x000000e833bfca80
Event: 0.281 Thread 0x000002b032f8d000 DEOPT UNPACKING pc=0x000002b03b77964e sp=0x000000e833bfbed0 mode 0

Classes unloaded (0 events):
No events

Classes redefined (0 events):
No events

Internal exceptions (20 events):
Event: 0.209 Thread 0x000002b032f8d000 Exception <a 'java/lang/ClassNotFoundException'{0x00000006233c0660}: org/apache/log4j/AppenderSkeletonBeanInfo> (0x00000006233c0660) 
thrown [./open/src/hotspot/share/classfile/systemDictionary.cpp, line 226]
Event: 0.209 Thread 0x000002b032f8d000 Exception <a 'java/lang/ClassNotFoundException'{0x00000006233cf5d8}: org/apache/log4j/AppenderSkeletonCustomizer> (0x00000006233cf5d8) 
thrown [./open/src/hotspot/share/classfile/systemDictionary.cpp, line 226]
Event: 0.211 Thread 0x000002b032f8d000 Exception <a 'java/lang/ClassNotFoundException'{0x00000006233ef0c8}: org/apache/log4j/WriterAppenderCustomizer> (0x00000006233ef0c8) 
thrown [./open/src/hotspot/share/classfile/systemDictionary.cpp, line 226]
Event: 0.212 Thread 0x000002b032f8d000 Exception <a 'java/lang/ClassNotFoundException'{0x0000000623007fd8}: org/apache/log4j/FileAppenderCustomizer> (0x0000000623007fd8) 
thrown [./open/src/hotspot/share/classfile/systemDictionary.cpp, line 226]
Event: 0.228 Thread 0x000002b032f8d000 Exception <a 'java/lang/NoSuchMethodError'{0x00000006230d4ea0}: 'void java.lang.invoke.DelegatingMethodHandle$Holder.delegate(java.lang.Object, java.lang.Object, int, java.lang.Object)'> (0x00000006230d4ea0) 
thrown [./open/src/hotspot/share/interpreter/linkResolver.cpp, line 766]
Event: 0.228 Thread 0x000002b032f8d000 Exception <a 'java/lang/NoSuchMethodError'{0x00000006230db970}: 'java.lang.Object java.lang.invoke.DirectMethodHandle$Holder.invokeStaticInit(java.lang.Object, java.lang.Object, java.lang.Object)'> (0x00000006230db970) 
thrown [./open/src/hotspot/share/interpreter/linkResolver.cpp, line 766]
Event: 0.252 Thread 0x000002b032f8d000 Exception <a 'sun/nio/fs/WindowsException'{0x0000000623144968}> (0x0000000623144968) 
thrown [./open/src/hotspot/share/prims/jni.cpp, line 599]
Event: 0.252 Thread 0x000002b032f8d000 Exception <a 'sun/nio/fs/WindowsException'{0x0000000623144ee8}> (0x0000000623144ee8) 
thrown [./open/src/hotspot/share/prims/jni.cpp, line 599]
Event: 0.277 Thread 0x000002b032f8d000 Exception <a 'sun/nio/fs/WindowsException'{0x0000000622e3a8c0}> (0x0000000622e3a8c0) 
thrown [./open/src/hotspot/share/prims/jni.cpp, line 599]
Event: 0.277 Thread 0x000002b032f8d000 Exception <a 'sun/nio/fs/WindowsException'{0x0000000622e3ac50}> (0x0000000622e3ac50) 
thrown [./open/src/hotspot/share/prims/jni.cpp, line 599]
Event: 0.288 Thread 0x000002b032f8d000 Exception <a 'sun/nio/fs/WindowsException'{0x0000000622e87b60}> (0x0000000622e87b60) 
thrown [./open/src/hotspot/share/prims/jni.cpp, line 599]
Event: 0.288 Thread 0x000002b032f8d000 Exception <a 'sun/nio/fs/WindowsException'{0x0000000622e87e60}> (0x0000000622e87e60) 
thrown [./open/src/hotspot/share/prims/jni.cpp, line 599]
Event: 1.006 Thread 0x000002b032f8d000 Exception <a 'java/lang/NoSuchMethodError'{0x0000000622cc2118}: 'void java.lang.invoke.DirectMethodHandle$Holder.invokeSpecial(java.lang.Object, java.lang.Object, java.lang.Object, java.lang.Object)'> (0x0000000622cc2118) 
thrown [./open/src/hotspot/share/interpreter/linkResolver.cpp, line 766]
Event: 1.009 Thread 0x000002b032f8d000 Exception <a 'java/lang/NoSuchMethodError'{0x0000000622ce71d0}: 'void java.lang.invoke.DirectMethodHandle$Holder.invokeStatic(java.lang.Object, java.lang.Object, java.lang.Object, java.lang.Object)'> (0x0000000622ce71d0) 
thrown [./open/src/hotspot/share/interpreter/linkResolver.cpp, line 766]
Event: 1.017 Thread 0x000002b032f8d000 Exception <a 'java/lang/NoSuchMethodError'{0x0000000622d37ef8}: 'java.lang.Object java.lang.invoke.DirectMethodHandle$Holder.invokeStaticInit(java.lang.Object, int, int, int, int)'> (0x0000000622d37ef8) 
thrown [./open/src/hotspot/share/interpreter/linkResolver.cpp, line 766]
Event: 1.058 Thread 0x000002b032f8d000 Exception <a 'java/lang/NoSuchMethodError'{0x0000000622d769a8}: 'java.lang.Object java.lang.invoke.DirectMethodHandle$Holder.invokeStaticInit(java.lang.Object, java.lang.Object, int, int, int, int)'> (0x0000000622d769a8) 
thrown [./open/src/hotspot/share/interpreter/linkResolver.cpp, line 766]
Event: 1.224 Thread 0x000002b032f8d000 Exception <a 'java/lang/NoSuchMethodError'{0x0000000622db6180}: 'java.lang.Object java.lang.invoke.DirectMethodHandle$Holder.invokeStatic(java.lang.Object, long, long)'> (0x0000000622db6180) 
thrown [./open/src/hotspot/share/interpreter/linkResolver.cpp, line 766]
Event: 1.242 Thread 0x000002b032f8d000 Exception <a 'java/lang/NoSuchMethodError'{0x0000000622b29c38}: 'void java.lang.invoke.DirectMethodHandle$Holder.invokeStaticInit(java.lang.Object, java.lang.Object)'> (0x0000000622b29c38) 
thrown [./open/src/hotspot/share/interpreter/linkResolver.cpp, line 766]
Event: 1.254 Thread 0x000002b032f8d000 Exception <a 'java/lang/NoSuchMethodError'{0x0000000622bd18a0}: 'void java.lang.invoke.DirectMethodHandle$Holder.invokeSpecial(java.lang.Object, java.lang.Object, java.lang.Object, java.lang.Object, java.lang.Object, java.lang.Object)'> (0x0000000622bd18a0) 
thrown [./open/src/hotspot/share/interpreter/linkResolver.cpp, line 766]
Event: 1.259 Thread 0x000002b032f8d000 Exception <a 'java/lang/NoSuchMethodError'{0x0000000622815770}: 'void java.lang.invoke.DirectMethodHandle$Holder.invokeVirtual(java.lang.Object, java.lang.Object)'> (0x0000000622815770) 
thrown [./open/src/hotspot/share/interpreter/linkResolver.cpp, line 766]

Events (20 events):
Event: 1.060 loading class sun/security/provider/SHA2$SHA256
Event: 1.060 loading class sun/security/provider/SHA2
Event: 1.060 loading class sun/security/provider/SHA2 done
Event: 1.060 loading class sun/security/provider/SHA2$SHA256 done
Event: 1.246 loading class java/lang/invoke/BoundMethodHandle$Species_LLL
Event: 1.246 loading class java/lang/invoke/BoundMethodHandle$Species_LLL done
Event: 1.246 Executing VM operation: HandshakeOneThread
Event: 1.246 Executing VM operation: HandshakeOneThread done
Event: 1.247 loading class java/lang/invoke/BoundMethodHandle$Species_LLLL
Event: 1.247 loading class java/lang/invoke/BoundMethodHandle$Species_LLLL done
Event: 1.248 loading class java/lang/invoke/BoundMethodHandle$Species_LLLLL
Event: 1.248 loading class java/lang/invoke/BoundMethodHandle$Species_LLLLL done
Event: 1.249 loading class java/lang/invoke/BoundMethodHandle$Species_LJ
Event: 1.249 loading class java/lang/invoke/BoundMethodHandle$Species_LJ done
Event: 1.249 loading class java/lang/invoke/BoundMethodHandle$Species_LLLLLL
Event: 1.249 loading class java/lang/invoke/BoundMethodHandle$Species_LLLLLL done
Event: 1.260 loading class sun/nio/fs/WindowsUriSupport
Event: 1.260 loading class sun/nio/fs/WindowsUriSupport done
Event: 1.333 loading class jdk/internal/math/FDBigInteger
Event: 1.333 loading class jdk/internal/math/FDBigInteger done


Dynamic libraries:
0x00007ff777740000 - 0x00007ff77774f000 	C:\Program Files\Java\jdk-14.0.2\bin\java.exe
0x00007fffe8560000 - 0x00007fffe8750000 	C:\WINDOWS\SYSTEM32\ntdll.dll
0x00007fffe8260000 - 0x00007fffe8312000 	C:\WINDOWS\System32\KERNEL32.DLL
0x00007fffe57a0000 - 0x00007fffe5a45000 	C:\WINDOWS\System32\KERNELBASE.dll
0x00007fffe5af0000 - 0x00007fffe5bea000 	C:\WINDOWS\System32\ucrtbase.dll
0x00007fffcd7d0000 - 0x00007fffcd7e8000 	C:\Program Files\Java\jdk-14.0.2\bin\jli.dll
0x00007fffcd7b0000 - 0x00007fffcd7c5000 	C:\Program Files\Java\jdk-14.0.2\bin\VCRUNTIME140.dll
0x00007fffe81a0000 - 0x00007fffe8243000 	C:\WINDOWS\System32\ADVAPI32.dll
0x00007fffe6610000 - 0x00007fffe66ae000 	C:\WINDOWS\System32\msvcrt.dll
0x00007fffe77e0000 - 0x00007fffe7877000 	C:\WINDOWS\System32\sechost.dll
0x00007fffe8380000 - 0x00007fffe849f000 	C:\WINDOWS\System32\RPCRT4.dll
0x00007fffe7b20000 - 0x00007fffe7cb4000 	C:\WINDOWS\System32\USER32.dll
0x00007fffe54d0000 - 0x00007fffe54f1000 	C:\WINDOWS\System32\win32u.dll
0x00007fffc6480000 - 0x00007fffc6704000 	C:\WINDOWS\WinSxS\amd64_microsoft.windows.common-controls_6595b64144ccf1df_6.0.18362.1556_none_9e7e372fe45e41d5\COMCTL32.dll
0x00007fffe7e20000 - 0x00007fffe7e46000 	C:\WINDOWS\System32\GDI32.dll
0x00007fffe7e60000 - 0x00007fffe8196000 	C:\WINDOWS\System32\combase.dll
0x00007fffe5560000 - 0x00007fffe56f8000 	C:\WINDOWS\System32\gdi32full.dll
0x00007fffe5700000 - 0x00007fffe579e000 	C:\WINDOWS\System32\msvcp_win.dll
0x00007fffe5bf0000 - 0x00007fffe5c71000 	C:\WINDOWS\System32\bcryptPrimitives.dll
0x00007fffda290000 - 0x00007fffda29a000 	C:\WINDOWS\SYSTEM32\VERSION.dll
0x00007fffe7880000 - 0x00007fffe78ae000 	C:\WINDOWS\System32\IMM32.DLL
0x00007fffa4fa0000 - 0x00007fffa503b000 	C:\Program Files\Java\jdk-14.0.2\bin\msvcp140.dll
0x00007fff8f4b0000 - 0x00007fff8ffce000 	C:\Program Files\Java\jdk-14.0.2\bin\server\jvm.dll
0x00007fffe8250000 - 0x00007fffe8258000 	C:\WINDOWS\System32\PSAPI.DLL
0x00007fffc9da0000 - 0x00007fffc9da9000 	C:\WINDOWS\SYSTEM32\WSOCK32.dll
0x00007fffe6f00000 - 0x00007fffe6f6f000 	C:\WINDOWS\System32\WS2_32.dll
0x00007fffe3440000 - 0x00007fffe3464000 	C:\WINDOWS\SYSTEM32\WINMM.dll
0x00007fffe3410000 - 0x00007fffe343d000 	C:\WINDOWS\SYSTEM32\winmmbase.dll
0x00007fffe5a80000 - 0x00007fffe5aca000 	C:\WINDOWS\System32\cfgmgr32.dll
0x00007fffe5420000 - 0x00007fffe5431000 	C:\WINDOWS\System32\kernel.appcore.dll
0x00007fffd0a10000 - 0x00007fffd0a1a000 	C:\Program Files\Java\jdk-14.0.2\bin\jimage.dll
0x00007fffd4050000 - 0x00007fffd4244000 	C:\WINDOWS\SYSTEM32\DBGHELP.DLL
0x00007fffc7930000 - 0x00007fffc795a000 	C:\WINDOWS\SYSTEM32\dbgcore.DLL
0x00007fffe4830000 - 0x00007fffe483e000 	C:\Program Files\Java\jdk-14.0.2\bin\instrument.dll
0x00007fffcd6d0000 - 0x00007fffcd6f5000 	C:\Program Files\Java\jdk-14.0.2\bin\java.dll
0x00007fffcd6b0000 - 0x00007fffcd6c6000 	C:\Program Files\Java\jdk-14.0.2\bin\zip.dll
0x00007fffe6f90000 - 0x00007fffe7677000 	C:\WINDOWS\System32\SHELL32.dll
0x00007fffe7680000 - 0x00007fffe7728000 	C:\WINDOWS\System32\shcore.dll
0x00007fffe5d30000 - 0x00007fffe64ab000 	C:\WINDOWS\System32\windows.storage.dll
0x00007fffe54b0000 - 0x00007fffe54ce000 	C:\WINDOWS\System32\profapi.dll
0x00007fffe5440000 - 0x00007fffe548a000 	C:\WINDOWS\System32\powrprof.dll
0x00007fffe5410000 - 0x00007fffe5420000 	C:\WINDOWS\System32\UMPDC.dll
0x00007fffe6c20000 - 0x00007fffe6c72000 	C:\WINDOWS\System32\shlwapi.dll
0x00007fffe5ad0000 - 0x00007fffe5ae7000 	C:\WINDOWS\System32\cryptsp.dll
0x00007fffcce70000 - 0x00007fffcce89000 	C:\Program Files\Java\jdk-14.0.2\bin\net.dll
0x00007fffdb6a0000 - 0x00007fffdb79a000 	C:\WINDOWS\SYSTEM32\WINHTTP.dll
0x00007fffe4c50000 - 0x00007fffe4cb7000 	C:\WINDOWS\system32\mswsock.dll
0x00007fffc03c0000 - 0x00007fffc03d2000 	C:\Program Files\Java\jdk-14.0.2\bin\nio.dll
0x00007fffd09b0000 - 0x00007fffd09c0000 	C:\Program Files\Java\jdk-14.0.2\bin\verify.dll
0x00007fffe01e0000 - 0x00007fffe01fa000 	C:\Program Files\JetBrains\IntelliJ IDEA Community Edition 2019.3\bin\breakgen64.dll
0x00007fffb2cb0000 - 0x00007fffb2d14000 	C:\Users\aarevalo\AppData\Local\Temp\lwjglaarevalo\3.2.3-build-13\lwjgl.dll
0x00007fffb2c40000 - 0x00007fffb2ca2000 	C:\Users\aarevalo\AppData\Local\Temp\lwjglaarevalo\3.2.3-build-13\glfw.dll
0x00007fffb2b40000 - 0x00007fffb2c38000 	C:\WINDOWS\SYSTEM32\vulkan-1.dll
0x00007fff8bfb0000 - 0x00007fff8cfff000 	C:\WINDOWS\System32\DriverStore\FileRepository\iigd_dch.inf_amd64_bd47ae63e67b288d\igvk64.dll
0x00007fffe4110000 - 0x00007fffe41fb000 	C:\WINDOWS\system32\dxgi.dll
0x00007fffe4080000 - 0x00007fffe40a0000 	C:\WINDOWS\SYSTEM32\dxcore.dll
0x00007fffbb560000 - 0x00007fffbb6b6000 	C:\WINDOWS\SYSTEM32\OpenGL32.dll
0x00007fffc79a0000 - 0x00007fffc79cc000 	C:\WINDOWS\SYSTEM32\GLU32.dll
0x00007fff7c8e0000 - 0x00007fff7d8ef000 	C:\WINDOWS\System32\DriverStore\FileRepository\iigd_dch.inf_amd64_bd47ae63e67b288d\ig9icd64.dll
0x00007fffe3aa0000 - 0x00007fffe3acd000 	C:\WINDOWS\SYSTEM32\dwmapi.dll
0x00007fffcccc0000 - 0x00007fffccddd000 	C:\WINDOWS\System32\DriverStore\FileRepository\iigd_dch.inf_amd64_bd47ae63e67b288d\igdgmm64.dll
0x00000000623b0000 - 0x0000000064a6f000 	C:\WINDOWS\System32\DriverStore\FileRepository\nvdm.inf_amd64_0c63b088ad41d465\nvoglv64.dll
0x00007fffe66c0000 - 0x00007fffe6b30000 	C:\WINDOWS\System32\SETUPAPI.dll
0x00007fffe5a50000 - 0x00007fffe5a76000 	C:\WINDOWS\System32\bcrypt.dll
0x00007fffe7cc0000 - 0x00007fffe7e17000 	C:\WINDOWS\System32\ole32.dll
0x00007fffe2970000 - 0x00007fffe2983000 	C:\WINDOWS\SYSTEM32\WTSAPI32.dll
0x00007fffe5200000 - 0x00007fffe522a000 	C:\WINDOWS\SYSTEM32\DEVOBJ.dll
0x00007fffe5500000 - 0x00007fffe555c000 	C:\WINDOWS\System32\WINTRUST.dll
0x00007fffe5490000 - 0x00007fffe54a2000 	C:\WINDOWS\System32\MSASN1.dll
0x00007fffe64b0000 - 0x00007fffe6601000 	C:\WINDOWS\System32\CRYPT32.dll
0x00007fffe43f0000 - 0x00007fffe4421000 	C:\WINDOWS\SYSTEM32\ntmarta.dll
0x00007fffca9d0000 - 0x00007fffcccbd000 	C:\WINDOWS\System32\DriverStore\FileRepository\iigd_dch.inf_amd64_bd47ae63e67b288d\igc64.dll
0x00007fffe35e0000 - 0x00007fffe3679000 	C:\WINDOWS\system32\uxtheme.dll
0x00007fffe6f70000 - 0x00007fffe6f8d000 	C:\WINDOWS\System32\imagehlp.dll
0x00007fffe47d0000 - 0x00007fffe4803000 	C:\WINDOWS\system32\rsaenh.dll
0x00007fffe4e20000 - 0x00007fffe4e2c000 	C:\WINDOWS\SYSTEM32\CRYPTBASE.dll
0x00007fffe3fd0000 - 0x00007fffe3ff2000 	C:\WINDOWS\SYSTEM32\gpapi.dll
0x00007fffd6620000 - 0x00007fffd664f000 	C:\WINDOWS\SYSTEM32\cryptnet.dll
0x00007fff9f290000 - 0x00007fff9f315000 	C:\WINDOWS\System32\DriverStore\FileRepository\nvdm.inf_amd64_0c63b088ad41d465\nvcbl64.dll
0x00007fff9c740000 - 0x00007fff9c863000 	C:\WINDOWS\SYSTEM32\nvfatbinaryLoader.dll
0x00007fffd5a90000 - 0x00007fffd5f93000 	C:\WINDOWS\system32\nvapi64.dll
0x00007fff7b4e0000 - 0x00007fff7c8e0000 	C:\WINDOWS\System32\DriverStore\FileRepository\nvdm.inf_amd64_0c63b088ad41d465\nvrtum64.dll
0x00007fffe5300000 - 0x00007fffe5325000 	C:\WINDOWS\SYSTEM32\USERENV.dll
0x00007fffe4960000 - 0x00007fffe499a000 	C:\WINDOWS\SYSTEM32\IPHLPAPI.DLL
0x00007fffe66b0000 - 0x00007fffe66b8000 	C:\WINDOWS\System32\NSI.dll
0x00007fffe0730000 - 0x00007fffe0746000 	C:\WINDOWS\SYSTEM32\dhcpcsvc6.DLL
0x00007fffe0530000 - 0x00007fffe054c000 	C:\WINDOWS\SYSTEM32\dhcpcsvc.DLL
0x00007fffe49a0000 - 0x00007fffe4a6b000 	C:\WINDOWS\SYSTEM32\DNSAPI.dll
0x00007fff7b0d0000 - 0x00007fff7b4d3000 	D:\repos\leviathan\vkjava3\VkThreading\target\classes\shaderc.dll

dbghelp: loaded successfully - version: 4.0.5 - missing functions: none
symbol engine: initialized successfully - sym options: 0x614 - pdb path: .;C:\Program Files\Java\jdk-14.0.2\bin;C:\WINDOWS\SYSTEM32;C:\WINDOWS\WinSxS\amd64_microsoft.windows.common-controls_6595b64144ccf1df_6.0.18362.1556_none_9e7e372fe45e41d5;C:\Program Files\Java\jdk-14.0.2\bin\server;C:\Program Files\JetBrains\IntelliJ IDEA Community Edition 2019.3\bin;C:\Users\aarevalo\AppData\Local\Temp\lwjglaarevalo\3.2.3-build-13;C:\WINDOWS\System32\DriverStore\FileRepository\iigd_dch.inf_amd64_bd47ae63e67b288d;C:\WINDOWS\System32\DriverStore\FileRepository\nvdm.inf_amd64_0c63b088ad41d465;D:\repos\leviathan\vkjava3\VkThreading\target\classes

VM Arguments:
jvm_args: -javaagent:C:\Program Files\JetBrains\IntelliJ IDEA Community Edition 2019.3\lib\idea_rt.jar=50578:C:\Program Files\JetBrains\IntelliJ IDEA Community Edition 2019.3\bin -Dfile.encoding=UTF-8 
java_command: org.artifex.Main
java_class_path (initial): D:\repos\leviathan\vkjava3\VkThreading\target\classes;C:\Users\aarevalo\.m2\repository\org\lwjgl\lwjgl\3.2.3\lwjgl-3.2.3.jar;C:\Users\aarevalo\.m2\repository\org\lwjgl\lwjgl-vulkan\3.2.3\lwjgl-vulkan-3.2.3.jar;C:\Users\aarevalo\.m2\repository\org\lwjgl\lwjgl-vma\3.2.3\lwjgl-vma-3.2.3.jar;C:\Users\aarevalo\.m2\repository\org\lwjgl\lwjgl-glfw\3.2.3\lwjgl-glfw-3.2.3.jar;C:\Users\aarevalo\.m2\repository\org\joml\joml\1.10.1\joml-1.10.1.jar;C:\Users\aarevalo\.m2\repository\org\jetbrains\annotations\16.0.1\annotations-16.0.1.jar;C:\Users\aarevalo\.m2\repository\org\lwjgl\lwjgl-shaderc\3.2.3\lwjgl-shaderc-3.2.3.jar;C:\Users\aarevalo\.m2\repository\log4j\log4j\1.2.17\log4j-1.2.17.jar;C:\Users\aarevalo\.m2\repository\org\lwjgl\lwjgl\3.2.3\lwjgl-3.2.3-natives-windows.jar;C:\Users\aarevalo\.m2\repository\org\lwjgl\lwjgl-glfw\3.2.3\lwjgl-glfw-3.2.3-natives-windows.jar;C:\Users\aarevalo\.m2\repository\org\lwjgl\lwjgl-opengl\3.2.3\lwjgl-opengl-3.2.3-natives-windows.jar
Launcher Type: SUN_STANDARD

[Global flags]
     intx CICompilerCount                          = 4                                         {product} {ergonomic}
     uint ConcGCThreads                            = 3                                         {product} {ergonomic}
     uint G1ConcRefinementThreads                  = 10                                        {product} {ergonomic}
   size_t G1HeapRegionSize                         = 2097152                                   {product} {ergonomic}
    uintx GCDrainStackTargetSize                   = 64                                        {product} {ergonomic}
   size_t InitialHeapSize                          = 534773760                                 {product} {ergonomic}
   size_t MarkStackSize                            = 4194304                                   {product} {ergonomic}
   size_t MaxHeapSize                              = 8527020032                                {product} {ergonomic}
   size_t MaxNewSize                               = 5114953728                                {product} {ergonomic}
   size_t MinHeapDeltaBytes                        = 2097152                                   {product} {ergonomic}
   size_t MinHeapSize                              = 8388608                                   {product} {ergonomic}
    uintx NonNMethodCodeHeapSize                   = 5839372                                {pd product} {ergonomic}
    uintx NonProfiledCodeHeapSize                  = 122909434                              {pd product} {ergonomic}
    uintx ProfiledCodeHeapSize                     = 122909434                              {pd product} {ergonomic}
    uintx ReservedCodeCacheSize                    = 251658240                              {pd product} {ergonomic}
     bool SegmentedCodeCache                       = true                                      {product} {ergonomic}
   size_t SoftMaxHeapSize                          = 8527020032                             {manageable} {ergonomic}
     bool UseCompressedClassPointers               = true                                 {lp64_product} {ergonomic}
     bool UseCompressedOops                        = true                                 {lp64_product} {ergonomic}
     bool UseG1GC                                  = true                                      {product} {ergonomic}
     bool UseLargePagesIndividualAllocation        = false                                  {pd product} {ergonomic}

Logging:
Log output configuration:
 #0: stdout all=warning uptime,level,tags
 #1: stderr all=off uptime,level,tags

Environment Variables:
JAVA_HOME=C:\Program Files\Java\jdk-14.0.2
PATH=C:\Program Files\Common Files\Oracle\Java\javapath;C:\Program Files (x86)\Common Files\Oracle\Java\javapath;C:\Windows\system32;C:\Windows;C:\Windows\System32\Wbem;C:\Windows\System32\WindowsPowerShell\v1.0\;C:\Windows\System32\OpenSSH\;C:\Program Files (x86)\NVIDIA Corporation\PhysX\Common;C:\WINDOWS\system32;C:\WINDOWS;C:\WINDOWS\System32\Wbem;C:\WINDOWS\System32\WindowsPowerShell\v1.0\;C:\WINDOWS\System32\OpenSSH\;C:\Program Files\TortoiseGit\bin;C:\Program Files\Git\cmd;C:\Users\aarevalo\AppData\Local\Microsoft\WindowsApps;C:\Program Files\mingw-w64\x86_64-7.2.0-posix-seh-rt_v5-rev1\mingw64\bin;C:\apache-maven-3.3.9\bin;C:\Program Files\Java\jdk-14.0.2\bin;C:\php;
USERNAME=aarevalo
OS=Windows_NT
PROCESSOR_IDENTIFIER=Intel64 Family 6 Model 158 Stepping 10, GenuineIntel



---------------  S Y S T E M  ---------------

OS: Windows 10 , 64 bit Build 18362 (10.0.18362.1500)
OS uptime: 0 days 6:09 hours

CPU:total 12 (initial active 12) (6 cores per cpu, 2 threads per core) family 6 model 158 stepping 10, cmov, cx8, fxsr, mmx, sse, sse2, sse3, ssse3, sse4.1, sse4.2, popcnt, avx, avx2, aes, clmul, erms, 3dnowpref, lzcnt, ht, tsc, tscinvbit, bmi1, bmi2, adx, fma

Memory: 4k page, system-wide physical 32525M (23524M free)
TotalPageFile size 37389M (AvailPageFile size 25066M)
current process WorkingSet (physical memory assigned to process): 149M, peak: 157M
current process commit charge ("private bytes"): 732M, peak: 740M

vm_info: Java HotSpot(TM) 64-Bit Server VM (14.0.2+12-46) for windows-amd64 JRE (14.0.2+12-46), built on Jul  9 2020 00:35:52 by "mach5one" with MS VC++ 15.9 (VS2017)

END.
