#
# A fatal error has been detected by the Java Runtime Environment:
#
#  EXCEPTION_ACCESS_VIOLATION (0xc0000005) at pc=0x000000005c17fa4d, pid=22732, tid=24824
#
# JRE version: Java(TM) SE Runtime Environment (14.0.2+12) (build 14.0.2+12-46)
# Java VM: Java HotSpot(TM) 64-Bit Server VM (14.0.2+12-46, mixed mode, sharing, tiered, compressed oops, g1 gc, windows-amd64)
# Problematic frame:
# C  [nvoglv64.dll+0xe0fa4d]
#
# No core dump will be written. Minidumps are not enabled by default on client versions of Windows
#
# If you would like to submit a bug report, please visit:
#   https://bugreport.java.com/bugreport/crash.jsp
# The crash happened outside the Java Virtual Machine in native code.
# See problematic frame for where to report the bug.
#

---------------  S U M M A R Y ------------

Command Line: -Didea.launcher.port=61347 -Didea.launcher.bin.path=C:\Program Files\JetBrains\IntelliJ IDEA Community Edition 2018.1.6\bin -Dfile.encoding=UTF-8 com.intellij.rt.execution.application.AppMainV2 org.artifex.VkMain

Host: Intel(R) Core(TM) i7-9750H CPU @ 2.60GHz, 12 cores, 31G,  Windows 10 , 64 bit Build 18362 (10.0.18362.1500)
Time: Tue Jun  8 11:24:21 2021 Central Daylight Time elapsed time: 1 seconds (0d 0h 0m 1s)

---------------  T H R E A D  ---------------

Current thread (0x0000020245f7a000):  JavaThread "main" [_thread_in_native, id=24824, stack(0x0000000671700000,0x0000000671800000)]

Stack: [0x0000000671700000,0x0000000671800000],  sp=0x00000006717fe3f0,  free space=1016k
Native frames: (J=compiled Java code, j=interpreted, Vv=VM code, C=native code)
C  [nvoglv64.dll+0xe0fa4d]

Java frames: (J=compiled Java code, j=interpreted, Vv=VM code)
j  org.lwjgl.system.JNI.callPPPV(JIJIJJ)V+0
j  org.lwjgl.vulkan.VK10.nvkUpdateDescriptorSets(Lorg/lwjgl/vulkan/VkDevice;IJIJ)V+21
j  org.lwjgl.vulkan.VK10.vkUpdateDescriptorSets(Lorg/lwjgl/vulkan/VkDevice;Lorg/lwjgl/vulkan/VkWriteDescriptorSet$Buffer;Lorg/lwjgl/vulkan/VkCopyDescriptorSet$Buffer;)V+17
j  org.artifex.vulkan.descriptors.DescriptorCopyWrite.updateDescriptorSets(Lorg/artifex/vulkan/Device;)V+12
j  org.artifex.Program.<init>(Lorg/artifex/Window;)V+437
j  org.artifex.VkMain.<init>()V+14
j  org.artifex.VkMain.main([Ljava/lang/String;)V+4
v  ~StubRoutines::call_stub
j  jdk.internal.reflect.NativeMethodAccessorImpl.invoke0(Ljava/lang/reflect/Method;Ljava/lang/Object;[Ljava/lang/Object;)Ljava/lang/Object;+0 java.base@14.0.2
j  jdk.internal.reflect.NativeMethodAccessorImpl.invoke(Ljava/lang/Object;[Ljava/lang/Object;)Ljava/lang/Object;+100 java.base@14.0.2
j  jdk.internal.reflect.DelegatingMethodAccessorImpl.invoke(Ljava/lang/Object;[Ljava/lang/Object;)Ljava/lang/Object;+6 java.base@14.0.2
j  java.lang.reflect.Method.invoke(Ljava/lang/Object;[Ljava/lang/Object;)Ljava/lang/Object;+59 java.base@14.0.2
j  com.intellij.rt.execution.application.AppMainV2.main([Ljava/lang/String;)V+184
v  ~StubRoutines::call_stub

siginfo: EXCEPTION_ACCESS_VIOLATION (0xc0000005), reading address 0x0000000000000068


Register to memory mapping:

RIP=0x000000005c17fa4d nvoglv64.dll
RAX=0x000002027e7f7a60 points into unknown readable memory: 07 00 00 00 01 00 00 00
RBX=0x0 is NULL
RCX=0x0 is NULL
RDX=0x000002027e8010d0 points into unknown readable memory: e8 74 1f 5d 00 00 00 00
RSP=0x00000006717fe3f0 is pointing into the stack for thread: 0x0000020245f7a000
RBP=0x00000000ffffffff is an unknown value
RSI=0x0 is NULL
RDI=0x0000000000000002 is an unknown value
R8 =0x0 is NULL
R9 =0x0 is NULL
R10=0x000002027f06afa0 points into unknown readable memory: f0 74 1f 5d 00 00 00 00
R11=0x0000000000000001 is an unknown value
R12=0x0 is NULL
R13=0x0 is NULL
R14=0x000002027649c1b0 points into unknown readable memory: 00 00 00 00 00 00 00 00
R15=0x0 is NULL


Registers:
RAX=0x000002027e7f7a60, RBX=0x0000000000000000, RCX=0x0000000000000000, RDX=0x000002027e8010d0
RSP=0x00000006717fe3f0, RBP=0x00000000ffffffff, RSI=0x0000000000000000, RDI=0x0000000000000002
R8 =0x0000000000000000, R9 =0x0000000000000000, R10=0x000002027f06afa0, R11=0x0000000000000001
R12=0x0000000000000000, R13=0x0000000000000000, R14=0x000002027649c1b0, R15=0x0000000000000000
RIP=0x000000005c17fa4d, EFLAGS=0x0000000000010246

Top of Stack: (sp=0x00000006717fe3f0)
0x00000006717fe3f0:   0000020275c80ef8 0000020200000005
0x00000006717fe400:   0000000000000000 0000000000000000
0x00000006717fe410:   0000000000000000 0000020275dcfd98
0x00000006717fe420:   0000020200000000 000002027e8010d0
0x00000006717fe430:   0000020245f7a000 00000006717fe5c8
0x00000006717fe440:   0000020275c14960 0000000000000000
0x00000006717fe450:   000002024ff2a1b3 0000000000000e98
0x00000006717fe460:   00000006717fe560 000000005c1abf82
0x00000006717fe470:   0000000600000002 000002027e8045a0
0x00000006717fe480:   0000000000000000 000000044c741ae0
0x00000006717fe490:   0000020275c14960 000002024ff2f417
0x00000006717fe4a0:   00000006717fe4b8 00000006717fe508
0x00000006717fe4b0:   000002024ff29f00 0000000000000040
0x00000006717fe4c0:   0000000000000000 0000020200000000
0x00000006717fe4d0:   0000000000000000 000000005c17db80
0x00000006717fe4e0:   0000000000000000 000000044c0c7860 

Instructions: (pc=0x000000005c17fa4d)
0x000000005c17f94d:   89 14 01 48 8b 82 b8 00 00 00 44 89 14 01 48 8d
0x000000005c17f95d:   0c b5 00 00 00 00 48 8b 82 a0 00 00 00 8d 76 02
0x000000005c17f96d:   49 c1 ea 20 44 89 14 01 48 8b 82 b8 00 00 00 44
0x000000005c17f97d:   89 14 01 41 3b db 0f 82 67 ff ff ff 8b 6c 24 30
0x000000005c17f98d:   e9 27 03 00 00 49 8b 80 80 00 00 00 bd 00 01 00
0x000000005c17f99d:   00 4c 8b 82 a0 00 00 00 49 6b c9 38 8b 4c 01 20
0x000000005c17f9ad:   0f b7 82 b0 00 00 00 41 03 ca 48 03 c1 45 33 d2
0x000000005c17f9bd:   49 8d 1c c0 0f b7 82 b2 00 00 00 48 8d 0c 41 49
0x000000005c17f9cd:   8d 3c 88 4b 8d 04 52 49 8b 0c c6 45 8b 44 c6 08
0x000000005c17f9dd:   41 8b c0 48 03 41 68 4a 89 04 d3 8b 41 70 b9 00
0x000000005c17f9ed:   00 01 00 41 2b c0 05 ff 00 00 00 25 00 ff ff ff
0x000000005c17f9fd:   3b c1 0f 42 c8 85 c9 0f 44 cd 42 89 0c 97 41 ff
0x000000005c17fa0d:   c2 45 3b d3 72 bd 8b 6c 24 30 e9 9d 02 00 00 49
0x000000005c17fa1d:   8b 80 80 00 00 00 bd ff ff ff ff 49 6b c9 38 33
0x000000005c17fa2d:   db 8b 4c 01 20 42 8d 34 91 8d 7e 02 0f 1f 80 00
0x000000005c17fa3d:   00 00 00 48 8d 0c 5b 4d 8b 04 ce 4d 8b 54 ce 08
0x000000005c17fa4d:   4d 8b 48 68 4d 03 ca 49 83 7c ce 10 ff 75 13 49
0x000000005c17fa5d:   8b 40 70 44 8b c5 49 2b c2 48 3b c5 44 0f 42 c0
0x000000005c17fa6d:   eb 05 45 8b 44 ce 10 48 8b 82 a0 00 00 00 48 8d
0x000000005c17fa7d:   0c b5 00 00 00 00 83 c6 04 ff c3 44 89 0c 01 48
0x000000005c17fa8d:   8b 82 b8 00 00 00 44 89 0c 01 8d 4f ff 48 8b 82
0x000000005c17fa9d:   a0 00 00 00 49 c1 e9 20 44 89 0c 88 48 8b 82 b8
0x000000005c17faad:   00 00 00 44 89 0c 88 48 8d 0c bd 00 00 00 00 48
0x000000005c17fabd:   8b 82 a0 00 00 00 83 c7 04 44 89 04 01 48 8b 82
0x000000005c17facd:   b8 00 00 00 44 89 04 01 41 3b db 0f 82 62 ff ff
0x000000005c17fadd:   ff 8b 6c 24 30 e9 d2 01 00 00 49 8b 80 80 00 00
0x000000005c17faed:   00 4c 8b 82 a0 00 00 00 49 6b c9 38 8b 4c 01 20
0x000000005c17fafd:   0f b7 82 b0 00 00 00 41 03 ca 48 03 c1 45 33 d2
0x000000005c17fb0d:   49 8d 3c c0 0f b7 82 b2 00 00 00 ba ff ff ff ff
0x000000005c17fb1d:   48 8d 0c 41 49 8d 1c 88 66 66 66 0f 1f 84 00 00
0x000000005c17fb2d:   00 00 00 4b 8d 04 52 49 8b 0c c6 4d 8d 0c c6 48
0x000000005c17fb3d:   8b 41 68 49 03 41 08 4a 89 04 d7 49 83 79 10 ff 


Stack slot to memory mapping:
stack at sp + 0 slots: {method} {0x0000020275c80f00} 'vkUnmapMemory' '(Lorg/lwjgl/vulkan/VkDevice;J)V' in 'org/lwjgl/vulkan/VK10'
stack at sp + 1 slots: 0x0000020200000005 points into unknown readable memory: 00 00 00
stack at sp + 2 slots: 0x0 is NULL
stack at sp + 3 slots: 0x0 is NULL
stack at sp + 4 slots: 0x0 is NULL
stack at sp + 5 slots: {method} {0x0000020275dcfda0} 'unmapBuffer' '(II)V' in 'org/artifex/vulkan/descriptors/DescriptorSet'
stack at sp + 6 slots: 0x0000020200000000 points into unknown readable memory: 00 00 00 00 00 00 00 00
stack at sp + 7 slots: 0x000002027e8010d0 points into unknown readable memory: e8 74 1f 5d 00 00 00 00


---------------  P R O C E S S  ---------------

Threads class SMR info:
_java_thread_list=0x0000020276211840, length=12, elements={
0x0000020245f7a000, 0x0000020276084000, 0x0000020276087800, 0x00000202760a3800,
0x00000202760a6800, 0x00000202760a7800, 0x00000202760a9000, 0x00000202760aa800,
0x00000202760ac000, 0x00000202761fe800, 0x000002027620f800, 0x00000202762c4000
}

Java Threads: ( => current thread )
=>0x0000020245f7a000 JavaThread "main" [_thread_in_native, id=24824, stack(0x0000000671700000,0x0000000671800000)]
  0x0000020276084000 JavaThread "Reference Handler" daemon [_thread_blocked, id=17908, stack(0x0000000671e00000,0x0000000671f00000)]
  0x0000020276087800 JavaThread "Finalizer" daemon [_thread_blocked, id=18308, stack(0x0000000671f00000,0x0000000672000000)]
  0x00000202760a3800 JavaThread "Signal Dispatcher" daemon [_thread_blocked, id=29012, stack(0x0000000672000000,0x0000000672100000)]
  0x00000202760a6800 JavaThread "Attach Listener" daemon [_thread_blocked, id=16560, stack(0x0000000672100000,0x0000000672200000)]
  0x00000202760a7800 JavaThread "Service Thread" daemon [_thread_blocked, id=29172, stack(0x0000000672200000,0x0000000672300000)]
  0x00000202760a9000 JavaThread "C2 CompilerThread0" daemon [_thread_blocked, id=28160, stack(0x0000000672300000,0x0000000672400000)]
  0x00000202760aa800 JavaThread "C1 CompilerThread0" daemon [_thread_blocked, id=22256, stack(0x0000000672400000,0x0000000672500000)]
  0x00000202760ac000 JavaThread "Sweeper thread" daemon [_thread_blocked, id=32456, stack(0x0000000672500000,0x0000000672600000)]
  0x00000202761fe800 JavaThread "Notification Thread" daemon [_thread_blocked, id=20412, stack(0x0000000672600000,0x0000000672700000)]
  0x000002027620f800 JavaThread "Common-Cleaner" daemon [_thread_blocked, id=21620, stack(0x0000000672800000,0x0000000672900000)]
  0x00000202762c4000 JavaThread "Monitor Ctrl-Break" daemon [_thread_in_native, id=10744, stack(0x0000000672900000,0x0000000672a00000)]

Other Threads:
  0x0000020276082000 VMThread "VM Thread" [stack: 0x0000000671d00000,0x0000000671e00000] [id=6612]
  0x0000020276200800 WatcherThread [stack: 0x0000000672700000,0x0000000672800000] [id=4108]
  0x0000020246034800 GCTaskThread "GC Thread#0" [stack: 0x0000000671800000,0x0000000671900000] [id=13724]
  0x0000020246056000 ConcurrentGCThread "G1 Main Marker" [stack: 0x0000000671900000,0x0000000671a00000] [id=32300]
  0x0000020246057800 ConcurrentGCThread "G1 Conc#0" [stack: 0x0000000671a00000,0x0000000671b00000] [id=28008]
  0x00000202755df800 ConcurrentGCThread "G1 Refine#0" [stack: 0x0000000671b00000,0x0000000671c00000] [id=27048]
  0x00000202755e0800 ConcurrentGCThread "G1 Young RemSet Sampling" [stack: 0x0000000671c00000,0x0000000671d00000] [id=15196]

Threads with active compile tasks:

VM state:not at safepoint (normal execution)

VM Mutex/Monitor currently owned by a thread: None

Heap address: 0x000000042d200000, size: 8132 MB, Compressed Oops mode: Zero based, Oop shift amount: 3
Narrow klass base: 0x0000000800000000, Narrow klass shift: 3
Compressed class space size: 1073741824 Address: 0x0000000800b30000

Heap:
 garbage-first heap   total 522240K, used 14336K [0x000000042d200000, 0x0000000629600000)
  region size 2048K, 8 young (16384K), 0 survivors (0K)
 Metaspace       used 6093K, capacity 7733K, committed 7936K, reserved 1056768K
  class space    used 561K, capacity 713K, committed 768K, reserved 1048576K
Heap Regions: E=young(eden), S=young(survivor), O=old, HS=humongous(starts), HC=humongous(continues), CS=collection set, F=free, OA=open archive, CA=closed archive, TAMS=top-at-mark-start (previous, next)
|   0|0x000000042d200000, 0x000000042d200000, 0x000000042d400000|  0%| F|  |TAMS 0x000000042d200000, 0x000000042d200000| Untracked 
|   1|0x000000042d400000, 0x000000042d400000, 0x000000042d600000|  0%| F|  |TAMS 0x000000042d400000, 0x000000042d400000| Untracked 
|   2|0x000000042d600000, 0x000000042d600000, 0x000000042d800000|  0%| F|  |TAMS 0x000000042d600000, 0x000000042d600000| Untracked 
|   3|0x000000042d800000, 0x000000042d800000, 0x000000042da00000|  0%| F|  |TAMS 0x000000042d800000, 0x000000042d800000| Untracked 
|   4|0x000000042da00000, 0x000000042da00000, 0x000000042dc00000|  0%| F|  |TAMS 0x000000042da00000, 0x000000042da00000| Untracked 
|   5|0x000000042dc00000, 0x000000042dc00000, 0x000000042de00000|  0%| F|  |TAMS 0x000000042dc00000, 0x000000042dc00000| Untracked 
|   6|0x000000042de00000, 0x000000042de00000, 0x000000042e000000|  0%| F|  |TAMS 0x000000042de00000, 0x000000042de00000| Untracked 
|   7|0x000000042e000000, 0x000000042e000000, 0x000000042e200000|  0%| F|  |TAMS 0x000000042e000000, 0x000000042e000000| Untracked 
|   8|0x000000042e200000, 0x000000042e200000, 0x000000042e400000|  0%| F|  |TAMS 0x000000042e200000, 0x000000042e200000| Untracked 
|   9|0x000000042e400000, 0x000000042e400000, 0x000000042e600000|  0%| F|  |TAMS 0x000000042e400000, 0x000000042e400000| Untracked 
|  10|0x000000042e600000, 0x000000042e600000, 0x000000042e800000|  0%| F|  |TAMS 0x000000042e600000, 0x000000042e600000| Untracked 
|  11|0x000000042e800000, 0x000000042e800000, 0x000000042ea00000|  0%| F|  |TAMS 0x000000042e800000, 0x000000042e800000| Untracked 
|  12|0x000000042ea00000, 0x000000042ea00000, 0x000000042ec00000|  0%| F|  |TAMS 0x000000042ea00000, 0x000000042ea00000| Untracked 
|  13|0x000000042ec00000, 0x000000042ec00000, 0x000000042ee00000|  0%| F|  |TAMS 0x000000042ec00000, 0x000000042ec00000| Untracked 
|  14|0x000000042ee00000, 0x000000042ee00000, 0x000000042f000000|  0%| F|  |TAMS 0x000000042ee00000, 0x000000042ee00000| Untracked 
|  15|0x000000042f000000, 0x000000042f000000, 0x000000042f200000|  0%| F|  |TAMS 0x000000042f000000, 0x000000042f000000| Untracked 
|  16|0x000000042f200000, 0x000000042f200000, 0x000000042f400000|  0%| F|  |TAMS 0x000000042f200000, 0x000000042f200000| Untracked 
|  17|0x000000042f400000, 0x000000042f400000, 0x000000042f600000|  0%| F|  |TAMS 0x000000042f400000, 0x000000042f400000| Untracked 
|  18|0x000000042f600000, 0x000000042f600000, 0x000000042f800000|  0%| F|  |TAMS 0x000000042f600000, 0x000000042f600000| Untracked 
|  19|0x000000042f800000, 0x000000042f800000, 0x000000042fa00000|  0%| F|  |TAMS 0x000000042f800000, 0x000000042f800000| Untracked 
|  20|0x000000042fa00000, 0x000000042fa00000, 0x000000042fc00000|  0%| F|  |TAMS 0x000000042fa00000, 0x000000042fa00000| Untracked 
|  21|0x000000042fc00000, 0x000000042fc00000, 0x000000042fe00000|  0%| F|  |TAMS 0x000000042fc00000, 0x000000042fc00000| Untracked 
|  22|0x000000042fe00000, 0x000000042fe00000, 0x0000000430000000|  0%| F|  |TAMS 0x000000042fe00000, 0x000000042fe00000| Untracked 
|  23|0x0000000430000000, 0x0000000430000000, 0x0000000430200000|  0%| F|  |TAMS 0x0000000430000000, 0x0000000430000000| Untracked 
|  24|0x0000000430200000, 0x0000000430200000, 0x0000000430400000|  0%| F|  |TAMS 0x0000000430200000, 0x0000000430200000| Untracked 
|  25|0x0000000430400000, 0x0000000430400000, 0x0000000430600000|  0%| F|  |TAMS 0x0000000430400000, 0x0000000430400000| Untracked 
|  26|0x0000000430600000, 0x0000000430600000, 0x0000000430800000|  0%| F|  |TAMS 0x0000000430600000, 0x0000000430600000| Untracked 
|  27|0x0000000430800000, 0x0000000430800000, 0x0000000430a00000|  0%| F|  |TAMS 0x0000000430800000, 0x0000000430800000| Untracked 
|  28|0x0000000430a00000, 0x0000000430a00000, 0x0000000430c00000|  0%| F|  |TAMS 0x0000000430a00000, 0x0000000430a00000| Untracked 
|  29|0x0000000430c00000, 0x0000000430c00000, 0x0000000430e00000|  0%| F|  |TAMS 0x0000000430c00000, 0x0000000430c00000| Untracked 
|  30|0x0000000430e00000, 0x0000000430e00000, 0x0000000431000000|  0%| F|  |TAMS 0x0000000430e00000, 0x0000000430e00000| Untracked 
|  31|0x0000000431000000, 0x0000000431000000, 0x0000000431200000|  0%| F|  |TAMS 0x0000000431000000, 0x0000000431000000| Untracked 
|  32|0x0000000431200000, 0x0000000431200000, 0x0000000431400000|  0%| F|  |TAMS 0x0000000431200000, 0x0000000431200000| Untracked 
|  33|0x0000000431400000, 0x0000000431400000, 0x0000000431600000|  0%| F|  |TAMS 0x0000000431400000, 0x0000000431400000| Untracked 
|  34|0x0000000431600000, 0x0000000431600000, 0x0000000431800000|  0%| F|  |TAMS 0x0000000431600000, 0x0000000431600000| Untracked 
|  35|0x0000000431800000, 0x0000000431800000, 0x0000000431a00000|  0%| F|  |TAMS 0x0000000431800000, 0x0000000431800000| Untracked 
|  36|0x0000000431a00000, 0x0000000431a00000, 0x0000000431c00000|  0%| F|  |TAMS 0x0000000431a00000, 0x0000000431a00000| Untracked 
|  37|0x0000000431c00000, 0x0000000431c00000, 0x0000000431e00000|  0%| F|  |TAMS 0x0000000431c00000, 0x0000000431c00000| Untracked 
|  38|0x0000000431e00000, 0x0000000431e00000, 0x0000000432000000|  0%| F|  |TAMS 0x0000000431e00000, 0x0000000431e00000| Untracked 
|  39|0x0000000432000000, 0x0000000432000000, 0x0000000432200000|  0%| F|  |TAMS 0x0000000432000000, 0x0000000432000000| Untracked 
|  40|0x0000000432200000, 0x0000000432200000, 0x0000000432400000|  0%| F|  |TAMS 0x0000000432200000, 0x0000000432200000| Untracked 
|  41|0x0000000432400000, 0x0000000432400000, 0x0000000432600000|  0%| F|  |TAMS 0x0000000432400000, 0x0000000432400000| Untracked 
|  42|0x0000000432600000, 0x0000000432600000, 0x0000000432800000|  0%| F|  |TAMS 0x0000000432600000, 0x0000000432600000| Untracked 
|  43|0x0000000432800000, 0x0000000432800000, 0x0000000432a00000|  0%| F|  |TAMS 0x0000000432800000, 0x0000000432800000| Untracked 
|  44|0x0000000432a00000, 0x0000000432a00000, 0x0000000432c00000|  0%| F|  |TAMS 0x0000000432a00000, 0x0000000432a00000| Untracked 
|  45|0x0000000432c00000, 0x0000000432c00000, 0x0000000432e00000|  0%| F|  |TAMS 0x0000000432c00000, 0x0000000432c00000| Untracked 
|  46|0x0000000432e00000, 0x0000000432e00000, 0x0000000433000000|  0%| F|  |TAMS 0x0000000432e00000, 0x0000000432e00000| Untracked 
|  47|0x0000000433000000, 0x0000000433000000, 0x0000000433200000|  0%| F|  |TAMS 0x0000000433000000, 0x0000000433000000| Untracked 
|  48|0x0000000433200000, 0x0000000433200000, 0x0000000433400000|  0%| F|  |TAMS 0x0000000433200000, 0x0000000433200000| Untracked 
|  49|0x0000000433400000, 0x0000000433400000, 0x0000000433600000|  0%| F|  |TAMS 0x0000000433400000, 0x0000000433400000| Untracked 
|  50|0x0000000433600000, 0x0000000433600000, 0x0000000433800000|  0%| F|  |TAMS 0x0000000433600000, 0x0000000433600000| Untracked 
|  51|0x0000000433800000, 0x0000000433800000, 0x0000000433a00000|  0%| F|  |TAMS 0x0000000433800000, 0x0000000433800000| Untracked 
|  52|0x0000000433a00000, 0x0000000433a00000, 0x0000000433c00000|  0%| F|  |TAMS 0x0000000433a00000, 0x0000000433a00000| Untracked 
|  53|0x0000000433c00000, 0x0000000433c00000, 0x0000000433e00000|  0%| F|  |TAMS 0x0000000433c00000, 0x0000000433c00000| Untracked 
|  54|0x0000000433e00000, 0x0000000433e00000, 0x0000000434000000|  0%| F|  |TAMS 0x0000000433e00000, 0x0000000433e00000| Untracked 
|  55|0x0000000434000000, 0x0000000434000000, 0x0000000434200000|  0%| F|  |TAMS 0x0000000434000000, 0x0000000434000000| Untracked 
|  56|0x0000000434200000, 0x0000000434200000, 0x0000000434400000|  0%| F|  |TAMS 0x0000000434200000, 0x0000000434200000| Untracked 
|  57|0x0000000434400000, 0x0000000434400000, 0x0000000434600000|  0%| F|  |TAMS 0x0000000434400000, 0x0000000434400000| Untracked 
|  58|0x0000000434600000, 0x0000000434600000, 0x0000000434800000|  0%| F|  |TAMS 0x0000000434600000, 0x0000000434600000| Untracked 
|  59|0x0000000434800000, 0x0000000434800000, 0x0000000434a00000|  0%| F|  |TAMS 0x0000000434800000, 0x0000000434800000| Untracked 
|  60|0x0000000434a00000, 0x0000000434a00000, 0x0000000434c00000|  0%| F|  |TAMS 0x0000000434a00000, 0x0000000434a00000| Untracked 
|  61|0x0000000434c00000, 0x0000000434c00000, 0x0000000434e00000|  0%| F|  |TAMS 0x0000000434c00000, 0x0000000434c00000| Untracked 
|  62|0x0000000434e00000, 0x0000000434e00000, 0x0000000435000000|  0%| F|  |TAMS 0x0000000434e00000, 0x0000000434e00000| Untracked 
|  63|0x0000000435000000, 0x0000000435000000, 0x0000000435200000|  0%| F|  |TAMS 0x0000000435000000, 0x0000000435000000| Untracked 
|  64|0x0000000435200000, 0x0000000435200000, 0x0000000435400000|  0%| F|  |TAMS 0x0000000435200000, 0x0000000435200000| Untracked 
|  65|0x0000000435400000, 0x0000000435400000, 0x0000000435600000|  0%| F|  |TAMS 0x0000000435400000, 0x0000000435400000| Untracked 
|  66|0x0000000435600000, 0x0000000435600000, 0x0000000435800000|  0%| F|  |TAMS 0x0000000435600000, 0x0000000435600000| Untracked 
|  67|0x0000000435800000, 0x0000000435800000, 0x0000000435a00000|  0%| F|  |TAMS 0x0000000435800000, 0x0000000435800000| Untracked 
|  68|0x0000000435a00000, 0x0000000435a00000, 0x0000000435c00000|  0%| F|  |TAMS 0x0000000435a00000, 0x0000000435a00000| Untracked 
|  69|0x0000000435c00000, 0x0000000435c00000, 0x0000000435e00000|  0%| F|  |TAMS 0x0000000435c00000, 0x0000000435c00000| Untracked 
|  70|0x0000000435e00000, 0x0000000435e00000, 0x0000000436000000|  0%| F|  |TAMS 0x0000000435e00000, 0x0000000435e00000| Untracked 
|  71|0x0000000436000000, 0x0000000436000000, 0x0000000436200000|  0%| F|  |TAMS 0x0000000436000000, 0x0000000436000000| Untracked 
|  72|0x0000000436200000, 0x0000000436200000, 0x0000000436400000|  0%| F|  |TAMS 0x0000000436200000, 0x0000000436200000| Untracked 
|  73|0x0000000436400000, 0x0000000436400000, 0x0000000436600000|  0%| F|  |TAMS 0x0000000436400000, 0x0000000436400000| Untracked 
|  74|0x0000000436600000, 0x0000000436600000, 0x0000000436800000|  0%| F|  |TAMS 0x0000000436600000, 0x0000000436600000| Untracked 
|  75|0x0000000436800000, 0x0000000436800000, 0x0000000436a00000|  0%| F|  |TAMS 0x0000000436800000, 0x0000000436800000| Untracked 
|  76|0x0000000436a00000, 0x0000000436a00000, 0x0000000436c00000|  0%| F|  |TAMS 0x0000000436a00000, 0x0000000436a00000| Untracked 
|  77|0x0000000436c00000, 0x0000000436c00000, 0x0000000436e00000|  0%| F|  |TAMS 0x0000000436c00000, 0x0000000436c00000| Untracked 
|  78|0x0000000436e00000, 0x0000000436e00000, 0x0000000437000000|  0%| F|  |TAMS 0x0000000436e00000, 0x0000000436e00000| Untracked 
|  79|0x0000000437000000, 0x0000000437000000, 0x0000000437200000|  0%| F|  |TAMS 0x0000000437000000, 0x0000000437000000| Untracked 
|  80|0x0000000437200000, 0x0000000437200000, 0x0000000437400000|  0%| F|  |TAMS 0x0000000437200000, 0x0000000437200000| Untracked 
|  81|0x0000000437400000, 0x0000000437400000, 0x0000000437600000|  0%| F|  |TAMS 0x0000000437400000, 0x0000000437400000| Untracked 
|  82|0x0000000437600000, 0x0000000437600000, 0x0000000437800000|  0%| F|  |TAMS 0x0000000437600000, 0x0000000437600000| Untracked 
|  83|0x0000000437800000, 0x0000000437800000, 0x0000000437a00000|  0%| F|  |TAMS 0x0000000437800000, 0x0000000437800000| Untracked 
|  84|0x0000000437a00000, 0x0000000437a00000, 0x0000000437c00000|  0%| F|  |TAMS 0x0000000437a00000, 0x0000000437a00000| Untracked 
|  85|0x0000000437c00000, 0x0000000437c00000, 0x0000000437e00000|  0%| F|  |TAMS 0x0000000437c00000, 0x0000000437c00000| Untracked 
|  86|0x0000000437e00000, 0x0000000437e00000, 0x0000000438000000|  0%| F|  |TAMS 0x0000000437e00000, 0x0000000437e00000| Untracked 
|  87|0x0000000438000000, 0x0000000438000000, 0x0000000438200000|  0%| F|  |TAMS 0x0000000438000000, 0x0000000438000000| Untracked 
|  88|0x0000000438200000, 0x0000000438200000, 0x0000000438400000|  0%| F|  |TAMS 0x0000000438200000, 0x0000000438200000| Untracked 
|  89|0x0000000438400000, 0x0000000438400000, 0x0000000438600000|  0%| F|  |TAMS 0x0000000438400000, 0x0000000438400000| Untracked 
|  90|0x0000000438600000, 0x0000000438600000, 0x0000000438800000|  0%| F|  |TAMS 0x0000000438600000, 0x0000000438600000| Untracked 
|  91|0x0000000438800000, 0x0000000438800000, 0x0000000438a00000|  0%| F|  |TAMS 0x0000000438800000, 0x0000000438800000| Untracked 
|  92|0x0000000438a00000, 0x0000000438a00000, 0x0000000438c00000|  0%| F|  |TAMS 0x0000000438a00000, 0x0000000438a00000| Untracked 
|  93|0x0000000438c00000, 0x0000000438c00000, 0x0000000438e00000|  0%| F|  |TAMS 0x0000000438c00000, 0x0000000438c00000| Untracked 
|  94|0x0000000438e00000, 0x0000000438e00000, 0x0000000439000000|  0%| F|  |TAMS 0x0000000438e00000, 0x0000000438e00000| Untracked 
|  95|0x0000000439000000, 0x0000000439000000, 0x0000000439200000|  0%| F|  |TAMS 0x0000000439000000, 0x0000000439000000| Untracked 
|  96|0x0000000439200000, 0x0000000439200000, 0x0000000439400000|  0%| F|  |TAMS 0x0000000439200000, 0x0000000439200000| Untracked 
|  97|0x0000000439400000, 0x0000000439400000, 0x0000000439600000|  0%| F|  |TAMS 0x0000000439400000, 0x0000000439400000| Untracked 
|  98|0x0000000439600000, 0x0000000439600000, 0x0000000439800000|  0%| F|  |TAMS 0x0000000439600000, 0x0000000439600000| Untracked 
|  99|0x0000000439800000, 0x0000000439800000, 0x0000000439a00000|  0%| F|  |TAMS 0x0000000439800000, 0x0000000439800000| Untracked 
| 100|0x0000000439a00000, 0x0000000439a00000, 0x0000000439c00000|  0%| F|  |TAMS 0x0000000439a00000, 0x0000000439a00000| Untracked 
| 101|0x0000000439c00000, 0x0000000439c00000, 0x0000000439e00000|  0%| F|  |TAMS 0x0000000439c00000, 0x0000000439c00000| Untracked 
| 102|0x0000000439e00000, 0x0000000439e00000, 0x000000043a000000|  0%| F|  |TAMS 0x0000000439e00000, 0x0000000439e00000| Untracked 
| 103|0x000000043a000000, 0x000000043a000000, 0x000000043a200000|  0%| F|  |TAMS 0x000000043a000000, 0x000000043a000000| Untracked 
| 104|0x000000043a200000, 0x000000043a200000, 0x000000043a400000|  0%| F|  |TAMS 0x000000043a200000, 0x000000043a200000| Untracked 
| 105|0x000000043a400000, 0x000000043a400000, 0x000000043a600000|  0%| F|  |TAMS 0x000000043a400000, 0x000000043a400000| Untracked 
| 106|0x000000043a600000, 0x000000043a600000, 0x000000043a800000|  0%| F|  |TAMS 0x000000043a600000, 0x000000043a600000| Untracked 
| 107|0x000000043a800000, 0x000000043a800000, 0x000000043aa00000|  0%| F|  |TAMS 0x000000043a800000, 0x000000043a800000| Untracked 
| 108|0x000000043aa00000, 0x000000043aa00000, 0x000000043ac00000|  0%| F|  |TAMS 0x000000043aa00000, 0x000000043aa00000| Untracked 
| 109|0x000000043ac00000, 0x000000043ac00000, 0x000000043ae00000|  0%| F|  |TAMS 0x000000043ac00000, 0x000000043ac00000| Untracked 
| 110|0x000000043ae00000, 0x000000043ae00000, 0x000000043b000000|  0%| F|  |TAMS 0x000000043ae00000, 0x000000043ae00000| Untracked 
| 111|0x000000043b000000, 0x000000043b000000, 0x000000043b200000|  0%| F|  |TAMS 0x000000043b000000, 0x000000043b000000| Untracked 
| 112|0x000000043b200000, 0x000000043b200000, 0x000000043b400000|  0%| F|  |TAMS 0x000000043b200000, 0x000000043b200000| Untracked 
| 113|0x000000043b400000, 0x000000043b400000, 0x000000043b600000|  0%| F|  |TAMS 0x000000043b400000, 0x000000043b400000| Untracked 
| 114|0x000000043b600000, 0x000000043b600000, 0x000000043b800000|  0%| F|  |TAMS 0x000000043b600000, 0x000000043b600000| Untracked 
| 115|0x000000043b800000, 0x000000043b800000, 0x000000043ba00000|  0%| F|  |TAMS 0x000000043b800000, 0x000000043b800000| Untracked 
| 116|0x000000043ba00000, 0x000000043ba00000, 0x000000043bc00000|  0%| F|  |TAMS 0x000000043ba00000, 0x000000043ba00000| Untracked 
| 117|0x000000043bc00000, 0x000000043bc00000, 0x000000043be00000|  0%| F|  |TAMS 0x000000043bc00000, 0x000000043bc00000| Untracked 
| 118|0x000000043be00000, 0x000000043be00000, 0x000000043c000000|  0%| F|  |TAMS 0x000000043be00000, 0x000000043be00000| Untracked 
| 119|0x000000043c000000, 0x000000043c000000, 0x000000043c200000|  0%| F|  |TAMS 0x000000043c000000, 0x000000043c000000| Untracked 
| 120|0x000000043c200000, 0x000000043c200000, 0x000000043c400000|  0%| F|  |TAMS 0x000000043c200000, 0x000000043c200000| Untracked 
| 121|0x000000043c400000, 0x000000043c400000, 0x000000043c600000|  0%| F|  |TAMS 0x000000043c400000, 0x000000043c400000| Untracked 
| 122|0x000000043c600000, 0x000000043c600000, 0x000000043c800000|  0%| F|  |TAMS 0x000000043c600000, 0x000000043c600000| Untracked 
| 123|0x000000043c800000, 0x000000043c800000, 0x000000043ca00000|  0%| F|  |TAMS 0x000000043c800000, 0x000000043c800000| Untracked 
| 124|0x000000043ca00000, 0x000000043ca00000, 0x000000043cc00000|  0%| F|  |TAMS 0x000000043ca00000, 0x000000043ca00000| Untracked 
| 125|0x000000043cc00000, 0x000000043cc00000, 0x000000043ce00000|  0%| F|  |TAMS 0x000000043cc00000, 0x000000043cc00000| Untracked 
| 126|0x000000043ce00000, 0x000000043ce00000, 0x000000043d000000|  0%| F|  |TAMS 0x000000043ce00000, 0x000000043ce00000| Untracked 
| 127|0x000000043d000000, 0x000000043d000000, 0x000000043d200000|  0%| F|  |TAMS 0x000000043d000000, 0x000000043d000000| Untracked 
| 128|0x000000043d200000, 0x000000043d200000, 0x000000043d400000|  0%| F|  |TAMS 0x000000043d200000, 0x000000043d200000| Untracked 
| 129|0x000000043d400000, 0x000000043d400000, 0x000000043d600000|  0%| F|  |TAMS 0x000000043d400000, 0x000000043d400000| Untracked 
| 130|0x000000043d600000, 0x000000043d600000, 0x000000043d800000|  0%| F|  |TAMS 0x000000043d600000, 0x000000043d600000| Untracked 
| 131|0x000000043d800000, 0x000000043d800000, 0x000000043da00000|  0%| F|  |TAMS 0x000000043d800000, 0x000000043d800000| Untracked 
| 132|0x000000043da00000, 0x000000043da00000, 0x000000043dc00000|  0%| F|  |TAMS 0x000000043da00000, 0x000000043da00000| Untracked 
| 133|0x000000043dc00000, 0x000000043dc00000, 0x000000043de00000|  0%| F|  |TAMS 0x000000043dc00000, 0x000000043dc00000| Untracked 
| 134|0x000000043de00000, 0x000000043de00000, 0x000000043e000000|  0%| F|  |TAMS 0x000000043de00000, 0x000000043de00000| Untracked 
| 135|0x000000043e000000, 0x000000043e000000, 0x000000043e200000|  0%| F|  |TAMS 0x000000043e000000, 0x000000043e000000| Untracked 
| 136|0x000000043e200000, 0x000000043e200000, 0x000000043e400000|  0%| F|  |TAMS 0x000000043e200000, 0x000000043e200000| Untracked 
| 137|0x000000043e400000, 0x000000043e400000, 0x000000043e600000|  0%| F|  |TAMS 0x000000043e400000, 0x000000043e400000| Untracked 
| 138|0x000000043e600000, 0x000000043e600000, 0x000000043e800000|  0%| F|  |TAMS 0x000000043e600000, 0x000000043e600000| Untracked 
| 139|0x000000043e800000, 0x000000043e800000, 0x000000043ea00000|  0%| F|  |TAMS 0x000000043e800000, 0x000000043e800000| Untracked 
| 140|0x000000043ea00000, 0x000000043ea00000, 0x000000043ec00000|  0%| F|  |TAMS 0x000000043ea00000, 0x000000043ea00000| Untracked 
| 141|0x000000043ec00000, 0x000000043ec00000, 0x000000043ee00000|  0%| F|  |TAMS 0x000000043ec00000, 0x000000043ec00000| Untracked 
| 142|0x000000043ee00000, 0x000000043ee00000, 0x000000043f000000|  0%| F|  |TAMS 0x000000043ee00000, 0x000000043ee00000| Untracked 
| 143|0x000000043f000000, 0x000000043f000000, 0x000000043f200000|  0%| F|  |TAMS 0x000000043f000000, 0x000000043f000000| Untracked 
| 144|0x000000043f200000, 0x000000043f200000, 0x000000043f400000|  0%| F|  |TAMS 0x000000043f200000, 0x000000043f200000| Untracked 
| 145|0x000000043f400000, 0x000000043f400000, 0x000000043f600000|  0%| F|  |TAMS 0x000000043f400000, 0x000000043f400000| Untracked 
| 146|0x000000043f600000, 0x000000043f600000, 0x000000043f800000|  0%| F|  |TAMS 0x000000043f600000, 0x000000043f600000| Untracked 
| 147|0x000000043f800000, 0x000000043f800000, 0x000000043fa00000|  0%| F|  |TAMS 0x000000043f800000, 0x000000043f800000| Untracked 
| 148|0x000000043fa00000, 0x000000043fa00000, 0x000000043fc00000|  0%| F|  |TAMS 0x000000043fa00000, 0x000000043fa00000| Untracked 
| 149|0x000000043fc00000, 0x000000043fc00000, 0x000000043fe00000|  0%| F|  |TAMS 0x000000043fc00000, 0x000000043fc00000| Untracked 
| 150|0x000000043fe00000, 0x000000043fe00000, 0x0000000440000000|  0%| F|  |TAMS 0x000000043fe00000, 0x000000043fe00000| Untracked 
| 151|0x0000000440000000, 0x0000000440000000, 0x0000000440200000|  0%| F|  |TAMS 0x0000000440000000, 0x0000000440000000| Untracked 
| 152|0x0000000440200000, 0x0000000440200000, 0x0000000440400000|  0%| F|  |TAMS 0x0000000440200000, 0x0000000440200000| Untracked 
| 153|0x0000000440400000, 0x0000000440400000, 0x0000000440600000|  0%| F|  |TAMS 0x0000000440400000, 0x0000000440400000| Untracked 
| 154|0x0000000440600000, 0x0000000440600000, 0x0000000440800000|  0%| F|  |TAMS 0x0000000440600000, 0x0000000440600000| Untracked 
| 155|0x0000000440800000, 0x0000000440800000, 0x0000000440a00000|  0%| F|  |TAMS 0x0000000440800000, 0x0000000440800000| Untracked 
| 156|0x0000000440a00000, 0x0000000440a00000, 0x0000000440c00000|  0%| F|  |TAMS 0x0000000440a00000, 0x0000000440a00000| Untracked 
| 157|0x0000000440c00000, 0x0000000440c00000, 0x0000000440e00000|  0%| F|  |TAMS 0x0000000440c00000, 0x0000000440c00000| Untracked 
| 158|0x0000000440e00000, 0x0000000440e00000, 0x0000000441000000|  0%| F|  |TAMS 0x0000000440e00000, 0x0000000440e00000| Untracked 
| 159|0x0000000441000000, 0x0000000441000000, 0x0000000441200000|  0%| F|  |TAMS 0x0000000441000000, 0x0000000441000000| Untracked 
| 160|0x0000000441200000, 0x0000000441200000, 0x0000000441400000|  0%| F|  |TAMS 0x0000000441200000, 0x0000000441200000| Untracked 
| 161|0x0000000441400000, 0x0000000441400000, 0x0000000441600000|  0%| F|  |TAMS 0x0000000441400000, 0x0000000441400000| Untracked 
| 162|0x0000000441600000, 0x0000000441600000, 0x0000000441800000|  0%| F|  |TAMS 0x0000000441600000, 0x0000000441600000| Untracked 
| 163|0x0000000441800000, 0x0000000441800000, 0x0000000441a00000|  0%| F|  |TAMS 0x0000000441800000, 0x0000000441800000| Untracked 
| 164|0x0000000441a00000, 0x0000000441a00000, 0x0000000441c00000|  0%| F|  |TAMS 0x0000000441a00000, 0x0000000441a00000| Untracked 
| 165|0x0000000441c00000, 0x0000000441c00000, 0x0000000441e00000|  0%| F|  |TAMS 0x0000000441c00000, 0x0000000441c00000| Untracked 
| 166|0x0000000441e00000, 0x0000000441e00000, 0x0000000442000000|  0%| F|  |TAMS 0x0000000441e00000, 0x0000000441e00000| Untracked 
| 167|0x0000000442000000, 0x0000000442000000, 0x0000000442200000|  0%| F|  |TAMS 0x0000000442000000, 0x0000000442000000| Untracked 
| 168|0x0000000442200000, 0x0000000442200000, 0x0000000442400000|  0%| F|  |TAMS 0x0000000442200000, 0x0000000442200000| Untracked 
| 169|0x0000000442400000, 0x0000000442400000, 0x0000000442600000|  0%| F|  |TAMS 0x0000000442400000, 0x0000000442400000| Untracked 
| 170|0x0000000442600000, 0x0000000442600000, 0x0000000442800000|  0%| F|  |TAMS 0x0000000442600000, 0x0000000442600000| Untracked 
| 171|0x0000000442800000, 0x0000000442800000, 0x0000000442a00000|  0%| F|  |TAMS 0x0000000442800000, 0x0000000442800000| Untracked 
| 172|0x0000000442a00000, 0x0000000442a00000, 0x0000000442c00000|  0%| F|  |TAMS 0x0000000442a00000, 0x0000000442a00000| Untracked 
| 173|0x0000000442c00000, 0x0000000442c00000, 0x0000000442e00000|  0%| F|  |TAMS 0x0000000442c00000, 0x0000000442c00000| Untracked 
| 174|0x0000000442e00000, 0x0000000442e00000, 0x0000000443000000|  0%| F|  |TAMS 0x0000000442e00000, 0x0000000442e00000| Untracked 
| 175|0x0000000443000000, 0x0000000443000000, 0x0000000443200000|  0%| F|  |TAMS 0x0000000443000000, 0x0000000443000000| Untracked 
| 176|0x0000000443200000, 0x0000000443200000, 0x0000000443400000|  0%| F|  |TAMS 0x0000000443200000, 0x0000000443200000| Untracked 
| 177|0x0000000443400000, 0x0000000443400000, 0x0000000443600000|  0%| F|  |TAMS 0x0000000443400000, 0x0000000443400000| Untracked 
| 178|0x0000000443600000, 0x0000000443600000, 0x0000000443800000|  0%| F|  |TAMS 0x0000000443600000, 0x0000000443600000| Untracked 
| 179|0x0000000443800000, 0x0000000443800000, 0x0000000443a00000|  0%| F|  |TAMS 0x0000000443800000, 0x0000000443800000| Untracked 
| 180|0x0000000443a00000, 0x0000000443a00000, 0x0000000443c00000|  0%| F|  |TAMS 0x0000000443a00000, 0x0000000443a00000| Untracked 
| 181|0x0000000443c00000, 0x0000000443c00000, 0x0000000443e00000|  0%| F|  |TAMS 0x0000000443c00000, 0x0000000443c00000| Untracked 
| 182|0x0000000443e00000, 0x0000000443e00000, 0x0000000444000000|  0%| F|  |TAMS 0x0000000443e00000, 0x0000000443e00000| Untracked 
| 183|0x0000000444000000, 0x0000000444000000, 0x0000000444200000|  0%| F|  |TAMS 0x0000000444000000, 0x0000000444000000| Untracked 
| 184|0x0000000444200000, 0x0000000444200000, 0x0000000444400000|  0%| F|  |TAMS 0x0000000444200000, 0x0000000444200000| Untracked 
| 185|0x0000000444400000, 0x0000000444400000, 0x0000000444600000|  0%| F|  |TAMS 0x0000000444400000, 0x0000000444400000| Untracked 
| 186|0x0000000444600000, 0x0000000444600000, 0x0000000444800000|  0%| F|  |TAMS 0x0000000444600000, 0x0000000444600000| Untracked 
| 187|0x0000000444800000, 0x0000000444800000, 0x0000000444a00000|  0%| F|  |TAMS 0x0000000444800000, 0x0000000444800000| Untracked 
| 188|0x0000000444a00000, 0x0000000444a00000, 0x0000000444c00000|  0%| F|  |TAMS 0x0000000444a00000, 0x0000000444a00000| Untracked 
| 189|0x0000000444c00000, 0x0000000444c00000, 0x0000000444e00000|  0%| F|  |TAMS 0x0000000444c00000, 0x0000000444c00000| Untracked 
| 190|0x0000000444e00000, 0x0000000444e00000, 0x0000000445000000|  0%| F|  |TAMS 0x0000000444e00000, 0x0000000444e00000| Untracked 
| 191|0x0000000445000000, 0x0000000445000000, 0x0000000445200000|  0%| F|  |TAMS 0x0000000445000000, 0x0000000445000000| Untracked 
| 192|0x0000000445200000, 0x0000000445200000, 0x0000000445400000|  0%| F|  |TAMS 0x0000000445200000, 0x0000000445200000| Untracked 
| 193|0x0000000445400000, 0x0000000445400000, 0x0000000445600000|  0%| F|  |TAMS 0x0000000445400000, 0x0000000445400000| Untracked 
| 194|0x0000000445600000, 0x0000000445600000, 0x0000000445800000|  0%| F|  |TAMS 0x0000000445600000, 0x0000000445600000| Untracked 
| 195|0x0000000445800000, 0x0000000445800000, 0x0000000445a00000|  0%| F|  |TAMS 0x0000000445800000, 0x0000000445800000| Untracked 
| 196|0x0000000445a00000, 0x0000000445a00000, 0x0000000445c00000|  0%| F|  |TAMS 0x0000000445a00000, 0x0000000445a00000| Untracked 
| 197|0x0000000445c00000, 0x0000000445c00000, 0x0000000445e00000|  0%| F|  |TAMS 0x0000000445c00000, 0x0000000445c00000| Untracked 
| 198|0x0000000445e00000, 0x0000000445e00000, 0x0000000446000000|  0%| F|  |TAMS 0x0000000445e00000, 0x0000000445e00000| Untracked 
| 199|0x0000000446000000, 0x0000000446000000, 0x0000000446200000|  0%| F|  |TAMS 0x0000000446000000, 0x0000000446000000| Untracked 
| 200|0x0000000446200000, 0x0000000446200000, 0x0000000446400000|  0%| F|  |TAMS 0x0000000446200000, 0x0000000446200000| Untracked 
| 201|0x0000000446400000, 0x0000000446400000, 0x0000000446600000|  0%| F|  |TAMS 0x0000000446400000, 0x0000000446400000| Untracked 
| 202|0x0000000446600000, 0x0000000446600000, 0x0000000446800000|  0%| F|  |TAMS 0x0000000446600000, 0x0000000446600000| Untracked 
| 203|0x0000000446800000, 0x0000000446800000, 0x0000000446a00000|  0%| F|  |TAMS 0x0000000446800000, 0x0000000446800000| Untracked 
| 204|0x0000000446a00000, 0x0000000446a00000, 0x0000000446c00000|  0%| F|  |TAMS 0x0000000446a00000, 0x0000000446a00000| Untracked 
| 205|0x0000000446c00000, 0x0000000446c00000, 0x0000000446e00000|  0%| F|  |TAMS 0x0000000446c00000, 0x0000000446c00000| Untracked 
| 206|0x0000000446e00000, 0x0000000446e00000, 0x0000000447000000|  0%| F|  |TAMS 0x0000000446e00000, 0x0000000446e00000| Untracked 
| 207|0x0000000447000000, 0x0000000447000000, 0x0000000447200000|  0%| F|  |TAMS 0x0000000447000000, 0x0000000447000000| Untracked 
| 208|0x0000000447200000, 0x0000000447200000, 0x0000000447400000|  0%| F|  |TAMS 0x0000000447200000, 0x0000000447200000| Untracked 
| 209|0x0000000447400000, 0x0000000447400000, 0x0000000447600000|  0%| F|  |TAMS 0x0000000447400000, 0x0000000447400000| Untracked 
| 210|0x0000000447600000, 0x0000000447600000, 0x0000000447800000|  0%| F|  |TAMS 0x0000000447600000, 0x0000000447600000| Untracked 
| 211|0x0000000447800000, 0x0000000447800000, 0x0000000447a00000|  0%| F|  |TAMS 0x0000000447800000, 0x0000000447800000| Untracked 
| 212|0x0000000447a00000, 0x0000000447a00000, 0x0000000447c00000|  0%| F|  |TAMS 0x0000000447a00000, 0x0000000447a00000| Untracked 
| 213|0x0000000447c00000, 0x0000000447c00000, 0x0000000447e00000|  0%| F|  |TAMS 0x0000000447c00000, 0x0000000447c00000| Untracked 
| 214|0x0000000447e00000, 0x0000000447e00000, 0x0000000448000000|  0%| F|  |TAMS 0x0000000447e00000, 0x0000000447e00000| Untracked 
| 215|0x0000000448000000, 0x0000000448000000, 0x0000000448200000|  0%| F|  |TAMS 0x0000000448000000, 0x0000000448000000| Untracked 
| 216|0x0000000448200000, 0x0000000448200000, 0x0000000448400000|  0%| F|  |TAMS 0x0000000448200000, 0x0000000448200000| Untracked 
| 217|0x0000000448400000, 0x0000000448400000, 0x0000000448600000|  0%| F|  |TAMS 0x0000000448400000, 0x0000000448400000| Untracked 
| 218|0x0000000448600000, 0x0000000448600000, 0x0000000448800000|  0%| F|  |TAMS 0x0000000448600000, 0x0000000448600000| Untracked 
| 219|0x0000000448800000, 0x0000000448800000, 0x0000000448a00000|  0%| F|  |TAMS 0x0000000448800000, 0x0000000448800000| Untracked 
| 220|0x0000000448a00000, 0x0000000448a00000, 0x0000000448c00000|  0%| F|  |TAMS 0x0000000448a00000, 0x0000000448a00000| Untracked 
| 221|0x0000000448c00000, 0x0000000448c00000, 0x0000000448e00000|  0%| F|  |TAMS 0x0000000448c00000, 0x0000000448c00000| Untracked 
| 222|0x0000000448e00000, 0x0000000448e00000, 0x0000000449000000|  0%| F|  |TAMS 0x0000000448e00000, 0x0000000448e00000| Untracked 
| 223|0x0000000449000000, 0x0000000449000000, 0x0000000449200000|  0%| F|  |TAMS 0x0000000449000000, 0x0000000449000000| Untracked 
| 224|0x0000000449200000, 0x0000000449200000, 0x0000000449400000|  0%| F|  |TAMS 0x0000000449200000, 0x0000000449200000| Untracked 
| 225|0x0000000449400000, 0x0000000449400000, 0x0000000449600000|  0%| F|  |TAMS 0x0000000449400000, 0x0000000449400000| Untracked 
| 226|0x0000000449600000, 0x0000000449600000, 0x0000000449800000|  0%| F|  |TAMS 0x0000000449600000, 0x0000000449600000| Untracked 
| 227|0x0000000449800000, 0x0000000449800000, 0x0000000449a00000|  0%| F|  |TAMS 0x0000000449800000, 0x0000000449800000| Untracked 
| 228|0x0000000449a00000, 0x0000000449a00000, 0x0000000449c00000|  0%| F|  |TAMS 0x0000000449a00000, 0x0000000449a00000| Untracked 
| 229|0x0000000449c00000, 0x0000000449c00000, 0x0000000449e00000|  0%| F|  |TAMS 0x0000000449c00000, 0x0000000449c00000| Untracked 
| 230|0x0000000449e00000, 0x0000000449e00000, 0x000000044a000000|  0%| F|  |TAMS 0x0000000449e00000, 0x0000000449e00000| Untracked 
| 231|0x000000044a000000, 0x000000044a000000, 0x000000044a200000|  0%| F|  |TAMS 0x000000044a000000, 0x000000044a000000| Untracked 
| 232|0x000000044a200000, 0x000000044a200000, 0x000000044a400000|  0%| F|  |TAMS 0x000000044a200000, 0x000000044a200000| Untracked 
| 233|0x000000044a400000, 0x000000044a400000, 0x000000044a600000|  0%| F|  |TAMS 0x000000044a400000, 0x000000044a400000| Untracked 
| 234|0x000000044a600000, 0x000000044a600000, 0x000000044a800000|  0%| F|  |TAMS 0x000000044a600000, 0x000000044a600000| Untracked 
| 235|0x000000044a800000, 0x000000044a800000, 0x000000044aa00000|  0%| F|  |TAMS 0x000000044a800000, 0x000000044a800000| Untracked 
| 236|0x000000044aa00000, 0x000000044aa00000, 0x000000044ac00000|  0%| F|  |TAMS 0x000000044aa00000, 0x000000044aa00000| Untracked 
| 237|0x000000044ac00000, 0x000000044ac00000, 0x000000044ae00000|  0%| F|  |TAMS 0x000000044ac00000, 0x000000044ac00000| Untracked 
| 238|0x000000044ae00000, 0x000000044ae00000, 0x000000044b000000|  0%| F|  |TAMS 0x000000044ae00000, 0x000000044ae00000| Untracked 
| 239|0x000000044b000000, 0x000000044b000000, 0x000000044b200000|  0%| F|  |TAMS 0x000000044b000000, 0x000000044b000000| Untracked 
| 240|0x000000044b200000, 0x000000044b200000, 0x000000044b400000|  0%| F|  |TAMS 0x000000044b200000, 0x000000044b200000| Untracked 
| 241|0x000000044b400000, 0x000000044b400000, 0x000000044b600000|  0%| F|  |TAMS 0x000000044b400000, 0x000000044b400000| Untracked 
| 242|0x000000044b600000, 0x000000044b600000, 0x000000044b800000|  0%| F|  |TAMS 0x000000044b600000, 0x000000044b600000| Untracked 
| 243|0x000000044b800000, 0x000000044b800000, 0x000000044ba00000|  0%| F|  |TAMS 0x000000044b800000, 0x000000044b800000| Untracked 
| 244|0x000000044ba00000, 0x000000044ba00000, 0x000000044bc00000|  0%| F|  |TAMS 0x000000044ba00000, 0x000000044ba00000| Untracked 
| 245|0x000000044bc00000, 0x000000044bc00000, 0x000000044be00000|  0%| F|  |TAMS 0x000000044bc00000, 0x000000044bc00000| Untracked 
| 246|0x000000044be00000, 0x000000044be00000, 0x000000044c000000|  0%| F|  |TAMS 0x000000044be00000, 0x000000044be00000| Untracked 
| 247|0x000000044c000000, 0x000000044c1ef4b0, 0x000000044c200000| 96%| E|  |TAMS 0x000000044c000000, 0x000000044c000000| Complete 
| 248|0x000000044c200000, 0x000000044c400000, 0x000000044c400000|100%| E|CS|TAMS 0x000000044c200000, 0x000000044c200000| Complete 
| 249|0x000000044c400000, 0x000000044c600000, 0x000000044c600000|100%| E|CS|TAMS 0x000000044c400000, 0x000000044c400000| Complete 
| 250|0x000000044c600000, 0x000000044c800000, 0x000000044c800000|100%| E|CS|TAMS 0x000000044c600000, 0x000000044c600000| Complete 
| 251|0x000000044c800000, 0x000000044ca00000, 0x000000044ca00000|100%| E|CS|TAMS 0x000000044c800000, 0x000000044c800000| Complete 
| 252|0x000000044ca00000, 0x000000044cc00000, 0x000000044cc00000|100%| E|CS|TAMS 0x000000044ca00000, 0x000000044ca00000| Complete 
| 253|0x000000044cc00000, 0x000000044ce00000, 0x000000044ce00000|100%| E|CS|TAMS 0x000000044cc00000, 0x000000044cc00000| Complete 
| 254|0x000000044ce00000, 0x000000044d000000, 0x000000044d000000|100%| E|CS|TAMS 0x000000044ce00000, 0x000000044ce00000| Complete 

Card table byte_map: [0x0000020260bb0000,0x0000020261ba0000] _byte_map_base: 0x000002025ea47000

Marking Bits (Prev, Next): (CMBitMap*) 0x00000202460355d8, (CMBitMap*) 0x0000020246035618
 Prev Bits: [0x0000020262b90000, 0x000002026aaa0000)
 Next Bits: [0x000002026aaa0000, 0x00000202729b0000)

Polling page: 0x0000020246080000

Metaspace:

Usage:
  Non-class:      6.86 MB capacity,     5.40 MB ( 79%) used,     1.44 MB ( 21%) free+waste,    12.56 KB ( <1%) overhead. 
      Class:    713.00 KB capacity,   561.52 KB ( 79%) used,   144.73 KB ( 20%) free+waste,     6.75 KB ( <1%) overhead. 
       Both:      7.55 MB capacity,     5.95 MB ( 79%) used,     1.58 MB ( 21%) free+waste,    19.31 KB ( <1%) overhead. 

Virtual space:
  Non-class space:        8.00 MB reserved,       7.00 MB ( 88%) committed 
      Class space:        1.00 GB reserved,     768.00 KB ( <1%) committed 
             Both:        1.01 GB reserved,       7.75 MB ( <1%) committed 

Chunk freelists:
   Non-Class:  20.00 KB
       Class:  0 bytes
        Both:  20.00 KB

MaxMetaspaceSize: 17179869184.00 GB
CompressedClassSpaceSize: 1.00 GB

CodeHeap 'non-profiled nmethods': size=120000Kb used=285Kb max_used=285Kb free=119714Kb
 bounds [0x00000202579f0000, 0x0000020257c60000, 0x000002025ef20000]
CodeHeap 'profiled nmethods': size=120000Kb used=1586Kb max_used=1586Kb free=118413Kb
 bounds [0x00000202504c0000, 0x0000020250730000, 0x00000202579f0000]
CodeHeap 'non-nmethods': size=5760Kb used=1580Kb max_used=1594Kb free=4179Kb
 bounds [0x000002024ff20000, 0x0000020250190000, 0x00000202504c0000]
 total_blobs=1865 nmethods=907 adapters=871
 compilation: enabled
              stopped_count=0, restarted_count=0
 full_count=0

Compilation events (20 events):
Event: 1.170 Thread 0x00000202760aa800  892       3       java.lang.invoke.LambdaForm$Name::isParam (13 bytes)
Event: 1.170 Thread 0x00000202760aa800 nmethod 892 0x0000020250646d10 code [0x0000020250646ea0, 0x0000020250647018]
Event: 1.170 Thread 0x00000202760aa800  898  s    3       java.lang.StringBuffer::append (13 bytes)
Event: 1.171 Thread 0x00000202760aa800 nmethod 898 0x0000020250647090 code [0x0000020250647240, 0x0000020250647568]
Event: 1.173 Thread 0x00000202760aa800  899       3       jdk.internal.module.SystemModuleFinders$SystemModuleReader::find (54 bytes)
Event: 1.173 Thread 0x00000202760aa800 nmethod 899 0x0000020250647610 code [0x0000020250647920, 0x00000202506489f8]
Event: 1.174 Thread 0x00000202760aa800  900       3       jdk.internal.jimage.BasicImageReader::getAttributes (49 bytes)
Event: 1.175 Thread 0x00000202760aa800 nmethod 900 0x0000020250649010 code [0x0000020250649220, 0x0000020250649988]
Event: 1.175 Thread 0x00000202760aa800  901       3       jdk.internal.jimage.ImageLocation::verify (50 bytes)
Event: 1.175 Thread 0x00000202760aa800 nmethod 901 0x0000020250649b90 code [0x0000020250649dc0, 0x000002025064a548]
Event: 1.175 Thread 0x00000202760aa800  902       3       java.lang.AbstractStringBuilder::checkRange (63 bytes)
Event: 1.175 Thread 0x00000202760aa800 nmethod 902 0x000002025064a910 code [0x000002025064abc0, 0x000002025064b778]
Event: 1.177 Thread 0x00000202760aa800  903       3       java.nio.Buffer::remaining (10 bytes)
Event: 1.177 Thread 0x00000202760aa800 nmethod 903 0x000002025064bc10 code [0x000002025064bda0, 0x000002025064beb8]
Event: 1.177 Thread 0x00000202760aa800  904       3       org.lwjgl.system.MemoryStack::nmalloc (61 bytes)
Event: 1.177 Thread 0x00000202760aa800 nmethod 904 0x000002025064bf90 code [0x000002025064c140, 0x000002025064c428]
Event: 1.177 Thread 0x00000202760aa800  905       3       org.lwjgl.system.MemoryUtil::memAddress0 (11 bytes)
Event: 1.177 Thread 0x00000202760aa800 nmethod 905 0x000002025064c590 code [0x000002025064c720, 0x000002025064c8f8]
Event: 1.241 Thread 0x00000202760a9000  906       4       sun.misc.Unsafe::putInt (11 bytes)
Event: 1.242 Thread 0x00000202760a9000 nmethod 906 0x0000020257a37310 code [0x0000020257a374a0, 0x0000020257a37558]

GC Heap History (0 events):
No events

Deoptimization events (14 events):
Event: 0.112 Thread 0x00000202762c4000 Uncommon trap: trap_request=0xffffff45 fr.pc=0x00000202579f4428 relative=0x0000000000000248
Event: 0.112 Thread 0x00000202762c4000 Uncommon trap: reason=unstable_if action=reinterpret pc=0x00000202579f4428 method=java.lang.String.hashCode()I @ 13 c2
Event: 0.112 Thread 0x00000202762c4000 DEOPT PACKING pc=0x00000202579f4428 sp=0x00000006729fc780
Event: 0.112 Thread 0x00000202762c4000 DEOPT UNPACKING pc=0x000002024ff6912f sp=0x00000006729fc718 mode 2
Event: 0.165 Thread 0x0000020245f7a000 DEOPT PACKING pc=0x00000202504f72f4 sp=0x00000006717f7650
Event: 0.165 Thread 0x0000020245f7a000 DEOPT UNPACKING pc=0x000002024ff6964e sp=0x00000006717f6aa8 mode 0
Event: 0.181 Thread 0x0000020245f7a000 DEOPT PACKING pc=0x0000020250514f32 sp=0x00000006717fbdc0
Event: 0.181 Thread 0x0000020245f7a000 DEOPT UNPACKING pc=0x000002024ff6964e sp=0x00000006717fb228 mode 0
Event: 0.182 Thread 0x0000020245f7a000 DEOPT PACKING pc=0x00000202504e6050 sp=0x00000006717f8210
Event: 0.182 Thread 0x0000020245f7a000 DEOPT UNPACKING pc=0x000002024ff6964e sp=0x00000006717f7698 mode 0
Event: 1.286 Thread 0x0000020245f7a000 Uncommon trap: trap_request=0xffffff5c fr.pc=0x0000020257a37508 relative=0x0000000000000068
Event: 1.286 Thread 0x0000020245f7a000 Uncommon trap: reason=speculate_null_check action=make_not_entrant pc=0x0000020257a37508 method=sun.misc.Unsafe.putInt(Ljava/lang/Object;JI)V @ 7 c2
Event: 1.286 Thread 0x0000020245f7a000 DEOPT PACKING pc=0x0000020257a37508 sp=0x00000006717fe570
Event: 1.286 Thread 0x0000020245f7a000 DEOPT UNPACKING pc=0x000002024ff6912f sp=0x00000006717fe4f0 mode 2

Classes unloaded (0 events):
No events

Classes redefined (0 events):
No events

Internal exceptions (20 events):
Event: 0.211 Thread 0x0000020245f7a000 Exception <a 'java/lang/ClassNotFoundException'{0x000000044c87e3a8}: org/apache/log4j/PatternLayoutBeanInfo> (0x000000044c87e3a8) 
thrown [./open/src/hotspot/share/classfile/systemDictionary.cpp, line 226]
Event: 0.211 Thread 0x0000020245f7a000 Exception <a 'java/lang/ClassNotFoundException'{0x000000044c88cee8}: org/apache/log4j/LayoutBeanInfo> (0x000000044c88cee8) 
thrown [./open/src/hotspot/share/classfile/systemDictionary.cpp, line 226]
Event: 0.211 Thread 0x0000020245f7a000 Exception <a 'java/lang/ClassNotFoundException'{0x000000044c88dbe8}: java/lang/ObjectBeanInfo> (0x000000044c88dbe8) 
thrown [./open/src/hotspot/share/classfile/systemDictionary.cpp, line 226]
Event: 0.212 Thread 0x0000020245f7a000 Exception <a 'java/lang/ClassNotFoundException'{0x000000044c8913a0}: java/lang/ObjectCustomizer> (0x000000044c8913a0) 
thrown [./open/src/hotspot/share/classfile/systemDictionary.cpp, line 226]
Event: 0.215 Thread 0x0000020245f7a000 Exception <a 'java/lang/IncompatibleClassChangeError'{0x000000044c8997a8}: Found class java.lang.Object, but interface was expected> (0x000000044c8997a8) 
thrown [./open/src/hotspot/share/interpreter/linkResolver.cpp, line 832]
Event: 0.220 Thread 0x0000020245f7a000 Exception <a 'java/lang/ClassNotFoundException'{0x000000044c8c3f88}: org/apache/log4j/LayoutCustomizer> (0x000000044c8c3f88) 
thrown [./open/src/hotspot/share/classfile/systemDictionary.cpp, line 226]
Event: 0.221 Thread 0x0000020245f7a000 Exception <a 'java/lang/ClassNotFoundException'{0x000000044c8e4020}: org/apache/log4j/PatternLayoutCustomizer> (0x000000044c8e4020) 
thrown [./open/src/hotspot/share/classfile/systemDictionary.cpp, line 226]
Event: 0.241 Thread 0x0000020245f7a000 Exception <a 'java/lang/ClassNotFoundException'{0x000000044c9f3a10}: org/apache/log4j/FileAppenderBeanInfo> (0x000000044c9f3a10) 
thrown [./open/src/hotspot/share/classfile/systemDictionary.cpp, line 226]
Event: 0.241 Thread 0x0000020245f7a000 Exception <a 'java/lang/ClassNotFoundException'{0x000000044c602e30}: org/apache/log4j/WriterAppenderBeanInfo> (0x000000044c602e30) 
thrown [./open/src/hotspot/share/classfile/systemDictionary.cpp, line 226]
Event: 0.241 Thread 0x0000020245f7a000 Exception <a 'java/lang/ClassNotFoundException'{0x000000044c6120a8}: org/apache/log4j/AppenderSkeletonBeanInfo> (0x000000044c6120a8) 
thrown [./open/src/hotspot/share/classfile/systemDictionary.cpp, line 226]
Event: 0.242 Thread 0x0000020245f7a000 Exception <a 'java/lang/ClassNotFoundException'{0x000000044c621490}: org/apache/log4j/AppenderSkeletonCustomizer> (0x000000044c621490) 
thrown [./open/src/hotspot/share/classfile/systemDictionary.cpp, line 226]
Event: 0.243 Thread 0x0000020245f7a000 Exception <a 'java/lang/ClassNotFoundException'{0x000000044c641620}: org/apache/log4j/WriterAppenderCustomizer> (0x000000044c641620) 
thrown [./open/src/hotspot/share/classfile/systemDictionary.cpp, line 226]
Event: 0.244 Thread 0x0000020245f7a000 Exception <a 'java/lang/ClassNotFoundException'{0x000000044c659d30}: org/apache/log4j/FileAppenderCustomizer> (0x000000044c659d30) 
thrown [./open/src/hotspot/share/classfile/systemDictionary.cpp, line 226]
Event: 0.272 Thread 0x0000020245f7a000 Exception <a 'java/lang/NoSuchMethodError'{0x000000044c408b28}: 'java.lang.Object java.lang.invoke.DirectMethodHandle$Holder.invokeStaticInit(java.lang.Object, int, int, int, int)'> (0x000000044c408b28) 
thrown [./open/src/hotspot/share/interpreter/linkResolver.cpp, line 766]
Event: 0.316 Thread 0x0000020245f7a000 Exception <a 'java/lang/NoSuchMethodError'{0x000000044c438148}: 'java.lang.Object java.lang.invoke.DirectMethodHandle$Holder.invokeStaticInit(java.lang.Object, java.lang.Object, int, int, int, int)'> (0x000000044c438148) 
thrown [./open/src/hotspot/share/interpreter/linkResolver.cpp, line 766]
Event: 0.320 Thread 0x0000020245f7a000 Exception <a 'sun/nio/fs/WindowsException'{0x000000044c452d40}> (0x000000044c452d40) 
thrown [./open/src/hotspot/share/prims/jni.cpp, line 599]
Event: 0.320 Thread 0x0000020245f7a000 Exception <a 'sun/nio/fs/WindowsException'{0x000000044c453040}> (0x000000044c453040) 
thrown [./open/src/hotspot/share/prims/jni.cpp, line 599]
Event: 1.017 Thread 0x0000020245f7a000 Exception <a 'java/lang/NoSuchMethodError'{0x000000044c24d660}: 'void java.lang.invoke.DirectMethodHandle$Holder.invokeStatic(java.lang.Object, java.lang.Object, java.lang.Object, java.lang.Object)'> (0x000000044c24d660) 
thrown [./open/src/hotspot/share/interpreter/linkResolver.cpp, line 766]
Event: 1.135 Thread 0x0000020245f7a000 Exception <a 'java/lang/NoSuchMethodError'{0x000000044c2a1268}: 'java.lang.Object java.lang.invoke.DirectMethodHandle$Holder.invokeStatic(java.lang.Object, long, long)'> (0x000000044c2a1268) 
thrown [./open/src/hotspot/share/interpreter/linkResolver.cpp, line 766]
Event: 1.166 Thread 0x0000020245f7a000 Exception <a 'java/lang/NoSuchMethodError'{0x000000044c0b35b8}: 'void java.lang.invoke.DirectMethodHandle$Holder.invokeSpecial(java.lang.Object, java.lang.Object, java.lang.Object, java.lang.Object, java.lang.Object, java.lang.Object)'> (0x000000044c0b35b8) 
thrown [./open/src/hotspot/share/interpreter/linkResolver.cpp, line 766]

Events (20 events):
Event: 0.318 loading class sun/security/provider/SHA2 done
Event: 0.318 loading class sun/security/provider/SHA2$SHA256 done
Event: 0.329 loading class java/util/Vector$Itr
Event: 0.329 loading class java/util/Vector$Itr done
Event: 1.013 Loaded shared library C:\Users\aarevalo\AppData\Local\Temp\lwjglaarevalo\3.2.3-build-13\lwjgl.dll
Event: 1.015 Loaded shared library C:\Users\aarevalo\AppData\Local\Temp\lwjglaarevalo\3.2.3-build-13\lwjgl.dll
Event: 1.019 loading class java/util/NoSuchElementException
Event: 1.019 loading class java/util/NoSuchElementException done
Event: 1.152 loading class java/lang/invoke/BoundMethodHandle$Species_LLL
Event: 1.152 loading class java/lang/invoke/BoundMethodHandle$Species_LLL done
Event: 1.153 loading class java/lang/invoke/BoundMethodHandle$Species_LJ
Event: 1.153 loading class java/lang/invoke/BoundMethodHandle$Species_LJ done
Event: 1.154 loading class java/lang/invoke/BoundMethodHandle$Species_LLLL
Event: 1.154 loading class java/lang/invoke/BoundMethodHandle$Species_LLLL done
Event: 1.160 loading class java/lang/invoke/BoundMethodHandle$Species_LLLLL
Event: 1.160 loading class java/lang/invoke/BoundMethodHandle$Species_LLLLL done
Event: 1.161 loading class java/lang/invoke/BoundMethodHandle$Species_LLLLLL
Event: 1.161 loading class java/lang/invoke/BoundMethodHandle$Species_LLLLLL done
Event: 1.173 loading class sun/nio/fs/WindowsUriSupport
Event: 1.173 loading class sun/nio/fs/WindowsUriSupport done


Dynamic libraries:
0x00007ff753d80000 - 0x00007ff753d8f000 	C:\Program Files\Java\jdk-14.0.2\bin\java.exe
0x00007ffed3ca0000 - 0x00007ffed3e90000 	C:\WINDOWS\SYSTEM32\ntdll.dll
0x00007ffed2cd0000 - 0x00007ffed2d82000 	C:\WINDOWS\System32\KERNEL32.DLL
0x00007ffed1200000 - 0x00007ffed14a5000 	C:\WINDOWS\System32\KERNELBASE.dll
0x00007ffed1c30000 - 0x00007ffed1d2a000 	C:\WINDOWS\System32\ucrtbase.dll
0x00007ffec2510000 - 0x00007ffec2528000 	C:\Program Files\Java\jdk-14.0.2\bin\jli.dll
0x00007ffec24f0000 - 0x00007ffec2505000 	C:\Program Files\Java\jdk-14.0.2\bin\VCRUNTIME140.dll
0x00007ffed1d50000 - 0x00007ffed1df3000 	C:\WINDOWS\System32\ADVAPI32.dll
0x00007ffed3530000 - 0x00007ffed35ce000 	C:\WINDOWS\System32\msvcrt.dll
0x00007ffed3ac0000 - 0x00007ffed3b57000 	C:\WINDOWS\System32\sechost.dll
0x00007ffed26d0000 - 0x00007ffed27ef000 	C:\WINDOWS\System32\RPCRT4.dll
0x00007ffed1e20000 - 0x00007ffed1fb4000 	C:\WINDOWS\System32\USER32.dll
0x00007ffed0c10000 - 0x00007ffed0c31000 	C:\WINDOWS\System32\win32u.dll
0x00007ffeb89f0000 - 0x00007ffeb8c74000 	C:\WINDOWS\WinSxS\amd64_microsoft.windows.common-controls_6595b64144ccf1df_6.0.18362.1556_none_9e7e372fe45e41d5\COMCTL32.dll
0x00007ffed3c30000 - 0x00007ffed3c56000 	C:\WINDOWS\System32\GDI32.dll
0x00007ffed0e30000 - 0x00007ffed0fc8000 	C:\WINDOWS\System32\gdi32full.dll
0x00007ffed3780000 - 0x00007ffed3ab6000 	C:\WINDOWS\System32\combase.dll
0x00007ffed0fd0000 - 0x00007ffed106e000 	C:\WINDOWS\System32\msvcp_win.dll
0x00007ffed10c0000 - 0x00007ffed1141000 	C:\WINDOWS\System32\bcryptPrimitives.dll
0x00007ffec6110000 - 0x00007ffec611a000 	C:\WINDOWS\SYSTEM32\VERSION.dll
0x00007ffed24e0000 - 0x00007ffed250e000 	C:\WINDOWS\System32\IMM32.DLL
0x00007ffec2450000 - 0x00007ffec24eb000 	C:\Program Files\Java\jdk-14.0.2\bin\msvcp140.dll
0x00007ffeb7d60000 - 0x00007ffeb887e000 	C:\Program Files\Java\jdk-14.0.2\bin\server\jvm.dll
0x00007ffed1e00000 - 0x00007ffed1e08000 	C:\WINDOWS\System32\PSAPI.DLL
0x00007ffeb59a0000 - 0x00007ffeb59a9000 	C:\WINDOWS\SYSTEM32\WSOCK32.dll
0x00007ffed2c60000 - 0x00007ffed2ccf000 	C:\WINDOWS\System32\WS2_32.dll
0x00007ffeceb80000 - 0x00007ffeceba4000 	C:\WINDOWS\SYSTEM32\WINMM.dll
0x00007ffeceb50000 - 0x00007ffeceb7d000 	C:\WINDOWS\SYSTEM32\winmmbase.dll
0x00007ffed1070000 - 0x00007ffed10ba000 	C:\WINDOWS\System32\cfgmgr32.dll
0x00007ffed0b80000 - 0x00007ffed0b91000 	C:\WINDOWS\System32\kernel.appcore.dll
0x00007ffeca700000 - 0x00007ffeca70a000 	C:\Program Files\Java\jdk-14.0.2\bin\jimage.dll
0x00007ffebf760000 - 0x00007ffebf954000 	C:\WINDOWS\SYSTEM32\DBGHELP.DLL
0x00007ffeb33f0000 - 0x00007ffeb341a000 	C:\WINDOWS\SYSTEM32\dbgcore.DLL
0x00007ffec2400000 - 0x00007ffec2425000 	C:\Program Files\Java\jdk-14.0.2\bin\java.dll
0x00007ffebf700000 - 0x00007ffebf716000 	C:\Program Files\Java\jdk-14.0.2\bin\zip.dll
0x00007ffed2e40000 - 0x00007ffed3527000 	C:\WINDOWS\System32\SHELL32.dll
0x00007ffed25a0000 - 0x00007ffed2648000 	C:\WINDOWS\System32\shcore.dll
0x00007ffed14b0000 - 0x00007ffed1c2b000 	C:\WINDOWS\System32\windows.storage.dll
0x00007ffed0ba0000 - 0x00007ffed0bbe000 	C:\WINDOWS\System32\profapi.dll
0x00007ffed0bc0000 - 0x00007ffed0c0a000 	C:\WINDOWS\System32\powrprof.dll
0x00007ffed0b50000 - 0x00007ffed0b60000 	C:\WINDOWS\System32\UMPDC.dll
0x00007ffed3bd0000 - 0x00007ffed3c22000 	C:\WINDOWS\System32\shlwapi.dll
0x00007ffed1d30000 - 0x00007ffed1d47000 	C:\WINDOWS\System32\cryptsp.dll
0x00007ffebf6e0000 - 0x00007ffebf6f9000 	C:\Program Files\Java\jdk-14.0.2\bin\net.dll
0x00007ffec5960000 - 0x00007ffec5a5a000 	C:\WINDOWS\SYSTEM32\WINHTTP.dll
0x00007ffed0390000 - 0x00007ffed03f7000 	C:\WINDOWS\system32\mswsock.dll
0x00007ffebf6c0000 - 0x00007ffebf6d2000 	C:\Program Files\Java\jdk-14.0.2\bin\nio.dll
0x00007ffec23f0000 - 0x00007ffec2400000 	C:\Program Files\Java\jdk-14.0.2\bin\verify.dll
0x00007ffeb96a0000 - 0x00007ffeb96ba000 	C:\Program Files\JetBrains\IntelliJ IDEA Community Edition 2018.1.6\bin\breakgen64.dll
0x00007ffeb9120000 - 0x00007ffeb9184000 	C:\Users\aarevalo\AppData\Local\Temp\lwjglaarevalo\3.2.3-build-13\lwjgl.dll
0x00007ffeb6c20000 - 0x00007ffeb6c82000 	C:\Users\aarevalo\AppData\Local\Temp\lwjglaarevalo\3.2.3-build-13\glfw.dll
0x00007ffecff10000 - 0x00007ffecff43000 	C:\WINDOWS\system32\rsaenh.dll
0x00007ffed0c40000 - 0x00007ffed0c66000 	C:\WINDOWS\System32\bcrypt.dll
0x00007ffed0a40000 - 0x00007ffed0a65000 	C:\WINDOWS\SYSTEM32\USERENV.dll
0x00007ffed0560000 - 0x00007ffed056c000 	C:\WINDOWS\SYSTEM32\CRYPTBASE.dll
0x00007ffed00a0000 - 0x00007ffed00da000 	C:\WINDOWS\SYSTEM32\IPHLPAPI.DLL
0x00007ffed1e10000 - 0x00007ffed1e18000 	C:\WINDOWS\System32\NSI.dll
0x00007ffecba90000 - 0x00007ffecbaa6000 	C:\WINDOWS\SYSTEM32\dhcpcsvc6.DLL
0x00007ffecb8b0000 - 0x00007ffecb8cc000 	C:\WINDOWS\SYSTEM32\dhcpcsvc.DLL
0x00007ffed00e0000 - 0x00007ffed01ab000 	C:\WINDOWS\SYSTEM32\DNSAPI.dll
0x00007ffeabd70000 - 0x00007ffeabe68000 	C:\WINDOWS\SYSTEM32\vulkan-1.dll
0x00007ffe818b0000 - 0x00007ffe828ff000 	C:\WINDOWS\System32\DriverStore\FileRepository\iigd_dch.inf_amd64_bd47ae63e67b288d\igvk64.dll
0x00007ffecf850000 - 0x00007ffecf93b000 	C:\WINDOWS\system32\dxgi.dll
0x00007ffecf830000 - 0x00007ffecf850000 	C:\WINDOWS\SYSTEM32\dxcore.dll
0x00007ffea1810000 - 0x00007ffea1966000 	C:\WINDOWS\SYSTEM32\OpenGL32.dll
0x00007ffea17e0000 - 0x00007ffea180c000 	C:\WINDOWS\SYSTEM32\GLU32.dll
0x00007ffe64e50000 - 0x00007ffe65e5f000 	C:\WINDOWS\System32\DriverStore\FileRepository\iigd_dch.inf_amd64_bd47ae63e67b288d\ig9icd64.dll
0x00007ffecf1e0000 - 0x00007ffecf20d000 	C:\WINDOWS\SYSTEM32\dwmapi.dll
0x00007ffebdd70000 - 0x00007ffebde8d000 	C:\WINDOWS\System32\DriverStore\FileRepository\iigd_dch.inf_amd64_bd47ae63e67b288d\igdgmm64.dll
0x000000005b370000 - 0x000000005da2f000 	C:\WINDOWS\System32\DriverStore\FileRepository\nvdm.inf_amd64_0c63b088ad41d465\nvoglv64.dll
0x00007ffed27f0000 - 0x00007ffed2c60000 	C:\WINDOWS\System32\SETUPAPI.dll
0x00007ffed2380000 - 0x00007ffed24d7000 	C:\WINDOWS\System32\ole32.dll
0x00007ffecdc50000 - 0x00007ffecdc63000 	C:\WINDOWS\SYSTEM32\WTSAPI32.dll
0x00007ffed0940000 - 0x00007ffed096a000 	C:\WINDOWS\SYSTEM32\DEVOBJ.dll
0x00007ffed0dd0000 - 0x00007ffed0e2c000 	C:\WINDOWS\System32\WINTRUST.dll
0x00007ffed0b60000 - 0x00007ffed0b72000 	C:\WINDOWS\System32\MSASN1.dll
0x00007ffed0c70000 - 0x00007ffed0dc1000 	C:\WINDOWS\System32\CRYPT32.dll
0x00007ffecfb30000 - 0x00007ffecfb61000 	C:\WINDOWS\SYSTEM32\ntmarta.dll
0x00007ffebba30000 - 0x00007ffebdd1d000 	C:\WINDOWS\System32\DriverStore\FileRepository\iigd_dch.inf_amd64_bd47ae63e67b288d\igc64.dll
0x00007ffeced20000 - 0x00007ffecedb9000 	C:\WINDOWS\system32\uxtheme.dll
0x00007ffed2650000 - 0x00007ffed266d000 	C:\WINDOWS\System32\imagehlp.dll
0x00007ffecf740000 - 0x00007ffecf762000 	C:\WINDOWS\SYSTEM32\gpapi.dll
0x00007ffec0ad0000 - 0x00007ffec0aff000 	C:\WINDOWS\SYSTEM32\cryptnet.dll
0x00007ffeb6550000 - 0x00007ffeb65d5000 	C:\WINDOWS\System32\DriverStore\FileRepository\nvdm.inf_amd64_0c63b088ad41d465\nvcbl64.dll
0x00007ffe9eb80000 - 0x00007ffe9eca3000 	C:\WINDOWS\SYSTEM32\nvfatbinaryLoader.dll
0x00007ffec0be0000 - 0x00007ffec10e3000 	C:\WINDOWS\system32\nvapi64.dll
0x00007ffe63a50000 - 0x00007ffe64e50000 	C:\WINDOWS\System32\DriverStore\FileRepository\nvdm.inf_amd64_0c63b088ad41d465\nvrtum64.dll
0x00007ffe9cc70000 - 0x00007ffe9d073000 	D:\repos\leviathan\vkjava3\target\classes\shaderc.dll

dbghelp: loaded successfully - version: 4.0.5 - missing functions: none
symbol engine: initialized successfully - sym options: 0x614 - pdb path: .;C:\Program Files\Java\jdk-14.0.2\bin;C:\WINDOWS\SYSTEM32;C:\WINDOWS\WinSxS\amd64_microsoft.windows.common-controls_6595b64144ccf1df_6.0.18362.1556_none_9e7e372fe45e41d5;C:\Program Files\Java\jdk-14.0.2\bin\server;C:\Program Files\JetBrains\IntelliJ IDEA Community Edition 2018.1.6\bin;C:\Users\aarevalo\AppData\Local\Temp\lwjglaarevalo\3.2.3-build-13;C:\WINDOWS\System32\DriverStore\FileRepository\iigd_dch.inf_amd64_bd47ae63e67b288d;C:\WINDOWS\System32\DriverStore\FileRepository\nvdm.inf_amd64_0c63b088ad41d465;D:\repos\leviathan\vkjava3\target\classes

VM Arguments:
jvm_args: -Didea.launcher.port=61347 -Didea.launcher.bin.path=C:\Program Files\JetBrains\IntelliJ IDEA Community Edition 2018.1.6\bin -Dfile.encoding=UTF-8 
java_command: com.intellij.rt.execution.application.AppMainV2 org.artifex.VkMain
java_class_path (initial): D:\repos\leviathan\vkjava3\target\classes;C:\Users\aarevalo\.m2\repository\org\lwjgl\lwjgl\3.2.3\lwjgl-3.2.3.jar;C:\Users\aarevalo\.m2\repository\org\lwjgl\lwjgl-vulkan\3.2.3\lwjgl-vulkan-3.2.3.jar;C:\Users\aarevalo\.m2\repository\org\lwjgl\lwjgl-vma\3.2.3\lwjgl-vma-3.2.3.jar;C:\Users\aarevalo\.m2\repository\org\lwjgl\lwjgl-glfw\3.2.3\lwjgl-glfw-3.2.3.jar;C:\Users\aarevalo\.m2\repository\org\joml\joml\1.10.1\joml-1.10.1.jar;C:\Users\aarevalo\.m2\repository\org\jetbrains\annotations\16.0.1\annotations-16.0.1.jar;C:\Users\aarevalo\.m2\repository\org\lwjgl\lwjgl-shaderc\3.2.3\lwjgl-shaderc-3.2.3.jar;C:\Users\aarevalo\.m2\repository\log4j\log4j\1.2.17\log4j-1.2.17.jar;C:\Users\aarevalo\.m2\repository\org\lwjgl\lwjgl\3.2.3\lwjgl-3.2.3-natives-windows.jar;C:\Users\aarevalo\.m2\repository\org\lwjgl\lwjgl-glfw\3.2.3\lwjgl-glfw-3.2.3-natives-windows.jar;C:\Users\aarevalo\.m2\repository\org\lwjgl\lwjgl-opengl\3.2.3\lwjgl-opengl-3.2.3-natives-windows.jar;C:\Program Files\JetBrains\IntelliJ IDEA Community Edition 2018.1.6\lib\idea_rt.jar
Launcher Type: SUN_STANDARD

[Global flags]
     intx CICompilerCount                          = 4                                         {product} {ergonomic}
     uint ConcGCThreads                            = 3                                         {product} {ergonomic}
     uint G1ConcRefinementThreads                  = 10                                        {product} {ergonomic}
   size_t G1HeapRegionSize                         = 2097152                                   {product} {ergonomic}
    uintx GCDrainStackTargetSize                   = 64                                        {product} {ergonomic}
   size_t InitialHeapSize                          = 534773760                                 {product} {ergonomic}
   size_t MarkStackSize                            = 4194304                                   {product} {ergonomic}
   size_t MaxHeapSize                              = 8527020032                                {product} {ergonomic}
   size_t MaxNewSize                               = 5114953728                                {product} {ergonomic}
   size_t MinHeapDeltaBytes                        = 2097152                                   {product} {ergonomic}
   size_t MinHeapSize                              = 8388608                                   {product} {ergonomic}
    uintx NonNMethodCodeHeapSize                   = 5839372                                {pd product} {ergonomic}
    uintx NonProfiledCodeHeapSize                  = 122909434                              {pd product} {ergonomic}
    uintx ProfiledCodeHeapSize                     = 122909434                              {pd product} {ergonomic}
    uintx ReservedCodeCacheSize                    = 251658240                              {pd product} {ergonomic}
     bool SegmentedCodeCache                       = true                                      {product} {ergonomic}
   size_t SoftMaxHeapSize                          = 8527020032                             {manageable} {ergonomic}
     bool UseCompressedClassPointers               = true                                 {lp64_product} {ergonomic}
     bool UseCompressedOops                        = true                                 {lp64_product} {ergonomic}
     bool UseG1GC                                  = true                                      {product} {ergonomic}
     bool UseLargePagesIndividualAllocation        = false                                  {pd product} {ergonomic}

Logging:
Log output configuration:
 #0: stdout all=warning uptime,level,tags
 #1: stderr all=off uptime,level,tags

Environment Variables:
JAVA_HOME=C:\Program Files\Java\jdk-14.0.2
PATH=C:\Program Files\Common Files\Oracle\Java\javapath;C:\Program Files (x86)\Common Files\Oracle\Java\javapath;C:\Windows\system32;C:\Windows;C:\Windows\System32\Wbem;C:\Windows\System32\WindowsPowerShell\v1.0\;C:\Windows\System32\OpenSSH\;C:\Program Files (x86)\NVIDIA Corporation\PhysX\Common;C:\WINDOWS\system32;C:\WINDOWS;C:\WINDOWS\System32\Wbem;C:\WINDOWS\System32\WindowsPowerShell\v1.0\;C:\WINDOWS\System32\OpenSSH\;C:\Program Files\Git\cmd;C:\Program Files\TortoiseGit\bin;C:\Users\aarevalo\AppData\Local\Microsoft\WindowsApps;C:\Program Files\mingw-w64\x86_64-7.2.0-posix-seh-rt_v5-rev1\mingw64\bin;C:\apache-maven-3.3.9\bin;C:\Program Files\Java\jdk-14.0.2\bin;C:\php;
USERNAME=aarevalo
OS=Windows_NT
PROCESSOR_IDENTIFIER=Intel64 Family 6 Model 158 Stepping 10, GenuineIntel



---------------  S Y S T E M  ---------------

OS: Windows 10 , 64 bit Build 18362 (10.0.18362.1500)
OS uptime: 0 days 22:29 hours

CPU:total 12 (initial active 12) (6 cores per cpu, 2 threads per core) family 6 model 158 stepping 10, cmov, cx8, fxsr, mmx, sse, sse2, sse3, ssse3, sse4.1, sse4.2, popcnt, avx, avx2, aes, clmul, erms, 3dnowpref, lzcnt, ht, tsc, tscinvbit, bmi1, bmi2, adx, fma

Memory: 4k page, system-wide physical 32525M (21763M free)
TotalPageFile size 37389M (AvailPageFile size 22845M)
current process WorkingSet (physical memory assigned to process): 137M, peak: 156M
current process commit charge ("private bytes"): 713M, peak: 733M

vm_info: Java HotSpot(TM) 64-Bit Server VM (14.0.2+12-46) for windows-amd64 JRE (14.0.2+12-46), built on Jul  9 2020 00:35:52 by "mach5one" with MS VC++ 15.9 (VS2017)

END.
